[2025-10-20T18:00:01.321+0000] {local_task_job_runner.py:120} INFO - ::group::Pre task execution logs
[2025-10-20T18:00:01.330+0000] {taskinstance.py:2076} INFO - Dependencies all met for dep_context=non-requeueable deps ti=<TaskInstance: events_analytics_pipeline.extract_and_load_to_clickhouse scheduled__2025-10-20T17:00:00+00:00 [queued]>
[2025-10-20T18:00:01.333+0000] {taskinstance.py:2076} INFO - Dependencies all met for dep_context=requeueable deps ti=<TaskInstance: events_analytics_pipeline.extract_and_load_to_clickhouse scheduled__2025-10-20T17:00:00+00:00 [queued]>
[2025-10-20T18:00:01.334+0000] {taskinstance.py:2306} INFO - Starting attempt 1 of 3
[2025-10-20T18:00:01.337+0000] {taskinstance.py:2330} INFO - Executing <Task(PythonOperator): extract_and_load_to_clickhouse> on 2025-10-20 17:00:00+00:00
[2025-10-20T18:00:01.340+0000] {standard_task_runner.py:63} INFO - Started process 4866 to run task
[2025-10-20T18:00:01.341+0000] {standard_task_runner.py:90} INFO - Running: ['***', 'tasks', 'run', 'events_analytics_pipeline', 'extract_and_load_to_clickhouse', 'scheduled__2025-10-20T17:00:00+00:00', '--job-id', '128', '--raw', '--subdir', 'DAGS_FOLDER/events_pipeline_dag.py', '--cfg-path', '/tmp/tmpxo4edupl']
[2025-10-20T18:00:01.342+0000] {standard_task_runner.py:91} INFO - Job 128: Subtask extract_and_load_to_clickhouse
[2025-10-20T18:00:01.360+0000] {task_command.py:426} INFO - Running <TaskInstance: events_analytics_pipeline.extract_and_load_to_clickhouse scheduled__2025-10-20T17:00:00+00:00 [running]> on host 0d320e139cdc
[2025-10-20T18:00:01.389+0000] {taskinstance.py:2648} INFO - Exporting env vars: AIRFLOW_CTX_DAG_OWNER='data-team' AIRFLOW_CTX_DAG_ID='events_analytics_pipeline' AIRFLOW_CTX_TASK_ID='extract_and_load_to_clickhouse' AIRFLOW_CTX_EXECUTION_DATE='2025-10-20T17:00:00+00:00' AIRFLOW_CTX_TRY_NUMBER='1' AIRFLOW_CTX_DAG_RUN_ID='scheduled__2025-10-20T17:00:00+00:00'
[2025-10-20T18:00:01.389+0000] {taskinstance.py:430} INFO - ::endgroup::
[2025-10-20T18:00:01.394+0000] {events_pipeline_dag.py:68} INFO - Connecting to PostgreSQL...
[2025-10-20T18:00:01.394+0000] {events_pipeline_dag.py:71} INFO - Extracting data from PostgreSQL...
[2025-10-20T18:00:01.584+0000] {events_pipeline_dag.py:82} INFO - Extracted 8956 rows from PostgreSQL
[2025-10-20T18:00:01.584+0000] {events_pipeline_dag.py:84} INFO - Connecting to ClickHouse...
[2025-10-20T18:00:01.585+0000] {events_pipeline_dag.py:87} INFO - Clearing existing data...
[2025-10-20T18:00:01.588+0000] {events_pipeline_dag.py:90} INFO - Loading data into ClickHouse...
[2025-10-20T18:00:01.595+0000] {events_pipeline_dag.py:97} INFO - Inserted batch 1/9
[2025-10-20T18:00:01.600+0000] {events_pipeline_dag.py:97} INFO - Inserted batch 2/9
[2025-10-20T18:00:01.605+0000] {events_pipeline_dag.py:97} INFO - Inserted batch 3/9
[2025-10-20T18:00:01.609+0000] {events_pipeline_dag.py:97} INFO - Inserted batch 4/9
[2025-10-20T18:00:01.613+0000] {events_pipeline_dag.py:97} INFO - Inserted batch 5/9
[2025-10-20T18:00:01.618+0000] {events_pipeline_dag.py:97} INFO - Inserted batch 6/9
[2025-10-20T18:00:01.622+0000] {events_pipeline_dag.py:97} INFO - Inserted batch 7/9
[2025-10-20T18:00:01.627+0000] {events_pipeline_dag.py:97} INFO - Inserted batch 8/9
[2025-10-20T18:00:01.631+0000] {events_pipeline_dag.py:97} INFO - Inserted batch 9/9
[2025-10-20T18:00:01.633+0000] {events_pipeline_dag.py:100} INFO - ✓ Successfully loaded 8956 rows into ClickHouse
[2025-10-20T18:00:01.638+0000] {python.py:237} INFO - Done. Returned value was: 8956
[2025-10-20T18:00:01.639+0000] {taskinstance.py:441} INFO - ::group::Post task execution logs
[2025-10-20T18:00:01.646+0000] {taskinstance.py:1206} INFO - Marking task as SUCCESS. dag_id=events_analytics_pipeline, task_id=extract_and_load_to_clickhouse, run_id=scheduled__2025-10-20T17:00:00+00:00, execution_date=20251020T170000, start_date=20251020T180001, end_date=20251020T180001
[2025-10-20T18:00:01.686+0000] {local_task_job_runner.py:240} INFO - Task exited with return code 0
[2025-10-20T18:00:01.696+0000] {taskinstance.py:3503} INFO - 1 downstream tasks scheduled from follow-on schedule check
[2025-10-20T18:00:01.697+0000] {local_task_job_runner.py:222} INFO - ::endgroup::
