[2025-10-20T15:16:57.729+0000] {local_task_job_runner.py:120} INFO - ::group::Pre task execution logs
[2025-10-20T15:16:57.741+0000] {taskinstance.py:2076} INFO - Dependencies all met for dep_context=non-requeueable deps ti=<TaskInstance: events_analytics_pipeline.extract_and_load_to_clickhouse scheduled__2025-10-20T14:00:00+00:00 [queued]>
[2025-10-20T15:16:57.746+0000] {taskinstance.py:2076} INFO - Dependencies all met for dep_context=requeueable deps ti=<TaskInstance: events_analytics_pipeline.extract_and_load_to_clickhouse scheduled__2025-10-20T14:00:00+00:00 [queued]>
[2025-10-20T15:16:57.746+0000] {taskinstance.py:2306} INFO - Starting attempt 1 of 3
[2025-10-20T15:16:57.751+0000] {taskinstance.py:2330} INFO - Executing <Task(PythonOperator): extract_and_load_to_clickhouse> on 2025-10-20 14:00:00+00:00
[2025-10-20T15:16:57.755+0000] {standard_task_runner.py:63} INFO - Started process 3146 to run task
[2025-10-20T15:16:57.757+0000] {standard_task_runner.py:90} INFO - Running: ['***', 'tasks', 'run', 'events_analytics_pipeline', 'extract_and_load_to_clickhouse', 'scheduled__2025-10-20T14:00:00+00:00', '--job-id', '110', '--raw', '--subdir', 'DAGS_FOLDER/events_pipeline_dag.py', '--cfg-path', '/tmp/tmp_jgobb0b']
[2025-10-20T15:16:57.758+0000] {standard_task_runner.py:91} INFO - Job 110: Subtask extract_and_load_to_clickhouse
[2025-10-20T15:16:57.784+0000] {task_command.py:426} INFO - Running <TaskInstance: events_analytics_pipeline.extract_and_load_to_clickhouse scheduled__2025-10-20T14:00:00+00:00 [running]> on host 0d320e139cdc
[2025-10-20T15:16:57.821+0000] {taskinstance.py:2648} INFO - Exporting env vars: AIRFLOW_CTX_DAG_OWNER='data-team' AIRFLOW_CTX_DAG_ID='events_analytics_pipeline' AIRFLOW_CTX_TASK_ID='extract_and_load_to_clickhouse' AIRFLOW_CTX_EXECUTION_DATE='2025-10-20T14:00:00+00:00' AIRFLOW_CTX_TRY_NUMBER='1' AIRFLOW_CTX_DAG_RUN_ID='scheduled__2025-10-20T14:00:00+00:00'
[2025-10-20T15:16:57.822+0000] {taskinstance.py:430} INFO - ::endgroup::
[2025-10-20T15:16:57.826+0000] {events_pipeline_dag.py:68} INFO - Connecting to PostgreSQL...
[2025-10-20T15:16:57.826+0000] {events_pipeline_dag.py:71} INFO - Extracting data from PostgreSQL...
[2025-10-20T15:16:57.933+0000] {events_pipeline_dag.py:82} INFO - Extracted 5800 rows from PostgreSQL
[2025-10-20T15:16:57.934+0000] {events_pipeline_dag.py:84} INFO - Connecting to ClickHouse...
[2025-10-20T15:16:57.934+0000] {events_pipeline_dag.py:87} INFO - Clearing existing data...
[2025-10-20T15:16:57.937+0000] {events_pipeline_dag.py:90} INFO - Loading data into ClickHouse...
[2025-10-20T15:16:57.943+0000] {events_pipeline_dag.py:97} INFO - Inserted batch 1/6
[2025-10-20T15:16:57.948+0000] {events_pipeline_dag.py:97} INFO - Inserted batch 2/6
[2025-10-20T15:16:57.953+0000] {events_pipeline_dag.py:97} INFO - Inserted batch 3/6
[2025-10-20T15:16:57.958+0000] {events_pipeline_dag.py:97} INFO - Inserted batch 4/6
[2025-10-20T15:16:57.962+0000] {events_pipeline_dag.py:97} INFO - Inserted batch 5/6
[2025-10-20T15:16:57.966+0000] {events_pipeline_dag.py:97} INFO - Inserted batch 6/6
[2025-10-20T15:16:57.968+0000] {events_pipeline_dag.py:100} INFO - ✓ Successfully loaded 5800 rows into ClickHouse
[2025-10-20T15:16:57.975+0000] {python.py:237} INFO - Done. Returned value was: 5800
[2025-10-20T15:16:57.975+0000] {taskinstance.py:441} INFO - ::group::Post task execution logs
[2025-10-20T15:16:57.981+0000] {taskinstance.py:1206} INFO - Marking task as SUCCESS. dag_id=events_analytics_pipeline, task_id=extract_and_load_to_clickhouse, run_id=scheduled__2025-10-20T14:00:00+00:00, execution_date=20251020T140000, start_date=20251020T151657, end_date=20251020T151657
[2025-10-20T15:16:58.019+0000] {local_task_job_runner.py:240} INFO - Task exited with return code 0
[2025-10-20T15:16:58.029+0000] {taskinstance.py:3503} INFO - 1 downstream tasks scheduled from follow-on schedule check
[2025-10-20T15:16:58.029+0000] {local_task_job_runner.py:222} INFO - ::endgroup::
