[2025-10-14T11:14:58.105+0000] {taskinstance.py:1956} INFO - Dependencies all met for dep_context=non-requeueable deps ti=<TaskInstance: events_analytics_pipeline.dbt_run scheduled__2025-10-14T10:00:00+00:00 [queued]>
[2025-10-14T11:14:58.107+0000] {taskinstance.py:1956} INFO - Dependencies all met for dep_context=requeueable deps ti=<TaskInstance: events_analytics_pipeline.dbt_run scheduled__2025-10-14T10:00:00+00:00 [queued]>
[2025-10-14T11:14:58.107+0000] {taskinstance.py:2170} INFO - Starting attempt 1 of 3
[2025-10-14T11:14:58.111+0000] {taskinstance.py:2191} INFO - Executing <Task(BashOperator): dbt_run> on 2025-10-14 10:00:00+00:00
[2025-10-14T11:14:58.113+0000] {standard_task_runner.py:60} INFO - Started process 2307 to run task
[2025-10-14T11:14:58.115+0000] {standard_task_runner.py:87} INFO - Running: ['***', 'tasks', 'run', 'events_analytics_pipeline', 'dbt_run', 'scheduled__2025-10-14T10:00:00+00:00', '--job-id', '123', '--raw', '--subdir', 'DAGS_FOLDER/events_pipeline_dag.py', '--cfg-path', '/tmp/tmpzz0rhsjo']
[2025-10-14T11:14:58.117+0000] {standard_task_runner.py:88} INFO - Job 123: Subtask dbt_run
[2025-10-14T11:14:58.136+0000] {task_command.py:423} INFO - Running <TaskInstance: events_analytics_pipeline.dbt_run scheduled__2025-10-14T10:00:00+00:00 [running]> on host 7fd364930f15
[2025-10-14T11:14:58.165+0000] {taskinstance.py:2480} INFO - Exporting env vars: AIRFLOW_CTX_DAG_OWNER='data-team' AIRFLOW_CTX_DAG_ID='events_analytics_pipeline' AIRFLOW_CTX_TASK_ID='dbt_run' AIRFLOW_CTX_EXECUTION_DATE='2025-10-14T10:00:00+00:00' AIRFLOW_CTX_TRY_NUMBER='1' AIRFLOW_CTX_DAG_RUN_ID='scheduled__2025-10-14T10:00:00+00:00'
[2025-10-14T11:14:58.166+0000] {subprocess.py:63} INFO - Tmp dir root location: /tmp
[2025-10-14T11:14:58.167+0000] {subprocess.py:75} INFO - Running command: ['/usr/bin/bash', '-c', 'cd /opt/***/event_gen && /home/***/.local/bin/dbt run --profiles-dir /opt/***/.dbt --project-dir /opt/***/event_gen']
[2025-10-14T11:14:58.172+0000] {subprocess.py:86} INFO - Output:
[2025-10-14T11:14:58.809+0000] {subprocess.py:93} INFO - [0m11:14:58  Running with dbt=1.10.13
[2025-10-14T11:14:58.907+0000] {subprocess.py:93} INFO - [0m11:14:58  Registered adapter: clickhouse=1.9.4
[2025-10-14T11:14:59.089+0000] {subprocess.py:93} INFO - [0m11:14:59  Found 4 models, 30 data tests, 1 source, 599 macros
[2025-10-14T11:14:59.090+0000] {subprocess.py:93} INFO - [0m11:14:59
[2025-10-14T11:14:59.090+0000] {subprocess.py:93} INFO - [0m11:14:59  Concurrency: 4 threads (target='dev')
[2025-10-14T11:14:59.091+0000] {subprocess.py:93} INFO - [0m11:14:59
[2025-10-14T11:14:59.221+0000] {subprocess.py:93} INFO - [0m11:14:59  1 of 4 START sql view model `analytics`.`stg_events` ........................... [RUN]
[2025-10-14T11:14:59.259+0000] {subprocess.py:93} INFO - [0m11:14:59  1 of 4 OK created sql view model `analytics`.`stg_events` ...................... [[32mOK[0m in 0.04s]
[2025-10-14T11:14:59.261+0000] {subprocess.py:93} INFO - [0m11:14:59  2 of 4 START sql table model `analytics`.`dim_pages` ........................... [RUN]
[2025-10-14T11:14:59.261+0000] {subprocess.py:93} INFO - [0m11:14:59  3 of 4 START sql table model `analytics`.`dim_users` ........................... [RUN]
[2025-10-14T11:14:59.262+0000] {subprocess.py:93} INFO - [0m11:14:59  4 of 4 START sql table model `analytics`.`fct_events` .......................... [RUN]
[2025-10-14T11:14:59.371+0000] {subprocess.py:93} INFO - [0m11:14:59  2 of 4 OK created sql table model `analytics`.`dim_pages` ...................... [[32mOK[0m in 0.11s]
[2025-10-14T11:14:59.372+0000] {subprocess.py:93} INFO - [0m11:14:59  4 of 4 OK created sql table model `analytics`.`fct_events` ..................... [[32mOK[0m in 0.11s]
[2025-10-14T11:14:59.377+0000] {subprocess.py:93} INFO - [0m11:14:59  3 of 4 OK created sql table model `analytics`.`dim_users` ...................... [[32mOK[0m in 0.11s]
[2025-10-14T11:14:59.381+0000] {subprocess.py:93} INFO - [0m11:14:59
[2025-10-14T11:14:59.381+0000] {subprocess.py:93} INFO - [0m11:14:59  Finished running 3 table models, 1 view model in 0 hours 0 minutes and 0.29 seconds (0.29s).
[2025-10-14T11:14:59.406+0000] {subprocess.py:93} INFO - [0m11:14:59
[2025-10-14T11:14:59.406+0000] {subprocess.py:93} INFO - [0m11:14:59  [32mCompleted successfully[0m
[2025-10-14T11:14:59.407+0000] {subprocess.py:93} INFO - [0m11:14:59
[2025-10-14T11:14:59.407+0000] {subprocess.py:93} INFO - [0m11:14:59  Done. PASS=4 WARN=0 ERROR=0 SKIP=0 NO-OP=0 TOTAL=4
[2025-10-14T11:15:03.258+0000] {subprocess.py:97} INFO - Command exited with return code 0
[2025-10-14T11:15:03.273+0000] {taskinstance.py:1138} INFO - Marking task as SUCCESS. dag_id=events_analytics_pipeline, task_id=dbt_run, execution_date=20251014T100000, start_date=20251014T111458, end_date=20251014T111503
[2025-10-14T11:15:03.291+0000] {local_task_job_runner.py:234} INFO - Task exited with return code 0
[2025-10-14T11:15:03.301+0000] {taskinstance.py:3280} INFO - 1 downstream tasks scheduled from follow-on schedule check
