[2025-10-14T06:08:33.881+0000] {taskinstance.py:1956} INFO - Dependencies all met for dep_context=non-requeueable deps ti=<TaskInstance: events_analytics_pipeline.extract_and_load_to_clickhouse scheduled__2025-10-14T05:00:00+00:00 [queued]>
[2025-10-14T06:08:33.885+0000] {taskinstance.py:1956} INFO - Dependencies all met for dep_context=requeueable deps ti=<TaskInstance: events_analytics_pipeline.extract_and_load_to_clickhouse scheduled__2025-10-14T05:00:00+00:00 [queued]>
[2025-10-14T06:08:33.885+0000] {taskinstance.py:2170} INFO - Starting attempt 2 of 3
[2025-10-14T06:08:33.891+0000] {taskinstance.py:2191} INFO - Executing <Task(PythonOperator): extract_and_load_to_clickhouse> on 2025-10-14 05:00:00+00:00
[2025-10-14T06:08:33.896+0000] {standard_task_runner.py:60} INFO - Started process 420 to run task
[2025-10-14T06:08:33.899+0000] {standard_task_runner.py:87} INFO - Running: ['***', 'tasks', 'run', 'events_analytics_pipeline', 'extract_and_load_to_clickhouse', 'scheduled__2025-10-14T05:00:00+00:00', '--job-id', '63', '--raw', '--subdir', 'DAGS_FOLDER/events_pipeline_dag.py', '--cfg-path', '/tmp/tmpuuafhkcj']
[2025-10-14T06:08:33.900+0000] {standard_task_runner.py:88} INFO - Job 63: Subtask extract_and_load_to_clickhouse
[2025-10-14T06:08:33.931+0000] {task_command.py:423} INFO - Running <TaskInstance: events_analytics_pipeline.extract_and_load_to_clickhouse scheduled__2025-10-14T05:00:00+00:00 [running]> on host 7fd364930f15
[2025-10-14T06:08:33.968+0000] {taskinstance.py:2480} INFO - Exporting env vars: AIRFLOW_CTX_DAG_OWNER='data-team' AIRFLOW_CTX_DAG_ID='events_analytics_pipeline' AIRFLOW_CTX_TASK_ID='extract_and_load_to_clickhouse' AIRFLOW_CTX_EXECUTION_DATE='2025-10-14T05:00:00+00:00' AIRFLOW_CTX_TRY_NUMBER='2' AIRFLOW_CTX_DAG_RUN_ID='scheduled__2025-10-14T05:00:00+00:00'
[2025-10-14T06:08:33.969+0000] {events_pipeline_dag.py:67} INFO - Connecting to PostgreSQL...
[2025-10-14T06:08:33.970+0000] {events_pipeline_dag.py:70} INFO - Extracting data from PostgreSQL...
[2025-10-14T06:08:34.515+0000] {events_pipeline_dag.py:82} INFO - Extracted 21300 rows from PostgreSQL
[2025-10-14T06:08:34.515+0000] {events_pipeline_dag.py:84} INFO - Connecting to ClickHouse...
[2025-10-14T06:08:34.515+0000] {events_pipeline_dag.py:87} INFO - Clearing existing data...
[2025-10-14T06:08:34.525+0000] {events_pipeline_dag.py:90} INFO - Loading data into ClickHouse...
[2025-10-14T06:08:34.539+0000] {events_pipeline_dag.py:97} INFO - Inserted batch 1/22
[2025-10-14T06:08:34.549+0000] {events_pipeline_dag.py:97} INFO - Inserted batch 2/22
[2025-10-14T06:08:34.561+0000] {events_pipeline_dag.py:97} INFO - Inserted batch 3/22
[2025-10-14T06:08:34.573+0000] {events_pipeline_dag.py:97} INFO - Inserted batch 4/22
[2025-10-14T06:08:34.585+0000] {events_pipeline_dag.py:97} INFO - Inserted batch 5/22
[2025-10-14T06:08:34.596+0000] {events_pipeline_dag.py:97} INFO - Inserted batch 6/22
[2025-10-14T06:08:34.608+0000] {events_pipeline_dag.py:97} INFO - Inserted batch 7/22
[2025-10-14T06:08:34.617+0000] {events_pipeline_dag.py:97} INFO - Inserted batch 8/22
[2025-10-14T06:08:34.624+0000] {events_pipeline_dag.py:97} INFO - Inserted batch 9/22
[2025-10-14T06:08:34.633+0000] {events_pipeline_dag.py:97} INFO - Inserted batch 10/22
[2025-10-14T06:08:34.640+0000] {events_pipeline_dag.py:97} INFO - Inserted batch 11/22
[2025-10-14T06:08:34.651+0000] {events_pipeline_dag.py:97} INFO - Inserted batch 12/22
[2025-10-14T06:08:34.660+0000] {events_pipeline_dag.py:97} INFO - Inserted batch 13/22
[2025-10-14T06:08:34.667+0000] {events_pipeline_dag.py:97} INFO - Inserted batch 14/22
[2025-10-14T06:08:34.676+0000] {events_pipeline_dag.py:97} INFO - Inserted batch 15/22
[2025-10-14T06:08:34.684+0000] {events_pipeline_dag.py:97} INFO - Inserted batch 16/22
[2025-10-14T06:08:34.692+0000] {events_pipeline_dag.py:97} INFO - Inserted batch 17/22
[2025-10-14T06:08:34.704+0000] {events_pipeline_dag.py:97} INFO - Inserted batch 18/22
[2025-10-14T06:08:34.713+0000] {events_pipeline_dag.py:97} INFO - Inserted batch 19/22
[2025-10-14T06:08:34.723+0000] {events_pipeline_dag.py:97} INFO - Inserted batch 20/22
[2025-10-14T06:08:34.732+0000] {events_pipeline_dag.py:97} INFO - Inserted batch 21/22
[2025-10-14T06:08:34.736+0000] {events_pipeline_dag.py:97} INFO - Inserted batch 22/22
[2025-10-14T06:08:34.738+0000] {events_pipeline_dag.py:100} INFO - ✓ Successfully loaded 21300 rows into ClickHouse
[2025-10-14T06:08:34.794+0000] {python.py:201} INFO - Done. Returned value was: 21300
[2025-10-14T06:08:34.838+0000] {taskinstance.py:1138} INFO - Marking task as SUCCESS. dag_id=events_analytics_pipeline, task_id=extract_and_load_to_clickhouse, execution_date=20251014T050000, start_date=20251014T060833, end_date=20251014T060834
[2025-10-14T06:08:34.863+0000] {local_task_job_runner.py:234} INFO - Task exited with return code 0
[2025-10-14T06:08:34.878+0000] {taskinstance.py:3280} INFO - 1 downstream tasks scheduled from follow-on schedule check
