[2025-10-14T08:00:11.254+0000] {taskinstance.py:1956} INFO - Dependencies all met for dep_context=non-requeueable deps ti=<TaskInstance: events_analytics_pipeline.dbt_docs_generate scheduled__2025-10-14T07:00:00+00:00 [queued]>
[2025-10-14T08:00:11.257+0000] {taskinstance.py:1956} INFO - Dependencies all met for dep_context=requeueable deps ti=<TaskInstance: events_analytics_pipeline.dbt_docs_generate scheduled__2025-10-14T07:00:00+00:00 [queued]>
[2025-10-14T08:00:11.257+0000] {taskinstance.py:2170} INFO - Starting attempt 1 of 3
[2025-10-14T08:00:11.260+0000] {taskinstance.py:2191} INFO - Executing <Task(BashOperator): dbt_docs_generate> on 2025-10-14 07:00:00+00:00
[2025-10-14T08:00:11.263+0000] {standard_task_runner.py:60} INFO - Started process 1515 to run task
[2025-10-14T08:00:11.265+0000] {standard_task_runner.py:87} INFO - Running: ['***', 'tasks', 'run', 'events_analytics_pipeline', 'dbt_docs_generate', 'scheduled__2025-10-14T07:00:00+00:00', '--job-id', '101', '--raw', '--subdir', 'DAGS_FOLDER/events_pipeline_dag.py', '--cfg-path', '/tmp/tmptqq3y32p']
[2025-10-14T08:00:11.267+0000] {standard_task_runner.py:88} INFO - Job 101: Subtask dbt_docs_generate
[2025-10-14T08:00:11.284+0000] {task_command.py:423} INFO - Running <TaskInstance: events_analytics_pipeline.dbt_docs_generate scheduled__2025-10-14T07:00:00+00:00 [running]> on host 7fd364930f15
[2025-10-14T08:00:11.310+0000] {taskinstance.py:2480} INFO - Exporting env vars: AIRFLOW_CTX_DAG_OWNER='data-team' AIRFLOW_CTX_DAG_ID='events_analytics_pipeline' AIRFLOW_CTX_TASK_ID='dbt_docs_generate' AIRFLOW_CTX_EXECUTION_DATE='2025-10-14T07:00:00+00:00' AIRFLOW_CTX_TRY_NUMBER='1' AIRFLOW_CTX_DAG_RUN_ID='scheduled__2025-10-14T07:00:00+00:00'
[2025-10-14T08:00:11.311+0000] {subprocess.py:63} INFO - Tmp dir root location: /tmp
[2025-10-14T08:00:11.312+0000] {subprocess.py:75} INFO - Running command: ['/usr/bin/bash', '-c', 'cd /opt/***/event_gen && /home/***/.local/bin/dbt docs generate --profiles-dir /opt/***/.dbt --project-dir /opt/***/event_gen']
[2025-10-14T08:00:11.316+0000] {subprocess.py:86} INFO - Output:
[2025-10-14T08:00:11.897+0000] {subprocess.py:93} INFO - [0m08:00:11  Running with dbt=1.10.13
[2025-10-14T08:00:11.985+0000] {subprocess.py:93} INFO - [0m08:00:11  Registered adapter: clickhouse=1.9.4
[2025-10-14T08:00:12.129+0000] {subprocess.py:93} INFO - [0m08:00:12  Found 4 models, 30 data tests, 1 source, 599 macros
[2025-10-14T08:00:12.130+0000] {subprocess.py:93} INFO - [0m08:00:12
[2025-10-14T08:00:12.131+0000] {subprocess.py:93} INFO - [0m08:00:12  Concurrency: 4 threads (target='dev')
[2025-10-14T08:00:12.131+0000] {subprocess.py:93} INFO - [0m08:00:12
[2025-10-14T08:00:12.456+0000] {subprocess.py:93} INFO - [0m08:00:12  Building catalog
[2025-10-14T08:00:12.511+0000] {subprocess.py:93} INFO - [0m08:00:12  Catalog written to /opt/***/event_gen/target/catalog.json
[2025-10-14T08:00:13.456+0000] {subprocess.py:97} INFO - Command exited with return code 0
[2025-10-14T08:00:13.469+0000] {taskinstance.py:1138} INFO - Marking task as SUCCESS. dag_id=events_analytics_pipeline, task_id=dbt_docs_generate, execution_date=20251014T070000, start_date=20251014T080011, end_date=20251014T080013
[2025-10-14T08:00:13.494+0000] {local_task_job_runner.py:234} INFO - Task exited with return code 0
[2025-10-14T08:00:13.502+0000] {taskinstance.py:3280} INFO - 0 downstream tasks scheduled from follow-on schedule check
