[2025-10-14T08:08:46.005+0000] {taskinstance.py:1956} INFO - Dependencies all met for dep_context=non-requeueable deps ti=<TaskInstance: events_analytics_pipeline.extract_and_load_to_clickhouse manual__2025-10-14T08:08:44.517886+00:00 [queued]>
[2025-10-14T08:08:46.009+0000] {taskinstance.py:1956} INFO - Dependencies all met for dep_context=requeueable deps ti=<TaskInstance: events_analytics_pipeline.extract_and_load_to_clickhouse manual__2025-10-14T08:08:44.517886+00:00 [queued]>
[2025-10-14T08:08:46.009+0000] {taskinstance.py:2170} INFO - Starting attempt 1 of 3
[2025-10-14T08:08:46.015+0000] {taskinstance.py:2191} INFO - Executing <Task(PythonOperator): extract_and_load_to_clickhouse> on 2025-10-14 08:08:44.517886+00:00
[2025-10-14T08:08:46.021+0000] {standard_task_runner.py:60} INFO - Started process 1736 to run task
[2025-10-14T08:08:46.023+0000] {standard_task_runner.py:87} INFO - Running: ['***', 'tasks', 'run', 'events_analytics_pipeline', 'extract_and_load_to_clickhouse', 'manual__2025-10-14T08:08:44.517886+00:00', '--job-id', '103', '--raw', '--subdir', 'DAGS_FOLDER/events_pipeline_dag.py', '--cfg-path', '/tmp/tmpdzhw39nr']
[2025-10-14T08:08:46.024+0000] {standard_task_runner.py:88} INFO - Job 103: Subtask extract_and_load_to_clickhouse
[2025-10-14T08:08:46.064+0000] {task_command.py:423} INFO - Running <TaskInstance: events_analytics_pipeline.extract_and_load_to_clickhouse manual__2025-10-14T08:08:44.517886+00:00 [running]> on host 7fd364930f15
[2025-10-14T08:08:46.101+0000] {taskinstance.py:2480} INFO - Exporting env vars: AIRFLOW_CTX_DAG_OWNER='data-team' AIRFLOW_CTX_DAG_ID='events_analytics_pipeline' AIRFLOW_CTX_TASK_ID='extract_and_load_to_clickhouse' AIRFLOW_CTX_EXECUTION_DATE='2025-10-14T08:08:44.517886+00:00' AIRFLOW_CTX_TRY_NUMBER='1' AIRFLOW_CTX_DAG_RUN_ID='manual__2025-10-14T08:08:44.517886+00:00'
[2025-10-14T08:08:46.102+0000] {events_pipeline_dag.py:67} INFO - Connecting to PostgreSQL...
[2025-10-14T08:08:46.102+0000] {events_pipeline_dag.py:70} INFO - Extracting data from PostgreSQL...
[2025-10-14T08:08:46.455+0000] {events_pipeline_dag.py:82} INFO - Extracted 21300 rows from PostgreSQL
[2025-10-14T08:08:46.456+0000] {events_pipeline_dag.py:84} INFO - Connecting to ClickHouse...
[2025-10-14T08:08:46.456+0000] {events_pipeline_dag.py:87} INFO - Clearing existing data...
[2025-10-14T08:08:46.462+0000] {events_pipeline_dag.py:90} INFO - Loading data into ClickHouse...
[2025-10-14T08:08:46.469+0000] {events_pipeline_dag.py:97} INFO - Inserted batch 1/22
[2025-10-14T08:08:46.474+0000] {events_pipeline_dag.py:97} INFO - Inserted batch 2/22
[2025-10-14T08:08:46.478+0000] {events_pipeline_dag.py:97} INFO - Inserted batch 3/22
[2025-10-14T08:08:46.483+0000] {events_pipeline_dag.py:97} INFO - Inserted batch 4/22
[2025-10-14T08:08:46.488+0000] {events_pipeline_dag.py:97} INFO - Inserted batch 5/22
[2025-10-14T08:08:46.493+0000] {events_pipeline_dag.py:97} INFO - Inserted batch 6/22
[2025-10-14T08:08:46.499+0000] {events_pipeline_dag.py:97} INFO - Inserted batch 7/22
[2025-10-14T08:08:46.505+0000] {events_pipeline_dag.py:97} INFO - Inserted batch 8/22
[2025-10-14T08:08:46.511+0000] {events_pipeline_dag.py:97} INFO - Inserted batch 9/22
[2025-10-14T08:08:46.516+0000] {events_pipeline_dag.py:97} INFO - Inserted batch 10/22
[2025-10-14T08:08:46.521+0000] {events_pipeline_dag.py:97} INFO - Inserted batch 11/22
[2025-10-14T08:08:46.527+0000] {events_pipeline_dag.py:97} INFO - Inserted batch 12/22
[2025-10-14T08:08:46.532+0000] {events_pipeline_dag.py:97} INFO - Inserted batch 13/22
[2025-10-14T08:08:46.538+0000] {events_pipeline_dag.py:97} INFO - Inserted batch 14/22
[2025-10-14T08:08:46.543+0000] {events_pipeline_dag.py:97} INFO - Inserted batch 15/22
[2025-10-14T08:08:46.548+0000] {events_pipeline_dag.py:97} INFO - Inserted batch 16/22
[2025-10-14T08:08:46.553+0000] {events_pipeline_dag.py:97} INFO - Inserted batch 17/22
[2025-10-14T08:08:46.560+0000] {events_pipeline_dag.py:97} INFO - Inserted batch 18/22
[2025-10-14T08:08:46.567+0000] {events_pipeline_dag.py:97} INFO - Inserted batch 19/22
[2025-10-14T08:08:46.572+0000] {events_pipeline_dag.py:97} INFO - Inserted batch 20/22
[2025-10-14T08:08:46.577+0000] {events_pipeline_dag.py:97} INFO - Inserted batch 21/22
[2025-10-14T08:08:46.580+0000] {events_pipeline_dag.py:97} INFO - Inserted batch 22/22
[2025-10-14T08:08:46.583+0000] {events_pipeline_dag.py:100} INFO - ✓ Successfully loaded 21300 rows into ClickHouse
[2025-10-14T08:08:46.593+0000] {python.py:201} INFO - Done. Returned value was: 21300
[2025-10-14T08:08:46.601+0000] {taskinstance.py:1138} INFO - Marking task as SUCCESS. dag_id=events_analytics_pipeline, task_id=extract_and_load_to_clickhouse, execution_date=20251014T080844, start_date=20251014T080846, end_date=20251014T080846
[2025-10-14T08:08:46.618+0000] {local_task_job_runner.py:234} INFO - Task exited with return code 0
[2025-10-14T08:08:46.628+0000] {taskinstance.py:3280} INFO - 1 downstream tasks scheduled from follow-on schedule check
