[2025-10-14T17:13:17.088+0000] {taskinstance.py:1956} INFO - Dependencies all met for dep_context=non-requeueable deps ti=<TaskInstance: events_analytics_pipeline.extract_and_load_to_clickhouse scheduled__2025-10-14T16:00:00+00:00 [queued]>
[2025-10-14T17:13:17.090+0000] {taskinstance.py:1956} INFO - Dependencies all met for dep_context=requeueable deps ti=<TaskInstance: events_analytics_pipeline.extract_and_load_to_clickhouse scheduled__2025-10-14T16:00:00+00:00 [queued]>
[2025-10-14T17:13:17.090+0000] {taskinstance.py:2170} INFO - Starting attempt 1 of 3
[2025-10-14T17:13:17.094+0000] {taskinstance.py:2191} INFO - Executing <Task(PythonOperator): extract_and_load_to_clickhouse> on 2025-10-14 16:00:00+00:00
[2025-10-14T17:13:17.097+0000] {standard_task_runner.py:60} INFO - Started process 2870 to run task
[2025-10-14T17:13:17.099+0000] {standard_task_runner.py:87} INFO - Running: ['***', 'tasks', 'run', 'events_analytics_pipeline', 'extract_and_load_to_clickhouse', 'scheduled__2025-10-14T16:00:00+00:00', '--job-id', '157', '--raw', '--subdir', 'DAGS_FOLDER/events_pipeline_dag.py', '--cfg-path', '/tmp/tmpxnrpv1yn']
[2025-10-14T17:13:17.100+0000] {standard_task_runner.py:88} INFO - Job 157: Subtask extract_and_load_to_clickhouse
[2025-10-14T17:13:17.117+0000] {task_command.py:423} INFO - Running <TaskInstance: events_analytics_pipeline.extract_and_load_to_clickhouse scheduled__2025-10-14T16:00:00+00:00 [running]> on host 7fd364930f15
[2025-10-14T17:13:17.142+0000] {taskinstance.py:2480} INFO - Exporting env vars: AIRFLOW_CTX_DAG_OWNER='data-team' AIRFLOW_CTX_DAG_ID='events_analytics_pipeline' AIRFLOW_CTX_TASK_ID='extract_and_load_to_clickhouse' AIRFLOW_CTX_EXECUTION_DATE='2025-10-14T16:00:00+00:00' AIRFLOW_CTX_TRY_NUMBER='1' AIRFLOW_CTX_DAG_RUN_ID='scheduled__2025-10-14T16:00:00+00:00'
[2025-10-14T17:13:17.143+0000] {events_pipeline_dag.py:67} INFO - Connecting to PostgreSQL...
[2025-10-14T17:13:17.143+0000] {events_pipeline_dag.py:70} INFO - Extracting data from PostgreSQL...
[2025-10-14T17:13:17.402+0000] {events_pipeline_dag.py:82} INFO - Extracted 21300 rows from PostgreSQL
[2025-10-14T17:13:17.402+0000] {events_pipeline_dag.py:84} INFO - Connecting to ClickHouse...
[2025-10-14T17:13:17.402+0000] {events_pipeline_dag.py:87} INFO - Clearing existing data...
[2025-10-14T17:13:17.405+0000] {events_pipeline_dag.py:90} INFO - Loading data into ClickHouse...
[2025-10-14T17:13:17.414+0000] {events_pipeline_dag.py:97} INFO - Inserted batch 1/22
[2025-10-14T17:13:17.418+0000] {events_pipeline_dag.py:97} INFO - Inserted batch 2/22
[2025-10-14T17:13:17.423+0000] {events_pipeline_dag.py:97} INFO - Inserted batch 3/22
[2025-10-14T17:13:17.428+0000] {events_pipeline_dag.py:97} INFO - Inserted batch 4/22
[2025-10-14T17:13:17.434+0000] {events_pipeline_dag.py:97} INFO - Inserted batch 5/22
[2025-10-14T17:13:17.439+0000] {events_pipeline_dag.py:97} INFO - Inserted batch 6/22
[2025-10-14T17:13:17.445+0000] {events_pipeline_dag.py:97} INFO - Inserted batch 7/22
[2025-10-14T17:13:17.449+0000] {events_pipeline_dag.py:97} INFO - Inserted batch 8/22
[2025-10-14T17:13:17.454+0000] {events_pipeline_dag.py:97} INFO - Inserted batch 9/22
[2025-10-14T17:13:17.460+0000] {events_pipeline_dag.py:97} INFO - Inserted batch 10/22
[2025-10-14T17:13:17.464+0000] {events_pipeline_dag.py:97} INFO - Inserted batch 11/22
[2025-10-14T17:13:17.470+0000] {events_pipeline_dag.py:97} INFO - Inserted batch 12/22
[2025-10-14T17:13:17.475+0000] {events_pipeline_dag.py:97} INFO - Inserted batch 13/22
[2025-10-14T17:13:17.480+0000] {events_pipeline_dag.py:97} INFO - Inserted batch 14/22
[2025-10-14T17:13:17.484+0000] {events_pipeline_dag.py:97} INFO - Inserted batch 15/22
[2025-10-14T17:13:17.489+0000] {events_pipeline_dag.py:97} INFO - Inserted batch 16/22
[2025-10-14T17:13:17.495+0000] {events_pipeline_dag.py:97} INFO - Inserted batch 17/22
[2025-10-14T17:13:17.501+0000] {events_pipeline_dag.py:97} INFO - Inserted batch 18/22
[2025-10-14T17:13:17.506+0000] {events_pipeline_dag.py:97} INFO - Inserted batch 19/22
[2025-10-14T17:13:17.510+0000] {events_pipeline_dag.py:97} INFO - Inserted batch 20/22
[2025-10-14T17:13:17.516+0000] {events_pipeline_dag.py:97} INFO - Inserted batch 21/22
[2025-10-14T17:13:17.519+0000] {events_pipeline_dag.py:97} INFO - Inserted batch 22/22
[2025-10-14T17:13:17.522+0000] {events_pipeline_dag.py:100} INFO - ✓ Successfully loaded 21300 rows into ClickHouse
[2025-10-14T17:13:17.532+0000] {python.py:201} INFO - Done. Returned value was: 21300
[2025-10-14T17:13:17.539+0000] {taskinstance.py:1138} INFO - Marking task as SUCCESS. dag_id=events_analytics_pipeline, task_id=extract_and_load_to_clickhouse, execution_date=20251014T160000, start_date=20251014T171317, end_date=20251014T171317
[2025-10-14T17:13:17.572+0000] {local_task_job_runner.py:234} INFO - Task exited with return code 0
[2025-10-14T17:13:17.583+0000] {taskinstance.py:3280} INFO - 1 downstream tasks scheduled from follow-on schedule check
