[2025-10-14T18:28:30.249+0000] {taskinstance.py:1956} INFO - Dependencies all met for dep_context=non-requeueable deps ti=<TaskInstance: events_analytics_pipeline.dbt_run scheduled__2025-10-14T17:00:00+00:00 [queued]>
[2025-10-14T18:28:30.252+0000] {taskinstance.py:1956} INFO - Dependencies all met for dep_context=requeueable deps ti=<TaskInstance: events_analytics_pipeline.dbt_run scheduled__2025-10-14T17:00:00+00:00 [queued]>
[2025-10-14T18:28:30.252+0000] {taskinstance.py:2170} INFO - Starting attempt 1 of 3
[2025-10-14T18:28:30.256+0000] {taskinstance.py:2191} INFO - Executing <Task(BashOperator): dbt_run> on 2025-10-14 17:00:00+00:00
[2025-10-14T18:28:30.258+0000] {standard_task_runner.py:60} INFO - Started process 3024 to run task
[2025-10-14T18:28:30.260+0000] {standard_task_runner.py:87} INFO - Running: ['***', 'tasks', 'run', 'events_analytics_pipeline', 'dbt_run', 'scheduled__2025-10-14T17:00:00+00:00', '--job-id', '165', '--raw', '--subdir', 'DAGS_FOLDER/events_pipeline_dag.py', '--cfg-path', '/tmp/tmpr_dq4kl5']
[2025-10-14T18:28:30.262+0000] {standard_task_runner.py:88} INFO - Job 165: Subtask dbt_run
[2025-10-14T18:28:30.288+0000] {task_command.py:423} INFO - Running <TaskInstance: events_analytics_pipeline.dbt_run scheduled__2025-10-14T17:00:00+00:00 [running]> on host 7fd364930f15
[2025-10-14T18:28:30.318+0000] {taskinstance.py:2480} INFO - Exporting env vars: AIRFLOW_CTX_DAG_OWNER='data-team' AIRFLOW_CTX_DAG_ID='events_analytics_pipeline' AIRFLOW_CTX_TASK_ID='dbt_run' AIRFLOW_CTX_EXECUTION_DATE='2025-10-14T17:00:00+00:00' AIRFLOW_CTX_TRY_NUMBER='1' AIRFLOW_CTX_DAG_RUN_ID='scheduled__2025-10-14T17:00:00+00:00'
[2025-10-14T18:28:30.319+0000] {subprocess.py:63} INFO - Tmp dir root location: /tmp
[2025-10-14T18:28:30.319+0000] {subprocess.py:75} INFO - Running command: ['/usr/bin/bash', '-c', 'cd /opt/***/event_gen && /home/***/.local/bin/dbt run --profiles-dir /opt/***/.dbt --project-dir /opt/***/event_gen']
[2025-10-14T18:28:30.323+0000] {subprocess.py:86} INFO - Output:
[2025-10-14T18:28:30.925+0000] {subprocess.py:93} INFO - [0m18:28:30  Running with dbt=1.10.13
[2025-10-14T18:28:31.015+0000] {subprocess.py:93} INFO - [0m18:28:31  Registered adapter: clickhouse=1.9.4
[2025-10-14T18:28:31.198+0000] {subprocess.py:93} INFO - [0m18:28:31  Found 4 models, 30 data tests, 1 source, 599 macros
[2025-10-14T18:28:31.200+0000] {subprocess.py:93} INFO - [0m18:28:31
[2025-10-14T18:28:31.200+0000] {subprocess.py:93} INFO - [0m18:28:31  Concurrency: 4 threads (target='dev')
[2025-10-14T18:28:31.201+0000] {subprocess.py:93} INFO - [0m18:28:31
[2025-10-14T18:28:31.336+0000] {subprocess.py:93} INFO - [0m18:28:31  1 of 4 START sql view model `analytics`.`stg_events` ........................... [RUN]
[2025-10-14T18:28:31.372+0000] {subprocess.py:93} INFO - [0m18:28:31  1 of 4 OK created sql view model `analytics`.`stg_events` ...................... [[32mOK[0m in 0.03s]
[2025-10-14T18:28:31.373+0000] {subprocess.py:93} INFO - [0m18:28:31  2 of 4 START sql table model `analytics`.`dim_pages` ........................... [RUN]
[2025-10-14T18:28:31.374+0000] {subprocess.py:93} INFO - [0m18:28:31  3 of 4 START sql table model `analytics`.`dim_users` ........................... [RUN]
[2025-10-14T18:28:31.374+0000] {subprocess.py:93} INFO - [0m18:28:31  4 of 4 START sql table model `analytics`.`fct_events` .......................... [RUN]
[2025-10-14T18:28:31.491+0000] {subprocess.py:93} INFO - [0m18:28:31  2 of 4 OK created sql table model `analytics`.`dim_pages` ...................... [[32mOK[0m in 0.12s]
[2025-10-14T18:28:31.492+0000] {subprocess.py:93} INFO - [0m18:28:31  4 of 4 OK created sql table model `analytics`.`fct_events` ..................... [[32mOK[0m in 0.12s]
[2025-10-14T18:28:31.498+0000] {subprocess.py:93} INFO - [0m18:28:31  3 of 4 OK created sql table model `analytics`.`dim_users` ...................... [[32mOK[0m in 0.12s]
[2025-10-14T18:28:31.503+0000] {subprocess.py:93} INFO - [0m18:28:31
[2025-10-14T18:28:31.503+0000] {subprocess.py:93} INFO - [0m18:28:31  Finished running 3 table models, 1 view model in 0 hours 0 minutes and 0.30 seconds (0.30s).
[2025-10-14T18:28:31.531+0000] {subprocess.py:93} INFO - [0m18:28:31
[2025-10-14T18:28:31.531+0000] {subprocess.py:93} INFO - [0m18:28:31  [32mCompleted successfully[0m
[2025-10-14T18:28:31.531+0000] {subprocess.py:93} INFO - [0m18:28:31
[2025-10-14T18:28:31.532+0000] {subprocess.py:93} INFO - [0m18:28:31  Done. PASS=4 WARN=0 ERROR=0 SKIP=0 NO-OP=0 TOTAL=4
[2025-10-14T18:28:32.925+0000] {subprocess.py:97} INFO - Command exited with return code 0
[2025-10-14T18:28:32.938+0000] {taskinstance.py:1138} INFO - Marking task as SUCCESS. dag_id=events_analytics_pipeline, task_id=dbt_run, execution_date=20251014T170000, start_date=20251014T182830, end_date=20251014T182832
[2025-10-14T18:28:32.970+0000] {local_task_job_runner.py:234} INFO - Task exited with return code 0
[2025-10-14T18:28:32.983+0000] {taskinstance.py:3280} INFO - 1 downstream tasks scheduled from follow-on schedule check
