[2025-10-17T03:57:58.860+0000] {taskinstance.py:1956} INFO - Dependencies all met for dep_context=non-requeueable deps ti=<TaskInstance: events_analytics_pipeline.extract_and_load_to_clickhouse manual__2025-10-17T03:57:56.740807+00:00 [queued]>
[2025-10-17T03:57:58.863+0000] {taskinstance.py:1956} INFO - Dependencies all met for dep_context=requeueable deps ti=<TaskInstance: events_analytics_pipeline.extract_and_load_to_clickhouse manual__2025-10-17T03:57:56.740807+00:00 [queued]>
[2025-10-17T03:57:58.863+0000] {taskinstance.py:2170} INFO - Starting attempt 1 of 3
[2025-10-17T03:57:58.866+0000] {taskinstance.py:2191} INFO - Executing <Task(PythonOperator): extract_and_load_to_clickhouse> on 2025-10-17 03:57:56.740807+00:00
[2025-10-17T03:57:58.869+0000] {standard_task_runner.py:60} INFO - Started process 1124 to run task
[2025-10-17T03:57:58.871+0000] {standard_task_runner.py:87} INFO - Running: ['airflow', 'tasks', 'run', 'events_analytics_pipeline', 'extract_and_load_to_clickhouse', 'manual__2025-10-17T03:57:56.740807+00:00', '--job-id', '47', '--raw', '--subdir', 'DAGS_FOLDER/events_pipeline_dag.py', '--cfg-path', '/tmp/tmpejfnzovw']
[2025-10-17T03:57:58.872+0000] {standard_task_runner.py:88} INFO - Job 47: Subtask extract_and_load_to_clickhouse
[2025-10-17T03:57:58.889+0000] {task_command.py:423} INFO - Running <TaskInstance: events_analytics_pipeline.extract_and_load_to_clickhouse manual__2025-10-17T03:57:56.740807+00:00 [running]> on host d7067dead38a
[2025-10-17T03:57:58.916+0000] {taskinstance.py:2480} INFO - Exporting env vars: AIRFLOW_CTX_DAG_OWNER='data-team' AIRFLOW_CTX_DAG_ID='events_analytics_pipeline' AIRFLOW_CTX_TASK_ID='extract_and_load_to_clickhouse' AIRFLOW_CTX_EXECUTION_DATE='2025-10-17T03:57:56.740807+00:00' AIRFLOW_CTX_TRY_NUMBER='1' AIRFLOW_CTX_DAG_RUN_ID='manual__2025-10-17T03:57:56.740807+00:00'
[2025-10-17T03:57:58.917+0000] {events_pipeline_dag.py:68} INFO - Connecting to PostgreSQL...
[2025-10-17T03:57:58.918+0000] {events_pipeline_dag.py:71} INFO - Extracting data from PostgreSQL...
[2025-10-17T03:57:59.178+0000] {events_pipeline_dag.py:82} INFO - Extracted 21300 rows from PostgreSQL
[2025-10-17T03:57:59.178+0000] {events_pipeline_dag.py:84} INFO - Connecting to ClickHouse...
[2025-10-17T03:57:59.178+0000] {events_pipeline_dag.py:87} INFO - Clearing existing data...
[2025-10-17T03:57:59.181+0000] {events_pipeline_dag.py:90} INFO - Loading data into ClickHouse...
[2025-10-17T03:57:59.188+0000] {events_pipeline_dag.py:97} INFO - Inserted batch 1/22
[2025-10-17T03:57:59.193+0000] {events_pipeline_dag.py:97} INFO - Inserted batch 2/22
[2025-10-17T03:57:59.197+0000] {events_pipeline_dag.py:97} INFO - Inserted batch 3/22
[2025-10-17T03:57:59.202+0000] {events_pipeline_dag.py:97} INFO - Inserted batch 4/22
[2025-10-17T03:57:59.206+0000] {events_pipeline_dag.py:97} INFO - Inserted batch 5/22
[2025-10-17T03:57:59.211+0000] {events_pipeline_dag.py:97} INFO - Inserted batch 6/22
[2025-10-17T03:57:59.217+0000] {events_pipeline_dag.py:97} INFO - Inserted batch 7/22
[2025-10-17T03:57:59.221+0000] {events_pipeline_dag.py:97} INFO - Inserted batch 8/22
[2025-10-17T03:57:59.226+0000] {events_pipeline_dag.py:97} INFO - Inserted batch 9/22
[2025-10-17T03:57:59.230+0000] {events_pipeline_dag.py:97} INFO - Inserted batch 10/22
[2025-10-17T03:57:59.235+0000] {events_pipeline_dag.py:97} INFO - Inserted batch 11/22
[2025-10-17T03:57:59.240+0000] {events_pipeline_dag.py:97} INFO - Inserted batch 12/22
[2025-10-17T03:57:59.245+0000] {events_pipeline_dag.py:97} INFO - Inserted batch 13/22
[2025-10-17T03:57:59.249+0000] {events_pipeline_dag.py:97} INFO - Inserted batch 14/22
[2025-10-17T03:57:59.254+0000] {events_pipeline_dag.py:97} INFO - Inserted batch 15/22
[2025-10-17T03:57:59.258+0000] {events_pipeline_dag.py:97} INFO - Inserted batch 16/22
[2025-10-17T03:57:59.263+0000] {events_pipeline_dag.py:97} INFO - Inserted batch 17/22
[2025-10-17T03:57:59.268+0000] {events_pipeline_dag.py:97} INFO - Inserted batch 18/22
[2025-10-17T03:57:59.273+0000] {events_pipeline_dag.py:97} INFO - Inserted batch 19/22
[2025-10-17T03:57:59.278+0000] {events_pipeline_dag.py:97} INFO - Inserted batch 20/22
[2025-10-17T03:57:59.283+0000] {events_pipeline_dag.py:97} INFO - Inserted batch 21/22
[2025-10-17T03:57:59.286+0000] {events_pipeline_dag.py:97} INFO - Inserted batch 22/22
[2025-10-17T03:57:59.288+0000] {events_pipeline_dag.py:100} INFO - ✓ Successfully loaded 21300 rows into ClickHouse
[2025-10-17T03:57:59.297+0000] {python.py:201} INFO - Done. Returned value was: 21300
[2025-10-17T03:57:59.304+0000] {taskinstance.py:1138} INFO - Marking task as SUCCESS. dag_id=events_analytics_pipeline, task_id=extract_and_load_to_clickhouse, execution_date=20251017T035756, start_date=20251017T035758, end_date=20251017T035759
[2025-10-17T03:57:59.344+0000] {local_task_job_runner.py:234} INFO - Task exited with return code 0
[2025-10-17T03:57:59.353+0000] {taskinstance.py:3280} INFO - 1 downstream tasks scheduled from follow-on schedule check
