[2025-10-14T06:37:34.573+0000] {taskinstance.py:1956} INFO - Dependencies all met for dep_context=non-requeueable deps ti=<TaskInstance: events_analytics_pipeline.dbt_docs_generate manual__2025-10-14T06:37:23.028516+00:00 [queued]>
[2025-10-14T06:37:34.576+0000] {taskinstance.py:1956} INFO - Dependencies all met for dep_context=requeueable deps ti=<TaskInstance: events_analytics_pipeline.dbt_docs_generate manual__2025-10-14T06:37:23.028516+00:00 [queued]>
[2025-10-14T06:37:34.576+0000] {taskinstance.py:2170} INFO - Starting attempt 1 of 3
[2025-10-14T06:37:34.580+0000] {taskinstance.py:2191} INFO - Executing <Task(BashOperator): dbt_docs_generate> on 2025-10-14 06:37:23.028516+00:00
[2025-10-14T06:37:34.583+0000] {standard_task_runner.py:60} INFO - Started process 223 to run task
[2025-10-14T06:37:34.584+0000] {standard_task_runner.py:87} INFO - Running: ['***', 'tasks', 'run', 'events_analytics_pipeline', 'dbt_docs_generate', 'manual__2025-10-14T06:37:23.028516+00:00', '--job-id', '83', '--raw', '--subdir', 'DAGS_FOLDER/events_pipeline_dag.py', '--cfg-path', '/tmp/tmpnr9hh387']
[2025-10-14T06:37:34.586+0000] {standard_task_runner.py:88} INFO - Job 83: Subtask dbt_docs_generate
[2025-10-14T06:37:34.603+0000] {task_command.py:423} INFO - Running <TaskInstance: events_analytics_pipeline.dbt_docs_generate manual__2025-10-14T06:37:23.028516+00:00 [running]> on host 7fd364930f15
[2025-10-14T06:37:34.626+0000] {taskinstance.py:2480} INFO - Exporting env vars: AIRFLOW_CTX_DAG_OWNER='data-team' AIRFLOW_CTX_DAG_ID='events_analytics_pipeline' AIRFLOW_CTX_TASK_ID='dbt_docs_generate' AIRFLOW_CTX_EXECUTION_DATE='2025-10-14T06:37:23.028516+00:00' AIRFLOW_CTX_TRY_NUMBER='1' AIRFLOW_CTX_DAG_RUN_ID='manual__2025-10-14T06:37:23.028516+00:00'
[2025-10-14T06:37:34.627+0000] {subprocess.py:63} INFO - Tmp dir root location: /tmp
[2025-10-14T06:37:34.627+0000] {subprocess.py:75} INFO - Running command: ['/usr/bin/bash', '-c', 'cd /opt/***/event_gen && /home/***/.local/bin/dbt docs generate --profiles-dir /opt/***/.dbt --project-dir /opt/***/event_gen']
[2025-10-14T06:37:34.633+0000] {subprocess.py:86} INFO - Output:
[2025-10-14T06:37:35.275+0000] {subprocess.py:93} INFO - [0m06:37:35  Running with dbt=1.10.13
[2025-10-14T06:37:35.372+0000] {subprocess.py:93} INFO - [0m06:37:35  Registered adapter: clickhouse=1.9.4
[2025-10-14T06:37:35.518+0000] {subprocess.py:93} INFO - [0m06:37:35  Found 4 models, 30 data tests, 1 source, 599 macros
[2025-10-14T06:37:35.519+0000] {subprocess.py:93} INFO - [0m06:37:35
[2025-10-14T06:37:35.520+0000] {subprocess.py:93} INFO - [0m06:37:35  Concurrency: 4 threads (target='dev')
[2025-10-14T06:37:35.520+0000] {subprocess.py:93} INFO - [0m06:37:35
[2025-10-14T06:37:35.806+0000] {subprocess.py:93} INFO - [0m06:37:35  Building catalog
[2025-10-14T06:37:35.857+0000] {subprocess.py:93} INFO - [0m06:37:35  Catalog written to /opt/***/event_gen/target/catalog.json
[2025-10-14T06:37:36.837+0000] {subprocess.py:97} INFO - Command exited with return code 0
[2025-10-14T06:37:36.863+0000] {taskinstance.py:1138} INFO - Marking task as SUCCESS. dag_id=events_analytics_pipeline, task_id=dbt_docs_generate, execution_date=20251014T063723, start_date=20251014T063734, end_date=20251014T063736
[2025-10-14T06:37:36.897+0000] {local_task_job_runner.py:234} INFO - Task exited with return code 0
[2025-10-14T06:37:36.904+0000] {taskinstance.py:3280} INFO - 0 downstream tasks scheduled from follow-on schedule check
