[2025-10-20T06:00:01.525+0000] {local_task_job_runner.py:120} INFO - ::group::Pre task execution logs
[2025-10-20T06:00:01.533+0000] {taskinstance.py:2076} INFO - Dependencies all met for dep_context=non-requeueable deps ti=<TaskInstance: events_analytics_pipeline.extract_and_load_to_clickhouse scheduled__2025-10-20T05:00:00+00:00 [queued]>
[2025-10-20T06:00:01.536+0000] {taskinstance.py:2076} INFO - Dependencies all met for dep_context=requeueable deps ti=<TaskInstance: events_analytics_pipeline.extract_and_load_to_clickhouse scheduled__2025-10-20T05:00:00+00:00 [queued]>
[2025-10-20T06:00:01.536+0000] {taskinstance.py:2306} INFO - Starting attempt 1 of 3
[2025-10-20T06:00:01.540+0000] {taskinstance.py:2330} INFO - Executing <Task(PythonOperator): extract_and_load_to_clickhouse> on 2025-10-20 05:00:00+00:00
[2025-10-20T06:00:01.542+0000] {standard_task_runner.py:63} INFO - Started process 1117 to run task
[2025-10-20T06:00:01.544+0000] {standard_task_runner.py:90} INFO - Running: ['***', 'tasks', 'run', 'events_analytics_pipeline', 'extract_and_load_to_clickhouse', 'scheduled__2025-10-20T05:00:00+00:00', '--job-id', '54', '--raw', '--subdir', 'DAGS_FOLDER/events_pipeline_dag.py', '--cfg-path', '/tmp/tmp_yzzhmik']
[2025-10-20T06:00:01.545+0000] {standard_task_runner.py:91} INFO - Job 54: Subtask extract_and_load_to_clickhouse
[2025-10-20T06:00:01.560+0000] {task_command.py:426} INFO - Running <TaskInstance: events_analytics_pipeline.extract_and_load_to_clickhouse scheduled__2025-10-20T05:00:00+00:00 [running]> on host 0d320e139cdc
[2025-10-20T06:00:01.583+0000] {taskinstance.py:2648} INFO - Exporting env vars: AIRFLOW_CTX_DAG_OWNER='data-team' AIRFLOW_CTX_DAG_ID='events_analytics_pipeline' AIRFLOW_CTX_TASK_ID='extract_and_load_to_clickhouse' AIRFLOW_CTX_EXECUTION_DATE='2025-10-20T05:00:00+00:00' AIRFLOW_CTX_TRY_NUMBER='1' AIRFLOW_CTX_DAG_RUN_ID='scheduled__2025-10-20T05:00:00+00:00'
[2025-10-20T06:00:01.584+0000] {taskinstance.py:430} INFO - ::endgroup::
[2025-10-20T06:00:01.588+0000] {events_pipeline_dag.py:68} INFO - Connecting to PostgreSQL...
[2025-10-20T06:00:01.588+0000] {events_pipeline_dag.py:71} INFO - Extracting data from PostgreSQL...
[2025-10-20T06:00:01.693+0000] {events_pipeline_dag.py:82} INFO - Extracted 2672 rows from PostgreSQL
[2025-10-20T06:00:01.693+0000] {events_pipeline_dag.py:84} INFO - Connecting to ClickHouse...
[2025-10-20T06:00:01.693+0000] {events_pipeline_dag.py:87} INFO - Clearing existing data...
[2025-10-20T06:00:01.697+0000] {events_pipeline_dag.py:90} INFO - Loading data into ClickHouse...
[2025-10-20T06:00:01.702+0000] {events_pipeline_dag.py:97} INFO - Inserted batch 1/3
[2025-10-20T06:00:01.707+0000] {events_pipeline_dag.py:97} INFO - Inserted batch 2/3
[2025-10-20T06:00:01.710+0000] {events_pipeline_dag.py:97} INFO - Inserted batch 3/3
[2025-10-20T06:00:01.712+0000] {events_pipeline_dag.py:100} INFO - ✓ Successfully loaded 2672 rows into ClickHouse
[2025-10-20T06:00:01.717+0000] {python.py:237} INFO - Done. Returned value was: 2672
[2025-10-20T06:00:01.717+0000] {taskinstance.py:441} INFO - ::group::Post task execution logs
[2025-10-20T06:00:01.722+0000] {taskinstance.py:1206} INFO - Marking task as SUCCESS. dag_id=events_analytics_pipeline, task_id=extract_and_load_to_clickhouse, run_id=scheduled__2025-10-20T05:00:00+00:00, execution_date=20251020T050000, start_date=20251020T060001, end_date=20251020T060001
[2025-10-20T06:00:01.767+0000] {local_task_job_runner.py:240} INFO - Task exited with return code 0
[2025-10-20T06:00:01.776+0000] {taskinstance.py:3503} INFO - 1 downstream tasks scheduled from follow-on schedule check
[2025-10-20T06:00:01.777+0000] {local_task_job_runner.py:222} INFO - ::endgroup::
