[2025-10-14T14:11:03.063+0000] {taskinstance.py:1956} INFO - Dependencies all met for dep_context=non-requeueable deps ti=<TaskInstance: events_analytics_pipeline.dbt_docs_generate scheduled__2025-10-14T13:00:00+00:00 [queued]>
[2025-10-14T14:11:03.067+0000] {taskinstance.py:1956} INFO - Dependencies all met for dep_context=requeueable deps ti=<TaskInstance: events_analytics_pipeline.dbt_docs_generate scheduled__2025-10-14T13:00:00+00:00 [queued]>
[2025-10-14T14:11:03.071+0000] {taskinstance.py:2170} INFO - Starting attempt 1 of 3
[2025-10-14T14:11:03.075+0000] {taskinstance.py:2191} INFO - Executing <Task(BashOperator): dbt_docs_generate> on 2025-10-14 13:00:00+00:00
[2025-10-14T14:11:03.078+0000] {standard_task_runner.py:60} INFO - Started process 2614 to run task
[2025-10-14T14:11:03.079+0000] {standard_task_runner.py:87} INFO - Running: ['***', 'tasks', 'run', 'events_analytics_pipeline', 'dbt_docs_generate', 'scheduled__2025-10-14T13:00:00+00:00', '--job-id', '143', '--raw', '--subdir', 'DAGS_FOLDER/events_pipeline_dag.py', '--cfg-path', '/tmp/tmpka0o57l3']
[2025-10-14T14:11:03.080+0000] {standard_task_runner.py:88} INFO - Job 143: Subtask dbt_docs_generate
[2025-10-14T14:11:03.097+0000] {task_command.py:423} INFO - Running <TaskInstance: events_analytics_pipeline.dbt_docs_generate scheduled__2025-10-14T13:00:00+00:00 [running]> on host 7fd364930f15
[2025-10-14T14:11:03.123+0000] {taskinstance.py:2480} INFO - Exporting env vars: AIRFLOW_CTX_DAG_OWNER='data-team' AIRFLOW_CTX_DAG_ID='events_analytics_pipeline' AIRFLOW_CTX_TASK_ID='dbt_docs_generate' AIRFLOW_CTX_EXECUTION_DATE='2025-10-14T13:00:00+00:00' AIRFLOW_CTX_TRY_NUMBER='1' AIRFLOW_CTX_DAG_RUN_ID='scheduled__2025-10-14T13:00:00+00:00'
[2025-10-14T14:11:03.124+0000] {subprocess.py:63} INFO - Tmp dir root location: /tmp
[2025-10-14T14:11:03.124+0000] {subprocess.py:75} INFO - Running command: ['/usr/bin/bash', '-c', 'cd /opt/***/event_gen && /home/***/.local/bin/dbt docs generate --profiles-dir /opt/***/.dbt --project-dir /opt/***/event_gen']
[2025-10-14T14:11:03.129+0000] {subprocess.py:86} INFO - Output:
[2025-10-14T14:11:03.710+0000] {subprocess.py:93} INFO - [0m14:11:03  Running with dbt=1.10.13
[2025-10-14T14:11:03.800+0000] {subprocess.py:93} INFO - [0m14:11:03  Registered adapter: clickhouse=1.9.4
[2025-10-14T14:11:03.924+0000] {subprocess.py:93} INFO - [0m14:11:03  Found 4 models, 30 data tests, 1 source, 599 macros
[2025-10-14T14:11:03.926+0000] {subprocess.py:93} INFO - [0m14:11:03
[2025-10-14T14:11:03.926+0000] {subprocess.py:93} INFO - [0m14:11:03  Concurrency: 4 threads (target='dev')
[2025-10-14T14:11:03.926+0000] {subprocess.py:93} INFO - [0m14:11:03
[2025-10-14T14:11:04.214+0000] {subprocess.py:93} INFO - [0m14:11:04  Building catalog
[2025-10-14T14:11:04.265+0000] {subprocess.py:93} INFO - [0m14:11:04  Catalog written to /opt/***/event_gen/target/catalog.json
[2025-10-14T14:11:05.244+0000] {subprocess.py:97} INFO - Command exited with return code 0
[2025-10-14T14:11:05.255+0000] {taskinstance.py:1138} INFO - Marking task as SUCCESS. dag_id=events_analytics_pipeline, task_id=dbt_docs_generate, execution_date=20251014T130000, start_date=20251014T141103, end_date=20251014T141105
[2025-10-14T14:11:05.283+0000] {local_task_job_runner.py:234} INFO - Task exited with return code 0
[2025-10-14T14:11:05.291+0000] {taskinstance.py:3280} INFO - 0 downstream tasks scheduled from follow-on schedule check
