[2025-10-20T16:12:38.235+0000] {local_task_job_runner.py:120} INFO - ::group::Pre task execution logs
[2025-10-20T16:12:38.244+0000] {taskinstance.py:2076} INFO - Dependencies all met for dep_context=non-requeueable deps ti=<TaskInstance: events_analytics_pipeline.verify_clickhouse_data scheduled__2025-10-20T15:00:00+00:00 [queued]>
[2025-10-20T16:12:38.247+0000] {taskinstance.py:2076} INFO - Dependencies all met for dep_context=requeueable deps ti=<TaskInstance: events_analytics_pipeline.verify_clickhouse_data scheduled__2025-10-20T15:00:00+00:00 [queued]>
[2025-10-20T16:12:38.247+0000] {taskinstance.py:2306} INFO - Starting attempt 1 of 3
[2025-10-20T16:12:38.250+0000] {taskinstance.py:2330} INFO - Executing <Task(PythonOperator): verify_clickhouse_data> on 2025-10-20 15:00:00+00:00
[2025-10-20T16:12:38.253+0000] {standard_task_runner.py:63} INFO - Started process 3233 to run task
[2025-10-20T16:12:38.255+0000] {standard_task_runner.py:90} INFO - Running: ['***', 'tasks', 'run', 'events_analytics_pipeline', 'verify_clickhouse_data', 'scheduled__2025-10-20T15:00:00+00:00', '--job-id', '117', '--raw', '--subdir', 'DAGS_FOLDER/events_pipeline_dag.py', '--cfg-path', '/tmp/tmpq87t6rah']
[2025-10-20T16:12:38.256+0000] {standard_task_runner.py:91} INFO - Job 117: Subtask verify_clickhouse_data
[2025-10-20T16:12:38.271+0000] {task_command.py:426} INFO - Running <TaskInstance: events_analytics_pipeline.verify_clickhouse_data scheduled__2025-10-20T15:00:00+00:00 [running]> on host 0d320e139cdc
[2025-10-20T16:12:38.298+0000] {taskinstance.py:2648} INFO - Exporting env vars: AIRFLOW_CTX_DAG_OWNER='data-team' AIRFLOW_CTX_DAG_ID='events_analytics_pipeline' AIRFLOW_CTX_TASK_ID='verify_clickhouse_data' AIRFLOW_CTX_EXECUTION_DATE='2025-10-20T15:00:00+00:00' AIRFLOW_CTX_TRY_NUMBER='1' AIRFLOW_CTX_DAG_RUN_ID='scheduled__2025-10-20T15:00:00+00:00'
[2025-10-20T16:12:38.298+0000] {taskinstance.py:430} INFO - ::endgroup::
[2025-10-20T16:12:38.306+0000] {events_pipeline_dag.py:114} INFO - Total records in ClickHouse: 5873
[2025-10-20T16:12:38.310+0000] {events_pipeline_dag.py:123} INFO - Date range: 2025-10-20 05:04:09 to 2025-10-20 16:12:36
[2025-10-20T16:12:38.310+0000] {events_pipeline_dag.py:124} INFO - Unique users: 5873
[2025-10-20T16:12:38.310+0000] {python.py:237} INFO - Done. Returned value was: 5873
[2025-10-20T16:12:38.310+0000] {taskinstance.py:441} INFO - ::group::Post task execution logs
[2025-10-20T16:12:38.318+0000] {taskinstance.py:1206} INFO - Marking task as SUCCESS. dag_id=events_analytics_pipeline, task_id=verify_clickhouse_data, run_id=scheduled__2025-10-20T15:00:00+00:00, execution_date=20251020T150000, start_date=20251020T161238, end_date=20251020T161238
[2025-10-20T16:12:38.354+0000] {local_task_job_runner.py:240} INFO - Task exited with return code 0
[2025-10-20T16:12:38.364+0000] {taskinstance.py:3503} INFO - 1 downstream tasks scheduled from follow-on schedule check
[2025-10-20T16:12:38.364+0000] {local_task_job_runner.py:222} INFO - ::endgroup::
