[2025-10-14T07:10:31.505+0000] {taskinstance.py:1956} INFO - Dependencies all met for dep_context=non-requeueable deps ti=<TaskInstance: events_analytics_pipeline.extract_and_load_to_clickhouse scheduled__2025-10-14T06:00:00+00:00 [queued]>
[2025-10-14T07:10:31.509+0000] {taskinstance.py:1956} INFO - Dependencies all met for dep_context=requeueable deps ti=<TaskInstance: events_analytics_pipeline.extract_and_load_to_clickhouse scheduled__2025-10-14T06:00:00+00:00 [queued]>
[2025-10-14T07:10:31.509+0000] {taskinstance.py:2170} INFO - Starting attempt 1 of 3
[2025-10-14T07:10:31.515+0000] {taskinstance.py:2191} INFO - Executing <Task(PythonOperator): extract_and_load_to_clickhouse> on 2025-10-14 06:00:00+00:00
[2025-10-14T07:10:31.519+0000] {standard_task_runner.py:60} INFO - Started process 744 to run task
[2025-10-14T07:10:31.521+0000] {standard_task_runner.py:87} INFO - Running: ['***', 'tasks', 'run', 'events_analytics_pipeline', 'extract_and_load_to_clickhouse', 'scheduled__2025-10-14T06:00:00+00:00', '--job-id', '91', '--raw', '--subdir', 'DAGS_FOLDER/events_pipeline_dag.py', '--cfg-path', '/tmp/tmpixurw_al']
[2025-10-14T07:10:31.523+0000] {standard_task_runner.py:88} INFO - Job 91: Subtask extract_and_load_to_clickhouse
[2025-10-14T07:10:31.549+0000] {task_command.py:423} INFO - Running <TaskInstance: events_analytics_pipeline.extract_and_load_to_clickhouse scheduled__2025-10-14T06:00:00+00:00 [running]> on host 7fd364930f15
[2025-10-14T07:10:31.581+0000] {taskinstance.py:2480} INFO - Exporting env vars: AIRFLOW_CTX_DAG_OWNER='data-team' AIRFLOW_CTX_DAG_ID='events_analytics_pipeline' AIRFLOW_CTX_TASK_ID='extract_and_load_to_clickhouse' AIRFLOW_CTX_EXECUTION_DATE='2025-10-14T06:00:00+00:00' AIRFLOW_CTX_TRY_NUMBER='1' AIRFLOW_CTX_DAG_RUN_ID='scheduled__2025-10-14T06:00:00+00:00'
[2025-10-14T07:10:31.582+0000] {events_pipeline_dag.py:67} INFO - Connecting to PostgreSQL...
[2025-10-14T07:10:31.583+0000] {events_pipeline_dag.py:70} INFO - Extracting data from PostgreSQL...
[2025-10-14T07:10:32.014+0000] {events_pipeline_dag.py:82} INFO - Extracted 21300 rows from PostgreSQL
[2025-10-14T07:10:32.014+0000] {events_pipeline_dag.py:84} INFO - Connecting to ClickHouse...
[2025-10-14T07:10:32.015+0000] {events_pipeline_dag.py:87} INFO - Clearing existing data...
[2025-10-14T07:10:32.022+0000] {events_pipeline_dag.py:90} INFO - Loading data into ClickHouse...
[2025-10-14T07:10:32.036+0000] {events_pipeline_dag.py:97} INFO - Inserted batch 1/22
[2025-10-14T07:10:32.044+0000] {events_pipeline_dag.py:97} INFO - Inserted batch 2/22
[2025-10-14T07:10:32.050+0000] {events_pipeline_dag.py:97} INFO - Inserted batch 3/22
[2025-10-14T07:10:32.057+0000] {events_pipeline_dag.py:97} INFO - Inserted batch 4/22
[2025-10-14T07:10:32.064+0000] {events_pipeline_dag.py:97} INFO - Inserted batch 5/22
[2025-10-14T07:10:32.072+0000] {events_pipeline_dag.py:97} INFO - Inserted batch 6/22
[2025-10-14T07:10:32.080+0000] {events_pipeline_dag.py:97} INFO - Inserted batch 7/22
[2025-10-14T07:10:32.087+0000] {events_pipeline_dag.py:97} INFO - Inserted batch 8/22
[2025-10-14T07:10:32.094+0000] {events_pipeline_dag.py:97} INFO - Inserted batch 9/22
[2025-10-14T07:10:32.100+0000] {events_pipeline_dag.py:97} INFO - Inserted batch 10/22
[2025-10-14T07:10:32.107+0000] {events_pipeline_dag.py:97} INFO - Inserted batch 11/22
[2025-10-14T07:10:32.115+0000] {events_pipeline_dag.py:97} INFO - Inserted batch 12/22
[2025-10-14T07:10:32.122+0000] {events_pipeline_dag.py:97} INFO - Inserted batch 13/22
[2025-10-14T07:10:32.128+0000] {events_pipeline_dag.py:97} INFO - Inserted batch 14/22
[2025-10-14T07:10:32.135+0000] {events_pipeline_dag.py:97} INFO - Inserted batch 15/22
[2025-10-14T07:10:32.143+0000] {events_pipeline_dag.py:97} INFO - Inserted batch 16/22
[2025-10-14T07:10:32.152+0000] {events_pipeline_dag.py:97} INFO - Inserted batch 17/22
[2025-10-14T07:10:32.161+0000] {events_pipeline_dag.py:97} INFO - Inserted batch 18/22
[2025-10-14T07:10:32.168+0000] {events_pipeline_dag.py:97} INFO - Inserted batch 19/22
[2025-10-14T07:10:32.177+0000] {events_pipeline_dag.py:97} INFO - Inserted batch 20/22
[2025-10-14T07:10:32.183+0000] {events_pipeline_dag.py:97} INFO - Inserted batch 21/22
[2025-10-14T07:10:32.186+0000] {events_pipeline_dag.py:97} INFO - Inserted batch 22/22
[2025-10-14T07:10:32.190+0000] {events_pipeline_dag.py:100} INFO - ✓ Successfully loaded 21300 rows into ClickHouse
[2025-10-14T07:10:32.204+0000] {python.py:201} INFO - Done. Returned value was: 21300
[2025-10-14T07:10:32.216+0000] {taskinstance.py:1138} INFO - Marking task as SUCCESS. dag_id=events_analytics_pipeline, task_id=extract_and_load_to_clickhouse, execution_date=20251014T060000, start_date=20251014T071031, end_date=20251014T071032
[2025-10-14T07:10:32.253+0000] {local_task_job_runner.py:234} INFO - Task exited with return code 0
[2025-10-14T07:10:32.272+0000] {taskinstance.py:3280} INFO - 1 downstream tasks scheduled from follow-on schedule check
