[2025-10-20T05:57:23.235+0000] {local_task_job_runner.py:120} INFO - ::group::Pre task execution logs
[2025-10-20T05:57:23.247+0000] {taskinstance.py:2076} INFO - Dependencies all met for dep_context=non-requeueable deps ti=<TaskInstance: events_analytics_pipeline.setup_clickhouse_schema __airflow_temporary_run_2025-10-20T05:57:22.700474+00:00__ [queued]>
[2025-10-20T05:57:23.250+0000] {taskinstance.py:2076} INFO - Dependencies all met for dep_context=requeueable deps ti=<TaskInstance: events_analytics_pipeline.setup_clickhouse_schema __airflow_temporary_run_2025-10-20T05:57:22.700474+00:00__ [queued]>
[2025-10-20T05:57:23.250+0000] {taskinstance.py:2306} INFO - Starting attempt 1 of 3
[2025-10-20T05:57:23.255+0000] {taskinstance.py:2330} INFO - Executing <Task(PythonOperator): setup_clickhouse_schema> on 2025-10-20 00:00:00+00:00
[2025-10-20T05:57:23.258+0000] {standard_task_runner.py:63} INFO - Started process 1015 to run task
[2025-10-20T05:57:23.260+0000] {standard_task_runner.py:90} INFO - Running: ['***', 'tasks', 'run', 'events_analytics_pipeline', 'setup_clickhouse_schema', '__***_temporary_run_2025-10-20T05:57:22.700474+00:00__', '--job-id', '47', '--raw', '--subdir', 'DAGS_FOLDER/events_pipeline_dag.py', '--cfg-path', '/tmp/tmpet80g44j']
[2025-10-20T05:57:23.261+0000] {standard_task_runner.py:91} INFO - Job 47: Subtask setup_clickhouse_schema
[2025-10-20T05:57:23.292+0000] {task_command.py:426} INFO - Running <TaskInstance: events_analytics_pipeline.setup_clickhouse_schema __airflow_temporary_run_2025-10-20T05:57:22.700474+00:00__ [running]> on host 0d320e139cdc
[2025-10-20T05:57:23.330+0000] {taskinstance.py:2648} INFO - Exporting env vars: AIRFLOW_CTX_DAG_OWNER='data-team' AIRFLOW_CTX_DAG_ID='events_analytics_pipeline' AIRFLOW_CTX_TASK_ID='setup_clickhouse_schema' AIRFLOW_CTX_EXECUTION_DATE='2025-10-20T00:00:00+00:00' AIRFLOW_CTX_TRY_NUMBER='1' AIRFLOW_CTX_DAG_RUN_ID='__***_temporary_run_2025-10-20T05:57:22.700474+00:00__'
[2025-10-20T05:57:23.330+0000] {taskinstance.py:430} INFO - ::endgroup::
[2025-10-20T05:57:23.338+0000] {events_pipeline_dag.py:38} INFO - Connecting to ClickHouse...
[2025-10-20T05:57:23.338+0000] {events_pipeline_dag.py:41} INFO - Creating database...
[2025-10-20T05:57:23.342+0000] {events_pipeline_dag.py:44} INFO - Creating raw events table...
[2025-10-20T05:57:23.343+0000] {events_pipeline_dag.py:59} INFO - ✓ ClickHouse schema setup complete
[2025-10-20T05:57:23.343+0000] {python.py:237} INFO - Done. Returned value was: None
[2025-10-20T05:57:23.343+0000] {taskinstance.py:441} INFO - ::group::Post task execution logs
[2025-10-20T05:57:23.347+0000] {taskinstance.py:1206} INFO - Marking task as SUCCESS. dag_id=events_analytics_pipeline, task_id=setup_clickhouse_schema, run_id=__***_temporary_run_2025-10-20T05:57:22.700474+00:00__, execution_date=20251020T000000, start_date=20251020T055723, end_date=20251020T055723
[2025-10-20T05:57:23.356+0000] {local_task_job_runner.py:240} INFO - Task exited with return code 0
[2025-10-20T05:57:23.369+0000] {taskinstance.py:3503} INFO - 1 downstream tasks scheduled from follow-on schedule check
[2025-10-20T05:57:23.370+0000] {local_task_job_runner.py:222} INFO - ::endgroup::
