[2025-10-14T07:10:34.189+0000] {taskinstance.py:1956} INFO - Dependencies all met for dep_context=non-requeueable deps ti=<TaskInstance: events_analytics_pipeline.dbt_run scheduled__2025-10-14T06:00:00+00:00 [queued]>
[2025-10-14T07:10:34.191+0000] {taskinstance.py:1956} INFO - Dependencies all met for dep_context=requeueable deps ti=<TaskInstance: events_analytics_pipeline.dbt_run scheduled__2025-10-14T06:00:00+00:00 [queued]>
[2025-10-14T07:10:34.192+0000] {taskinstance.py:2170} INFO - Starting attempt 1 of 3
[2025-10-14T07:10:34.195+0000] {taskinstance.py:2191} INFO - Executing <Task(BashOperator): dbt_run> on 2025-10-14 06:00:00+00:00
[2025-10-14T07:10:34.198+0000] {standard_task_runner.py:60} INFO - Started process 750 to run task
[2025-10-14T07:10:34.201+0000] {standard_task_runner.py:87} INFO - Running: ['***', 'tasks', 'run', 'events_analytics_pipeline', 'dbt_run', 'scheduled__2025-10-14T06:00:00+00:00', '--job-id', '93', '--raw', '--subdir', 'DAGS_FOLDER/events_pipeline_dag.py', '--cfg-path', '/tmp/tmpaz0ff4gp']
[2025-10-14T07:10:34.202+0000] {standard_task_runner.py:88} INFO - Job 93: Subtask dbt_run
[2025-10-14T07:10:34.223+0000] {task_command.py:423} INFO - Running <TaskInstance: events_analytics_pipeline.dbt_run scheduled__2025-10-14T06:00:00+00:00 [running]> on host 7fd364930f15
[2025-10-14T07:10:34.249+0000] {taskinstance.py:2480} INFO - Exporting env vars: AIRFLOW_CTX_DAG_OWNER='data-team' AIRFLOW_CTX_DAG_ID='events_analytics_pipeline' AIRFLOW_CTX_TASK_ID='dbt_run' AIRFLOW_CTX_EXECUTION_DATE='2025-10-14T06:00:00+00:00' AIRFLOW_CTX_TRY_NUMBER='1' AIRFLOW_CTX_DAG_RUN_ID='scheduled__2025-10-14T06:00:00+00:00'
[2025-10-14T07:10:34.250+0000] {subprocess.py:63} INFO - Tmp dir root location: /tmp
[2025-10-14T07:10:34.250+0000] {subprocess.py:75} INFO - Running command: ['/usr/bin/bash', '-c', 'cd /opt/***/event_gen && /home/***/.local/bin/dbt run --profiles-dir /opt/***/.dbt --project-dir /opt/***/event_gen']
[2025-10-14T07:10:34.256+0000] {subprocess.py:86} INFO - Output:
[2025-10-14T07:10:34.924+0000] {subprocess.py:93} INFO - [0m07:10:34  Running with dbt=1.10.13
[2025-10-14T07:10:35.020+0000] {subprocess.py:93} INFO - [0m07:10:35  Registered adapter: clickhouse=1.9.4
[2025-10-14T07:10:35.215+0000] {subprocess.py:93} INFO - [0m07:10:35  Found 4 models, 30 data tests, 1 source, 599 macros
[2025-10-14T07:10:35.216+0000] {subprocess.py:93} INFO - [0m07:10:35
[2025-10-14T07:10:35.216+0000] {subprocess.py:93} INFO - [0m07:10:35  Concurrency: 4 threads (target='dev')
[2025-10-14T07:10:35.217+0000] {subprocess.py:93} INFO - [0m07:10:35
[2025-10-14T07:10:35.399+0000] {subprocess.py:93} INFO - [0m07:10:35  1 of 4 START sql view model `analytics`.`stg_events` ........................... [RUN]
[2025-10-14T07:10:35.446+0000] {subprocess.py:93} INFO - [0m07:10:35  1 of 4 OK created sql view model `analytics`.`stg_events` ...................... [[32mOK[0m in 0.05s]
[2025-10-14T07:10:35.448+0000] {subprocess.py:93} INFO - [0m07:10:35  2 of 4 START sql table model `analytics`.`dim_pages` ........................... [RUN]
[2025-10-14T07:10:35.448+0000] {subprocess.py:93} INFO - [0m07:10:35  3 of 4 START sql table model `analytics`.`dim_users` ........................... [RUN]
[2025-10-14T07:10:35.449+0000] {subprocess.py:93} INFO - [0m07:10:35  4 of 4 START sql table model `analytics`.`fct_events` .......................... [RUN]
[2025-10-14T07:10:35.578+0000] {subprocess.py:93} INFO - [0m07:10:35  2 of 4 OK created sql table model `analytics`.`dim_pages` ...................... [[32mOK[0m in 0.13s]
[2025-10-14T07:10:35.580+0000] {subprocess.py:93} INFO - [0m07:10:35  4 of 4 OK created sql table model `analytics`.`fct_events` ..................... [[32mOK[0m in 0.13s]
[2025-10-14T07:10:35.594+0000] {subprocess.py:93} INFO - [0m07:10:35  3 of 4 OK created sql table model `analytics`.`dim_users` ...................... [[32mOK[0m in 0.14s]
[2025-10-14T07:10:35.597+0000] {subprocess.py:93} INFO - [0m07:10:35
[2025-10-14T07:10:35.598+0000] {subprocess.py:93} INFO - [0m07:10:35  Finished running 3 table models, 1 view model in 0 hours 0 minutes and 0.38 seconds (0.38s).
[2025-10-14T07:10:35.625+0000] {subprocess.py:93} INFO - [0m07:10:35
[2025-10-14T07:10:35.626+0000] {subprocess.py:93} INFO - [0m07:10:35  [32mCompleted successfully[0m
[2025-10-14T07:10:35.626+0000] {subprocess.py:93} INFO - [0m07:10:35
[2025-10-14T07:10:35.626+0000] {subprocess.py:93} INFO - [0m07:10:35  Done. PASS=4 WARN=0 ERROR=0 SKIP=0 NO-OP=0 TOTAL=4
[2025-10-14T07:10:36.955+0000] {subprocess.py:97} INFO - Command exited with return code 0
[2025-10-14T07:10:36.967+0000] {taskinstance.py:1138} INFO - Marking task as SUCCESS. dag_id=events_analytics_pipeline, task_id=dbt_run, execution_date=20251014T060000, start_date=20251014T071034, end_date=20251014T071036
[2025-10-14T07:10:36.978+0000] {local_task_job_runner.py:234} INFO - Task exited with return code 0
[2025-10-14T07:10:36.988+0000] {taskinstance.py:3280} INFO - 1 downstream tasks scheduled from follow-on schedule check
