[2025-10-17T03:04:36.668+0000] {taskinstance.py:1956} INFO - Dependencies all met for dep_context=non-requeueable deps ti=<TaskInstance: events_analytics_pipeline.extract_and_load_to_clickhouse scheduled__2025-10-17T02:00:00+00:00 [queued]>
[2025-10-17T03:04:36.670+0000] {taskinstance.py:1956} INFO - Dependencies all met for dep_context=requeueable deps ti=<TaskInstance: events_analytics_pipeline.extract_and_load_to_clickhouse scheduled__2025-10-17T02:00:00+00:00 [queued]>
[2025-10-17T03:04:36.670+0000] {taskinstance.py:2170} INFO - Starting attempt 1 of 3
[2025-10-17T03:04:36.674+0000] {taskinstance.py:2191} INFO - Executing <Task(PythonOperator): extract_and_load_to_clickhouse> on 2025-10-17 02:00:00+00:00
[2025-10-17T03:04:36.678+0000] {standard_task_runner.py:60} INFO - Started process 472 to run task
[2025-10-17T03:04:36.680+0000] {standard_task_runner.py:87} INFO - Running: ['airflow', 'tasks', 'run', 'events_analytics_pipeline', 'extract_and_load_to_clickhouse', 'scheduled__2025-10-17T02:00:00+00:00', '--job-id', '41', '--raw', '--subdir', 'DAGS_FOLDER/events_pipeline_dag.py', '--cfg-path', '/tmp/tmpr753okxi']
[2025-10-17T03:04:36.682+0000] {standard_task_runner.py:88} INFO - Job 41: Subtask extract_and_load_to_clickhouse
[2025-10-17T03:04:36.700+0000] {task_command.py:423} INFO - Running <TaskInstance: events_analytics_pipeline.extract_and_load_to_clickhouse scheduled__2025-10-17T02:00:00+00:00 [running]> on host d7067dead38a
[2025-10-17T03:04:36.722+0000] {taskinstance.py:2480} INFO - Exporting env vars: AIRFLOW_CTX_DAG_OWNER='data-team' AIRFLOW_CTX_DAG_ID='events_analytics_pipeline' AIRFLOW_CTX_TASK_ID='extract_and_load_to_clickhouse' AIRFLOW_CTX_EXECUTION_DATE='2025-10-17T02:00:00+00:00' AIRFLOW_CTX_TRY_NUMBER='1' AIRFLOW_CTX_DAG_RUN_ID='scheduled__2025-10-17T02:00:00+00:00'
[2025-10-17T03:04:36.723+0000] {events_pipeline_dag.py:68} INFO - Connecting to PostgreSQL...
[2025-10-17T03:04:36.724+0000] {events_pipeline_dag.py:71} INFO - Extracting data from PostgreSQL...
[2025-10-17T03:04:36.973+0000] {events_pipeline_dag.py:82} INFO - Extracted 21300 rows from PostgreSQL
[2025-10-17T03:04:36.974+0000] {events_pipeline_dag.py:84} INFO - Connecting to ClickHouse...
[2025-10-17T03:04:36.974+0000] {events_pipeline_dag.py:87} INFO - Clearing existing data...
[2025-10-17T03:04:36.977+0000] {events_pipeline_dag.py:90} INFO - Loading data into ClickHouse...
[2025-10-17T03:04:36.984+0000] {events_pipeline_dag.py:97} INFO - Inserted batch 1/22
[2025-10-17T03:04:36.989+0000] {events_pipeline_dag.py:97} INFO - Inserted batch 2/22
[2025-10-17T03:04:36.994+0000] {events_pipeline_dag.py:97} INFO - Inserted batch 3/22
[2025-10-17T03:04:36.999+0000] {events_pipeline_dag.py:97} INFO - Inserted batch 4/22
[2025-10-17T03:04:37.004+0000] {events_pipeline_dag.py:97} INFO - Inserted batch 5/22
[2025-10-17T03:04:37.008+0000] {events_pipeline_dag.py:97} INFO - Inserted batch 6/22
[2025-10-17T03:04:37.014+0000] {events_pipeline_dag.py:97} INFO - Inserted batch 7/22
[2025-10-17T03:04:37.018+0000] {events_pipeline_dag.py:97} INFO - Inserted batch 8/22
[2025-10-17T03:04:37.023+0000] {events_pipeline_dag.py:97} INFO - Inserted batch 9/22
[2025-10-17T03:04:37.027+0000] {events_pipeline_dag.py:97} INFO - Inserted batch 10/22
[2025-10-17T03:04:37.032+0000] {events_pipeline_dag.py:97} INFO - Inserted batch 11/22
[2025-10-17T03:04:37.037+0000] {events_pipeline_dag.py:97} INFO - Inserted batch 12/22
[2025-10-17T03:04:37.042+0000] {events_pipeline_dag.py:97} INFO - Inserted batch 13/22
[2025-10-17T03:04:37.047+0000] {events_pipeline_dag.py:97} INFO - Inserted batch 14/22
[2025-10-17T03:04:37.051+0000] {events_pipeline_dag.py:97} INFO - Inserted batch 15/22
[2025-10-17T03:04:37.055+0000] {events_pipeline_dag.py:97} INFO - Inserted batch 16/22
[2025-10-17T03:04:37.061+0000] {events_pipeline_dag.py:97} INFO - Inserted batch 17/22
[2025-10-17T03:04:37.066+0000] {events_pipeline_dag.py:97} INFO - Inserted batch 18/22
[2025-10-17T03:04:37.070+0000] {events_pipeline_dag.py:97} INFO - Inserted batch 19/22
[2025-10-17T03:04:37.075+0000] {events_pipeline_dag.py:97} INFO - Inserted batch 20/22
[2025-10-17T03:04:37.079+0000] {events_pipeline_dag.py:97} INFO - Inserted batch 21/22
[2025-10-17T03:04:37.082+0000] {events_pipeline_dag.py:97} INFO - Inserted batch 22/22
[2025-10-17T03:04:37.084+0000] {events_pipeline_dag.py:100} INFO - ✓ Successfully loaded 21300 rows into ClickHouse
[2025-10-17T03:04:37.093+0000] {python.py:201} INFO - Done. Returned value was: 21300
[2025-10-17T03:04:37.099+0000] {taskinstance.py:1138} INFO - Marking task as SUCCESS. dag_id=events_analytics_pipeline, task_id=extract_and_load_to_clickhouse, execution_date=20251017T020000, start_date=20251017T030436, end_date=20251017T030437
[2025-10-17T03:04:37.111+0000] {local_task_job_runner.py:234} INFO - Task exited with return code 0
[2025-10-17T03:04:37.121+0000] {taskinstance.py:3280} INFO - 1 downstream tasks scheduled from follow-on schedule check
