[2025-10-14T11:14:55.630+0000] {taskinstance.py:1956} INFO - Dependencies all met for dep_context=non-requeueable deps ti=<TaskInstance: events_analytics_pipeline.extract_and_load_to_clickhouse scheduled__2025-10-14T10:00:00+00:00 [queued]>
[2025-10-14T11:14:55.633+0000] {taskinstance.py:1956} INFO - Dependencies all met for dep_context=requeueable deps ti=<TaskInstance: events_analytics_pipeline.extract_and_load_to_clickhouse scheduled__2025-10-14T10:00:00+00:00 [queued]>
[2025-10-14T11:14:55.633+0000] {taskinstance.py:2170} INFO - Starting attempt 1 of 3
[2025-10-14T11:14:55.638+0000] {taskinstance.py:2191} INFO - Executing <Task(PythonOperator): extract_and_load_to_clickhouse> on 2025-10-14 10:00:00+00:00
[2025-10-14T11:14:55.641+0000] {standard_task_runner.py:60} INFO - Started process 2301 to run task
[2025-10-14T11:14:55.643+0000] {standard_task_runner.py:87} INFO - Running: ['***', 'tasks', 'run', 'events_analytics_pipeline', 'extract_and_load_to_clickhouse', 'scheduled__2025-10-14T10:00:00+00:00', '--job-id', '121', '--raw', '--subdir', 'DAGS_FOLDER/events_pipeline_dag.py', '--cfg-path', '/tmp/tmp3x54fr66']
[2025-10-14T11:14:55.644+0000] {standard_task_runner.py:88} INFO - Job 121: Subtask extract_and_load_to_clickhouse
[2025-10-14T11:14:55.664+0000] {task_command.py:423} INFO - Running <TaskInstance: events_analytics_pipeline.extract_and_load_to_clickhouse scheduled__2025-10-14T10:00:00+00:00 [running]> on host 7fd364930f15
[2025-10-14T11:14:55.697+0000] {taskinstance.py:2480} INFO - Exporting env vars: AIRFLOW_CTX_DAG_OWNER='data-team' AIRFLOW_CTX_DAG_ID='events_analytics_pipeline' AIRFLOW_CTX_TASK_ID='extract_and_load_to_clickhouse' AIRFLOW_CTX_EXECUTION_DATE='2025-10-14T10:00:00+00:00' AIRFLOW_CTX_TRY_NUMBER='1' AIRFLOW_CTX_DAG_RUN_ID='scheduled__2025-10-14T10:00:00+00:00'
[2025-10-14T11:14:55.698+0000] {events_pipeline_dag.py:67} INFO - Connecting to PostgreSQL...
[2025-10-14T11:14:55.698+0000] {events_pipeline_dag.py:70} INFO - Extracting data from PostgreSQL...
[2025-10-14T11:14:56.081+0000] {events_pipeline_dag.py:82} INFO - Extracted 21300 rows from PostgreSQL
[2025-10-14T11:14:56.081+0000] {events_pipeline_dag.py:84} INFO - Connecting to ClickHouse...
[2025-10-14T11:14:56.081+0000] {events_pipeline_dag.py:87} INFO - Clearing existing data...
[2025-10-14T11:14:56.099+0000] {events_pipeline_dag.py:90} INFO - Loading data into ClickHouse...
[2025-10-14T11:14:56.111+0000] {events_pipeline_dag.py:97} INFO - Inserted batch 1/22
[2025-10-14T11:14:56.119+0000] {events_pipeline_dag.py:97} INFO - Inserted batch 2/22
[2025-10-14T11:14:56.127+0000] {events_pipeline_dag.py:97} INFO - Inserted batch 3/22
[2025-10-14T11:14:56.140+0000] {events_pipeline_dag.py:97} INFO - Inserted batch 4/22
[2025-10-14T11:14:56.148+0000] {events_pipeline_dag.py:97} INFO - Inserted batch 5/22
[2025-10-14T11:14:56.155+0000] {events_pipeline_dag.py:97} INFO - Inserted batch 6/22
[2025-10-14T11:14:56.163+0000] {events_pipeline_dag.py:97} INFO - Inserted batch 7/22
[2025-10-14T11:14:56.172+0000] {events_pipeline_dag.py:97} INFO - Inserted batch 8/22
[2025-10-14T11:14:56.180+0000] {events_pipeline_dag.py:97} INFO - Inserted batch 9/22
[2025-10-14T11:14:56.189+0000] {events_pipeline_dag.py:97} INFO - Inserted batch 10/22
[2025-10-14T11:14:56.198+0000] {events_pipeline_dag.py:97} INFO - Inserted batch 11/22
[2025-10-14T11:14:56.209+0000] {events_pipeline_dag.py:97} INFO - Inserted batch 12/22
[2025-10-14T11:14:56.219+0000] {events_pipeline_dag.py:97} INFO - Inserted batch 13/22
[2025-10-14T11:14:56.230+0000] {events_pipeline_dag.py:97} INFO - Inserted batch 14/22
[2025-10-14T11:14:56.248+0000] {events_pipeline_dag.py:97} INFO - Inserted batch 15/22
[2025-10-14T11:14:56.267+0000] {events_pipeline_dag.py:97} INFO - Inserted batch 16/22
[2025-10-14T11:14:56.278+0000] {events_pipeline_dag.py:97} INFO - Inserted batch 17/22
[2025-10-14T11:14:56.286+0000] {events_pipeline_dag.py:97} INFO - Inserted batch 18/22
[2025-10-14T11:14:56.293+0000] {events_pipeline_dag.py:97} INFO - Inserted batch 19/22
[2025-10-14T11:14:56.299+0000] {events_pipeline_dag.py:97} INFO - Inserted batch 20/22
[2025-10-14T11:14:56.306+0000] {events_pipeline_dag.py:97} INFO - Inserted batch 21/22
[2025-10-14T11:14:56.310+0000] {events_pipeline_dag.py:97} INFO - Inserted batch 22/22
[2025-10-14T11:14:56.319+0000] {events_pipeline_dag.py:100} INFO - ✓ Successfully loaded 21300 rows into ClickHouse
[2025-10-14T11:14:56.333+0000] {python.py:201} INFO - Done. Returned value was: 21300
[2025-10-14T11:14:56.345+0000] {taskinstance.py:1138} INFO - Marking task as SUCCESS. dag_id=events_analytics_pipeline, task_id=extract_and_load_to_clickhouse, execution_date=20251014T100000, start_date=20251014T111455, end_date=20251014T111456
[2025-10-14T11:14:56.358+0000] {local_task_job_runner.py:234} INFO - Task exited with return code 0
[2025-10-14T11:14:56.376+0000] {taskinstance.py:3280} INFO - 1 downstream tasks scheduled from follow-on schedule check
