[2025-10-17T01:31:05.460+0000] {taskinstance.py:1956} INFO - Dependencies all met for dep_context=non-requeueable deps ti=<TaskInstance: events_analytics_pipeline.extract_and_load_to_clickhouse manual__2025-10-17T01:31:04.195679+00:00 [queued]>
[2025-10-17T01:31:05.463+0000] {taskinstance.py:1956} INFO - Dependencies all met for dep_context=requeueable deps ti=<TaskInstance: events_analytics_pipeline.extract_and_load_to_clickhouse manual__2025-10-17T01:31:04.195679+00:00 [queued]>
[2025-10-17T01:31:05.463+0000] {taskinstance.py:2170} INFO - Starting attempt 1 of 3
[2025-10-17T01:31:05.467+0000] {taskinstance.py:2191} INFO - Executing <Task(PythonOperator): extract_and_load_to_clickhouse> on 2025-10-17 01:31:04.195679+00:00
[2025-10-17T01:31:05.469+0000] {standard_task_runner.py:60} INFO - Started process 230 to run task
[2025-10-17T01:31:05.471+0000] {standard_task_runner.py:87} INFO - Running: ['airflow', 'tasks', 'run', 'events_analytics_pipeline', 'extract_and_load_to_clickhouse', 'manual__2025-10-17T01:31:04.195679+00:00', '--job-id', '18', '--raw', '--subdir', 'DAGS_FOLDER/events_pipeline_dag.py', '--cfg-path', '/tmp/tmpk9dyd33m']
[2025-10-17T01:31:05.472+0000] {standard_task_runner.py:88} INFO - Job 18: Subtask extract_and_load_to_clickhouse
[2025-10-17T01:31:05.486+0000] {task_command.py:423} INFO - Running <TaskInstance: events_analytics_pipeline.extract_and_load_to_clickhouse manual__2025-10-17T01:31:04.195679+00:00 [running]> on host d7067dead38a
[2025-10-17T01:31:05.509+0000] {taskinstance.py:2480} INFO - Exporting env vars: AIRFLOW_CTX_DAG_OWNER='data-team' AIRFLOW_CTX_DAG_ID='events_analytics_pipeline' AIRFLOW_CTX_TASK_ID='extract_and_load_to_clickhouse' AIRFLOW_CTX_EXECUTION_DATE='2025-10-17T01:31:04.195679+00:00' AIRFLOW_CTX_TRY_NUMBER='1' AIRFLOW_CTX_DAG_RUN_ID='manual__2025-10-17T01:31:04.195679+00:00'
[2025-10-17T01:31:05.510+0000] {events_pipeline_dag.py:68} INFO - Connecting to PostgreSQL...
[2025-10-17T01:31:05.511+0000] {events_pipeline_dag.py:71} INFO - Extracting data from PostgreSQL...
[2025-10-17T01:31:05.773+0000] {events_pipeline_dag.py:82} INFO - Extracted 21300 rows from PostgreSQL
[2025-10-17T01:31:05.774+0000] {events_pipeline_dag.py:84} INFO - Connecting to ClickHouse...
[2025-10-17T01:31:05.774+0000] {events_pipeline_dag.py:87} INFO - Clearing existing data...
[2025-10-17T01:31:05.777+0000] {events_pipeline_dag.py:90} INFO - Loading data into ClickHouse...
[2025-10-17T01:31:05.784+0000] {events_pipeline_dag.py:97} INFO - Inserted batch 1/22
[2025-10-17T01:31:05.788+0000] {events_pipeline_dag.py:97} INFO - Inserted batch 2/22
[2025-10-17T01:31:05.793+0000] {events_pipeline_dag.py:97} INFO - Inserted batch 3/22
[2025-10-17T01:31:05.798+0000] {events_pipeline_dag.py:97} INFO - Inserted batch 4/22
[2025-10-17T01:31:05.804+0000] {events_pipeline_dag.py:97} INFO - Inserted batch 5/22
[2025-10-17T01:31:05.809+0000] {events_pipeline_dag.py:97} INFO - Inserted batch 6/22
[2025-10-17T01:31:05.815+0000] {events_pipeline_dag.py:97} INFO - Inserted batch 7/22
[2025-10-17T01:31:05.820+0000] {events_pipeline_dag.py:97} INFO - Inserted batch 8/22
[2025-10-17T01:31:05.825+0000] {events_pipeline_dag.py:97} INFO - Inserted batch 9/22
[2025-10-17T01:31:05.831+0000] {events_pipeline_dag.py:97} INFO - Inserted batch 10/22
[2025-10-17T01:31:05.836+0000] {events_pipeline_dag.py:97} INFO - Inserted batch 11/22
[2025-10-17T01:31:05.842+0000] {events_pipeline_dag.py:97} INFO - Inserted batch 12/22
[2025-10-17T01:31:05.848+0000] {events_pipeline_dag.py:97} INFO - Inserted batch 13/22
[2025-10-17T01:31:05.853+0000] {events_pipeline_dag.py:97} INFO - Inserted batch 14/22
[2025-10-17T01:31:05.857+0000] {events_pipeline_dag.py:97} INFO - Inserted batch 15/22
[2025-10-17T01:31:05.862+0000] {events_pipeline_dag.py:97} INFO - Inserted batch 16/22
[2025-10-17T01:31:05.867+0000] {events_pipeline_dag.py:97} INFO - Inserted batch 17/22
[2025-10-17T01:31:05.873+0000] {events_pipeline_dag.py:97} INFO - Inserted batch 18/22
[2025-10-17T01:31:05.879+0000] {events_pipeline_dag.py:97} INFO - Inserted batch 19/22
[2025-10-17T01:31:05.885+0000] {events_pipeline_dag.py:97} INFO - Inserted batch 20/22
[2025-10-17T01:31:05.890+0000] {events_pipeline_dag.py:97} INFO - Inserted batch 21/22
[2025-10-17T01:31:05.892+0000] {events_pipeline_dag.py:97} INFO - Inserted batch 22/22
[2025-10-17T01:31:05.894+0000] {events_pipeline_dag.py:100} INFO - ✓ Successfully loaded 21300 rows into ClickHouse
[2025-10-17T01:31:05.904+0000] {python.py:201} INFO - Done. Returned value was: 21300
[2025-10-17T01:31:05.913+0000] {taskinstance.py:1138} INFO - Marking task as SUCCESS. dag_id=events_analytics_pipeline, task_id=extract_and_load_to_clickhouse, execution_date=20251017T013104, start_date=20251017T013105, end_date=20251017T013105
[2025-10-17T01:31:05.942+0000] {local_task_job_runner.py:234} INFO - Task exited with return code 0
[2025-10-17T01:31:05.952+0000] {taskinstance.py:3280} INFO - 1 downstream tasks scheduled from follow-on schedule check
