[2025-10-14T08:08:47.453+0000] {taskinstance.py:1956} INFO - Dependencies all met for dep_context=non-requeueable deps ti=<TaskInstance: events_analytics_pipeline.dbt_run manual__2025-10-14T08:08:44.517886+00:00 [queued]>
[2025-10-14T08:08:47.456+0000] {taskinstance.py:1956} INFO - Dependencies all met for dep_context=requeueable deps ti=<TaskInstance: events_analytics_pipeline.dbt_run manual__2025-10-14T08:08:44.517886+00:00 [queued]>
[2025-10-14T08:08:47.456+0000] {taskinstance.py:2170} INFO - Starting attempt 1 of 3
[2025-10-14T08:08:47.460+0000] {taskinstance.py:2191} INFO - Executing <Task(BashOperator): dbt_run> on 2025-10-14 08:08:44.517886+00:00
[2025-10-14T08:08:47.463+0000] {standard_task_runner.py:60} INFO - Started process 1742 to run task
[2025-10-14T08:08:47.464+0000] {standard_task_runner.py:87} INFO - Running: ['***', 'tasks', 'run', 'events_analytics_pipeline', 'dbt_run', 'manual__2025-10-14T08:08:44.517886+00:00', '--job-id', '105', '--raw', '--subdir', 'DAGS_FOLDER/events_pipeline_dag.py', '--cfg-path', '/tmp/tmphd6v7u6x']
[2025-10-14T08:08:47.465+0000] {standard_task_runner.py:88} INFO - Job 105: Subtask dbt_run
[2025-10-14T08:08:47.484+0000] {task_command.py:423} INFO - Running <TaskInstance: events_analytics_pipeline.dbt_run manual__2025-10-14T08:08:44.517886+00:00 [running]> on host 7fd364930f15
[2025-10-14T08:08:47.520+0000] {taskinstance.py:2480} INFO - Exporting env vars: AIRFLOW_CTX_DAG_OWNER='data-team' AIRFLOW_CTX_DAG_ID='events_analytics_pipeline' AIRFLOW_CTX_TASK_ID='dbt_run' AIRFLOW_CTX_EXECUTION_DATE='2025-10-14T08:08:44.517886+00:00' AIRFLOW_CTX_TRY_NUMBER='1' AIRFLOW_CTX_DAG_RUN_ID='manual__2025-10-14T08:08:44.517886+00:00'
[2025-10-14T08:08:47.521+0000] {subprocess.py:63} INFO - Tmp dir root location: /tmp
[2025-10-14T08:08:47.521+0000] {subprocess.py:75} INFO - Running command: ['/usr/bin/bash', '-c', 'cd /opt/***/event_gen && /home/***/.local/bin/dbt run --profiles-dir /opt/***/.dbt --project-dir /opt/***/event_gen']
[2025-10-14T08:08:47.527+0000] {subprocess.py:86} INFO - Output:
[2025-10-14T08:08:48.127+0000] {subprocess.py:93} INFO - [0m08:08:48  Running with dbt=1.10.13
[2025-10-14T08:08:48.212+0000] {subprocess.py:93} INFO - [0m08:08:48  Registered adapter: clickhouse=1.9.4
[2025-10-14T08:08:48.389+0000] {subprocess.py:93} INFO - [0m08:08:48  Found 4 models, 30 data tests, 1 source, 599 macros
[2025-10-14T08:08:48.390+0000] {subprocess.py:93} INFO - [0m08:08:48
[2025-10-14T08:08:48.391+0000] {subprocess.py:93} INFO - [0m08:08:48  Concurrency: 4 threads (target='dev')
[2025-10-14T08:08:48.391+0000] {subprocess.py:93} INFO - [0m08:08:48
[2025-10-14T08:08:48.512+0000] {subprocess.py:93} INFO - [0m08:08:48  1 of 4 START sql view model `analytics`.`stg_events` ........................... [RUN]
[2025-10-14T08:08:48.547+0000] {subprocess.py:93} INFO - [0m08:08:48  1 of 4 OK created sql view model `analytics`.`stg_events` ...................... [[32mOK[0m in 0.03s]
[2025-10-14T08:08:48.548+0000] {subprocess.py:93} INFO - [0m08:08:48  2 of 4 START sql table model `analytics`.`dim_pages` ........................... [RUN]
[2025-10-14T08:08:48.549+0000] {subprocess.py:93} INFO - [0m08:08:48  3 of 4 START sql table model `analytics`.`dim_users` ........................... [RUN]
[2025-10-14T08:08:48.549+0000] {subprocess.py:93} INFO - [0m08:08:48  4 of 4 START sql table model `analytics`.`fct_events` .......................... [RUN]
[2025-10-14T08:08:48.657+0000] {subprocess.py:93} INFO - [0m08:08:48  2 of 4 OK created sql table model `analytics`.`dim_pages` ...................... [[32mOK[0m in 0.11s]
[2025-10-14T08:08:48.657+0000] {subprocess.py:93} INFO - [0m08:08:48  4 of 4 OK created sql table model `analytics`.`fct_events` ..................... [[32mOK[0m in 0.11s]
[2025-10-14T08:08:48.668+0000] {subprocess.py:93} INFO - [0m08:08:48  3 of 4 OK created sql table model `analytics`.`dim_users` ...................... [[32mOK[0m in 0.12s]
[2025-10-14T08:08:48.671+0000] {subprocess.py:93} INFO - [0m08:08:48
[2025-10-14T08:08:48.672+0000] {subprocess.py:93} INFO - [0m08:08:48  Finished running 3 table models, 1 view model in 0 hours 0 minutes and 0.28 seconds (0.28s).
[2025-10-14T08:08:48.696+0000] {subprocess.py:93} INFO - [0m08:08:48
[2025-10-14T08:08:48.697+0000] {subprocess.py:93} INFO - [0m08:08:48  [32mCompleted successfully[0m
[2025-10-14T08:08:48.697+0000] {subprocess.py:93} INFO - [0m08:08:48
[2025-10-14T08:08:48.697+0000] {subprocess.py:93} INFO - [0m08:08:48  Done. PASS=4 WARN=0 ERROR=0 SKIP=0 NO-OP=0 TOTAL=4
[2025-10-14T08:08:50.273+0000] {subprocess.py:97} INFO - Command exited with return code 0
[2025-10-14T08:08:50.285+0000] {taskinstance.py:1138} INFO - Marking task as SUCCESS. dag_id=events_analytics_pipeline, task_id=dbt_run, execution_date=20251014T080844, start_date=20251014T080847, end_date=20251014T080850
[2025-10-14T08:08:50.325+0000] {local_task_job_runner.py:234} INFO - Task exited with return code 0
[2025-10-14T08:08:50.339+0000] {taskinstance.py:3280} INFO - 1 downstream tasks scheduled from follow-on schedule check
