[2025-10-14T13:09:45.064+0000] {taskinstance.py:1956} INFO - Dependencies all met for dep_context=non-requeueable deps ti=<TaskInstance: events_analytics_pipeline.dbt_run scheduled__2025-10-14T12:00:00+00:00 [queued]>
[2025-10-14T13:09:45.067+0000] {taskinstance.py:1956} INFO - Dependencies all met for dep_context=requeueable deps ti=<TaskInstance: events_analytics_pipeline.dbt_run scheduled__2025-10-14T12:00:00+00:00 [queued]>
[2025-10-14T13:09:45.067+0000] {taskinstance.py:2170} INFO - Starting attempt 1 of 3
[2025-10-14T13:09:45.071+0000] {taskinstance.py:2191} INFO - Executing <Task(BashOperator): dbt_run> on 2025-10-14 12:00:00+00:00
[2025-10-14T13:09:45.073+0000] {standard_task_runner.py:60} INFO - Started process 2483 to run task
[2025-10-14T13:09:45.075+0000] {standard_task_runner.py:87} INFO - Running: ['***', 'tasks', 'run', 'events_analytics_pipeline', 'dbt_run', 'scheduled__2025-10-14T12:00:00+00:00', '--job-id', '135', '--raw', '--subdir', 'DAGS_FOLDER/events_pipeline_dag.py', '--cfg-path', '/tmp/tmplhpt5oxk']
[2025-10-14T13:09:45.076+0000] {standard_task_runner.py:88} INFO - Job 135: Subtask dbt_run
[2025-10-14T13:09:45.094+0000] {task_command.py:423} INFO - Running <TaskInstance: events_analytics_pipeline.dbt_run scheduled__2025-10-14T12:00:00+00:00 [running]> on host 7fd364930f15
[2025-10-14T13:09:45.121+0000] {taskinstance.py:2480} INFO - Exporting env vars: AIRFLOW_CTX_DAG_OWNER='data-team' AIRFLOW_CTX_DAG_ID='events_analytics_pipeline' AIRFLOW_CTX_TASK_ID='dbt_run' AIRFLOW_CTX_EXECUTION_DATE='2025-10-14T12:00:00+00:00' AIRFLOW_CTX_TRY_NUMBER='1' AIRFLOW_CTX_DAG_RUN_ID='scheduled__2025-10-14T12:00:00+00:00'
[2025-10-14T13:09:45.121+0000] {subprocess.py:63} INFO - Tmp dir root location: /tmp
[2025-10-14T13:09:45.122+0000] {subprocess.py:75} INFO - Running command: ['/usr/bin/bash', '-c', 'cd /opt/***/event_gen && /home/***/.local/bin/dbt run --profiles-dir /opt/***/.dbt --project-dir /opt/***/event_gen']
[2025-10-14T13:09:45.126+0000] {subprocess.py:86} INFO - Output:
[2025-10-14T13:09:45.796+0000] {subprocess.py:93} INFO - [0m13:09:45  Running with dbt=1.10.13
[2025-10-14T13:09:45.896+0000] {subprocess.py:93} INFO - [0m13:09:45  Registered adapter: clickhouse=1.9.4
[2025-10-14T13:09:46.088+0000] {subprocess.py:93} INFO - [0m13:09:46  Found 4 models, 30 data tests, 1 source, 599 macros
[2025-10-14T13:09:46.089+0000] {subprocess.py:93} INFO - [0m13:09:46
[2025-10-14T13:09:46.090+0000] {subprocess.py:93} INFO - [0m13:09:46  Concurrency: 4 threads (target='dev')
[2025-10-14T13:09:46.090+0000] {subprocess.py:93} INFO - [0m13:09:46
[2025-10-14T13:09:46.213+0000] {subprocess.py:93} INFO - [0m13:09:46  1 of 4 START sql view model `analytics`.`stg_events` ........................... [RUN]
[2025-10-14T13:09:46.258+0000] {subprocess.py:93} INFO - [0m13:09:46  1 of 4 OK created sql view model `analytics`.`stg_events` ...................... [[32mOK[0m in 0.04s]
[2025-10-14T13:09:46.260+0000] {subprocess.py:93} INFO - [0m13:09:46  2 of 4 START sql table model `analytics`.`dim_pages` ........................... [RUN]
[2025-10-14T13:09:46.260+0000] {subprocess.py:93} INFO - [0m13:09:46  3 of 4 START sql table model `analytics`.`dim_users` ........................... [RUN]
[2025-10-14T13:09:46.261+0000] {subprocess.py:93} INFO - [0m13:09:46  4 of 4 START sql table model `analytics`.`fct_events` .......................... [RUN]
[2025-10-14T13:09:46.381+0000] {subprocess.py:93} INFO - [0m13:09:46  4 of 4 OK created sql table model `analytics`.`fct_events` ..................... [[32mOK[0m in 0.12s]
[2025-10-14T13:09:46.383+0000] {subprocess.py:93} INFO - [0m13:09:46  2 of 4 OK created sql table model `analytics`.`dim_pages` ...................... [[32mOK[0m in 0.12s]
[2025-10-14T13:09:46.389+0000] {subprocess.py:93} INFO - [0m13:09:46  3 of 4 OK created sql table model `analytics`.`dim_users` ...................... [[32mOK[0m in 0.13s]
[2025-10-14T13:09:46.395+0000] {subprocess.py:93} INFO - [0m13:09:46
[2025-10-14T13:09:46.396+0000] {subprocess.py:93} INFO - [0m13:09:46  Finished running 3 table models, 1 view model in 0 hours 0 minutes and 0.30 seconds (0.30s).
[2025-10-14T13:09:46.427+0000] {subprocess.py:93} INFO - [0m13:09:46
[2025-10-14T13:09:46.428+0000] {subprocess.py:93} INFO - [0m13:09:46  [32mCompleted successfully[0m
[2025-10-14T13:09:46.428+0000] {subprocess.py:93} INFO - [0m13:09:46
[2025-10-14T13:09:46.428+0000] {subprocess.py:93} INFO - [0m13:09:46  Done. PASS=4 WARN=0 ERROR=0 SKIP=0 NO-OP=0 TOTAL=4
[2025-10-14T13:09:47.703+0000] {subprocess.py:97} INFO - Command exited with return code 0
[2025-10-14T13:09:47.717+0000] {taskinstance.py:1138} INFO - Marking task as SUCCESS. dag_id=events_analytics_pipeline, task_id=dbt_run, execution_date=20251014T120000, start_date=20251014T130945, end_date=20251014T130947
[2025-10-14T13:09:47.749+0000] {local_task_job_runner.py:234} INFO - Task exited with return code 0
[2025-10-14T13:09:47.765+0000] {taskinstance.py:3280} INFO - 0 downstream tasks scheduled from follow-on schedule check
