[2025-10-16T00:03:01.915+0000] {processor.py:161} INFO - Started process (PID=787) to work on /opt/airflow/dags/events_pipeline_dag.py
[2025-10-16T00:03:01.915+0000] {processor.py:830} INFO - Processing file /opt/airflow/dags/events_pipeline_dag.py for tasks to queue
[2025-10-16T00:03:01.916+0000] {logging_mixin.py:188} INFO - [2025-10-16T00:03:01.916+0000] {dagbag.py:538} INFO - Filling up the DagBag from /opt/airflow/dags/events_pipeline_dag.py
[2025-10-16T00:03:02.069+0000] {processor.py:840} INFO - DAG(s) 'events_analytics_pipeline' retrieved from /opt/airflow/dags/events_pipeline_dag.py
[2025-10-16T00:03:02.084+0000] {logging_mixin.py:188} INFO - [2025-10-16T00:03:02.084+0000] {dag.py:3036} INFO - Sync 1 DAGs
[2025-10-16T00:03:02.097+0000] {logging_mixin.py:188} INFO - [2025-10-16T00:03:02.097+0000] {dag.py:3823} INFO - Setting next_dagrun for events_analytics_pipeline to 2025-10-15 23:00:00+00:00, run_after=2025-10-16 00:00:00+00:00
[2025-10-16T00:03:02.108+0000] {processor.py:183} INFO - Processing /opt/airflow/dags/events_pipeline_dag.py took 0.195 seconds
[2025-10-16T00:33:33.546+0000] {processor.py:161} INFO - Started process (PID=807) to work on /opt/airflow/dags/events_pipeline_dag.py
[2025-10-16T00:33:33.546+0000] {processor.py:830} INFO - Processing file /opt/airflow/dags/events_pipeline_dag.py for tasks to queue
[2025-10-16T00:33:33.547+0000] {logging_mixin.py:188} INFO - [2025-10-16T00:33:33.547+0000] {dagbag.py:538} INFO - Filling up the DagBag from /opt/airflow/dags/events_pipeline_dag.py
[2025-10-16T00:33:33.749+0000] {processor.py:840} INFO - DAG(s) 'events_analytics_pipeline' retrieved from /opt/airflow/dags/events_pipeline_dag.py
[2025-10-16T00:33:33.769+0000] {logging_mixin.py:188} INFO - [2025-10-16T00:33:33.769+0000] {dag.py:3036} INFO - Sync 1 DAGs
[2025-10-16T00:33:33.785+0000] {logging_mixin.py:188} INFO - [2025-10-16T00:33:33.784+0000] {dag.py:3823} INFO - Setting next_dagrun for events_analytics_pipeline to 2025-10-16 00:00:00+00:00, run_after=2025-10-16 01:00:00+00:00
[2025-10-16T00:33:33.798+0000] {processor.py:183} INFO - Processing /opt/airflow/dags/events_pipeline_dag.py took 0.254 seconds
[2025-10-16T00:34:04.027+0000] {processor.py:161} INFO - Started process (PID=820) to work on /opt/airflow/dags/events_pipeline_dag.py
[2025-10-16T00:34:04.029+0000] {processor.py:830} INFO - Processing file /opt/airflow/dags/events_pipeline_dag.py for tasks to queue
[2025-10-16T00:34:04.030+0000] {logging_mixin.py:188} INFO - [2025-10-16T00:34:04.030+0000] {dagbag.py:538} INFO - Filling up the DagBag from /opt/airflow/dags/events_pipeline_dag.py
[2025-10-16T00:34:04.202+0000] {processor.py:840} INFO - DAG(s) 'events_analytics_pipeline' retrieved from /opt/airflow/dags/events_pipeline_dag.py
[2025-10-16T00:34:04.213+0000] {logging_mixin.py:188} INFO - [2025-10-16T00:34:04.213+0000] {dag.py:3036} INFO - Sync 1 DAGs
[2025-10-16T00:34:04.222+0000] {logging_mixin.py:188} INFO - [2025-10-16T00:34:04.222+0000] {dag.py:3823} INFO - Setting next_dagrun for events_analytics_pipeline to 2025-10-16 00:00:00+00:00, run_after=2025-10-16 01:00:00+00:00
[2025-10-16T00:34:04.229+0000] {processor.py:183} INFO - Processing /opt/airflow/dags/events_pipeline_dag.py took 0.207 seconds
[2025-10-16T01:03:44.109+0000] {processor.py:161} INFO - Started process (PID=832) to work on /opt/airflow/dags/events_pipeline_dag.py
[2025-10-16T01:03:44.112+0000] {processor.py:830} INFO - Processing file /opt/airflow/dags/events_pipeline_dag.py for tasks to queue
[2025-10-16T01:03:44.113+0000] {logging_mixin.py:188} INFO - [2025-10-16T01:03:44.112+0000] {dagbag.py:538} INFO - Filling up the DagBag from /opt/airflow/dags/events_pipeline_dag.py
[2025-10-16T01:03:44.411+0000] {processor.py:840} INFO - DAG(s) 'events_analytics_pipeline' retrieved from /opt/airflow/dags/events_pipeline_dag.py
[2025-10-16T01:03:44.429+0000] {logging_mixin.py:188} INFO - [2025-10-16T01:03:44.429+0000] {dag.py:3036} INFO - Sync 1 DAGs
[2025-10-16T01:03:44.440+0000] {logging_mixin.py:188} INFO - [2025-10-16T01:03:44.440+0000] {dag.py:3823} INFO - Setting next_dagrun for events_analytics_pipeline to 2025-10-16 00:00:00+00:00, run_after=2025-10-16 01:00:00+00:00
[2025-10-16T01:03:44.453+0000] {processor.py:183} INFO - Processing /opt/airflow/dags/events_pipeline_dag.py took 0.347 seconds
[2025-10-16T01:19:15.746+0000] {processor.py:161} INFO - Started process (PID=853) to work on /opt/airflow/dags/events_pipeline_dag.py
[2025-10-16T01:19:15.747+0000] {processor.py:830} INFO - Processing file /opt/airflow/dags/events_pipeline_dag.py for tasks to queue
[2025-10-16T01:19:15.748+0000] {logging_mixin.py:188} INFO - [2025-10-16T01:19:15.747+0000] {dagbag.py:538} INFO - Filling up the DagBag from /opt/airflow/dags/events_pipeline_dag.py
[2025-10-16T01:19:15.958+0000] {processor.py:840} INFO - DAG(s) 'events_analytics_pipeline' retrieved from /opt/airflow/dags/events_pipeline_dag.py
[2025-10-16T01:19:15.973+0000] {logging_mixin.py:188} INFO - [2025-10-16T01:19:15.973+0000] {dag.py:3036} INFO - Sync 1 DAGs
[2025-10-16T01:19:15.986+0000] {logging_mixin.py:188} INFO - [2025-10-16T01:19:15.986+0000] {dag.py:3823} INFO - Setting next_dagrun for events_analytics_pipeline to 2025-10-16 01:00:00+00:00, run_after=2025-10-16 02:00:00+00:00
[2025-10-16T01:19:15.996+0000] {processor.py:183} INFO - Processing /opt/airflow/dags/events_pipeline_dag.py took 0.253 seconds
[2025-10-16T01:34:46.442+0000] {processor.py:161} INFO - Started process (PID=868) to work on /opt/airflow/dags/events_pipeline_dag.py
[2025-10-16T01:34:46.442+0000] {processor.py:830} INFO - Processing file /opt/airflow/dags/events_pipeline_dag.py for tasks to queue
[2025-10-16T01:34:46.443+0000] {logging_mixin.py:188} INFO - [2025-10-16T01:34:46.443+0000] {dagbag.py:538} INFO - Filling up the DagBag from /opt/airflow/dags/events_pipeline_dag.py
[2025-10-16T01:34:46.716+0000] {processor.py:840} INFO - DAG(s) 'events_analytics_pipeline' retrieved from /opt/airflow/dags/events_pipeline_dag.py
[2025-10-16T01:34:46.735+0000] {logging_mixin.py:188} INFO - [2025-10-16T01:34:46.734+0000] {dag.py:3036} INFO - Sync 1 DAGs
[2025-10-16T01:34:46.748+0000] {logging_mixin.py:188} INFO - [2025-10-16T01:34:46.748+0000] {dag.py:3823} INFO - Setting next_dagrun for events_analytics_pipeline to 2025-10-16 01:00:00+00:00, run_after=2025-10-16 02:00:00+00:00
[2025-10-16T01:34:46.757+0000] {processor.py:183} INFO - Processing /opt/airflow/dags/events_pipeline_dag.py took 0.320 seconds
[2025-10-16T01:50:16.529+0000] {processor.py:161} INFO - Started process (PID=883) to work on /opt/airflow/dags/events_pipeline_dag.py
[2025-10-16T01:50:16.531+0000] {processor.py:830} INFO - Processing file /opt/airflow/dags/events_pipeline_dag.py for tasks to queue
[2025-10-16T01:50:16.531+0000] {logging_mixin.py:188} INFO - [2025-10-16T01:50:16.531+0000] {dagbag.py:538} INFO - Filling up the DagBag from /opt/airflow/dags/events_pipeline_dag.py
[2025-10-16T01:50:16.675+0000] {processor.py:840} INFO - DAG(s) 'events_analytics_pipeline' retrieved from /opt/airflow/dags/events_pipeline_dag.py
[2025-10-16T01:50:16.686+0000] {logging_mixin.py:188} INFO - [2025-10-16T01:50:16.686+0000] {dag.py:3036} INFO - Sync 1 DAGs
[2025-10-16T01:50:16.695+0000] {logging_mixin.py:188} INFO - [2025-10-16T01:50:16.694+0000] {dag.py:3823} INFO - Setting next_dagrun for events_analytics_pipeline to 2025-10-16 01:00:00+00:00, run_after=2025-10-16 02:00:00+00:00
[2025-10-16T01:50:16.700+0000] {processor.py:183} INFO - Processing /opt/airflow/dags/events_pipeline_dag.py took 0.172 seconds
[2025-10-16T01:58:54.575+0000] {processor.py:161} INFO - Started process (PID=895) to work on /opt/airflow/dags/events_pipeline_dag.py
[2025-10-16T01:58:54.576+0000] {processor.py:830} INFO - Processing file /opt/airflow/dags/events_pipeline_dag.py for tasks to queue
[2025-10-16T01:58:54.576+0000] {logging_mixin.py:188} INFO - [2025-10-16T01:58:54.576+0000] {dagbag.py:538} INFO - Filling up the DagBag from /opt/airflow/dags/events_pipeline_dag.py
[2025-10-16T01:58:54.794+0000] {processor.py:840} INFO - DAG(s) 'events_analytics_pipeline' retrieved from /opt/airflow/dags/events_pipeline_dag.py
[2025-10-16T01:58:54.808+0000] {logging_mixin.py:188} INFO - [2025-10-16T01:58:54.808+0000] {dag.py:3036} INFO - Sync 1 DAGs
[2025-10-16T01:58:54.819+0000] {logging_mixin.py:188} INFO - [2025-10-16T01:58:54.819+0000] {dag.py:3823} INFO - Setting next_dagrun for events_analytics_pipeline to 2025-10-16 01:00:00+00:00, run_after=2025-10-16 02:00:00+00:00
[2025-10-16T01:58:54.829+0000] {processor.py:183} INFO - Processing /opt/airflow/dags/events_pipeline_dag.py took 0.257 seconds
[2025-10-16T01:59:25.000+0000] {processor.py:161} INFO - Started process (PID=907) to work on /opt/airflow/dags/events_pipeline_dag.py
[2025-10-16T01:59:25.002+0000] {processor.py:830} INFO - Processing file /opt/airflow/dags/events_pipeline_dag.py for tasks to queue
[2025-10-16T01:59:25.003+0000] {logging_mixin.py:188} INFO - [2025-10-16T01:59:25.003+0000] {dagbag.py:538} INFO - Filling up the DagBag from /opt/airflow/dags/events_pipeline_dag.py
[2025-10-16T01:59:25.189+0000] {processor.py:840} INFO - DAG(s) 'events_analytics_pipeline' retrieved from /opt/airflow/dags/events_pipeline_dag.py
[2025-10-16T01:59:25.208+0000] {logging_mixin.py:188} INFO - [2025-10-16T01:59:25.208+0000] {dag.py:3036} INFO - Sync 1 DAGs
[2025-10-16T01:59:25.220+0000] {logging_mixin.py:188} INFO - [2025-10-16T01:59:25.220+0000] {dag.py:3823} INFO - Setting next_dagrun for events_analytics_pipeline to 2025-10-16 01:00:00+00:00, run_after=2025-10-16 02:00:00+00:00
[2025-10-16T01:59:25.228+0000] {processor.py:183} INFO - Processing /opt/airflow/dags/events_pipeline_dag.py took 0.231 seconds
[2025-10-16T01:59:55.413+0000] {processor.py:161} INFO - Started process (PID=919) to work on /opt/airflow/dags/events_pipeline_dag.py
[2025-10-16T01:59:55.414+0000] {processor.py:830} INFO - Processing file /opt/airflow/dags/events_pipeline_dag.py for tasks to queue
[2025-10-16T01:59:55.415+0000] {logging_mixin.py:188} INFO - [2025-10-16T01:59:55.414+0000] {dagbag.py:538} INFO - Filling up the DagBag from /opt/airflow/dags/events_pipeline_dag.py
[2025-10-16T01:59:55.624+0000] {processor.py:840} INFO - DAG(s) 'events_analytics_pipeline' retrieved from /opt/airflow/dags/events_pipeline_dag.py
[2025-10-16T01:59:55.642+0000] {logging_mixin.py:188} INFO - [2025-10-16T01:59:55.642+0000] {dag.py:3036} INFO - Sync 1 DAGs
[2025-10-16T01:59:55.652+0000] {logging_mixin.py:188} INFO - [2025-10-16T01:59:55.652+0000] {dag.py:3823} INFO - Setting next_dagrun for events_analytics_pipeline to 2025-10-16 01:00:00+00:00, run_after=2025-10-16 02:00:00+00:00
[2025-10-16T01:59:55.661+0000] {processor.py:183} INFO - Processing /opt/airflow/dags/events_pipeline_dag.py took 0.250 seconds
[2025-10-16T02:00:25.821+0000] {processor.py:161} INFO - Started process (PID=931) to work on /opt/airflow/dags/events_pipeline_dag.py
[2025-10-16T02:00:25.822+0000] {processor.py:830} INFO - Processing file /opt/airflow/dags/events_pipeline_dag.py for tasks to queue
[2025-10-16T02:00:25.822+0000] {logging_mixin.py:188} INFO - [2025-10-16T02:00:25.822+0000] {dagbag.py:538} INFO - Filling up the DagBag from /opt/airflow/dags/events_pipeline_dag.py
[2025-10-16T02:00:25.970+0000] {processor.py:840} INFO - DAG(s) 'events_analytics_pipeline' retrieved from /opt/airflow/dags/events_pipeline_dag.py
[2025-10-16T02:00:25.980+0000] {logging_mixin.py:188} INFO - [2025-10-16T02:00:25.980+0000] {dag.py:3036} INFO - Sync 1 DAGs
[2025-10-16T02:00:25.987+0000] {logging_mixin.py:188} INFO - [2025-10-16T02:00:25.987+0000] {dag.py:3823} INFO - Setting next_dagrun for events_analytics_pipeline to 2025-10-16 01:00:00+00:00, run_after=2025-10-16 02:00:00+00:00
[2025-10-16T02:00:25.992+0000] {processor.py:183} INFO - Processing /opt/airflow/dags/events_pipeline_dag.py took 0.175 seconds
[2025-10-16T02:00:56.149+0000] {processor.py:161} INFO - Started process (PID=943) to work on /opt/airflow/dags/events_pipeline_dag.py
[2025-10-16T02:00:56.150+0000] {processor.py:830} INFO - Processing file /opt/airflow/dags/events_pipeline_dag.py for tasks to queue
[2025-10-16T02:00:56.151+0000] {logging_mixin.py:188} INFO - [2025-10-16T02:00:56.151+0000] {dagbag.py:538} INFO - Filling up the DagBag from /opt/airflow/dags/events_pipeline_dag.py
[2025-10-16T02:00:56.317+0000] {processor.py:840} INFO - DAG(s) 'events_analytics_pipeline' retrieved from /opt/airflow/dags/events_pipeline_dag.py
[2025-10-16T02:00:56.329+0000] {logging_mixin.py:188} INFO - [2025-10-16T02:00:56.329+0000] {dag.py:3036} INFO - Sync 1 DAGs
[2025-10-16T02:00:56.339+0000] {logging_mixin.py:188} INFO - [2025-10-16T02:00:56.339+0000] {dag.py:3823} INFO - Setting next_dagrun for events_analytics_pipeline to 2025-10-16 01:00:00+00:00, run_after=2025-10-16 02:00:00+00:00
[2025-10-16T02:00:56.345+0000] {processor.py:183} INFO - Processing /opt/airflow/dags/events_pipeline_dag.py took 0.199 seconds
[2025-10-16T02:01:26.545+0000] {processor.py:161} INFO - Started process (PID=955) to work on /opt/airflow/dags/events_pipeline_dag.py
[2025-10-16T02:01:26.546+0000] {processor.py:830} INFO - Processing file /opt/airflow/dags/events_pipeline_dag.py for tasks to queue
[2025-10-16T02:01:26.547+0000] {logging_mixin.py:188} INFO - [2025-10-16T02:01:26.547+0000] {dagbag.py:538} INFO - Filling up the DagBag from /opt/airflow/dags/events_pipeline_dag.py
[2025-10-16T02:01:26.692+0000] {processor.py:840} INFO - DAG(s) 'events_analytics_pipeline' retrieved from /opt/airflow/dags/events_pipeline_dag.py
[2025-10-16T02:01:26.702+0000] {logging_mixin.py:188} INFO - [2025-10-16T02:01:26.701+0000] {dag.py:3036} INFO - Sync 1 DAGs
[2025-10-16T02:01:26.708+0000] {logging_mixin.py:188} INFO - [2025-10-16T02:01:26.708+0000] {dag.py:3823} INFO - Setting next_dagrun for events_analytics_pipeline to 2025-10-16 01:00:00+00:00, run_after=2025-10-16 02:00:00+00:00
[2025-10-16T02:01:26.714+0000] {processor.py:183} INFO - Processing /opt/airflow/dags/events_pipeline_dag.py took 0.173 seconds
[2025-10-16T02:01:56.874+0000] {processor.py:161} INFO - Started process (PID=967) to work on /opt/airflow/dags/events_pipeline_dag.py
[2025-10-16T02:01:56.875+0000] {processor.py:830} INFO - Processing file /opt/airflow/dags/events_pipeline_dag.py for tasks to queue
[2025-10-16T02:01:56.876+0000] {logging_mixin.py:188} INFO - [2025-10-16T02:01:56.875+0000] {dagbag.py:538} INFO - Filling up the DagBag from /opt/airflow/dags/events_pipeline_dag.py
[2025-10-16T02:01:57.027+0000] {processor.py:840} INFO - DAG(s) 'events_analytics_pipeline' retrieved from /opt/airflow/dags/events_pipeline_dag.py
[2025-10-16T02:01:57.036+0000] {logging_mixin.py:188} INFO - [2025-10-16T02:01:57.036+0000] {dag.py:3036} INFO - Sync 1 DAGs
[2025-10-16T02:01:57.044+0000] {logging_mixin.py:188} INFO - [2025-10-16T02:01:57.044+0000] {dag.py:3823} INFO - Setting next_dagrun for events_analytics_pipeline to 2025-10-16 01:00:00+00:00, run_after=2025-10-16 02:00:00+00:00
[2025-10-16T02:01:57.050+0000] {processor.py:183} INFO - Processing /opt/airflow/dags/events_pipeline_dag.py took 0.180 seconds
[2025-10-16T02:02:27.222+0000] {processor.py:161} INFO - Started process (PID=979) to work on /opt/airflow/dags/events_pipeline_dag.py
[2025-10-16T02:02:27.223+0000] {processor.py:830} INFO - Processing file /opt/airflow/dags/events_pipeline_dag.py for tasks to queue
[2025-10-16T02:02:27.224+0000] {logging_mixin.py:188} INFO - [2025-10-16T02:02:27.224+0000] {dagbag.py:538} INFO - Filling up the DagBag from /opt/airflow/dags/events_pipeline_dag.py
[2025-10-16T02:02:27.384+0000] {processor.py:840} INFO - DAG(s) 'events_analytics_pipeline' retrieved from /opt/airflow/dags/events_pipeline_dag.py
[2025-10-16T02:02:27.396+0000] {logging_mixin.py:188} INFO - [2025-10-16T02:02:27.396+0000] {dag.py:3036} INFO - Sync 1 DAGs
[2025-10-16T02:02:27.404+0000] {logging_mixin.py:188} INFO - [2025-10-16T02:02:27.404+0000] {dag.py:3823} INFO - Setting next_dagrun for events_analytics_pipeline to 2025-10-16 01:00:00+00:00, run_after=2025-10-16 02:00:00+00:00
[2025-10-16T02:02:27.411+0000] {processor.py:183} INFO - Processing /opt/airflow/dags/events_pipeline_dag.py took 0.192 seconds
[2025-10-16T02:02:57.465+0000] {processor.py:161} INFO - Started process (PID=991) to work on /opt/airflow/dags/events_pipeline_dag.py
[2025-10-16T02:02:57.466+0000] {processor.py:830} INFO - Processing file /opt/airflow/dags/events_pipeline_dag.py for tasks to queue
[2025-10-16T02:02:57.467+0000] {logging_mixin.py:188} INFO - [2025-10-16T02:02:57.467+0000] {dagbag.py:538} INFO - Filling up the DagBag from /opt/airflow/dags/events_pipeline_dag.py
[2025-10-16T02:02:57.644+0000] {processor.py:840} INFO - DAG(s) 'events_analytics_pipeline' retrieved from /opt/airflow/dags/events_pipeline_dag.py
[2025-10-16T02:02:57.657+0000] {logging_mixin.py:188} INFO - [2025-10-16T02:02:57.657+0000] {dag.py:3036} INFO - Sync 1 DAGs
[2025-10-16T02:02:57.666+0000] {logging_mixin.py:188} INFO - [2025-10-16T02:02:57.666+0000] {dag.py:3823} INFO - Setting next_dagrun for events_analytics_pipeline to 2025-10-16 01:00:00+00:00, run_after=2025-10-16 02:00:00+00:00
[2025-10-16T02:02:57.672+0000] {processor.py:183} INFO - Processing /opt/airflow/dags/events_pipeline_dag.py took 0.210 seconds
[2025-10-16T02:03:27.812+0000] {processor.py:161} INFO - Started process (PID=1003) to work on /opt/airflow/dags/events_pipeline_dag.py
[2025-10-16T02:03:27.813+0000] {processor.py:830} INFO - Processing file /opt/airflow/dags/events_pipeline_dag.py for tasks to queue
[2025-10-16T02:03:27.814+0000] {logging_mixin.py:188} INFO - [2025-10-16T02:03:27.814+0000] {dagbag.py:538} INFO - Filling up the DagBag from /opt/airflow/dags/events_pipeline_dag.py
[2025-10-16T02:03:28.019+0000] {processor.py:840} INFO - DAG(s) 'events_analytics_pipeline' retrieved from /opt/airflow/dags/events_pipeline_dag.py
[2025-10-16T02:03:28.035+0000] {logging_mixin.py:188} INFO - [2025-10-16T02:03:28.035+0000] {dag.py:3036} INFO - Sync 1 DAGs
[2025-10-16T02:03:28.045+0000] {logging_mixin.py:188} INFO - [2025-10-16T02:03:28.045+0000] {dag.py:3823} INFO - Setting next_dagrun for events_analytics_pipeline to 2025-10-16 01:00:00+00:00, run_after=2025-10-16 02:00:00+00:00
[2025-10-16T02:03:28.052+0000] {processor.py:183} INFO - Processing /opt/airflow/dags/events_pipeline_dag.py took 0.245 seconds
[2025-10-16T02:03:58.211+0000] {processor.py:161} INFO - Started process (PID=1015) to work on /opt/airflow/dags/events_pipeline_dag.py
[2025-10-16T02:03:58.213+0000] {processor.py:830} INFO - Processing file /opt/airflow/dags/events_pipeline_dag.py for tasks to queue
[2025-10-16T02:03:58.214+0000] {logging_mixin.py:188} INFO - [2025-10-16T02:03:58.213+0000] {dagbag.py:538} INFO - Filling up the DagBag from /opt/airflow/dags/events_pipeline_dag.py
[2025-10-16T02:03:58.370+0000] {processor.py:840} INFO - DAG(s) 'events_analytics_pipeline' retrieved from /opt/airflow/dags/events_pipeline_dag.py
[2025-10-16T02:03:58.381+0000] {logging_mixin.py:188} INFO - [2025-10-16T02:03:58.381+0000] {dag.py:3036} INFO - Sync 1 DAGs
[2025-10-16T02:03:58.390+0000] {logging_mixin.py:188} INFO - [2025-10-16T02:03:58.390+0000] {dag.py:3823} INFO - Setting next_dagrun for events_analytics_pipeline to 2025-10-16 01:00:00+00:00, run_after=2025-10-16 02:00:00+00:00
[2025-10-16T02:03:58.399+0000] {processor.py:183} INFO - Processing /opt/airflow/dags/events_pipeline_dag.py took 0.192 seconds
[2025-10-16T02:04:28.548+0000] {processor.py:161} INFO - Started process (PID=1027) to work on /opt/airflow/dags/events_pipeline_dag.py
[2025-10-16T02:04:28.549+0000] {processor.py:830} INFO - Processing file /opt/airflow/dags/events_pipeline_dag.py for tasks to queue
[2025-10-16T02:04:28.549+0000] {logging_mixin.py:188} INFO - [2025-10-16T02:04:28.549+0000] {dagbag.py:538} INFO - Filling up the DagBag from /opt/airflow/dags/events_pipeline_dag.py
[2025-10-16T02:04:28.782+0000] {processor.py:840} INFO - DAG(s) 'events_analytics_pipeline' retrieved from /opt/airflow/dags/events_pipeline_dag.py
[2025-10-16T02:04:28.797+0000] {logging_mixin.py:188} INFO - [2025-10-16T02:04:28.796+0000] {dag.py:3036} INFO - Sync 1 DAGs
[2025-10-16T02:04:28.814+0000] {logging_mixin.py:188} INFO - [2025-10-16T02:04:28.814+0000] {dag.py:3823} INFO - Setting next_dagrun for events_analytics_pipeline to 2025-10-16 01:00:00+00:00, run_after=2025-10-16 02:00:00+00:00
[2025-10-16T02:04:28.822+0000] {processor.py:183} INFO - Processing /opt/airflow/dags/events_pipeline_dag.py took 0.279 seconds
[2025-10-16T02:04:59.005+0000] {processor.py:161} INFO - Started process (PID=1040) to work on /opt/airflow/dags/events_pipeline_dag.py
[2025-10-16T02:04:59.006+0000] {processor.py:830} INFO - Processing file /opt/airflow/dags/events_pipeline_dag.py for tasks to queue
[2025-10-16T02:04:59.007+0000] {logging_mixin.py:188} INFO - [2025-10-16T02:04:59.007+0000] {dagbag.py:538} INFO - Filling up the DagBag from /opt/airflow/dags/events_pipeline_dag.py
[2025-10-16T02:04:59.190+0000] {processor.py:840} INFO - DAG(s) 'events_analytics_pipeline' retrieved from /opt/airflow/dags/events_pipeline_dag.py
[2025-10-16T02:04:59.205+0000] {logging_mixin.py:188} INFO - [2025-10-16T02:04:59.205+0000] {dag.py:3036} INFO - Sync 1 DAGs
[2025-10-16T02:04:59.214+0000] {logging_mixin.py:188} INFO - [2025-10-16T02:04:59.214+0000] {dag.py:3823} INFO - Setting next_dagrun for events_analytics_pipeline to 2025-10-16 01:00:00+00:00, run_after=2025-10-16 02:00:00+00:00
[2025-10-16T02:04:59.220+0000] {processor.py:183} INFO - Processing /opt/airflow/dags/events_pipeline_dag.py took 0.224 seconds
[2025-10-16T02:05:29.422+0000] {processor.py:161} INFO - Started process (PID=1052) to work on /opt/airflow/dags/events_pipeline_dag.py
[2025-10-16T02:05:29.423+0000] {processor.py:830} INFO - Processing file /opt/airflow/dags/events_pipeline_dag.py for tasks to queue
[2025-10-16T02:05:29.424+0000] {logging_mixin.py:188} INFO - [2025-10-16T02:05:29.423+0000] {dagbag.py:538} INFO - Filling up the DagBag from /opt/airflow/dags/events_pipeline_dag.py
[2025-10-16T02:05:29.597+0000] {processor.py:840} INFO - DAG(s) 'events_analytics_pipeline' retrieved from /opt/airflow/dags/events_pipeline_dag.py
[2025-10-16T02:05:29.610+0000] {logging_mixin.py:188} INFO - [2025-10-16T02:05:29.610+0000] {dag.py:3036} INFO - Sync 1 DAGs
[2025-10-16T02:05:29.619+0000] {logging_mixin.py:188} INFO - [2025-10-16T02:05:29.619+0000] {dag.py:3823} INFO - Setting next_dagrun for events_analytics_pipeline to 2025-10-16 01:00:00+00:00, run_after=2025-10-16 02:00:00+00:00
[2025-10-16T02:05:29.626+0000] {processor.py:183} INFO - Processing /opt/airflow/dags/events_pipeline_dag.py took 0.208 seconds
[2025-10-16T02:05:59.815+0000] {processor.py:161} INFO - Started process (PID=1064) to work on /opt/airflow/dags/events_pipeline_dag.py
[2025-10-16T02:05:59.816+0000] {processor.py:830} INFO - Processing file /opt/airflow/dags/events_pipeline_dag.py for tasks to queue
[2025-10-16T02:05:59.817+0000] {logging_mixin.py:188} INFO - [2025-10-16T02:05:59.816+0000] {dagbag.py:538} INFO - Filling up the DagBag from /opt/airflow/dags/events_pipeline_dag.py
[2025-10-16T02:05:59.987+0000] {processor.py:840} INFO - DAG(s) 'events_analytics_pipeline' retrieved from /opt/airflow/dags/events_pipeline_dag.py
[2025-10-16T02:06:00.000+0000] {logging_mixin.py:188} INFO - [2025-10-16T02:06:00.000+0000] {dag.py:3036} INFO - Sync 1 DAGs
[2025-10-16T02:06:00.009+0000] {logging_mixin.py:188} INFO - [2025-10-16T02:06:00.009+0000] {dag.py:3823} INFO - Setting next_dagrun for events_analytics_pipeline to 2025-10-16 01:00:00+00:00, run_after=2025-10-16 02:00:00+00:00
[2025-10-16T02:06:00.016+0000] {processor.py:183} INFO - Processing /opt/airflow/dags/events_pipeline_dag.py took 0.204 seconds
[2025-10-16T02:06:30.180+0000] {processor.py:161} INFO - Started process (PID=1076) to work on /opt/airflow/dags/events_pipeline_dag.py
[2025-10-16T02:06:30.182+0000] {processor.py:830} INFO - Processing file /opt/airflow/dags/events_pipeline_dag.py for tasks to queue
[2025-10-16T02:06:30.182+0000] {logging_mixin.py:188} INFO - [2025-10-16T02:06:30.182+0000] {dagbag.py:538} INFO - Filling up the DagBag from /opt/airflow/dags/events_pipeline_dag.py
[2025-10-16T02:06:30.349+0000] {processor.py:840} INFO - DAG(s) 'events_analytics_pipeline' retrieved from /opt/airflow/dags/events_pipeline_dag.py
[2025-10-16T02:06:30.363+0000] {logging_mixin.py:188} INFO - [2025-10-16T02:06:30.363+0000] {dag.py:3036} INFO - Sync 1 DAGs
[2025-10-16T02:06:30.375+0000] {logging_mixin.py:188} INFO - [2025-10-16T02:06:30.375+0000] {dag.py:3823} INFO - Setting next_dagrun for events_analytics_pipeline to 2025-10-16 01:00:00+00:00, run_after=2025-10-16 02:00:00+00:00
[2025-10-16T02:06:30.383+0000] {processor.py:183} INFO - Processing /opt/airflow/dags/events_pipeline_dag.py took 0.206 seconds
[2025-10-16T02:07:00.423+0000] {processor.py:161} INFO - Started process (PID=1088) to work on /opt/airflow/dags/events_pipeline_dag.py
[2025-10-16T02:07:00.424+0000] {processor.py:830} INFO - Processing file /opt/airflow/dags/events_pipeline_dag.py for tasks to queue
[2025-10-16T02:07:00.425+0000] {logging_mixin.py:188} INFO - [2025-10-16T02:07:00.425+0000] {dagbag.py:538} INFO - Filling up the DagBag from /opt/airflow/dags/events_pipeline_dag.py
[2025-10-16T02:07:00.612+0000] {processor.py:840} INFO - DAG(s) 'events_analytics_pipeline' retrieved from /opt/airflow/dags/events_pipeline_dag.py
[2025-10-16T02:07:00.625+0000] {logging_mixin.py:188} INFO - [2025-10-16T02:07:00.625+0000] {dag.py:3036} INFO - Sync 1 DAGs
[2025-10-16T02:07:00.634+0000] {logging_mixin.py:188} INFO - [2025-10-16T02:07:00.634+0000] {dag.py:3823} INFO - Setting next_dagrun for events_analytics_pipeline to 2025-10-16 01:00:00+00:00, run_after=2025-10-16 02:00:00+00:00
[2025-10-16T02:07:00.640+0000] {processor.py:183} INFO - Processing /opt/airflow/dags/events_pipeline_dag.py took 0.222 seconds
[2025-10-16T02:07:30.750+0000] {processor.py:161} INFO - Started process (PID=1100) to work on /opt/airflow/dags/events_pipeline_dag.py
[2025-10-16T02:07:30.751+0000] {processor.py:830} INFO - Processing file /opt/airflow/dags/events_pipeline_dag.py for tasks to queue
[2025-10-16T02:07:30.752+0000] {logging_mixin.py:188} INFO - [2025-10-16T02:07:30.751+0000] {dagbag.py:538} INFO - Filling up the DagBag from /opt/airflow/dags/events_pipeline_dag.py
[2025-10-16T02:07:30.902+0000] {processor.py:840} INFO - DAG(s) 'events_analytics_pipeline' retrieved from /opt/airflow/dags/events_pipeline_dag.py
[2025-10-16T02:07:30.911+0000] {logging_mixin.py:188} INFO - [2025-10-16T02:07:30.911+0000] {dag.py:3036} INFO - Sync 1 DAGs
[2025-10-16T02:07:30.918+0000] {logging_mixin.py:188} INFO - [2025-10-16T02:07:30.918+0000] {dag.py:3823} INFO - Setting next_dagrun for events_analytics_pipeline to 2025-10-16 01:00:00+00:00, run_after=2025-10-16 02:00:00+00:00
[2025-10-16T02:07:30.924+0000] {processor.py:183} INFO - Processing /opt/airflow/dags/events_pipeline_dag.py took 0.178 seconds
[2025-10-16T02:08:00.987+0000] {processor.py:161} INFO - Started process (PID=1112) to work on /opt/airflow/dags/events_pipeline_dag.py
[2025-10-16T02:08:00.988+0000] {processor.py:830} INFO - Processing file /opt/airflow/dags/events_pipeline_dag.py for tasks to queue
[2025-10-16T02:08:00.989+0000] {logging_mixin.py:188} INFO - [2025-10-16T02:08:00.988+0000] {dagbag.py:538} INFO - Filling up the DagBag from /opt/airflow/dags/events_pipeline_dag.py
[2025-10-16T02:08:01.166+0000] {processor.py:840} INFO - DAG(s) 'events_analytics_pipeline' retrieved from /opt/airflow/dags/events_pipeline_dag.py
[2025-10-16T02:08:01.177+0000] {logging_mixin.py:188} INFO - [2025-10-16T02:08:01.177+0000] {dag.py:3036} INFO - Sync 1 DAGs
[2025-10-16T02:08:01.186+0000] {logging_mixin.py:188} INFO - [2025-10-16T02:08:01.186+0000] {dag.py:3823} INFO - Setting next_dagrun for events_analytics_pipeline to 2025-10-16 01:00:00+00:00, run_after=2025-10-16 02:00:00+00:00
[2025-10-16T02:08:01.193+0000] {processor.py:183} INFO - Processing /opt/airflow/dags/events_pipeline_dag.py took 0.213 seconds
[2025-10-16T02:08:31.341+0000] {processor.py:161} INFO - Started process (PID=1124) to work on /opt/airflow/dags/events_pipeline_dag.py
[2025-10-16T02:08:31.342+0000] {processor.py:830} INFO - Processing file /opt/airflow/dags/events_pipeline_dag.py for tasks to queue
[2025-10-16T02:08:31.343+0000] {logging_mixin.py:188} INFO - [2025-10-16T02:08:31.342+0000] {dagbag.py:538} INFO - Filling up the DagBag from /opt/airflow/dags/events_pipeline_dag.py
[2025-10-16T02:08:31.485+0000] {processor.py:840} INFO - DAG(s) 'events_analytics_pipeline' retrieved from /opt/airflow/dags/events_pipeline_dag.py
[2025-10-16T02:08:31.495+0000] {logging_mixin.py:188} INFO - [2025-10-16T02:08:31.495+0000] {dag.py:3036} INFO - Sync 1 DAGs
[2025-10-16T02:08:31.503+0000] {logging_mixin.py:188} INFO - [2025-10-16T02:08:31.503+0000] {dag.py:3823} INFO - Setting next_dagrun for events_analytics_pipeline to 2025-10-16 01:00:00+00:00, run_after=2025-10-16 02:00:00+00:00
[2025-10-16T02:08:31.510+0000] {processor.py:183} INFO - Processing /opt/airflow/dags/events_pipeline_dag.py took 0.171 seconds
[2025-10-16T02:09:01.571+0000] {processor.py:161} INFO - Started process (PID=1136) to work on /opt/airflow/dags/events_pipeline_dag.py
[2025-10-16T02:09:01.572+0000] {processor.py:830} INFO - Processing file /opt/airflow/dags/events_pipeline_dag.py for tasks to queue
[2025-10-16T02:09:01.574+0000] {logging_mixin.py:188} INFO - [2025-10-16T02:09:01.573+0000] {dagbag.py:538} INFO - Filling up the DagBag from /opt/airflow/dags/events_pipeline_dag.py
[2025-10-16T02:09:01.801+0000] {processor.py:840} INFO - DAG(s) 'events_analytics_pipeline' retrieved from /opt/airflow/dags/events_pipeline_dag.py
[2025-10-16T02:09:01.818+0000] {logging_mixin.py:188} INFO - [2025-10-16T02:09:01.818+0000] {dag.py:3036} INFO - Sync 1 DAGs
[2025-10-16T02:09:01.836+0000] {logging_mixin.py:188} INFO - [2025-10-16T02:09:01.836+0000] {dag.py:3823} INFO - Setting next_dagrun for events_analytics_pipeline to 2025-10-16 01:00:00+00:00, run_after=2025-10-16 02:00:00+00:00
[2025-10-16T02:09:01.843+0000] {processor.py:183} INFO - Processing /opt/airflow/dags/events_pipeline_dag.py took 0.276 seconds
[2025-10-16T02:09:31.985+0000] {processor.py:161} INFO - Started process (PID=1148) to work on /opt/airflow/dags/events_pipeline_dag.py
[2025-10-16T02:09:31.987+0000] {processor.py:830} INFO - Processing file /opt/airflow/dags/events_pipeline_dag.py for tasks to queue
[2025-10-16T02:09:31.988+0000] {logging_mixin.py:188} INFO - [2025-10-16T02:09:31.988+0000] {dagbag.py:538} INFO - Filling up the DagBag from /opt/airflow/dags/events_pipeline_dag.py
[2025-10-16T02:09:32.186+0000] {processor.py:840} INFO - DAG(s) 'events_analytics_pipeline' retrieved from /opt/airflow/dags/events_pipeline_dag.py
[2025-10-16T02:09:32.201+0000] {logging_mixin.py:188} INFO - [2025-10-16T02:09:32.201+0000] {dag.py:3036} INFO - Sync 1 DAGs
[2025-10-16T02:09:32.211+0000] {logging_mixin.py:188} INFO - [2025-10-16T02:09:32.211+0000] {dag.py:3823} INFO - Setting next_dagrun for events_analytics_pipeline to 2025-10-16 01:00:00+00:00, run_after=2025-10-16 02:00:00+00:00
[2025-10-16T02:09:32.222+0000] {processor.py:183} INFO - Processing /opt/airflow/dags/events_pipeline_dag.py took 0.239 seconds
[2025-10-16T02:10:02.399+0000] {processor.py:161} INFO - Started process (PID=1160) to work on /opt/airflow/dags/events_pipeline_dag.py
[2025-10-16T02:10:02.400+0000] {processor.py:830} INFO - Processing file /opt/airflow/dags/events_pipeline_dag.py for tasks to queue
[2025-10-16T02:10:02.402+0000] {logging_mixin.py:188} INFO - [2025-10-16T02:10:02.401+0000] {dagbag.py:538} INFO - Filling up the DagBag from /opt/airflow/dags/events_pipeline_dag.py
[2025-10-16T02:10:02.599+0000] {processor.py:840} INFO - DAG(s) 'events_analytics_pipeline' retrieved from /opt/airflow/dags/events_pipeline_dag.py
[2025-10-16T02:10:02.614+0000] {logging_mixin.py:188} INFO - [2025-10-16T02:10:02.614+0000] {dag.py:3036} INFO - Sync 1 DAGs
[2025-10-16T02:10:02.624+0000] {logging_mixin.py:188} INFO - [2025-10-16T02:10:02.624+0000] {dag.py:3823} INFO - Setting next_dagrun for events_analytics_pipeline to 2025-10-16 01:00:00+00:00, run_after=2025-10-16 02:00:00+00:00
[2025-10-16T02:10:02.631+0000] {processor.py:183} INFO - Processing /opt/airflow/dags/events_pipeline_dag.py took 0.236 seconds
[2025-10-16T02:10:32.799+0000] {processor.py:161} INFO - Started process (PID=1172) to work on /opt/airflow/dags/events_pipeline_dag.py
[2025-10-16T02:10:32.800+0000] {processor.py:830} INFO - Processing file /opt/airflow/dags/events_pipeline_dag.py for tasks to queue
[2025-10-16T02:10:32.801+0000] {logging_mixin.py:188} INFO - [2025-10-16T02:10:32.801+0000] {dagbag.py:538} INFO - Filling up the DagBag from /opt/airflow/dags/events_pipeline_dag.py
[2025-10-16T02:10:33.001+0000] {processor.py:840} INFO - DAG(s) 'events_analytics_pipeline' retrieved from /opt/airflow/dags/events_pipeline_dag.py
[2025-10-16T02:10:33.015+0000] {logging_mixin.py:188} INFO - [2025-10-16T02:10:33.015+0000] {dag.py:3036} INFO - Sync 1 DAGs
[2025-10-16T02:10:33.025+0000] {logging_mixin.py:188} INFO - [2025-10-16T02:10:33.025+0000] {dag.py:3823} INFO - Setting next_dagrun for events_analytics_pipeline to 2025-10-16 01:00:00+00:00, run_after=2025-10-16 02:00:00+00:00
[2025-10-16T02:10:33.032+0000] {processor.py:183} INFO - Processing /opt/airflow/dags/events_pipeline_dag.py took 0.236 seconds
[2025-10-16T02:11:03.202+0000] {processor.py:161} INFO - Started process (PID=1184) to work on /opt/airflow/dags/events_pipeline_dag.py
[2025-10-16T02:11:03.203+0000] {processor.py:830} INFO - Processing file /opt/airflow/dags/events_pipeline_dag.py for tasks to queue
[2025-10-16T02:11:03.204+0000] {logging_mixin.py:188} INFO - [2025-10-16T02:11:03.204+0000] {dagbag.py:538} INFO - Filling up the DagBag from /opt/airflow/dags/events_pipeline_dag.py
[2025-10-16T02:11:03.407+0000] {processor.py:840} INFO - DAG(s) 'events_analytics_pipeline' retrieved from /opt/airflow/dags/events_pipeline_dag.py
[2025-10-16T02:11:03.427+0000] {logging_mixin.py:188} INFO - [2025-10-16T02:11:03.427+0000] {dag.py:3036} INFO - Sync 1 DAGs
[2025-10-16T02:11:03.438+0000] {logging_mixin.py:188} INFO - [2025-10-16T02:11:03.438+0000] {dag.py:3823} INFO - Setting next_dagrun for events_analytics_pipeline to 2025-10-16 01:00:00+00:00, run_after=2025-10-16 02:00:00+00:00
[2025-10-16T02:11:03.444+0000] {processor.py:183} INFO - Processing /opt/airflow/dags/events_pipeline_dag.py took 0.246 seconds
[2025-10-16T02:11:33.641+0000] {processor.py:161} INFO - Started process (PID=1196) to work on /opt/airflow/dags/events_pipeline_dag.py
[2025-10-16T02:11:33.643+0000] {processor.py:830} INFO - Processing file /opt/airflow/dags/events_pipeline_dag.py for tasks to queue
[2025-10-16T02:11:33.644+0000] {logging_mixin.py:188} INFO - [2025-10-16T02:11:33.643+0000] {dagbag.py:538} INFO - Filling up the DagBag from /opt/airflow/dags/events_pipeline_dag.py
[2025-10-16T02:11:33.842+0000] {processor.py:840} INFO - DAG(s) 'events_analytics_pipeline' retrieved from /opt/airflow/dags/events_pipeline_dag.py
[2025-10-16T02:11:33.856+0000] {logging_mixin.py:188} INFO - [2025-10-16T02:11:33.856+0000] {dag.py:3036} INFO - Sync 1 DAGs
[2025-10-16T02:11:33.868+0000] {logging_mixin.py:188} INFO - [2025-10-16T02:11:33.868+0000] {dag.py:3823} INFO - Setting next_dagrun for events_analytics_pipeline to 2025-10-16 01:00:00+00:00, run_after=2025-10-16 02:00:00+00:00
[2025-10-16T02:11:33.875+0000] {processor.py:183} INFO - Processing /opt/airflow/dags/events_pipeline_dag.py took 0.238 seconds
[2025-10-16T02:12:04.073+0000] {processor.py:161} INFO - Started process (PID=1208) to work on /opt/airflow/dags/events_pipeline_dag.py
[2025-10-16T02:12:04.077+0000] {processor.py:830} INFO - Processing file /opt/airflow/dags/events_pipeline_dag.py for tasks to queue
[2025-10-16T02:12:04.082+0000] {logging_mixin.py:188} INFO - [2025-10-16T02:12:04.081+0000] {dagbag.py:538} INFO - Filling up the DagBag from /opt/airflow/dags/events_pipeline_dag.py
[2025-10-16T02:12:04.310+0000] {processor.py:840} INFO - DAG(s) 'events_analytics_pipeline' retrieved from /opt/airflow/dags/events_pipeline_dag.py
[2025-10-16T02:12:04.324+0000] {logging_mixin.py:188} INFO - [2025-10-16T02:12:04.324+0000] {dag.py:3036} INFO - Sync 1 DAGs
[2025-10-16T02:12:04.338+0000] {logging_mixin.py:188} INFO - [2025-10-16T02:12:04.338+0000] {dag.py:3823} INFO - Setting next_dagrun for events_analytics_pipeline to 2025-10-16 01:00:00+00:00, run_after=2025-10-16 02:00:00+00:00
[2025-10-16T02:12:04.346+0000] {processor.py:183} INFO - Processing /opt/airflow/dags/events_pipeline_dag.py took 0.279 seconds
[2025-10-16T02:12:34.524+0000] {processor.py:161} INFO - Started process (PID=1220) to work on /opt/airflow/dags/events_pipeline_dag.py
[2025-10-16T02:12:34.526+0000] {processor.py:830} INFO - Processing file /opt/airflow/dags/events_pipeline_dag.py for tasks to queue
[2025-10-16T02:12:34.526+0000] {logging_mixin.py:188} INFO - [2025-10-16T02:12:34.526+0000] {dagbag.py:538} INFO - Filling up the DagBag from /opt/airflow/dags/events_pipeline_dag.py
[2025-10-16T02:12:34.698+0000] {processor.py:840} INFO - DAG(s) 'events_analytics_pipeline' retrieved from /opt/airflow/dags/events_pipeline_dag.py
[2025-10-16T02:12:34.712+0000] {logging_mixin.py:188} INFO - [2025-10-16T02:12:34.712+0000] {dag.py:3036} INFO - Sync 1 DAGs
[2025-10-16T02:12:34.724+0000] {logging_mixin.py:188} INFO - [2025-10-16T02:12:34.724+0000] {dag.py:3823} INFO - Setting next_dagrun for events_analytics_pipeline to 2025-10-16 01:00:00+00:00, run_after=2025-10-16 02:00:00+00:00
[2025-10-16T02:12:34.731+0000] {processor.py:183} INFO - Processing /opt/airflow/dags/events_pipeline_dag.py took 0.209 seconds
[2025-10-16T02:13:04.904+0000] {processor.py:161} INFO - Started process (PID=1232) to work on /opt/airflow/dags/events_pipeline_dag.py
[2025-10-16T02:13:04.906+0000] {processor.py:830} INFO - Processing file /opt/airflow/dags/events_pipeline_dag.py for tasks to queue
[2025-10-16T02:13:04.907+0000] {logging_mixin.py:188} INFO - [2025-10-16T02:13:04.906+0000] {dagbag.py:538} INFO - Filling up the DagBag from /opt/airflow/dags/events_pipeline_dag.py
[2025-10-16T02:13:05.150+0000] {processor.py:840} INFO - DAG(s) 'events_analytics_pipeline' retrieved from /opt/airflow/dags/events_pipeline_dag.py
[2025-10-16T02:13:05.171+0000] {logging_mixin.py:188} INFO - [2025-10-16T02:13:05.171+0000] {dag.py:3036} INFO - Sync 1 DAGs
[2025-10-16T02:13:05.182+0000] {logging_mixin.py:188} INFO - [2025-10-16T02:13:05.182+0000] {dag.py:3823} INFO - Setting next_dagrun for events_analytics_pipeline to 2025-10-16 01:00:00+00:00, run_after=2025-10-16 02:00:00+00:00
[2025-10-16T02:13:05.190+0000] {processor.py:183} INFO - Processing /opt/airflow/dags/events_pipeline_dag.py took 0.289 seconds
[2025-10-16T02:13:35.369+0000] {processor.py:161} INFO - Started process (PID=1250) to work on /opt/airflow/dags/events_pipeline_dag.py
[2025-10-16T02:13:35.369+0000] {processor.py:830} INFO - Processing file /opt/airflow/dags/events_pipeline_dag.py for tasks to queue
[2025-10-16T02:13:35.370+0000] {logging_mixin.py:188} INFO - [2025-10-16T02:13:35.370+0000] {dagbag.py:538} INFO - Filling up the DagBag from /opt/airflow/dags/events_pipeline_dag.py
[2025-10-16T02:13:35.614+0000] {processor.py:840} INFO - DAG(s) 'events_analytics_pipeline' retrieved from /opt/airflow/dags/events_pipeline_dag.py
[2025-10-16T02:13:35.632+0000] {logging_mixin.py:188} INFO - [2025-10-16T02:13:35.632+0000] {dag.py:3036} INFO - Sync 1 DAGs
[2025-10-16T02:13:35.645+0000] {logging_mixin.py:188} INFO - [2025-10-16T02:13:35.645+0000] {dag.py:3823} INFO - Setting next_dagrun for events_analytics_pipeline to 2025-10-16 01:00:00+00:00, run_after=2025-10-16 02:00:00+00:00
[2025-10-16T02:13:35.654+0000] {processor.py:183} INFO - Processing /opt/airflow/dags/events_pipeline_dag.py took 0.289 seconds
[2025-10-16T02:14:05.867+0000] {processor.py:161} INFO - Started process (PID=1262) to work on /opt/airflow/dags/events_pipeline_dag.py
[2025-10-16T02:14:05.868+0000] {processor.py:830} INFO - Processing file /opt/airflow/dags/events_pipeline_dag.py for tasks to queue
[2025-10-16T02:14:05.869+0000] {logging_mixin.py:188} INFO - [2025-10-16T02:14:05.868+0000] {dagbag.py:538} INFO - Filling up the DagBag from /opt/airflow/dags/events_pipeline_dag.py
[2025-10-16T02:14:06.077+0000] {processor.py:840} INFO - DAG(s) 'events_analytics_pipeline' retrieved from /opt/airflow/dags/events_pipeline_dag.py
[2025-10-16T02:14:06.091+0000] {logging_mixin.py:188} INFO - [2025-10-16T02:14:06.091+0000] {dag.py:3036} INFO - Sync 1 DAGs
[2025-10-16T02:14:06.110+0000] {logging_mixin.py:188} INFO - [2025-10-16T02:14:06.110+0000] {dag.py:3823} INFO - Setting next_dagrun for events_analytics_pipeline to 2025-10-16 01:00:00+00:00, run_after=2025-10-16 02:00:00+00:00
[2025-10-16T02:14:06.119+0000] {processor.py:183} INFO - Processing /opt/airflow/dags/events_pipeline_dag.py took 0.255 seconds
[2025-10-16T02:14:36.283+0000] {processor.py:161} INFO - Started process (PID=1274) to work on /opt/airflow/dags/events_pipeline_dag.py
[2025-10-16T02:14:36.285+0000] {processor.py:830} INFO - Processing file /opt/airflow/dags/events_pipeline_dag.py for tasks to queue
[2025-10-16T02:14:36.286+0000] {logging_mixin.py:188} INFO - [2025-10-16T02:14:36.285+0000] {dagbag.py:538} INFO - Filling up the DagBag from /opt/airflow/dags/events_pipeline_dag.py
[2025-10-16T02:14:36.462+0000] {processor.py:840} INFO - DAG(s) 'events_analytics_pipeline' retrieved from /opt/airflow/dags/events_pipeline_dag.py
[2025-10-16T02:14:36.474+0000] {logging_mixin.py:188} INFO - [2025-10-16T02:14:36.474+0000] {dag.py:3036} INFO - Sync 1 DAGs
[2025-10-16T02:14:36.484+0000] {logging_mixin.py:188} INFO - [2025-10-16T02:14:36.484+0000] {dag.py:3823} INFO - Setting next_dagrun for events_analytics_pipeline to 2025-10-16 01:00:00+00:00, run_after=2025-10-16 02:00:00+00:00
[2025-10-16T02:14:36.490+0000] {processor.py:183} INFO - Processing /opt/airflow/dags/events_pipeline_dag.py took 0.210 seconds
[2025-10-16T02:15:06.697+0000] {processor.py:161} INFO - Started process (PID=1286) to work on /opt/airflow/dags/events_pipeline_dag.py
[2025-10-16T02:15:06.698+0000] {processor.py:830} INFO - Processing file /opt/airflow/dags/events_pipeline_dag.py for tasks to queue
[2025-10-16T02:15:06.699+0000] {logging_mixin.py:188} INFO - [2025-10-16T02:15:06.699+0000] {dagbag.py:538} INFO - Filling up the DagBag from /opt/airflow/dags/events_pipeline_dag.py
[2025-10-16T02:15:06.914+0000] {processor.py:840} INFO - DAG(s) 'events_analytics_pipeline' retrieved from /opt/airflow/dags/events_pipeline_dag.py
[2025-10-16T02:15:06.927+0000] {logging_mixin.py:188} INFO - [2025-10-16T02:15:06.926+0000] {dag.py:3036} INFO - Sync 1 DAGs
[2025-10-16T02:15:06.937+0000] {logging_mixin.py:188} INFO - [2025-10-16T02:15:06.937+0000] {dag.py:3823} INFO - Setting next_dagrun for events_analytics_pipeline to 2025-10-16 01:00:00+00:00, run_after=2025-10-16 02:00:00+00:00
[2025-10-16T02:15:06.944+0000] {processor.py:183} INFO - Processing /opt/airflow/dags/events_pipeline_dag.py took 0.251 seconds
[2025-10-16T02:15:37.135+0000] {processor.py:161} INFO - Started process (PID=1297) to work on /opt/airflow/dags/events_pipeline_dag.py
[2025-10-16T02:15:37.135+0000] {processor.py:830} INFO - Processing file /opt/airflow/dags/events_pipeline_dag.py for tasks to queue
[2025-10-16T02:15:37.136+0000] {logging_mixin.py:188} INFO - [2025-10-16T02:15:37.136+0000] {dagbag.py:538} INFO - Filling up the DagBag from /opt/airflow/dags/events_pipeline_dag.py
[2025-10-16T02:15:37.279+0000] {processor.py:840} INFO - DAG(s) 'events_analytics_pipeline' retrieved from /opt/airflow/dags/events_pipeline_dag.py
[2025-10-16T02:15:37.288+0000] {logging_mixin.py:188} INFO - [2025-10-16T02:15:37.288+0000] {dag.py:3036} INFO - Sync 1 DAGs
[2025-10-16T02:15:37.295+0000] {logging_mixin.py:188} INFO - [2025-10-16T02:15:37.295+0000] {dag.py:3823} INFO - Setting next_dagrun for events_analytics_pipeline to 2025-10-16 01:00:00+00:00, run_after=2025-10-16 02:00:00+00:00
[2025-10-16T02:15:37.301+0000] {processor.py:183} INFO - Processing /opt/airflow/dags/events_pipeline_dag.py took 0.170 seconds
[2025-10-16T02:16:07.453+0000] {processor.py:161} INFO - Started process (PID=1309) to work on /opt/airflow/dags/events_pipeline_dag.py
[2025-10-16T02:16:07.454+0000] {processor.py:830} INFO - Processing file /opt/airflow/dags/events_pipeline_dag.py for tasks to queue
[2025-10-16T02:16:07.455+0000] {logging_mixin.py:188} INFO - [2025-10-16T02:16:07.455+0000] {dagbag.py:538} INFO - Filling up the DagBag from /opt/airflow/dags/events_pipeline_dag.py
[2025-10-16T02:16:07.611+0000] {processor.py:840} INFO - DAG(s) 'events_analytics_pipeline' retrieved from /opt/airflow/dags/events_pipeline_dag.py
[2025-10-16T02:16:07.621+0000] {logging_mixin.py:188} INFO - [2025-10-16T02:16:07.621+0000] {dag.py:3036} INFO - Sync 1 DAGs
[2025-10-16T02:16:07.629+0000] {logging_mixin.py:188} INFO - [2025-10-16T02:16:07.628+0000] {dag.py:3823} INFO - Setting next_dagrun for events_analytics_pipeline to 2025-10-16 01:00:00+00:00, run_after=2025-10-16 02:00:00+00:00
[2025-10-16T02:16:07.635+0000] {processor.py:183} INFO - Processing /opt/airflow/dags/events_pipeline_dag.py took 0.185 seconds
[2025-10-16T02:16:37.819+0000] {processor.py:161} INFO - Started process (PID=1321) to work on /opt/airflow/dags/events_pipeline_dag.py
[2025-10-16T02:16:37.820+0000] {processor.py:830} INFO - Processing file /opt/airflow/dags/events_pipeline_dag.py for tasks to queue
[2025-10-16T02:16:37.821+0000] {logging_mixin.py:188} INFO - [2025-10-16T02:16:37.821+0000] {dagbag.py:538} INFO - Filling up the DagBag from /opt/airflow/dags/events_pipeline_dag.py
[2025-10-16T02:16:37.972+0000] {processor.py:840} INFO - DAG(s) 'events_analytics_pipeline' retrieved from /opt/airflow/dags/events_pipeline_dag.py
[2025-10-16T02:16:37.982+0000] {logging_mixin.py:188} INFO - [2025-10-16T02:16:37.981+0000] {dag.py:3036} INFO - Sync 1 DAGs
[2025-10-16T02:16:37.990+0000] {logging_mixin.py:188} INFO - [2025-10-16T02:16:37.990+0000] {dag.py:3823} INFO - Setting next_dagrun for events_analytics_pipeline to 2025-10-16 01:00:00+00:00, run_after=2025-10-16 02:00:00+00:00
[2025-10-16T02:16:37.995+0000] {processor.py:183} INFO - Processing /opt/airflow/dags/events_pipeline_dag.py took 0.179 seconds
[2025-10-16T02:17:08.168+0000] {processor.py:161} INFO - Started process (PID=1333) to work on /opt/airflow/dags/events_pipeline_dag.py
[2025-10-16T02:17:08.170+0000] {processor.py:830} INFO - Processing file /opt/airflow/dags/events_pipeline_dag.py for tasks to queue
[2025-10-16T02:17:08.171+0000] {logging_mixin.py:188} INFO - [2025-10-16T02:17:08.170+0000] {dagbag.py:538} INFO - Filling up the DagBag from /opt/airflow/dags/events_pipeline_dag.py
[2025-10-16T02:17:08.362+0000] {processor.py:840} INFO - DAG(s) 'events_analytics_pipeline' retrieved from /opt/airflow/dags/events_pipeline_dag.py
[2025-10-16T02:17:08.380+0000] {logging_mixin.py:188} INFO - [2025-10-16T02:17:08.380+0000] {dag.py:3036} INFO - Sync 1 DAGs
[2025-10-16T02:17:08.396+0000] {logging_mixin.py:188} INFO - [2025-10-16T02:17:08.396+0000] {dag.py:3823} INFO - Setting next_dagrun for events_analytics_pipeline to 2025-10-16 01:00:00+00:00, run_after=2025-10-16 02:00:00+00:00
[2025-10-16T02:17:08.404+0000] {processor.py:183} INFO - Processing /opt/airflow/dags/events_pipeline_dag.py took 0.241 seconds
[2025-10-16T02:17:38.581+0000] {processor.py:161} INFO - Started process (PID=1345) to work on /opt/airflow/dags/events_pipeline_dag.py
[2025-10-16T02:17:38.583+0000] {processor.py:830} INFO - Processing file /opt/airflow/dags/events_pipeline_dag.py for tasks to queue
[2025-10-16T02:17:38.584+0000] {logging_mixin.py:188} INFO - [2025-10-16T02:17:38.583+0000] {dagbag.py:538} INFO - Filling up the DagBag from /opt/airflow/dags/events_pipeline_dag.py
[2025-10-16T02:17:38.741+0000] {processor.py:840} INFO - DAG(s) 'events_analytics_pipeline' retrieved from /opt/airflow/dags/events_pipeline_dag.py
[2025-10-16T02:17:38.752+0000] {logging_mixin.py:188} INFO - [2025-10-16T02:17:38.751+0000] {dag.py:3036} INFO - Sync 1 DAGs
[2025-10-16T02:17:38.759+0000] {logging_mixin.py:188} INFO - [2025-10-16T02:17:38.759+0000] {dag.py:3823} INFO - Setting next_dagrun for events_analytics_pipeline to 2025-10-16 01:00:00+00:00, run_after=2025-10-16 02:00:00+00:00
[2025-10-16T02:17:38.765+0000] {processor.py:183} INFO - Processing /opt/airflow/dags/events_pipeline_dag.py took 0.188 seconds
[2025-10-16T02:18:08.925+0000] {processor.py:161} INFO - Started process (PID=1357) to work on /opt/airflow/dags/events_pipeline_dag.py
[2025-10-16T02:18:08.926+0000] {processor.py:830} INFO - Processing file /opt/airflow/dags/events_pipeline_dag.py for tasks to queue
[2025-10-16T02:18:08.927+0000] {logging_mixin.py:188} INFO - [2025-10-16T02:18:08.927+0000] {dagbag.py:538} INFO - Filling up the DagBag from /opt/airflow/dags/events_pipeline_dag.py
[2025-10-16T02:18:09.138+0000] {processor.py:840} INFO - DAG(s) 'events_analytics_pipeline' retrieved from /opt/airflow/dags/events_pipeline_dag.py
[2025-10-16T02:18:09.163+0000] {logging_mixin.py:188} INFO - [2025-10-16T02:18:09.163+0000] {dag.py:3036} INFO - Sync 1 DAGs
[2025-10-16T02:18:09.174+0000] {logging_mixin.py:188} INFO - [2025-10-16T02:18:09.173+0000] {dag.py:3823} INFO - Setting next_dagrun for events_analytics_pipeline to 2025-10-16 01:00:00+00:00, run_after=2025-10-16 02:00:00+00:00
[2025-10-16T02:18:09.182+0000] {processor.py:183} INFO - Processing /opt/airflow/dags/events_pipeline_dag.py took 0.259 seconds
[2025-10-16T02:18:39.338+0000] {processor.py:161} INFO - Started process (PID=1369) to work on /opt/airflow/dags/events_pipeline_dag.py
[2025-10-16T02:18:39.338+0000] {processor.py:830} INFO - Processing file /opt/airflow/dags/events_pipeline_dag.py for tasks to queue
[2025-10-16T02:18:39.339+0000] {logging_mixin.py:188} INFO - [2025-10-16T02:18:39.339+0000] {dagbag.py:538} INFO - Filling up the DagBag from /opt/airflow/dags/events_pipeline_dag.py
[2025-10-16T02:18:39.534+0000] {processor.py:840} INFO - DAG(s) 'events_analytics_pipeline' retrieved from /opt/airflow/dags/events_pipeline_dag.py
[2025-10-16T02:18:39.549+0000] {logging_mixin.py:188} INFO - [2025-10-16T02:18:39.549+0000] {dag.py:3036} INFO - Sync 1 DAGs
[2025-10-16T02:18:39.561+0000] {logging_mixin.py:188} INFO - [2025-10-16T02:18:39.561+0000] {dag.py:3823} INFO - Setting next_dagrun for events_analytics_pipeline to 2025-10-16 01:00:00+00:00, run_after=2025-10-16 02:00:00+00:00
[2025-10-16T02:18:39.569+0000] {processor.py:183} INFO - Processing /opt/airflow/dags/events_pipeline_dag.py took 0.234 seconds
[2025-10-16T02:19:09.756+0000] {processor.py:161} INFO - Started process (PID=1381) to work on /opt/airflow/dags/events_pipeline_dag.py
[2025-10-16T02:19:09.757+0000] {processor.py:830} INFO - Processing file /opt/airflow/dags/events_pipeline_dag.py for tasks to queue
[2025-10-16T02:19:09.758+0000] {logging_mixin.py:188} INFO - [2025-10-16T02:19:09.758+0000] {dagbag.py:538} INFO - Filling up the DagBag from /opt/airflow/dags/events_pipeline_dag.py
[2025-10-16T02:19:09.965+0000] {processor.py:840} INFO - DAG(s) 'events_analytics_pipeline' retrieved from /opt/airflow/dags/events_pipeline_dag.py
[2025-10-16T02:19:09.984+0000] {logging_mixin.py:188} INFO - [2025-10-16T02:19:09.983+0000] {dag.py:3036} INFO - Sync 1 DAGs
[2025-10-16T02:19:09.995+0000] {logging_mixin.py:188} INFO - [2025-10-16T02:19:09.995+0000] {dag.py:3823} INFO - Setting next_dagrun for events_analytics_pipeline to 2025-10-16 01:00:00+00:00, run_after=2025-10-16 02:00:00+00:00
[2025-10-16T02:19:10.003+0000] {processor.py:183} INFO - Processing /opt/airflow/dags/events_pipeline_dag.py took 0.250 seconds
[2025-10-16T02:19:40.171+0000] {processor.py:161} INFO - Started process (PID=1393) to work on /opt/airflow/dags/events_pipeline_dag.py
[2025-10-16T02:19:40.173+0000] {processor.py:830} INFO - Processing file /opt/airflow/dags/events_pipeline_dag.py for tasks to queue
[2025-10-16T02:19:40.173+0000] {logging_mixin.py:188} INFO - [2025-10-16T02:19:40.173+0000] {dagbag.py:538} INFO - Filling up the DagBag from /opt/airflow/dags/events_pipeline_dag.py
[2025-10-16T02:19:40.367+0000] {processor.py:840} INFO - DAG(s) 'events_analytics_pipeline' retrieved from /opt/airflow/dags/events_pipeline_dag.py
[2025-10-16T02:19:40.380+0000] {logging_mixin.py:188} INFO - [2025-10-16T02:19:40.380+0000] {dag.py:3036} INFO - Sync 1 DAGs
[2025-10-16T02:19:40.390+0000] {logging_mixin.py:188} INFO - [2025-10-16T02:19:40.390+0000] {dag.py:3823} INFO - Setting next_dagrun for events_analytics_pipeline to 2025-10-16 01:00:00+00:00, run_after=2025-10-16 02:00:00+00:00
[2025-10-16T02:19:40.397+0000] {processor.py:183} INFO - Processing /opt/airflow/dags/events_pipeline_dag.py took 0.228 seconds
[2025-10-16T02:20:10.545+0000] {processor.py:161} INFO - Started process (PID=1405) to work on /opt/airflow/dags/events_pipeline_dag.py
[2025-10-16T02:20:10.547+0000] {processor.py:830} INFO - Processing file /opt/airflow/dags/events_pipeline_dag.py for tasks to queue
[2025-10-16T02:20:10.548+0000] {logging_mixin.py:188} INFO - [2025-10-16T02:20:10.548+0000] {dagbag.py:538} INFO - Filling up the DagBag from /opt/airflow/dags/events_pipeline_dag.py
[2025-10-16T02:20:10.732+0000] {processor.py:840} INFO - DAG(s) 'events_analytics_pipeline' retrieved from /opt/airflow/dags/events_pipeline_dag.py
[2025-10-16T02:20:10.748+0000] {logging_mixin.py:188} INFO - [2025-10-16T02:20:10.748+0000] {dag.py:3036} INFO - Sync 1 DAGs
[2025-10-16T02:20:10.761+0000] {logging_mixin.py:188} INFO - [2025-10-16T02:20:10.760+0000] {dag.py:3823} INFO - Setting next_dagrun for events_analytics_pipeline to 2025-10-16 01:00:00+00:00, run_after=2025-10-16 02:00:00+00:00
[2025-10-16T02:20:10.769+0000] {processor.py:183} INFO - Processing /opt/airflow/dags/events_pipeline_dag.py took 0.229 seconds
[2025-10-16T02:20:40.939+0000] {processor.py:161} INFO - Started process (PID=1417) to work on /opt/airflow/dags/events_pipeline_dag.py
[2025-10-16T02:20:40.940+0000] {processor.py:830} INFO - Processing file /opt/airflow/dags/events_pipeline_dag.py for tasks to queue
[2025-10-16T02:20:40.941+0000] {logging_mixin.py:188} INFO - [2025-10-16T02:20:40.941+0000] {dagbag.py:538} INFO - Filling up the DagBag from /opt/airflow/dags/events_pipeline_dag.py
[2025-10-16T02:20:41.149+0000] {processor.py:840} INFO - DAG(s) 'events_analytics_pipeline' retrieved from /opt/airflow/dags/events_pipeline_dag.py
[2025-10-16T02:20:41.172+0000] {logging_mixin.py:188} INFO - [2025-10-16T02:20:41.172+0000] {dag.py:3036} INFO - Sync 1 DAGs
[2025-10-16T02:20:41.188+0000] {logging_mixin.py:188} INFO - [2025-10-16T02:20:41.188+0000] {dag.py:3823} INFO - Setting next_dagrun for events_analytics_pipeline to 2025-10-16 01:00:00+00:00, run_after=2025-10-16 02:00:00+00:00
[2025-10-16T02:20:41.195+0000] {processor.py:183} INFO - Processing /opt/airflow/dags/events_pipeline_dag.py took 0.262 seconds
[2025-10-16T02:21:11.381+0000] {processor.py:161} INFO - Started process (PID=1429) to work on /opt/airflow/dags/events_pipeline_dag.py
[2025-10-16T02:21:11.382+0000] {processor.py:830} INFO - Processing file /opt/airflow/dags/events_pipeline_dag.py for tasks to queue
[2025-10-16T02:21:11.383+0000] {logging_mixin.py:188} INFO - [2025-10-16T02:21:11.382+0000] {dagbag.py:538} INFO - Filling up the DagBag from /opt/airflow/dags/events_pipeline_dag.py
[2025-10-16T02:21:11.541+0000] {processor.py:840} INFO - DAG(s) 'events_analytics_pipeline' retrieved from /opt/airflow/dags/events_pipeline_dag.py
[2025-10-16T02:21:11.552+0000] {logging_mixin.py:188} INFO - [2025-10-16T02:21:11.552+0000] {dag.py:3036} INFO - Sync 1 DAGs
[2025-10-16T02:21:11.562+0000] {logging_mixin.py:188} INFO - [2025-10-16T02:21:11.562+0000] {dag.py:3823} INFO - Setting next_dagrun for events_analytics_pipeline to 2025-10-16 01:00:00+00:00, run_after=2025-10-16 02:00:00+00:00
[2025-10-16T02:21:11.568+0000] {processor.py:183} INFO - Processing /opt/airflow/dags/events_pipeline_dag.py took 0.190 seconds
[2025-10-16T02:21:41.589+0000] {processor.py:161} INFO - Started process (PID=1441) to work on /opt/airflow/dags/events_pipeline_dag.py
[2025-10-16T02:21:41.590+0000] {processor.py:830} INFO - Processing file /opt/airflow/dags/events_pipeline_dag.py for tasks to queue
[2025-10-16T02:21:41.590+0000] {logging_mixin.py:188} INFO - [2025-10-16T02:21:41.590+0000] {dagbag.py:538} INFO - Filling up the DagBag from /opt/airflow/dags/events_pipeline_dag.py
[2025-10-16T02:21:41.745+0000] {processor.py:840} INFO - DAG(s) 'events_analytics_pipeline' retrieved from /opt/airflow/dags/events_pipeline_dag.py
[2025-10-16T02:21:41.758+0000] {logging_mixin.py:188} INFO - [2025-10-16T02:21:41.758+0000] {dag.py:3036} INFO - Sync 1 DAGs
[2025-10-16T02:21:41.766+0000] {logging_mixin.py:188} INFO - [2025-10-16T02:21:41.766+0000] {dag.py:3823} INFO - Setting next_dagrun for events_analytics_pipeline to 2025-10-16 01:00:00+00:00, run_after=2025-10-16 02:00:00+00:00
[2025-10-16T02:21:41.772+0000] {processor.py:183} INFO - Processing /opt/airflow/dags/events_pipeline_dag.py took 0.186 seconds
[2025-10-16T02:22:11.906+0000] {processor.py:161} INFO - Started process (PID=1453) to work on /opt/airflow/dags/events_pipeline_dag.py
[2025-10-16T02:22:11.907+0000] {processor.py:830} INFO - Processing file /opt/airflow/dags/events_pipeline_dag.py for tasks to queue
[2025-10-16T02:22:11.908+0000] {logging_mixin.py:188} INFO - [2025-10-16T02:22:11.908+0000] {dagbag.py:538} INFO - Filling up the DagBag from /opt/airflow/dags/events_pipeline_dag.py
[2025-10-16T02:22:12.136+0000] {processor.py:840} INFO - DAG(s) 'events_analytics_pipeline' retrieved from /opt/airflow/dags/events_pipeline_dag.py
[2025-10-16T02:22:12.157+0000] {logging_mixin.py:188} INFO - [2025-10-16T02:22:12.157+0000] {dag.py:3036} INFO - Sync 1 DAGs
[2025-10-16T02:22:12.169+0000] {logging_mixin.py:188} INFO - [2025-10-16T02:22:12.168+0000] {dag.py:3823} INFO - Setting next_dagrun for events_analytics_pipeline to 2025-10-16 01:00:00+00:00, run_after=2025-10-16 02:00:00+00:00
[2025-10-16T02:22:12.176+0000] {processor.py:183} INFO - Processing /opt/airflow/dags/events_pipeline_dag.py took 0.274 seconds
[2025-10-16T02:22:42.367+0000] {processor.py:161} INFO - Started process (PID=1465) to work on /opt/airflow/dags/events_pipeline_dag.py
[2025-10-16T02:22:42.368+0000] {processor.py:830} INFO - Processing file /opt/airflow/dags/events_pipeline_dag.py for tasks to queue
[2025-10-16T02:22:42.369+0000] {logging_mixin.py:188} INFO - [2025-10-16T02:22:42.369+0000] {dagbag.py:538} INFO - Filling up the DagBag from /opt/airflow/dags/events_pipeline_dag.py
[2025-10-16T02:22:42.555+0000] {processor.py:840} INFO - DAG(s) 'events_analytics_pipeline' retrieved from /opt/airflow/dags/events_pipeline_dag.py
[2025-10-16T02:22:42.566+0000] {logging_mixin.py:188} INFO - [2025-10-16T02:22:42.566+0000] {dag.py:3036} INFO - Sync 1 DAGs
[2025-10-16T02:22:42.577+0000] {logging_mixin.py:188} INFO - [2025-10-16T02:22:42.576+0000] {dag.py:3823} INFO - Setting next_dagrun for events_analytics_pipeline to 2025-10-16 01:00:00+00:00, run_after=2025-10-16 02:00:00+00:00
[2025-10-16T02:22:42.583+0000] {processor.py:183} INFO - Processing /opt/airflow/dags/events_pipeline_dag.py took 0.220 seconds
[2025-10-16T02:23:12.727+0000] {processor.py:161} INFO - Started process (PID=1477) to work on /opt/airflow/dags/events_pipeline_dag.py
[2025-10-16T02:23:12.728+0000] {processor.py:830} INFO - Processing file /opt/airflow/dags/events_pipeline_dag.py for tasks to queue
[2025-10-16T02:23:12.729+0000] {logging_mixin.py:188} INFO - [2025-10-16T02:23:12.729+0000] {dagbag.py:538} INFO - Filling up the DagBag from /opt/airflow/dags/events_pipeline_dag.py
[2025-10-16T02:23:12.937+0000] {processor.py:840} INFO - DAG(s) 'events_analytics_pipeline' retrieved from /opt/airflow/dags/events_pipeline_dag.py
[2025-10-16T02:23:12.955+0000] {logging_mixin.py:188} INFO - [2025-10-16T02:23:12.955+0000] {dag.py:3036} INFO - Sync 1 DAGs
[2025-10-16T02:23:12.968+0000] {logging_mixin.py:188} INFO - [2025-10-16T02:23:12.968+0000] {dag.py:3823} INFO - Setting next_dagrun for events_analytics_pipeline to 2025-10-16 01:00:00+00:00, run_after=2025-10-16 02:00:00+00:00
[2025-10-16T02:23:12.976+0000] {processor.py:183} INFO - Processing /opt/airflow/dags/events_pipeline_dag.py took 0.252 seconds
[2025-10-16T02:23:43.129+0000] {processor.py:161} INFO - Started process (PID=1489) to work on /opt/airflow/dags/events_pipeline_dag.py
[2025-10-16T02:23:43.131+0000] {processor.py:830} INFO - Processing file /opt/airflow/dags/events_pipeline_dag.py for tasks to queue
[2025-10-16T02:23:43.131+0000] {logging_mixin.py:188} INFO - [2025-10-16T02:23:43.131+0000] {dagbag.py:538} INFO - Filling up the DagBag from /opt/airflow/dags/events_pipeline_dag.py
[2025-10-16T02:23:43.382+0000] {processor.py:840} INFO - DAG(s) 'events_analytics_pipeline' retrieved from /opt/airflow/dags/events_pipeline_dag.py
[2025-10-16T02:23:43.398+0000] {logging_mixin.py:188} INFO - [2025-10-16T02:23:43.398+0000] {dag.py:3036} INFO - Sync 1 DAGs
[2025-10-16T02:23:43.410+0000] {logging_mixin.py:188} INFO - [2025-10-16T02:23:43.410+0000] {dag.py:3823} INFO - Setting next_dagrun for events_analytics_pipeline to 2025-10-16 01:00:00+00:00, run_after=2025-10-16 02:00:00+00:00
[2025-10-16T02:23:43.417+0000] {processor.py:183} INFO - Processing /opt/airflow/dags/events_pipeline_dag.py took 0.292 seconds
[2025-10-16T02:24:13.649+0000] {processor.py:161} INFO - Started process (PID=1501) to work on /opt/airflow/dags/events_pipeline_dag.py
[2025-10-16T02:24:13.651+0000] {processor.py:830} INFO - Processing file /opt/airflow/dags/events_pipeline_dag.py for tasks to queue
[2025-10-16T02:24:13.654+0000] {logging_mixin.py:188} INFO - [2025-10-16T02:24:13.653+0000] {dagbag.py:538} INFO - Filling up the DagBag from /opt/airflow/dags/events_pipeline_dag.py
[2025-10-16T02:24:13.848+0000] {processor.py:840} INFO - DAG(s) 'events_analytics_pipeline' retrieved from /opt/airflow/dags/events_pipeline_dag.py
[2025-10-16T02:24:13.863+0000] {logging_mixin.py:188} INFO - [2025-10-16T02:24:13.863+0000] {dag.py:3036} INFO - Sync 1 DAGs
[2025-10-16T02:24:13.875+0000] {logging_mixin.py:188} INFO - [2025-10-16T02:24:13.875+0000] {dag.py:3823} INFO - Setting next_dagrun for events_analytics_pipeline to 2025-10-16 01:00:00+00:00, run_after=2025-10-16 02:00:00+00:00
[2025-10-16T02:24:13.882+0000] {processor.py:183} INFO - Processing /opt/airflow/dags/events_pipeline_dag.py took 0.240 seconds
[2025-10-16T02:24:44.029+0000] {processor.py:161} INFO - Started process (PID=1513) to work on /opt/airflow/dags/events_pipeline_dag.py
[2025-10-16T02:24:44.030+0000] {processor.py:830} INFO - Processing file /opt/airflow/dags/events_pipeline_dag.py for tasks to queue
[2025-10-16T02:24:44.030+0000] {logging_mixin.py:188} INFO - [2025-10-16T02:24:44.030+0000] {dagbag.py:538} INFO - Filling up the DagBag from /opt/airflow/dags/events_pipeline_dag.py
[2025-10-16T02:24:44.179+0000] {processor.py:840} INFO - DAG(s) 'events_analytics_pipeline' retrieved from /opt/airflow/dags/events_pipeline_dag.py
[2025-10-16T02:24:44.189+0000] {logging_mixin.py:188} INFO - [2025-10-16T02:24:44.189+0000] {dag.py:3036} INFO - Sync 1 DAGs
[2025-10-16T02:24:44.197+0000] {logging_mixin.py:188} INFO - [2025-10-16T02:24:44.197+0000] {dag.py:3823} INFO - Setting next_dagrun for events_analytics_pipeline to 2025-10-16 01:00:00+00:00, run_after=2025-10-16 02:00:00+00:00
[2025-10-16T02:24:44.203+0000] {processor.py:183} INFO - Processing /opt/airflow/dags/events_pipeline_dag.py took 0.176 seconds
[2025-10-16T02:25:14.327+0000] {processor.py:161} INFO - Started process (PID=1525) to work on /opt/airflow/dags/events_pipeline_dag.py
[2025-10-16T02:25:14.328+0000] {processor.py:830} INFO - Processing file /opt/airflow/dags/events_pipeline_dag.py for tasks to queue
[2025-10-16T02:25:14.329+0000] {logging_mixin.py:188} INFO - [2025-10-16T02:25:14.328+0000] {dagbag.py:538} INFO - Filling up the DagBag from /opt/airflow/dags/events_pipeline_dag.py
[2025-10-16T02:25:14.512+0000] {processor.py:840} INFO - DAG(s) 'events_analytics_pipeline' retrieved from /opt/airflow/dags/events_pipeline_dag.py
[2025-10-16T02:25:14.526+0000] {logging_mixin.py:188} INFO - [2025-10-16T02:25:14.526+0000] {dag.py:3036} INFO - Sync 1 DAGs
[2025-10-16T02:25:14.538+0000] {logging_mixin.py:188} INFO - [2025-10-16T02:25:14.537+0000] {dag.py:3823} INFO - Setting next_dagrun for events_analytics_pipeline to 2025-10-16 01:00:00+00:00, run_after=2025-10-16 02:00:00+00:00
[2025-10-16T02:25:14.545+0000] {processor.py:183} INFO - Processing /opt/airflow/dags/events_pipeline_dag.py took 0.221 seconds
[2025-10-16T02:25:44.712+0000] {processor.py:161} INFO - Started process (PID=1537) to work on /opt/airflow/dags/events_pipeline_dag.py
[2025-10-16T02:25:44.713+0000] {processor.py:830} INFO - Processing file /opt/airflow/dags/events_pipeline_dag.py for tasks to queue
[2025-10-16T02:25:44.714+0000] {logging_mixin.py:188} INFO - [2025-10-16T02:25:44.714+0000] {dagbag.py:538} INFO - Filling up the DagBag from /opt/airflow/dags/events_pipeline_dag.py
[2025-10-16T02:25:44.871+0000] {processor.py:840} INFO - DAG(s) 'events_analytics_pipeline' retrieved from /opt/airflow/dags/events_pipeline_dag.py
[2025-10-16T02:25:44.880+0000] {logging_mixin.py:188} INFO - [2025-10-16T02:25:44.880+0000] {dag.py:3036} INFO - Sync 1 DAGs
[2025-10-16T02:25:44.888+0000] {logging_mixin.py:188} INFO - [2025-10-16T02:25:44.888+0000] {dag.py:3823} INFO - Setting next_dagrun for events_analytics_pipeline to 2025-10-16 01:00:00+00:00, run_after=2025-10-16 02:00:00+00:00
[2025-10-16T02:25:44.895+0000] {processor.py:183} INFO - Processing /opt/airflow/dags/events_pipeline_dag.py took 0.186 seconds
[2025-10-16T02:26:15.053+0000] {processor.py:161} INFO - Started process (PID=1549) to work on /opt/airflow/dags/events_pipeline_dag.py
[2025-10-16T02:26:15.055+0000] {processor.py:830} INFO - Processing file /opt/airflow/dags/events_pipeline_dag.py for tasks to queue
[2025-10-16T02:26:15.056+0000] {logging_mixin.py:188} INFO - [2025-10-16T02:26:15.055+0000] {dagbag.py:538} INFO - Filling up the DagBag from /opt/airflow/dags/events_pipeline_dag.py
[2025-10-16T02:26:15.222+0000] {processor.py:840} INFO - DAG(s) 'events_analytics_pipeline' retrieved from /opt/airflow/dags/events_pipeline_dag.py
[2025-10-16T02:26:15.231+0000] {logging_mixin.py:188} INFO - [2025-10-16T02:26:15.231+0000] {dag.py:3036} INFO - Sync 1 DAGs
[2025-10-16T02:26:15.239+0000] {logging_mixin.py:188} INFO - [2025-10-16T02:26:15.238+0000] {dag.py:3823} INFO - Setting next_dagrun for events_analytics_pipeline to 2025-10-16 01:00:00+00:00, run_after=2025-10-16 02:00:00+00:00
[2025-10-16T02:26:15.246+0000] {processor.py:183} INFO - Processing /opt/airflow/dags/events_pipeline_dag.py took 0.196 seconds
[2025-10-16T02:26:45.398+0000] {processor.py:161} INFO - Started process (PID=1561) to work on /opt/airflow/dags/events_pipeline_dag.py
[2025-10-16T02:26:45.399+0000] {processor.py:830} INFO - Processing file /opt/airflow/dags/events_pipeline_dag.py for tasks to queue
[2025-10-16T02:26:45.399+0000] {logging_mixin.py:188} INFO - [2025-10-16T02:26:45.399+0000] {dagbag.py:538} INFO - Filling up the DagBag from /opt/airflow/dags/events_pipeline_dag.py
[2025-10-16T02:26:45.576+0000] {processor.py:840} INFO - DAG(s) 'events_analytics_pipeline' retrieved from /opt/airflow/dags/events_pipeline_dag.py
[2025-10-16T02:26:45.593+0000] {logging_mixin.py:188} INFO - [2025-10-16T02:26:45.593+0000] {dag.py:3036} INFO - Sync 1 DAGs
[2025-10-16T02:26:45.607+0000] {logging_mixin.py:188} INFO - [2025-10-16T02:26:45.607+0000] {dag.py:3823} INFO - Setting next_dagrun for events_analytics_pipeline to 2025-10-16 01:00:00+00:00, run_after=2025-10-16 02:00:00+00:00
[2025-10-16T02:26:45.620+0000] {processor.py:183} INFO - Processing /opt/airflow/dags/events_pipeline_dag.py took 0.224 seconds
[2025-10-16T02:27:15.770+0000] {processor.py:161} INFO - Started process (PID=1573) to work on /opt/airflow/dags/events_pipeline_dag.py
[2025-10-16T02:27:15.771+0000] {processor.py:830} INFO - Processing file /opt/airflow/dags/events_pipeline_dag.py for tasks to queue
[2025-10-16T02:27:15.771+0000] {logging_mixin.py:188} INFO - [2025-10-16T02:27:15.771+0000] {dagbag.py:538} INFO - Filling up the DagBag from /opt/airflow/dags/events_pipeline_dag.py
[2025-10-16T02:27:15.936+0000] {processor.py:840} INFO - DAG(s) 'events_analytics_pipeline' retrieved from /opt/airflow/dags/events_pipeline_dag.py
[2025-10-16T02:27:15.948+0000] {logging_mixin.py:188} INFO - [2025-10-16T02:27:15.947+0000] {dag.py:3036} INFO - Sync 1 DAGs
[2025-10-16T02:27:15.956+0000] {logging_mixin.py:188} INFO - [2025-10-16T02:27:15.956+0000] {dag.py:3823} INFO - Setting next_dagrun for events_analytics_pipeline to 2025-10-16 01:00:00+00:00, run_after=2025-10-16 02:00:00+00:00
[2025-10-16T02:27:15.963+0000] {processor.py:183} INFO - Processing /opt/airflow/dags/events_pipeline_dag.py took 0.198 seconds
[2025-10-16T02:27:46.136+0000] {processor.py:161} INFO - Started process (PID=1585) to work on /opt/airflow/dags/events_pipeline_dag.py
[2025-10-16T02:27:46.137+0000] {processor.py:830} INFO - Processing file /opt/airflow/dags/events_pipeline_dag.py for tasks to queue
[2025-10-16T02:27:46.137+0000] {logging_mixin.py:188} INFO - [2025-10-16T02:27:46.137+0000] {dagbag.py:538} INFO - Filling up the DagBag from /opt/airflow/dags/events_pipeline_dag.py
[2025-10-16T02:27:46.283+0000] {processor.py:840} INFO - DAG(s) 'events_analytics_pipeline' retrieved from /opt/airflow/dags/events_pipeline_dag.py
[2025-10-16T02:27:46.293+0000] {logging_mixin.py:188} INFO - [2025-10-16T02:27:46.293+0000] {dag.py:3036} INFO - Sync 1 DAGs
[2025-10-16T02:27:46.300+0000] {logging_mixin.py:188} INFO - [2025-10-16T02:27:46.300+0000] {dag.py:3823} INFO - Setting next_dagrun for events_analytics_pipeline to 2025-10-16 01:00:00+00:00, run_after=2025-10-16 02:00:00+00:00
[2025-10-16T02:27:46.306+0000] {processor.py:183} INFO - Processing /opt/airflow/dags/events_pipeline_dag.py took 0.174 seconds
[2025-10-16T02:28:16.471+0000] {processor.py:161} INFO - Started process (PID=1597) to work on /opt/airflow/dags/events_pipeline_dag.py
[2025-10-16T02:28:16.472+0000] {processor.py:830} INFO - Processing file /opt/airflow/dags/events_pipeline_dag.py for tasks to queue
[2025-10-16T02:28:16.473+0000] {logging_mixin.py:188} INFO - [2025-10-16T02:28:16.472+0000] {dagbag.py:538} INFO - Filling up the DagBag from /opt/airflow/dags/events_pipeline_dag.py
[2025-10-16T02:28:16.662+0000] {processor.py:840} INFO - DAG(s) 'events_analytics_pipeline' retrieved from /opt/airflow/dags/events_pipeline_dag.py
[2025-10-16T02:28:16.677+0000] {logging_mixin.py:188} INFO - [2025-10-16T02:28:16.676+0000] {dag.py:3036} INFO - Sync 1 DAGs
[2025-10-16T02:28:16.687+0000] {logging_mixin.py:188} INFO - [2025-10-16T02:28:16.687+0000] {dag.py:3823} INFO - Setting next_dagrun for events_analytics_pipeline to 2025-10-16 01:00:00+00:00, run_after=2025-10-16 02:00:00+00:00
[2025-10-16T02:28:16.695+0000] {processor.py:183} INFO - Processing /opt/airflow/dags/events_pipeline_dag.py took 0.226 seconds
[2025-10-16T02:28:46.861+0000] {processor.py:161} INFO - Started process (PID=1609) to work on /opt/airflow/dags/events_pipeline_dag.py
[2025-10-16T02:28:46.861+0000] {processor.py:830} INFO - Processing file /opt/airflow/dags/events_pipeline_dag.py for tasks to queue
[2025-10-16T02:28:46.862+0000] {logging_mixin.py:188} INFO - [2025-10-16T02:28:46.862+0000] {dagbag.py:538} INFO - Filling up the DagBag from /opt/airflow/dags/events_pipeline_dag.py
[2025-10-16T02:28:47.018+0000] {processor.py:840} INFO - DAG(s) 'events_analytics_pipeline' retrieved from /opt/airflow/dags/events_pipeline_dag.py
[2025-10-16T02:28:47.030+0000] {logging_mixin.py:188} INFO - [2025-10-16T02:28:47.030+0000] {dag.py:3036} INFO - Sync 1 DAGs
[2025-10-16T02:28:47.038+0000] {logging_mixin.py:188} INFO - [2025-10-16T02:28:47.038+0000] {dag.py:3823} INFO - Setting next_dagrun for events_analytics_pipeline to 2025-10-16 01:00:00+00:00, run_after=2025-10-16 02:00:00+00:00
[2025-10-16T02:28:47.044+0000] {processor.py:183} INFO - Processing /opt/airflow/dags/events_pipeline_dag.py took 0.185 seconds
[2025-10-16T02:29:17.209+0000] {processor.py:161} INFO - Started process (PID=1621) to work on /opt/airflow/dags/events_pipeline_dag.py
[2025-10-16T02:29:17.210+0000] {processor.py:830} INFO - Processing file /opt/airflow/dags/events_pipeline_dag.py for tasks to queue
[2025-10-16T02:29:17.211+0000] {logging_mixin.py:188} INFO - [2025-10-16T02:29:17.210+0000] {dagbag.py:538} INFO - Filling up the DagBag from /opt/airflow/dags/events_pipeline_dag.py
[2025-10-16T02:29:17.358+0000] {processor.py:840} INFO - DAG(s) 'events_analytics_pipeline' retrieved from /opt/airflow/dags/events_pipeline_dag.py
[2025-10-16T02:29:17.370+0000] {logging_mixin.py:188} INFO - [2025-10-16T02:29:17.370+0000] {dag.py:3036} INFO - Sync 1 DAGs
[2025-10-16T02:29:17.381+0000] {logging_mixin.py:188} INFO - [2025-10-16T02:29:17.381+0000] {dag.py:3823} INFO - Setting next_dagrun for events_analytics_pipeline to 2025-10-16 01:00:00+00:00, run_after=2025-10-16 02:00:00+00:00
[2025-10-16T02:29:17.387+0000] {processor.py:183} INFO - Processing /opt/airflow/dags/events_pipeline_dag.py took 0.181 seconds
[2025-10-16T02:29:47.545+0000] {processor.py:161} INFO - Started process (PID=1633) to work on /opt/airflow/dags/events_pipeline_dag.py
[2025-10-16T02:29:47.546+0000] {processor.py:830} INFO - Processing file /opt/airflow/dags/events_pipeline_dag.py for tasks to queue
[2025-10-16T02:29:47.547+0000] {logging_mixin.py:188} INFO - [2025-10-16T02:29:47.547+0000] {dagbag.py:538} INFO - Filling up the DagBag from /opt/airflow/dags/events_pipeline_dag.py
[2025-10-16T02:29:47.721+0000] {processor.py:840} INFO - DAG(s) 'events_analytics_pipeline' retrieved from /opt/airflow/dags/events_pipeline_dag.py
[2025-10-16T02:29:47.733+0000] {logging_mixin.py:188} INFO - [2025-10-16T02:29:47.733+0000] {dag.py:3036} INFO - Sync 1 DAGs
[2025-10-16T02:29:47.742+0000] {logging_mixin.py:188} INFO - [2025-10-16T02:29:47.742+0000] {dag.py:3823} INFO - Setting next_dagrun for events_analytics_pipeline to 2025-10-16 01:00:00+00:00, run_after=2025-10-16 02:00:00+00:00
[2025-10-16T02:29:47.749+0000] {processor.py:183} INFO - Processing /opt/airflow/dags/events_pipeline_dag.py took 0.207 seconds
[2025-10-16T02:30:17.919+0000] {processor.py:161} INFO - Started process (PID=1645) to work on /opt/airflow/dags/events_pipeline_dag.py
[2025-10-16T02:30:17.919+0000] {processor.py:830} INFO - Processing file /opt/airflow/dags/events_pipeline_dag.py for tasks to queue
[2025-10-16T02:30:17.920+0000] {logging_mixin.py:188} INFO - [2025-10-16T02:30:17.920+0000] {dagbag.py:538} INFO - Filling up the DagBag from /opt/airflow/dags/events_pipeline_dag.py
[2025-10-16T02:30:18.083+0000] {processor.py:840} INFO - DAG(s) 'events_analytics_pipeline' retrieved from /opt/airflow/dags/events_pipeline_dag.py
[2025-10-16T02:30:18.094+0000] {logging_mixin.py:188} INFO - [2025-10-16T02:30:18.093+0000] {dag.py:3036} INFO - Sync 1 DAGs
[2025-10-16T02:30:18.101+0000] {logging_mixin.py:188} INFO - [2025-10-16T02:30:18.101+0000] {dag.py:3823} INFO - Setting next_dagrun for events_analytics_pipeline to 2025-10-16 01:00:00+00:00, run_after=2025-10-16 02:00:00+00:00
[2025-10-16T02:30:18.108+0000] {processor.py:183} INFO - Processing /opt/airflow/dags/events_pipeline_dag.py took 0.193 seconds
[2025-10-16T02:30:48.292+0000] {processor.py:161} INFO - Started process (PID=1657) to work on /opt/airflow/dags/events_pipeline_dag.py
[2025-10-16T02:30:48.293+0000] {processor.py:830} INFO - Processing file /opt/airflow/dags/events_pipeline_dag.py for tasks to queue
[2025-10-16T02:30:48.294+0000] {logging_mixin.py:188} INFO - [2025-10-16T02:30:48.294+0000] {dagbag.py:538} INFO - Filling up the DagBag from /opt/airflow/dags/events_pipeline_dag.py
[2025-10-16T02:30:48.498+0000] {processor.py:840} INFO - DAG(s) 'events_analytics_pipeline' retrieved from /opt/airflow/dags/events_pipeline_dag.py
[2025-10-16T02:30:48.518+0000] {logging_mixin.py:188} INFO - [2025-10-16T02:30:48.518+0000] {dag.py:3036} INFO - Sync 1 DAGs
[2025-10-16T02:30:48.528+0000] {logging_mixin.py:188} INFO - [2025-10-16T02:30:48.528+0000] {dag.py:3823} INFO - Setting next_dagrun for events_analytics_pipeline to 2025-10-16 01:00:00+00:00, run_after=2025-10-16 02:00:00+00:00
[2025-10-16T02:30:48.536+0000] {processor.py:183} INFO - Processing /opt/airflow/dags/events_pipeline_dag.py took 0.248 seconds
[2025-10-16T02:31:18.666+0000] {processor.py:161} INFO - Started process (PID=1669) to work on /opt/airflow/dags/events_pipeline_dag.py
[2025-10-16T02:31:18.667+0000] {processor.py:830} INFO - Processing file /opt/airflow/dags/events_pipeline_dag.py for tasks to queue
[2025-10-16T02:31:18.667+0000] {logging_mixin.py:188} INFO - [2025-10-16T02:31:18.667+0000] {dagbag.py:538} INFO - Filling up the DagBag from /opt/airflow/dags/events_pipeline_dag.py
[2025-10-16T02:31:18.810+0000] {processor.py:840} INFO - DAG(s) 'events_analytics_pipeline' retrieved from /opt/airflow/dags/events_pipeline_dag.py
[2025-10-16T02:31:18.819+0000] {logging_mixin.py:188} INFO - [2025-10-16T02:31:18.819+0000] {dag.py:3036} INFO - Sync 1 DAGs
[2025-10-16T02:31:18.826+0000] {logging_mixin.py:188} INFO - [2025-10-16T02:31:18.826+0000] {dag.py:3823} INFO - Setting next_dagrun for events_analytics_pipeline to 2025-10-16 01:00:00+00:00, run_after=2025-10-16 02:00:00+00:00
[2025-10-16T02:31:18.831+0000] {processor.py:183} INFO - Processing /opt/airflow/dags/events_pipeline_dag.py took 0.167 seconds
[2025-10-16T02:31:48.996+0000] {processor.py:161} INFO - Started process (PID=1681) to work on /opt/airflow/dags/events_pipeline_dag.py
[2025-10-16T02:31:48.997+0000] {processor.py:830} INFO - Processing file /opt/airflow/dags/events_pipeline_dag.py for tasks to queue
[2025-10-16T02:31:48.998+0000] {logging_mixin.py:188} INFO - [2025-10-16T02:31:48.997+0000] {dagbag.py:538} INFO - Filling up the DagBag from /opt/airflow/dags/events_pipeline_dag.py
[2025-10-16T02:31:49.149+0000] {processor.py:840} INFO - DAG(s) 'events_analytics_pipeline' retrieved from /opt/airflow/dags/events_pipeline_dag.py
[2025-10-16T02:31:49.161+0000] {logging_mixin.py:188} INFO - [2025-10-16T02:31:49.161+0000] {dag.py:3036} INFO - Sync 1 DAGs
[2025-10-16T02:31:49.169+0000] {logging_mixin.py:188} INFO - [2025-10-16T02:31:49.169+0000] {dag.py:3823} INFO - Setting next_dagrun for events_analytics_pipeline to 2025-10-16 01:00:00+00:00, run_after=2025-10-16 02:00:00+00:00
[2025-10-16T02:31:49.175+0000] {processor.py:183} INFO - Processing /opt/airflow/dags/events_pipeline_dag.py took 0.183 seconds
[2025-10-16T02:32:19.347+0000] {processor.py:161} INFO - Started process (PID=1693) to work on /opt/airflow/dags/events_pipeline_dag.py
[2025-10-16T02:32:19.349+0000] {processor.py:830} INFO - Processing file /opt/airflow/dags/events_pipeline_dag.py for tasks to queue
[2025-10-16T02:32:19.350+0000] {logging_mixin.py:188} INFO - [2025-10-16T02:32:19.350+0000] {dagbag.py:538} INFO - Filling up the DagBag from /opt/airflow/dags/events_pipeline_dag.py
[2025-10-16T02:32:19.542+0000] {processor.py:840} INFO - DAG(s) 'events_analytics_pipeline' retrieved from /opt/airflow/dags/events_pipeline_dag.py
[2025-10-16T02:32:19.558+0000] {logging_mixin.py:188} INFO - [2025-10-16T02:32:19.558+0000] {dag.py:3036} INFO - Sync 1 DAGs
[2025-10-16T02:32:19.570+0000] {logging_mixin.py:188} INFO - [2025-10-16T02:32:19.570+0000] {dag.py:3823} INFO - Setting next_dagrun for events_analytics_pipeline to 2025-10-16 01:00:00+00:00, run_after=2025-10-16 02:00:00+00:00
[2025-10-16T02:32:19.578+0000] {processor.py:183} INFO - Processing /opt/airflow/dags/events_pipeline_dag.py took 0.236 seconds
[2025-10-16T02:32:49.759+0000] {processor.py:161} INFO - Started process (PID=1705) to work on /opt/airflow/dags/events_pipeline_dag.py
[2025-10-16T02:32:49.760+0000] {processor.py:830} INFO - Processing file /opt/airflow/dags/events_pipeline_dag.py for tasks to queue
[2025-10-16T02:32:49.761+0000] {logging_mixin.py:188} INFO - [2025-10-16T02:32:49.761+0000] {dagbag.py:538} INFO - Filling up the DagBag from /opt/airflow/dags/events_pipeline_dag.py
[2025-10-16T02:32:49.915+0000] {processor.py:840} INFO - DAG(s) 'events_analytics_pipeline' retrieved from /opt/airflow/dags/events_pipeline_dag.py
[2025-10-16T02:32:49.925+0000] {logging_mixin.py:188} INFO - [2025-10-16T02:32:49.925+0000] {dag.py:3036} INFO - Sync 1 DAGs
[2025-10-16T02:32:49.933+0000] {logging_mixin.py:188} INFO - [2025-10-16T02:32:49.933+0000] {dag.py:3823} INFO - Setting next_dagrun for events_analytics_pipeline to 2025-10-16 01:00:00+00:00, run_after=2025-10-16 02:00:00+00:00
[2025-10-16T02:32:49.940+0000] {processor.py:183} INFO - Processing /opt/airflow/dags/events_pipeline_dag.py took 0.185 seconds
[2025-10-16T02:33:20.107+0000] {processor.py:161} INFO - Started process (PID=1717) to work on /opt/airflow/dags/events_pipeline_dag.py
[2025-10-16T02:33:20.108+0000] {processor.py:830} INFO - Processing file /opt/airflow/dags/events_pipeline_dag.py for tasks to queue
[2025-10-16T02:33:20.109+0000] {logging_mixin.py:188} INFO - [2025-10-16T02:33:20.109+0000] {dagbag.py:538} INFO - Filling up the DagBag from /opt/airflow/dags/events_pipeline_dag.py
[2025-10-16T02:33:20.287+0000] {processor.py:840} INFO - DAG(s) 'events_analytics_pipeline' retrieved from /opt/airflow/dags/events_pipeline_dag.py
[2025-10-16T02:33:20.299+0000] {logging_mixin.py:188} INFO - [2025-10-16T02:33:20.299+0000] {dag.py:3036} INFO - Sync 1 DAGs
[2025-10-16T02:33:20.309+0000] {logging_mixin.py:188} INFO - [2025-10-16T02:33:20.309+0000] {dag.py:3823} INFO - Setting next_dagrun for events_analytics_pipeline to 2025-10-16 01:00:00+00:00, run_after=2025-10-16 02:00:00+00:00
[2025-10-16T02:33:20.316+0000] {processor.py:183} INFO - Processing /opt/airflow/dags/events_pipeline_dag.py took 0.214 seconds
[2025-10-16T02:33:50.480+0000] {processor.py:161} INFO - Started process (PID=1729) to work on /opt/airflow/dags/events_pipeline_dag.py
[2025-10-16T02:33:50.480+0000] {processor.py:830} INFO - Processing file /opt/airflow/dags/events_pipeline_dag.py for tasks to queue
[2025-10-16T02:33:50.481+0000] {logging_mixin.py:188} INFO - [2025-10-16T02:33:50.480+0000] {dagbag.py:538} INFO - Filling up the DagBag from /opt/airflow/dags/events_pipeline_dag.py
[2025-10-16T02:33:50.643+0000] {processor.py:840} INFO - DAG(s) 'events_analytics_pipeline' retrieved from /opt/airflow/dags/events_pipeline_dag.py
[2025-10-16T02:33:50.653+0000] {logging_mixin.py:188} INFO - [2025-10-16T02:33:50.653+0000] {dag.py:3036} INFO - Sync 1 DAGs
[2025-10-16T02:33:50.661+0000] {logging_mixin.py:188} INFO - [2025-10-16T02:33:50.661+0000] {dag.py:3823} INFO - Setting next_dagrun for events_analytics_pipeline to 2025-10-16 01:00:00+00:00, run_after=2025-10-16 02:00:00+00:00
[2025-10-16T02:33:50.667+0000] {processor.py:183} INFO - Processing /opt/airflow/dags/events_pipeline_dag.py took 0.190 seconds
[2025-10-16T02:34:20.817+0000] {processor.py:161} INFO - Started process (PID=1741) to work on /opt/airflow/dags/events_pipeline_dag.py
[2025-10-16T02:34:20.818+0000] {processor.py:830} INFO - Processing file /opt/airflow/dags/events_pipeline_dag.py for tasks to queue
[2025-10-16T02:34:20.819+0000] {logging_mixin.py:188} INFO - [2025-10-16T02:34:20.819+0000] {dagbag.py:538} INFO - Filling up the DagBag from /opt/airflow/dags/events_pipeline_dag.py
[2025-10-16T02:34:20.966+0000] {processor.py:840} INFO - DAG(s) 'events_analytics_pipeline' retrieved from /opt/airflow/dags/events_pipeline_dag.py
[2025-10-16T02:34:20.976+0000] {logging_mixin.py:188} INFO - [2025-10-16T02:34:20.976+0000] {dag.py:3036} INFO - Sync 1 DAGs
[2025-10-16T02:34:20.983+0000] {logging_mixin.py:188} INFO - [2025-10-16T02:34:20.983+0000] {dag.py:3823} INFO - Setting next_dagrun for events_analytics_pipeline to 2025-10-16 01:00:00+00:00, run_after=2025-10-16 02:00:00+00:00
[2025-10-16T02:34:20.989+0000] {processor.py:183} INFO - Processing /opt/airflow/dags/events_pipeline_dag.py took 0.174 seconds
[2025-10-16T02:34:51.153+0000] {processor.py:161} INFO - Started process (PID=1753) to work on /opt/airflow/dags/events_pipeline_dag.py
[2025-10-16T02:34:51.154+0000] {processor.py:830} INFO - Processing file /opt/airflow/dags/events_pipeline_dag.py for tasks to queue
[2025-10-16T02:34:51.155+0000] {logging_mixin.py:188} INFO - [2025-10-16T02:34:51.155+0000] {dagbag.py:538} INFO - Filling up the DagBag from /opt/airflow/dags/events_pipeline_dag.py
[2025-10-16T02:34:51.419+0000] {processor.py:840} INFO - DAG(s) 'events_analytics_pipeline' retrieved from /opt/airflow/dags/events_pipeline_dag.py
[2025-10-16T02:34:51.439+0000] {logging_mixin.py:188} INFO - [2025-10-16T02:34:51.439+0000] {dag.py:3036} INFO - Sync 1 DAGs
[2025-10-16T02:34:51.457+0000] {logging_mixin.py:188} INFO - [2025-10-16T02:34:51.457+0000] {dag.py:3823} INFO - Setting next_dagrun for events_analytics_pipeline to 2025-10-16 01:00:00+00:00, run_after=2025-10-16 02:00:00+00:00
[2025-10-16T02:34:51.465+0000] {processor.py:183} INFO - Processing /opt/airflow/dags/events_pipeline_dag.py took 0.318 seconds
[2025-10-16T02:35:21.630+0000] {processor.py:161} INFO - Started process (PID=1765) to work on /opt/airflow/dags/events_pipeline_dag.py
[2025-10-16T02:35:21.632+0000] {processor.py:830} INFO - Processing file /opt/airflow/dags/events_pipeline_dag.py for tasks to queue
[2025-10-16T02:35:21.633+0000] {logging_mixin.py:188} INFO - [2025-10-16T02:35:21.632+0000] {dagbag.py:538} INFO - Filling up the DagBag from /opt/airflow/dags/events_pipeline_dag.py
[2025-10-16T02:35:21.903+0000] {processor.py:840} INFO - DAG(s) 'events_analytics_pipeline' retrieved from /opt/airflow/dags/events_pipeline_dag.py
[2025-10-16T02:35:21.923+0000] {logging_mixin.py:188} INFO - [2025-10-16T02:35:21.923+0000] {dag.py:3036} INFO - Sync 1 DAGs
[2025-10-16T02:35:21.938+0000] {logging_mixin.py:188} INFO - [2025-10-16T02:35:21.938+0000] {dag.py:3823} INFO - Setting next_dagrun for events_analytics_pipeline to 2025-10-16 01:00:00+00:00, run_after=2025-10-16 02:00:00+00:00
[2025-10-16T02:35:21.947+0000] {processor.py:183} INFO - Processing /opt/airflow/dags/events_pipeline_dag.py took 0.322 seconds
[2025-10-16T02:35:52.095+0000] {processor.py:161} INFO - Started process (PID=1777) to work on /opt/airflow/dags/events_pipeline_dag.py
[2025-10-16T02:35:52.096+0000] {processor.py:830} INFO - Processing file /opt/airflow/dags/events_pipeline_dag.py for tasks to queue
[2025-10-16T02:35:52.097+0000] {logging_mixin.py:188} INFO - [2025-10-16T02:35:52.097+0000] {dagbag.py:538} INFO - Filling up the DagBag from /opt/airflow/dags/events_pipeline_dag.py
[2025-10-16T02:35:52.366+0000] {processor.py:840} INFO - DAG(s) 'events_analytics_pipeline' retrieved from /opt/airflow/dags/events_pipeline_dag.py
[2025-10-16T02:35:52.383+0000] {logging_mixin.py:188} INFO - [2025-10-16T02:35:52.383+0000] {dag.py:3036} INFO - Sync 1 DAGs
[2025-10-16T02:35:52.397+0000] {logging_mixin.py:188} INFO - [2025-10-16T02:35:52.397+0000] {dag.py:3823} INFO - Setting next_dagrun for events_analytics_pipeline to 2025-10-16 01:00:00+00:00, run_after=2025-10-16 02:00:00+00:00
[2025-10-16T02:35:52.406+0000] {processor.py:183} INFO - Processing /opt/airflow/dags/events_pipeline_dag.py took 0.314 seconds
[2025-10-16T02:36:22.564+0000] {processor.py:161} INFO - Started process (PID=1789) to work on /opt/airflow/dags/events_pipeline_dag.py
[2025-10-16T02:36:22.565+0000] {processor.py:830} INFO - Processing file /opt/airflow/dags/events_pipeline_dag.py for tasks to queue
[2025-10-16T02:36:22.565+0000] {logging_mixin.py:188} INFO - [2025-10-16T02:36:22.565+0000] {dagbag.py:538} INFO - Filling up the DagBag from /opt/airflow/dags/events_pipeline_dag.py
[2025-10-16T02:36:22.784+0000] {processor.py:840} INFO - DAG(s) 'events_analytics_pipeline' retrieved from /opt/airflow/dags/events_pipeline_dag.py
[2025-10-16T02:36:22.798+0000] {logging_mixin.py:188} INFO - [2025-10-16T02:36:22.798+0000] {dag.py:3036} INFO - Sync 1 DAGs
[2025-10-16T02:36:22.809+0000] {logging_mixin.py:188} INFO - [2025-10-16T02:36:22.809+0000] {dag.py:3823} INFO - Setting next_dagrun for events_analytics_pipeline to 2025-10-16 01:00:00+00:00, run_after=2025-10-16 02:00:00+00:00
[2025-10-16T02:36:22.822+0000] {processor.py:183} INFO - Processing /opt/airflow/dags/events_pipeline_dag.py took 0.260 seconds
[2025-10-16T02:36:53.004+0000] {processor.py:161} INFO - Started process (PID=1801) to work on /opt/airflow/dags/events_pipeline_dag.py
[2025-10-16T02:36:53.006+0000] {processor.py:830} INFO - Processing file /opt/airflow/dags/events_pipeline_dag.py for tasks to queue
[2025-10-16T02:36:53.007+0000] {logging_mixin.py:188} INFO - [2025-10-16T02:36:53.006+0000] {dagbag.py:538} INFO - Filling up the DagBag from /opt/airflow/dags/events_pipeline_dag.py
[2025-10-16T02:36:53.191+0000] {processor.py:840} INFO - DAG(s) 'events_analytics_pipeline' retrieved from /opt/airflow/dags/events_pipeline_dag.py
[2025-10-16T02:36:53.204+0000] {logging_mixin.py:188} INFO - [2025-10-16T02:36:53.204+0000] {dag.py:3036} INFO - Sync 1 DAGs
[2025-10-16T02:36:53.218+0000] {logging_mixin.py:188} INFO - [2025-10-16T02:36:53.218+0000] {dag.py:3823} INFO - Setting next_dagrun for events_analytics_pipeline to 2025-10-16 01:00:00+00:00, run_after=2025-10-16 02:00:00+00:00
[2025-10-16T02:36:53.225+0000] {processor.py:183} INFO - Processing /opt/airflow/dags/events_pipeline_dag.py took 0.226 seconds
[2025-10-16T02:37:23.372+0000] {processor.py:161} INFO - Started process (PID=1813) to work on /opt/airflow/dags/events_pipeline_dag.py
[2025-10-16T02:37:23.373+0000] {processor.py:830} INFO - Processing file /opt/airflow/dags/events_pipeline_dag.py for tasks to queue
[2025-10-16T02:37:23.374+0000] {logging_mixin.py:188} INFO - [2025-10-16T02:37:23.373+0000] {dagbag.py:538} INFO - Filling up the DagBag from /opt/airflow/dags/events_pipeline_dag.py
[2025-10-16T02:37:23.542+0000] {processor.py:840} INFO - DAG(s) 'events_analytics_pipeline' retrieved from /opt/airflow/dags/events_pipeline_dag.py
[2025-10-16T02:37:23.555+0000] {logging_mixin.py:188} INFO - [2025-10-16T02:37:23.555+0000] {dag.py:3036} INFO - Sync 1 DAGs
[2025-10-16T02:37:23.564+0000] {logging_mixin.py:188} INFO - [2025-10-16T02:37:23.564+0000] {dag.py:3823} INFO - Setting next_dagrun for events_analytics_pipeline to 2025-10-16 01:00:00+00:00, run_after=2025-10-16 02:00:00+00:00
[2025-10-16T02:37:23.571+0000] {processor.py:183} INFO - Processing /opt/airflow/dags/events_pipeline_dag.py took 0.201 seconds
[2025-10-16T02:37:53.759+0000] {processor.py:161} INFO - Started process (PID=1825) to work on /opt/airflow/dags/events_pipeline_dag.py
[2025-10-16T02:37:53.762+0000] {processor.py:830} INFO - Processing file /opt/airflow/dags/events_pipeline_dag.py for tasks to queue
[2025-10-16T02:37:53.763+0000] {logging_mixin.py:188} INFO - [2025-10-16T02:37:53.762+0000] {dagbag.py:538} INFO - Filling up the DagBag from /opt/airflow/dags/events_pipeline_dag.py
[2025-10-16T02:37:53.967+0000] {processor.py:840} INFO - DAG(s) 'events_analytics_pipeline' retrieved from /opt/airflow/dags/events_pipeline_dag.py
[2025-10-16T02:37:53.982+0000] {logging_mixin.py:188} INFO - [2025-10-16T02:37:53.982+0000] {dag.py:3036} INFO - Sync 1 DAGs
[2025-10-16T02:37:53.991+0000] {logging_mixin.py:188} INFO - [2025-10-16T02:37:53.991+0000] {dag.py:3823} INFO - Setting next_dagrun for events_analytics_pipeline to 2025-10-16 01:00:00+00:00, run_after=2025-10-16 02:00:00+00:00
[2025-10-16T02:37:53.998+0000] {processor.py:183} INFO - Processing /opt/airflow/dags/events_pipeline_dag.py took 0.247 seconds
[2025-10-16T02:38:24.171+0000] {processor.py:161} INFO - Started process (PID=1837) to work on /opt/airflow/dags/events_pipeline_dag.py
[2025-10-16T02:38:24.172+0000] {processor.py:830} INFO - Processing file /opt/airflow/dags/events_pipeline_dag.py for tasks to queue
[2025-10-16T02:38:24.173+0000] {logging_mixin.py:188} INFO - [2025-10-16T02:38:24.172+0000] {dagbag.py:538} INFO - Filling up the DagBag from /opt/airflow/dags/events_pipeline_dag.py
[2025-10-16T02:38:24.328+0000] {processor.py:840} INFO - DAG(s) 'events_analytics_pipeline' retrieved from /opt/airflow/dags/events_pipeline_dag.py
[2025-10-16T02:38:24.337+0000] {logging_mixin.py:188} INFO - [2025-10-16T02:38:24.337+0000] {dag.py:3036} INFO - Sync 1 DAGs
[2025-10-16T02:38:24.345+0000] {logging_mixin.py:188} INFO - [2025-10-16T02:38:24.345+0000] {dag.py:3823} INFO - Setting next_dagrun for events_analytics_pipeline to 2025-10-16 01:00:00+00:00, run_after=2025-10-16 02:00:00+00:00
[2025-10-16T02:38:24.352+0000] {processor.py:183} INFO - Processing /opt/airflow/dags/events_pipeline_dag.py took 0.184 seconds
