[2025-10-20T14:26:18.918+0000] {local_task_job_runner.py:120} INFO - ::group::Pre task execution logs
[2025-10-20T14:26:18.932+0000] {taskinstance.py:2076} INFO - Dependencies all met for dep_context=non-requeueable deps ti=<TaskInstance: events_analytics_pipeline.extract_and_load_to_clickhouse scheduled__2025-10-20T13:00:00+00:00 [queued]>
[2025-10-20T14:26:18.935+0000] {taskinstance.py:2076} INFO - Dependencies all met for dep_context=requeueable deps ti=<TaskInstance: events_analytics_pipeline.extract_and_load_to_clickhouse scheduled__2025-10-20T13:00:00+00:00 [queued]>
[2025-10-20T14:26:18.936+0000] {taskinstance.py:2306} INFO - Starting attempt 1 of 3
[2025-10-20T14:26:18.940+0000] {taskinstance.py:2330} INFO - Executing <Task(PythonOperator): extract_and_load_to_clickhouse> on 2025-10-20 13:00:00+00:00
[2025-10-20T14:26:18.943+0000] {standard_task_runner.py:63} INFO - Started process 3060 to run task
[2025-10-20T14:26:18.944+0000] {standard_task_runner.py:90} INFO - Running: ['***', 'tasks', 'run', 'events_analytics_pipeline', 'extract_and_load_to_clickhouse', 'scheduled__2025-10-20T13:00:00+00:00', '--job-id', '104', '--raw', '--subdir', 'DAGS_FOLDER/events_pipeline_dag.py', '--cfg-path', '/tmp/tmpxtxl27j_']
[2025-10-20T14:26:18.946+0000] {standard_task_runner.py:91} INFO - Job 104: Subtask extract_and_load_to_clickhouse
[2025-10-20T14:26:18.965+0000] {task_command.py:426} INFO - Running <TaskInstance: events_analytics_pipeline.extract_and_load_to_clickhouse scheduled__2025-10-20T13:00:00+00:00 [running]> on host 0d320e139cdc
[2025-10-20T14:26:18.997+0000] {taskinstance.py:2648} INFO - Exporting env vars: AIRFLOW_CTX_DAG_OWNER='data-team' AIRFLOW_CTX_DAG_ID='events_analytics_pipeline' AIRFLOW_CTX_TASK_ID='extract_and_load_to_clickhouse' AIRFLOW_CTX_EXECUTION_DATE='2025-10-20T13:00:00+00:00' AIRFLOW_CTX_TRY_NUMBER='1' AIRFLOW_CTX_DAG_RUN_ID='scheduled__2025-10-20T13:00:00+00:00'
[2025-10-20T14:26:18.998+0000] {taskinstance.py:430} INFO - ::endgroup::
[2025-10-20T14:26:19.005+0000] {events_pipeline_dag.py:68} INFO - Connecting to PostgreSQL...
[2025-10-20T14:26:19.006+0000] {events_pipeline_dag.py:71} INFO - Extracting data from PostgreSQL...
[2025-10-20T14:26:19.127+0000] {events_pipeline_dag.py:82} INFO - Extracted 5729 rows from PostgreSQL
[2025-10-20T14:26:19.127+0000] {events_pipeline_dag.py:84} INFO - Connecting to ClickHouse...
[2025-10-20T14:26:19.127+0000] {events_pipeline_dag.py:87} INFO - Clearing existing data...
[2025-10-20T14:26:19.131+0000] {events_pipeline_dag.py:90} INFO - Loading data into ClickHouse...
[2025-10-20T14:26:19.139+0000] {events_pipeline_dag.py:97} INFO - Inserted batch 1/6
[2025-10-20T14:26:19.144+0000] {events_pipeline_dag.py:97} INFO - Inserted batch 2/6
[2025-10-20T14:26:19.148+0000] {events_pipeline_dag.py:97} INFO - Inserted batch 3/6
[2025-10-20T14:26:19.153+0000] {events_pipeline_dag.py:97} INFO - Inserted batch 4/6
[2025-10-20T14:26:19.157+0000] {events_pipeline_dag.py:97} INFO - Inserted batch 5/6
[2025-10-20T14:26:19.161+0000] {events_pipeline_dag.py:97} INFO - Inserted batch 6/6
[2025-10-20T14:26:19.163+0000] {events_pipeline_dag.py:100} INFO - ✓ Successfully loaded 5729 rows into ClickHouse
[2025-10-20T14:26:19.169+0000] {python.py:237} INFO - Done. Returned value was: 5729
[2025-10-20T14:26:19.170+0000] {taskinstance.py:441} INFO - ::group::Post task execution logs
[2025-10-20T14:26:19.175+0000] {taskinstance.py:1206} INFO - Marking task as SUCCESS. dag_id=events_analytics_pipeline, task_id=extract_and_load_to_clickhouse, run_id=scheduled__2025-10-20T13:00:00+00:00, execution_date=20251020T130000, start_date=20251020T142618, end_date=20251020T142619
[2025-10-20T14:26:19.207+0000] {local_task_job_runner.py:240} INFO - Task exited with return code 0
[2025-10-20T14:26:19.216+0000] {taskinstance.py:3503} INFO - 1 downstream tasks scheduled from follow-on schedule check
[2025-10-20T14:26:19.217+0000] {local_task_job_runner.py:222} INFO - ::endgroup::
