[2025-10-14T06:08:39.735+0000] {taskinstance.py:1956} INFO - Dependencies all met for dep_context=non-requeueable deps ti=<TaskInstance: events_analytics_pipeline.dbt_run manual__2025-10-14T06:03:33.121239+00:00 [queued]>
[2025-10-14T06:08:39.737+0000] {taskinstance.py:1956} INFO - Dependencies all met for dep_context=requeueable deps ti=<TaskInstance: events_analytics_pipeline.dbt_run manual__2025-10-14T06:03:33.121239+00:00 [queued]>
[2025-10-14T06:08:39.737+0000] {taskinstance.py:2170} INFO - Starting attempt 1 of 3
[2025-10-14T06:08:39.741+0000] {taskinstance.py:2191} INFO - Executing <Task(BashOperator): dbt_run> on 2025-10-14 06:03:33.121239+00:00
[2025-10-14T06:08:39.744+0000] {standard_task_runner.py:60} INFO - Started process 449 to run task
[2025-10-14T06:08:39.746+0000] {standard_task_runner.py:87} INFO - Running: ['***', 'tasks', 'run', 'events_analytics_pipeline', 'dbt_run', 'manual__2025-10-14T06:03:33.121239+00:00', '--job-id', '68', '--raw', '--subdir', 'DAGS_FOLDER/events_pipeline_dag.py', '--cfg-path', '/tmp/tmpgz2iegi_']
[2025-10-14T06:08:39.747+0000] {standard_task_runner.py:88} INFO - Job 68: Subtask dbt_run
[2025-10-14T06:08:39.770+0000] {task_command.py:423} INFO - Running <TaskInstance: events_analytics_pipeline.dbt_run manual__2025-10-14T06:03:33.121239+00:00 [running]> on host 7fd364930f15
[2025-10-14T06:08:39.799+0000] {taskinstance.py:2480} INFO - Exporting env vars: AIRFLOW_CTX_DAG_OWNER='data-team' AIRFLOW_CTX_DAG_ID='events_analytics_pipeline' AIRFLOW_CTX_TASK_ID='dbt_run' AIRFLOW_CTX_EXECUTION_DATE='2025-10-14T06:03:33.121239+00:00' AIRFLOW_CTX_TRY_NUMBER='1' AIRFLOW_CTX_DAG_RUN_ID='manual__2025-10-14T06:03:33.121239+00:00'
[2025-10-14T06:08:39.799+0000] {subprocess.py:63} INFO - Tmp dir root location: /tmp
[2025-10-14T06:08:39.800+0000] {subprocess.py:75} INFO - Running command: ['/usr/bin/bash', '-c', 'cd /opt/***/event_gen && /home/***/.local/bin/dbt run --profiles-dir /opt/***/.dbt --project-dir /opt/***/event_gen']
[2025-10-14T06:08:39.808+0000] {subprocess.py:86} INFO - Output:
[2025-10-14T06:08:40.405+0000] {subprocess.py:93} INFO - [0m06:08:40  Running with dbt=1.10.13
[2025-10-14T06:08:40.493+0000] {subprocess.py:93} INFO - [0m06:08:40  Registered adapter: clickhouse=1.9.4
[2025-10-14T06:08:40.687+0000] {subprocess.py:93} INFO - [0m06:08:40  Found 4 models, 31 data tests, 1 source, 599 macros
[2025-10-14T06:08:40.688+0000] {subprocess.py:93} INFO - [0m06:08:40
[2025-10-14T06:08:40.688+0000] {subprocess.py:93} INFO - [0m06:08:40  Concurrency: 4 threads (target='dev')
[2025-10-14T06:08:40.689+0000] {subprocess.py:93} INFO - [0m06:08:40
[2025-10-14T06:08:40.859+0000] {subprocess.py:93} INFO - [0m06:08:40  1 of 4 START sql view model `analytics`.`stg_events` ........................... [RUN]
[2025-10-14T06:08:40.902+0000] {subprocess.py:93} INFO - [0m06:08:40  1 of 4 OK created sql view model `analytics`.`stg_events` ...................... [[32mOK[0m in 0.04s]
[2025-10-14T06:08:40.903+0000] {subprocess.py:93} INFO - [0m06:08:40  2 of 4 START sql table model `analytics`.`dim_pages` ........................... [RUN]
[2025-10-14T06:08:40.904+0000] {subprocess.py:93} INFO - [0m06:08:40  3 of 4 START sql table model `analytics`.`dim_users` ........................... [RUN]
[2025-10-14T06:08:40.904+0000] {subprocess.py:93} INFO - [0m06:08:40  4 of 4 START sql table model `analytics`.`fct_events` .......................... [RUN]
[2025-10-14T06:08:41.056+0000] {subprocess.py:93} INFO - [0m06:08:41  3 of 4 OK created sql table model `analytics`.`dim_users` ...................... [[32mOK[0m in 0.15s]
[2025-10-14T06:08:41.064+0000] {subprocess.py:93} INFO - [0m06:08:41  4 of 4 OK created sql table model `analytics`.`fct_events` ..................... [[32mOK[0m in 0.16s]
[2025-10-14T06:08:41.073+0000] {subprocess.py:93} INFO - [0m06:08:41  2 of 4 OK created sql table model `analytics`.`dim_pages` ...................... [[32mOK[0m in 0.17s]
[2025-10-14T06:08:41.076+0000] {subprocess.py:93} INFO - [0m06:08:41
[2025-10-14T06:08:41.077+0000] {subprocess.py:93} INFO - [0m06:08:41  Finished running 3 table models, 1 view model in 0 hours 0 minutes and 0.39 seconds (0.39s).
[2025-10-14T06:08:41.109+0000] {subprocess.py:93} INFO - [0m06:08:41
[2025-10-14T06:08:41.109+0000] {subprocess.py:93} INFO - [0m06:08:41  [32mCompleted successfully[0m
[2025-10-14T06:08:41.110+0000] {subprocess.py:93} INFO - [0m06:08:41
[2025-10-14T06:08:41.110+0000] {subprocess.py:93} INFO - [0m06:08:41  Done. PASS=4 WARN=0 ERROR=0 SKIP=0 NO-OP=0 TOTAL=4
[2025-10-14T06:08:42.065+0000] {subprocess.py:97} INFO - Command exited with return code 0
[2025-10-14T06:08:42.083+0000] {taskinstance.py:1138} INFO - Marking task as SUCCESS. dag_id=events_analytics_pipeline, task_id=dbt_run, execution_date=20251014T060333, start_date=20251014T060839, end_date=20251014T060842
[2025-10-14T06:08:42.108+0000] {local_task_job_runner.py:234} INFO - Task exited with return code 0
[2025-10-14T06:08:42.121+0000] {taskinstance.py:3280} INFO - 1 downstream tasks scheduled from follow-on schedule check
