[2025-10-20T18:00:10.363+0000] {local_task_job_runner.py:120} INFO - ::group::Pre task execution logs
[2025-10-20T18:00:10.374+0000] {taskinstance.py:2076} INFO - Dependencies all met for dep_context=non-requeueable deps ti=<TaskInstance: events_analytics_pipeline.dbt_docs_generate scheduled__2025-10-20T17:00:00+00:00 [queued]>
[2025-10-20T18:00:10.377+0000] {taskinstance.py:2076} INFO - Dependencies all met for dep_context=requeueable deps ti=<TaskInstance: events_analytics_pipeline.dbt_docs_generate scheduled__2025-10-20T17:00:00+00:00 [queued]>
[2025-10-20T18:00:10.377+0000] {taskinstance.py:2306} INFO - Starting attempt 1 of 3
[2025-10-20T18:00:10.380+0000] {taskinstance.py:2330} INFO - Executing <Task(PythonOperator): dbt_docs_generate> on 2025-10-20 17:00:00+00:00
[2025-10-20T18:00:10.383+0000] {standard_task_runner.py:63} INFO - Started process 4899 to run task
[2025-10-20T18:00:10.384+0000] {standard_task_runner.py:90} INFO - Running: ['***', 'tasks', 'run', 'events_analytics_pipeline', 'dbt_docs_generate', 'scheduled__2025-10-20T17:00:00+00:00', '--job-id', '132', '--raw', '--subdir', 'DAGS_FOLDER/events_pipeline_dag.py', '--cfg-path', '/tmp/tmp4xaf03ub']
[2025-10-20T18:00:10.386+0000] {standard_task_runner.py:91} INFO - Job 132: Subtask dbt_docs_generate
[2025-10-20T18:00:10.402+0000] {task_command.py:426} INFO - Running <TaskInstance: events_analytics_pipeline.dbt_docs_generate scheduled__2025-10-20T17:00:00+00:00 [running]> on host 0d320e139cdc
[2025-10-20T18:00:10.430+0000] {taskinstance.py:2648} INFO - Exporting env vars: AIRFLOW_CTX_DAG_OWNER='data-team' AIRFLOW_CTX_DAG_ID='events_analytics_pipeline' AIRFLOW_CTX_TASK_ID='dbt_docs_generate' AIRFLOW_CTX_EXECUTION_DATE='2025-10-20T17:00:00+00:00' AIRFLOW_CTX_TRY_NUMBER='1' AIRFLOW_CTX_DAG_RUN_ID='scheduled__2025-10-20T17:00:00+00:00'
[2025-10-20T18:00:10.430+0000] {taskinstance.py:430} INFO - ::endgroup::
[2025-10-20T18:00:10.434+0000] {events_pipeline_dag.py:151} INFO - Running command: dbt docs generate --profiles-dir /opt/***/.dbt --project-dir /opt/***/event_gen
[2025-10-20T18:00:12.743+0000] {events_pipeline_dag.py:162} INFO - STDOUT:
[0m18:00:11  Running with dbt=1.7.4
[0m18:00:11  Registered adapter: clickhouse=1.7.2
[0m18:00:11  Found 4 models, 30 tests, 1 source, 0 exposures, 0 metrics, 535 macros, 0 groups, 0 semantic models
[0m18:00:11  
[0m18:00:11  Concurrency: 4 threads (target='clickhouse')
[0m18:00:11  
[0m18:00:11  Building catalog
[0m18:00:11  Catalog written to /opt/***/event_gen/target/catalog.json

[2025-10-20T18:00:12.743+0000] {python.py:237} INFO - Done. Returned value was: [0m18:00:11  Running with dbt=1.7.4
[0m18:00:11  Registered adapter: clickhouse=1.7.2
[0m18:00:11  Found 4 models, 30 tests, 1 source, 0 exposures, 0 metrics, 535 macros, 0 groups, 0 semantic models
[0m18:00:11  
[0m18:00:11  Concurrency: 4 threads (target='clickhouse')
[0m18:00:11  
[0m18:00:11  Building catalog
[0m18:00:11  Catalog written to /opt/***/event_gen/target/catalog.json

[2025-10-20T18:00:12.743+0000] {taskinstance.py:441} INFO - ::group::Post task execution logs
[2025-10-20T18:00:12.751+0000] {taskinstance.py:1206} INFO - Marking task as SUCCESS. dag_id=events_analytics_pipeline, task_id=dbt_docs_generate, run_id=scheduled__2025-10-20T17:00:00+00:00, execution_date=20251020T170000, start_date=20251020T180010, end_date=20251020T180012
[2025-10-20T18:00:12.777+0000] {local_task_job_runner.py:240} INFO - Task exited with return code 0
[2025-10-20T18:00:12.784+0000] {taskinstance.py:3503} INFO - 0 downstream tasks scheduled from follow-on schedule check
[2025-10-20T18:00:12.785+0000] {local_task_job_runner.py:222} INFO - ::endgroup::
