[2025-10-14T12:23:14.305+0000] {taskinstance.py:1956} INFO - Dependencies all met for dep_context=non-requeueable deps ti=<TaskInstance: events_analytics_pipeline.dbt_docs_generate scheduled__2025-10-14T11:00:00+00:00 [queued]>
[2025-10-14T12:23:14.308+0000] {taskinstance.py:1956} INFO - Dependencies all met for dep_context=requeueable deps ti=<TaskInstance: events_analytics_pipeline.dbt_docs_generate scheduled__2025-10-14T11:00:00+00:00 [queued]>
[2025-10-14T12:23:14.308+0000] {taskinstance.py:2170} INFO - Starting attempt 1 of 3
[2025-10-14T12:23:14.311+0000] {taskinstance.py:2191} INFO - Executing <Task(BashOperator): dbt_docs_generate> on 2025-10-14 11:00:00+00:00
[2025-10-14T12:23:14.314+0000] {standard_task_runner.py:60} INFO - Started process 2424 to run task
[2025-10-14T12:23:14.316+0000] {standard_task_runner.py:87} INFO - Running: ['***', 'tasks', 'run', 'events_analytics_pipeline', 'dbt_docs_generate', 'scheduled__2025-10-14T11:00:00+00:00', '--job-id', '131', '--raw', '--subdir', 'DAGS_FOLDER/events_pipeline_dag.py', '--cfg-path', '/tmp/tmpbp7c_jv5']
[2025-10-14T12:23:14.318+0000] {standard_task_runner.py:88} INFO - Job 131: Subtask dbt_docs_generate
[2025-10-14T12:23:14.338+0000] {task_command.py:423} INFO - Running <TaskInstance: events_analytics_pipeline.dbt_docs_generate scheduled__2025-10-14T11:00:00+00:00 [running]> on host 7fd364930f15
[2025-10-14T12:23:14.365+0000] {taskinstance.py:2480} INFO - Exporting env vars: AIRFLOW_CTX_DAG_OWNER='data-team' AIRFLOW_CTX_DAG_ID='events_analytics_pipeline' AIRFLOW_CTX_TASK_ID='dbt_docs_generate' AIRFLOW_CTX_EXECUTION_DATE='2025-10-14T11:00:00+00:00' AIRFLOW_CTX_TRY_NUMBER='1' AIRFLOW_CTX_DAG_RUN_ID='scheduled__2025-10-14T11:00:00+00:00'
[2025-10-14T12:23:14.366+0000] {subprocess.py:63} INFO - Tmp dir root location: /tmp
[2025-10-14T12:23:14.366+0000] {subprocess.py:75} INFO - Running command: ['/usr/bin/bash', '-c', 'cd /opt/***/event_gen && /home/***/.local/bin/dbt docs generate --profiles-dir /opt/***/.dbt --project-dir /opt/***/event_gen']
[2025-10-14T12:23:14.371+0000] {subprocess.py:86} INFO - Output:
[2025-10-14T12:23:14.908+0000] {subprocess.py:93} INFO - [0m12:23:14  Running with dbt=1.10.13
[2025-10-14T12:23:14.987+0000] {subprocess.py:93} INFO - [0m12:23:14  Registered adapter: clickhouse=1.9.4
[2025-10-14T12:23:15.110+0000] {subprocess.py:93} INFO - [0m12:23:15  Found 4 models, 30 data tests, 1 source, 599 macros
[2025-10-14T12:23:15.111+0000] {subprocess.py:93} INFO - [0m12:23:15
[2025-10-14T12:23:15.112+0000] {subprocess.py:93} INFO - [0m12:23:15  Concurrency: 4 threads (target='dev')
[2025-10-14T12:23:15.112+0000] {subprocess.py:93} INFO - [0m12:23:15
[2025-10-14T12:23:15.390+0000] {subprocess.py:93} INFO - [0m12:23:15  Building catalog
[2025-10-14T12:23:15.434+0000] {subprocess.py:93} INFO - [0m12:23:15  Catalog written to /opt/***/event_gen/target/catalog.json
[2025-10-14T12:23:16.431+0000] {subprocess.py:97} INFO - Command exited with return code 0
[2025-10-14T12:23:16.442+0000] {taskinstance.py:1138} INFO - Marking task as SUCCESS. dag_id=events_analytics_pipeline, task_id=dbt_docs_generate, execution_date=20251014T110000, start_date=20251014T122314, end_date=20251014T122316
[2025-10-14T12:23:16.487+0000] {local_task_job_runner.py:234} INFO - Task exited with return code 0
[2025-10-14T12:23:16.496+0000] {taskinstance.py:3280} INFO - 0 downstream tasks scheduled from follow-on schedule check
