[2025-10-14T06:08:36.967+0000] {taskinstance.py:1956} INFO - Dependencies all met for dep_context=non-requeueable deps ti=<TaskInstance: events_analytics_pipeline.dbt_run scheduled__2025-10-14T05:00:00+00:00 [queued]>
[2025-10-14T06:08:36.973+0000] {taskinstance.py:1956} INFO - Dependencies all met for dep_context=requeueable deps ti=<TaskInstance: events_analytics_pipeline.dbt_run scheduled__2025-10-14T05:00:00+00:00 [queued]>
[2025-10-14T06:08:36.974+0000] {taskinstance.py:2170} INFO - Starting attempt 1 of 3
[2025-10-14T06:08:36.980+0000] {taskinstance.py:2191} INFO - Executing <Task(BashOperator): dbt_run> on 2025-10-14 05:00:00+00:00
[2025-10-14T06:08:36.987+0000] {standard_task_runner.py:60} INFO - Started process 429 to run task
[2025-10-14T06:08:36.989+0000] {standard_task_runner.py:87} INFO - Running: ['***', 'tasks', 'run', 'events_analytics_pipeline', 'dbt_run', 'scheduled__2025-10-14T05:00:00+00:00', '--job-id', '66', '--raw', '--subdir', 'DAGS_FOLDER/events_pipeline_dag.py', '--cfg-path', '/tmp/tmpvz3h0j0x']
[2025-10-14T06:08:36.991+0000] {standard_task_runner.py:88} INFO - Job 66: Subtask dbt_run
[2025-10-14T06:08:37.041+0000] {task_command.py:423} INFO - Running <TaskInstance: events_analytics_pipeline.dbt_run scheduled__2025-10-14T05:00:00+00:00 [running]> on host 7fd364930f15
[2025-10-14T06:08:37.072+0000] {taskinstance.py:2480} INFO - Exporting env vars: AIRFLOW_CTX_DAG_OWNER='data-team' AIRFLOW_CTX_DAG_ID='events_analytics_pipeline' AIRFLOW_CTX_TASK_ID='dbt_run' AIRFLOW_CTX_EXECUTION_DATE='2025-10-14T05:00:00+00:00' AIRFLOW_CTX_TRY_NUMBER='1' AIRFLOW_CTX_DAG_RUN_ID='scheduled__2025-10-14T05:00:00+00:00'
[2025-10-14T06:08:37.073+0000] {subprocess.py:63} INFO - Tmp dir root location: /tmp
[2025-10-14T06:08:37.073+0000] {subprocess.py:75} INFO - Running command: ['/usr/bin/bash', '-c', 'cd /opt/***/event_gen && /home/***/.local/bin/dbt run --profiles-dir /opt/***/.dbt --project-dir /opt/***/event_gen']
[2025-10-14T06:08:37.080+0000] {subprocess.py:86} INFO - Output:
[2025-10-14T06:08:37.889+0000] {subprocess.py:93} INFO - [0m06:08:37  Running with dbt=1.10.13
[2025-10-14T06:08:37.979+0000] {subprocess.py:93} INFO - [0m06:08:37  Registered adapter: clickhouse=1.9.4
[2025-10-14T06:08:38.150+0000] {subprocess.py:93} INFO - [0m06:08:38  Found 4 models, 31 data tests, 1 source, 599 macros
[2025-10-14T06:08:38.151+0000] {subprocess.py:93} INFO - [0m06:08:38
[2025-10-14T06:08:38.152+0000] {subprocess.py:93} INFO - [0m06:08:38  Concurrency: 4 threads (target='dev')
[2025-10-14T06:08:38.152+0000] {subprocess.py:93} INFO - [0m06:08:38
[2025-10-14T06:08:38.276+0000] {subprocess.py:93} INFO - [0m06:08:38  1 of 4 START sql view model `analytics`.`stg_events` ........................... [RUN]
[2025-10-14T06:08:38.316+0000] {subprocess.py:93} INFO - [0m06:08:38  1 of 4 OK created sql view model `analytics`.`stg_events` ...................... [[32mOK[0m in 0.04s]
[2025-10-14T06:08:38.318+0000] {subprocess.py:93} INFO - [0m06:08:38  2 of 4 START sql table model `analytics`.`dim_pages` ........................... [RUN]
[2025-10-14T06:08:38.318+0000] {subprocess.py:93} INFO - [0m06:08:38  3 of 4 START sql table model `analytics`.`dim_users` ........................... [RUN]
[2025-10-14T06:08:38.318+0000] {subprocess.py:93} INFO - [0m06:08:38  4 of 4 START sql table model `analytics`.`fct_events` .......................... [RUN]
[2025-10-14T06:08:38.464+0000] {subprocess.py:93} INFO - [0m06:08:38  4 of 4 OK created sql table model `analytics`.`fct_events` ..................... [[32mOK[0m in 0.14s]
[2025-10-14T06:08:38.468+0000] {subprocess.py:93} INFO - [0m06:08:38  2 of 4 OK created sql table model `analytics`.`dim_pages` ...................... [[32mOK[0m in 0.15s]
[2025-10-14T06:08:38.474+0000] {subprocess.py:93} INFO - [0m06:08:38  3 of 4 OK created sql table model `analytics`.`dim_users` ...................... [[32mOK[0m in 0.15s]
[2025-10-14T06:08:38.477+0000] {subprocess.py:93} INFO - [0m06:08:38
[2025-10-14T06:08:38.478+0000] {subprocess.py:93} INFO - [0m06:08:38  Finished running 3 table models, 1 view model in 0 hours 0 minutes and 0.32 seconds (0.32s).
[2025-10-14T06:08:38.504+0000] {subprocess.py:93} INFO - [0m06:08:38
[2025-10-14T06:08:38.504+0000] {subprocess.py:93} INFO - [0m06:08:38  [32mCompleted successfully[0m
[2025-10-14T06:08:38.505+0000] {subprocess.py:93} INFO - [0m06:08:38
[2025-10-14T06:08:38.505+0000] {subprocess.py:93} INFO - [0m06:08:38  Done. PASS=4 WARN=0 ERROR=0 SKIP=0 NO-OP=0 TOTAL=4
[2025-10-14T06:08:39.468+0000] {subprocess.py:97} INFO - Command exited with return code 0
[2025-10-14T06:08:39.478+0000] {taskinstance.py:1138} INFO - Marking task as SUCCESS. dag_id=events_analytics_pipeline, task_id=dbt_run, execution_date=20251014T050000, start_date=20251014T060836, end_date=20251014T060839
[2025-10-14T06:08:39.519+0000] {local_task_job_runner.py:234} INFO - Task exited with return code 0
[2025-10-14T06:08:39.540+0000] {taskinstance.py:3280} INFO - 0 downstream tasks scheduled from follow-on schedule check
