[2025-10-20T15:17:25.771+0000] {local_task_job_runner.py:120} INFO - ::group::Pre task execution logs
[2025-10-20T15:17:25.783+0000] {taskinstance.py:2076} INFO - Dependencies all met for dep_context=non-requeueable deps ti=<TaskInstance: events_analytics_pipeline.dbt_docs_generate scheduled__2025-10-20T14:00:00+00:00 [queued]>
[2025-10-20T15:17:25.785+0000] {taskinstance.py:2076} INFO - Dependencies all met for dep_context=requeueable deps ti=<TaskInstance: events_analytics_pipeline.dbt_docs_generate scheduled__2025-10-20T14:00:00+00:00 [queued]>
[2025-10-20T15:17:25.786+0000] {taskinstance.py:2306} INFO - Starting attempt 1 of 3
[2025-10-20T15:17:25.790+0000] {taskinstance.py:2330} INFO - Executing <Task(PythonOperator): dbt_docs_generate> on 2025-10-20 14:00:00+00:00
[2025-10-20T15:17:25.793+0000] {standard_task_runner.py:63} INFO - Started process 3184 to run task
[2025-10-20T15:17:25.795+0000] {standard_task_runner.py:90} INFO - Running: ['***', 'tasks', 'run', 'events_analytics_pipeline', 'dbt_docs_generate', 'scheduled__2025-10-20T14:00:00+00:00', '--job-id', '114', '--raw', '--subdir', 'DAGS_FOLDER/events_pipeline_dag.py', '--cfg-path', '/tmp/tmpfh2_rrd5']
[2025-10-20T15:17:25.796+0000] {standard_task_runner.py:91} INFO - Job 114: Subtask dbt_docs_generate
[2025-10-20T15:17:25.818+0000] {task_command.py:426} INFO - Running <TaskInstance: events_analytics_pipeline.dbt_docs_generate scheduled__2025-10-20T14:00:00+00:00 [running]> on host 0d320e139cdc
[2025-10-20T15:17:25.851+0000] {taskinstance.py:2648} INFO - Exporting env vars: AIRFLOW_CTX_DAG_OWNER='data-team' AIRFLOW_CTX_DAG_ID='events_analytics_pipeline' AIRFLOW_CTX_TASK_ID='dbt_docs_generate' AIRFLOW_CTX_EXECUTION_DATE='2025-10-20T14:00:00+00:00' AIRFLOW_CTX_TRY_NUMBER='1' AIRFLOW_CTX_DAG_RUN_ID='scheduled__2025-10-20T14:00:00+00:00'
[2025-10-20T15:17:25.852+0000] {taskinstance.py:430} INFO - ::endgroup::
[2025-10-20T15:17:25.857+0000] {events_pipeline_dag.py:151} INFO - Running command: dbt docs generate --profiles-dir /opt/***/.dbt --project-dir /opt/***/event_gen
[2025-10-20T15:32:38.241+0000] {events_pipeline_dag.py:162} INFO - STDOUT:
[0m15:32:27  Running with dbt=1.7.4
[0m15:32:27  Registered adapter: clickhouse=1.7.2
[0m15:32:27  Found 4 models, 30 tests, 1 source, 0 exposures, 0 metrics, 535 macros, 0 groups, 0 semantic models
[0m15:32:27  
[0m15:32:27  Concurrency: 4 threads (target='clickhouse')
[0m15:32:27  
[0m15:32:27  Building catalog
[0m15:32:27  Catalog written to /opt/***/event_gen/target/catalog.json

[2025-10-20T15:32:38.241+0000] {python.py:237} INFO - Done. Returned value was: [0m15:32:27  Running with dbt=1.7.4
[0m15:32:27  Registered adapter: clickhouse=1.7.2
[0m15:32:27  Found 4 models, 30 tests, 1 source, 0 exposures, 0 metrics, 535 macros, 0 groups, 0 semantic models
[0m15:32:27  
[0m15:32:27  Concurrency: 4 threads (target='clickhouse')
[0m15:32:27  
[0m15:32:27  Building catalog
[0m15:32:27  Catalog written to /opt/***/event_gen/target/catalog.json

[2025-10-20T15:32:38.241+0000] {taskinstance.py:441} INFO - ::group::Post task execution logs
[2025-10-20T15:32:38.252+0000] {taskinstance.py:1206} INFO - Marking task as SUCCESS. dag_id=events_analytics_pipeline, task_id=dbt_docs_generate, run_id=scheduled__2025-10-20T14:00:00+00:00, execution_date=20251020T140000, start_date=20251020T151725, end_date=20251020T153238
[2025-10-20T15:32:38.279+0000] {local_task_job_runner.py:240} INFO - Task exited with return code 0
[2025-10-20T15:32:38.286+0000] {taskinstance.py:3503} INFO - 0 downstream tasks scheduled from follow-on schedule check
[2025-10-20T15:32:38.286+0000] {local_task_job_runner.py:222} INFO - ::endgroup::
