[2025-10-20T05:54:17.808+0000] {local_task_job_runner.py:120} INFO - ::group::Pre task execution logs
[2025-10-20T05:54:17.817+0000] {taskinstance.py:2076} INFO - Dependencies all met for dep_context=non-requeueable deps ti=<TaskInstance: events_analytics_pipeline.extract_and_load_to_clickhouse manual__2025-10-20T05:54:16.013037+00:00 [queued]>
[2025-10-20T05:54:17.820+0000] {taskinstance.py:2076} INFO - Dependencies all met for dep_context=requeueable deps ti=<TaskInstance: events_analytics_pipeline.extract_and_load_to_clickhouse manual__2025-10-20T05:54:16.013037+00:00 [queued]>
[2025-10-20T05:54:17.820+0000] {taskinstance.py:2306} INFO - Starting attempt 1 of 3
[2025-10-20T05:54:17.824+0000] {taskinstance.py:2330} INFO - Executing <Task(PythonOperator): extract_and_load_to_clickhouse> on 2025-10-20 05:54:16.013037+00:00
[2025-10-20T05:54:17.826+0000] {standard_task_runner.py:63} INFO - Started process 815 to run task
[2025-10-20T05:54:17.828+0000] {standard_task_runner.py:90} INFO - Running: ['***', 'tasks', 'run', 'events_analytics_pipeline', 'extract_and_load_to_clickhouse', 'manual__2025-10-20T05:54:16.013037+00:00', '--job-id', '34', '--raw', '--subdir', 'DAGS_FOLDER/events_pipeline_dag.py', '--cfg-path', '/tmp/tmpp18rg0xe']
[2025-10-20T05:54:17.830+0000] {standard_task_runner.py:91} INFO - Job 34: Subtask extract_and_load_to_clickhouse
[2025-10-20T05:54:17.848+0000] {task_command.py:426} INFO - Running <TaskInstance: events_analytics_pipeline.extract_and_load_to_clickhouse manual__2025-10-20T05:54:16.013037+00:00 [running]> on host 0d320e139cdc
[2025-10-20T05:54:17.872+0000] {taskinstance.py:2648} INFO - Exporting env vars: AIRFLOW_CTX_DAG_OWNER='data-team' AIRFLOW_CTX_DAG_ID='events_analytics_pipeline' AIRFLOW_CTX_TASK_ID='extract_and_load_to_clickhouse' AIRFLOW_CTX_EXECUTION_DATE='2025-10-20T05:54:16.013037+00:00' AIRFLOW_CTX_TRY_NUMBER='1' AIRFLOW_CTX_DAG_RUN_ID='manual__2025-10-20T05:54:16.013037+00:00'
[2025-10-20T05:54:17.872+0000] {taskinstance.py:430} INFO - ::endgroup::
[2025-10-20T05:54:17.877+0000] {events_pipeline_dag.py:68} INFO - Connecting to PostgreSQL...
[2025-10-20T05:54:17.877+0000] {events_pipeline_dag.py:71} INFO - Extracting data from PostgreSQL...
[2025-10-20T05:54:18.002+0000] {events_pipeline_dag.py:82} INFO - Extracted 2398 rows from PostgreSQL
[2025-10-20T05:54:18.002+0000] {events_pipeline_dag.py:84} INFO - Connecting to ClickHouse...
[2025-10-20T05:54:18.003+0000] {events_pipeline_dag.py:87} INFO - Clearing existing data...
[2025-10-20T05:54:18.006+0000] {events_pipeline_dag.py:90} INFO - Loading data into ClickHouse...
[2025-10-20T05:54:18.012+0000] {events_pipeline_dag.py:97} INFO - Inserted batch 1/3
[2025-10-20T05:54:18.017+0000] {events_pipeline_dag.py:97} INFO - Inserted batch 2/3
[2025-10-20T05:54:18.020+0000] {events_pipeline_dag.py:97} INFO - Inserted batch 3/3
[2025-10-20T05:54:18.021+0000] {events_pipeline_dag.py:100} INFO - ✓ Successfully loaded 2398 rows into ClickHouse
[2025-10-20T05:54:18.026+0000] {python.py:237} INFO - Done. Returned value was: 2398
[2025-10-20T05:54:18.026+0000] {taskinstance.py:441} INFO - ::group::Post task execution logs
[2025-10-20T05:54:18.031+0000] {taskinstance.py:1206} INFO - Marking task as SUCCESS. dag_id=events_analytics_pipeline, task_id=extract_and_load_to_clickhouse, run_id=manual__2025-10-20T05:54:16.013037+00:00, execution_date=20251020T055416, start_date=20251020T055417, end_date=20251020T055418
[2025-10-20T05:54:18.052+0000] {local_task_job_runner.py:240} INFO - Task exited with return code 0
[2025-10-20T05:54:18.061+0000] {taskinstance.py:3503} INFO - 1 downstream tasks scheduled from follow-on schedule check
[2025-10-20T05:54:18.061+0000] {local_task_job_runner.py:222} INFO - ::endgroup::
