[2025-10-17T02:02:33.599+0000] {taskinstance.py:1956} INFO - Dependencies all met for dep_context=non-requeueable deps ti=<TaskInstance: events_analytics_pipeline.extract_and_load_to_clickhouse scheduled__2025-10-17T01:00:00+00:00 [queued]>
[2025-10-17T02:02:33.602+0000] {taskinstance.py:1956} INFO - Dependencies all met for dep_context=requeueable deps ti=<TaskInstance: events_analytics_pipeline.extract_and_load_to_clickhouse scheduled__2025-10-17T01:00:00+00:00 [queued]>
[2025-10-17T02:02:33.602+0000] {taskinstance.py:2170} INFO - Starting attempt 1 of 3
[2025-10-17T02:02:33.607+0000] {taskinstance.py:2191} INFO - Executing <Task(PythonOperator): extract_and_load_to_clickhouse> on 2025-10-17 01:00:00+00:00
[2025-10-17T02:02:33.610+0000] {standard_task_runner.py:60} INFO - Started process 401 to run task
[2025-10-17T02:02:33.612+0000] {standard_task_runner.py:87} INFO - Running: ['airflow', 'tasks', 'run', 'events_analytics_pipeline', 'extract_and_load_to_clickhouse', 'scheduled__2025-10-17T01:00:00+00:00', '--job-id', '35', '--raw', '--subdir', 'DAGS_FOLDER/events_pipeline_dag.py', '--cfg-path', '/tmp/tmplcd105dy']
[2025-10-17T02:02:33.613+0000] {standard_task_runner.py:88} INFO - Job 35: Subtask extract_and_load_to_clickhouse
[2025-10-17T02:02:33.637+0000] {task_command.py:423} INFO - Running <TaskInstance: events_analytics_pipeline.extract_and_load_to_clickhouse scheduled__2025-10-17T01:00:00+00:00 [running]> on host d7067dead38a
[2025-10-17T02:02:33.666+0000] {taskinstance.py:2480} INFO - Exporting env vars: AIRFLOW_CTX_DAG_OWNER='data-team' AIRFLOW_CTX_DAG_ID='events_analytics_pipeline' AIRFLOW_CTX_TASK_ID='extract_and_load_to_clickhouse' AIRFLOW_CTX_EXECUTION_DATE='2025-10-17T01:00:00+00:00' AIRFLOW_CTX_TRY_NUMBER='1' AIRFLOW_CTX_DAG_RUN_ID='scheduled__2025-10-17T01:00:00+00:00'
[2025-10-17T02:02:33.667+0000] {events_pipeline_dag.py:68} INFO - Connecting to PostgreSQL...
[2025-10-17T02:02:33.668+0000] {events_pipeline_dag.py:71} INFO - Extracting data from PostgreSQL...
[2025-10-17T02:02:33.948+0000] {events_pipeline_dag.py:82} INFO - Extracted 21300 rows from PostgreSQL
[2025-10-17T02:02:33.948+0000] {events_pipeline_dag.py:84} INFO - Connecting to ClickHouse...
[2025-10-17T02:02:33.948+0000] {events_pipeline_dag.py:87} INFO - Clearing existing data...
[2025-10-17T02:02:33.951+0000] {events_pipeline_dag.py:90} INFO - Loading data into ClickHouse...
[2025-10-17T02:02:33.958+0000] {events_pipeline_dag.py:97} INFO - Inserted batch 1/22
[2025-10-17T02:02:33.963+0000] {events_pipeline_dag.py:97} INFO - Inserted batch 2/22
[2025-10-17T02:02:33.967+0000] {events_pipeline_dag.py:97} INFO - Inserted batch 3/22
[2025-10-17T02:02:33.972+0000] {events_pipeline_dag.py:97} INFO - Inserted batch 4/22
[2025-10-17T02:02:33.976+0000] {events_pipeline_dag.py:97} INFO - Inserted batch 5/22
[2025-10-17T02:02:33.981+0000] {events_pipeline_dag.py:97} INFO - Inserted batch 6/22
[2025-10-17T02:02:33.986+0000] {events_pipeline_dag.py:97} INFO - Inserted batch 7/22
[2025-10-17T02:02:33.991+0000] {events_pipeline_dag.py:97} INFO - Inserted batch 8/22
[2025-10-17T02:02:33.995+0000] {events_pipeline_dag.py:97} INFO - Inserted batch 9/22
[2025-10-17T02:02:34.000+0000] {events_pipeline_dag.py:97} INFO - Inserted batch 10/22
[2025-10-17T02:02:34.004+0000] {events_pipeline_dag.py:97} INFO - Inserted batch 11/22
[2025-10-17T02:02:34.010+0000] {events_pipeline_dag.py:97} INFO - Inserted batch 12/22
[2025-10-17T02:02:34.016+0000] {events_pipeline_dag.py:97} INFO - Inserted batch 13/22
[2025-10-17T02:02:34.021+0000] {events_pipeline_dag.py:97} INFO - Inserted batch 14/22
[2025-10-17T02:02:34.026+0000] {events_pipeline_dag.py:97} INFO - Inserted batch 15/22
[2025-10-17T02:02:34.032+0000] {events_pipeline_dag.py:97} INFO - Inserted batch 16/22
[2025-10-17T02:02:34.038+0000] {events_pipeline_dag.py:97} INFO - Inserted batch 17/22
[2025-10-17T02:02:34.045+0000] {events_pipeline_dag.py:97} INFO - Inserted batch 18/22
[2025-10-17T02:02:34.050+0000] {events_pipeline_dag.py:97} INFO - Inserted batch 19/22
[2025-10-17T02:02:34.055+0000] {events_pipeline_dag.py:97} INFO - Inserted batch 20/22
[2025-10-17T02:02:34.059+0000] {events_pipeline_dag.py:97} INFO - Inserted batch 21/22
[2025-10-17T02:02:34.061+0000] {events_pipeline_dag.py:97} INFO - Inserted batch 22/22
[2025-10-17T02:02:34.063+0000] {events_pipeline_dag.py:100} INFO - ✓ Successfully loaded 21300 rows into ClickHouse
[2025-10-17T02:02:34.075+0000] {python.py:201} INFO - Done. Returned value was: 21300
[2025-10-17T02:02:34.082+0000] {taskinstance.py:1138} INFO - Marking task as SUCCESS. dag_id=events_analytics_pipeline, task_id=extract_and_load_to_clickhouse, execution_date=20251017T010000, start_date=20251017T020233, end_date=20251017T020234
[2025-10-17T02:02:34.124+0000] {local_task_job_runner.py:234} INFO - Task exited with return code 0
[2025-10-17T02:02:34.136+0000] {taskinstance.py:3280} INFO - 1 downstream tasks scheduled from follow-on schedule check
