[2025-10-14T16:02:36.735+0000] {taskinstance.py:1956} INFO - Dependencies all met for dep_context=non-requeueable deps ti=<TaskInstance: events_analytics_pipeline.dbt_run scheduled__2025-10-14T15:00:00+00:00 [queued]>
[2025-10-14T16:02:36.739+0000] {taskinstance.py:1956} INFO - Dependencies all met for dep_context=requeueable deps ti=<TaskInstance: events_analytics_pipeline.dbt_run scheduled__2025-10-14T15:00:00+00:00 [queued]>
[2025-10-14T16:02:36.739+0000] {taskinstance.py:2170} INFO - Starting attempt 1 of 3
[2025-10-14T16:02:36.742+0000] {taskinstance.py:2191} INFO - Executing <Task(BashOperator): dbt_run> on 2025-10-14 15:00:00+00:00
[2025-10-14T16:02:36.745+0000] {standard_task_runner.py:60} INFO - Started process 2773 to run task
[2025-10-14T16:02:36.747+0000] {standard_task_runner.py:87} INFO - Running: ['***', 'tasks', 'run', 'events_analytics_pipeline', 'dbt_run', 'scheduled__2025-10-14T15:00:00+00:00', '--job-id', '153', '--raw', '--subdir', 'DAGS_FOLDER/events_pipeline_dag.py', '--cfg-path', '/tmp/tmpwfktwxf4']
[2025-10-14T16:02:36.748+0000] {standard_task_runner.py:88} INFO - Job 153: Subtask dbt_run
[2025-10-14T16:02:36.765+0000] {task_command.py:423} INFO - Running <TaskInstance: events_analytics_pipeline.dbt_run scheduled__2025-10-14T15:00:00+00:00 [running]> on host 7fd364930f15
[2025-10-14T16:02:36.791+0000] {taskinstance.py:2480} INFO - Exporting env vars: AIRFLOW_CTX_DAG_OWNER='data-team' AIRFLOW_CTX_DAG_ID='events_analytics_pipeline' AIRFLOW_CTX_TASK_ID='dbt_run' AIRFLOW_CTX_EXECUTION_DATE='2025-10-14T15:00:00+00:00' AIRFLOW_CTX_TRY_NUMBER='1' AIRFLOW_CTX_DAG_RUN_ID='scheduled__2025-10-14T15:00:00+00:00'
[2025-10-14T16:02:36.792+0000] {subprocess.py:63} INFO - Tmp dir root location: /tmp
[2025-10-14T16:02:36.792+0000] {subprocess.py:75} INFO - Running command: ['/usr/bin/bash', '-c', 'cd /opt/***/event_gen && /home/***/.local/bin/dbt run --profiles-dir /opt/***/.dbt --project-dir /opt/***/event_gen']
[2025-10-14T16:02:36.797+0000] {subprocess.py:86} INFO - Output:
[2025-10-14T16:02:37.398+0000] {subprocess.py:93} INFO - [0m16:02:37  Running with dbt=1.10.13
[2025-10-14T16:02:37.487+0000] {subprocess.py:93} INFO - [0m16:02:37  Registered adapter: clickhouse=1.9.4
[2025-10-14T16:02:37.657+0000] {subprocess.py:93} INFO - [0m16:02:37  Found 4 models, 30 data tests, 1 source, 599 macros
[2025-10-14T16:02:37.658+0000] {subprocess.py:93} INFO - [0m16:02:37
[2025-10-14T16:02:37.659+0000] {subprocess.py:93} INFO - [0m16:02:37  Concurrency: 4 threads (target='dev')
[2025-10-14T16:02:37.659+0000] {subprocess.py:93} INFO - [0m16:02:37
[2025-10-14T16:02:37.770+0000] {subprocess.py:93} INFO - [0m16:02:37  1 of 4 START sql view model `analytics`.`stg_events` ........................... [RUN]
[2025-10-14T16:02:37.805+0000] {subprocess.py:93} INFO - [0m16:02:37  1 of 4 OK created sql view model `analytics`.`stg_events` ...................... [[32mOK[0m in 0.03s]
[2025-10-14T16:02:37.807+0000] {subprocess.py:93} INFO - [0m16:02:37  2 of 4 START sql table model `analytics`.`dim_pages` ........................... [RUN]
[2025-10-14T16:02:37.807+0000] {subprocess.py:93} INFO - [0m16:02:37  3 of 4 START sql table model `analytics`.`dim_users` ........................... [RUN]
[2025-10-14T16:02:37.808+0000] {subprocess.py:93} INFO - [0m16:02:37  4 of 4 START sql table model `analytics`.`fct_events` .......................... [RUN]
[2025-10-14T16:02:37.914+0000] {subprocess.py:93} INFO - [0m16:02:37  4 of 4 OK created sql table model `analytics`.`fct_events` ..................... [[32mOK[0m in 0.10s]
[2025-10-14T16:02:37.916+0000] {subprocess.py:93} INFO - [0m16:02:37  2 of 4 OK created sql table model `analytics`.`dim_pages` ...................... [[32mOK[0m in 0.11s]
[2025-10-14T16:02:37.932+0000] {subprocess.py:93} INFO - [0m16:02:37  3 of 4 OK created sql table model `analytics`.`dim_users` ...................... [[32mOK[0m in 0.12s]
[2025-10-14T16:02:37.936+0000] {subprocess.py:93} INFO - [0m16:02:37
[2025-10-14T16:02:37.936+0000] {subprocess.py:93} INFO - [0m16:02:37  Finished running 3 table models, 1 view model in 0 hours 0 minutes and 0.28 seconds (0.28s).
[2025-10-14T16:02:37.963+0000] {subprocess.py:93} INFO - [0m16:02:37
[2025-10-14T16:02:37.963+0000] {subprocess.py:93} INFO - [0m16:02:37  [32mCompleted successfully[0m
[2025-10-14T16:02:37.964+0000] {subprocess.py:93} INFO - [0m16:02:37
[2025-10-14T16:02:37.964+0000] {subprocess.py:93} INFO - [0m16:02:37  Done. PASS=4 WARN=0 ERROR=0 SKIP=0 NO-OP=0 TOTAL=4
[2025-10-14T16:02:39.331+0000] {subprocess.py:97} INFO - Command exited with return code 0
[2025-10-14T16:02:39.342+0000] {taskinstance.py:1138} INFO - Marking task as SUCCESS. dag_id=events_analytics_pipeline, task_id=dbt_run, execution_date=20251014T150000, start_date=20251014T160236, end_date=20251014T160239
[2025-10-14T16:02:39.369+0000] {local_task_job_runner.py:234} INFO - Task exited with return code 0
[2025-10-14T16:02:39.379+0000] {taskinstance.py:3280} INFO - 1 downstream tasks scheduled from follow-on schedule check
