[2025-10-20T08:06:45.971+0000] {local_task_job_runner.py:120} INFO - ::group::Pre task execution logs
[2025-10-20T08:06:45.980+0000] {taskinstance.py:2076} INFO - Dependencies all met for dep_context=non-requeueable deps ti=<TaskInstance: events_analytics_pipeline.setup_clickhouse_schema scheduled__2025-10-20T07:00:00+00:00 [queued]>
[2025-10-20T08:06:45.983+0000] {taskinstance.py:2076} INFO - Dependencies all met for dep_context=requeueable deps ti=<TaskInstance: events_analytics_pipeline.setup_clickhouse_schema scheduled__2025-10-20T07:00:00+00:00 [queued]>
[2025-10-20T08:06:45.983+0000] {taskinstance.py:2306} INFO - Starting attempt 1 of 3
[2025-10-20T08:06:45.986+0000] {taskinstance.py:2330} INFO - Executing <Task(PythonOperator): setup_clickhouse_schema> on 2025-10-20 07:00:00+00:00
[2025-10-20T08:06:45.989+0000] {standard_task_runner.py:63} INFO - Started process 2477 to run task
[2025-10-20T08:06:45.991+0000] {standard_task_runner.py:90} INFO - Running: ['***', 'tasks', 'run', 'events_analytics_pipeline', 'setup_clickhouse_schema', 'scheduled__2025-10-20T07:00:00+00:00', '--job-id', '67', '--raw', '--subdir', 'DAGS_FOLDER/events_pipeline_dag.py', '--cfg-path', '/tmp/tmpk2bqdphr']
[2025-10-20T08:06:45.992+0000] {standard_task_runner.py:91} INFO - Job 67: Subtask setup_clickhouse_schema
[2025-10-20T08:06:46.009+0000] {task_command.py:426} INFO - Running <TaskInstance: events_analytics_pipeline.setup_clickhouse_schema scheduled__2025-10-20T07:00:00+00:00 [running]> on host 0d320e139cdc
[2025-10-20T08:06:46.039+0000] {taskinstance.py:2648} INFO - Exporting env vars: AIRFLOW_CTX_DAG_OWNER='data-team' AIRFLOW_CTX_DAG_ID='events_analytics_pipeline' AIRFLOW_CTX_TASK_ID='setup_clickhouse_schema' AIRFLOW_CTX_EXECUTION_DATE='2025-10-20T07:00:00+00:00' AIRFLOW_CTX_TRY_NUMBER='1' AIRFLOW_CTX_DAG_RUN_ID='scheduled__2025-10-20T07:00:00+00:00'
[2025-10-20T08:06:46.040+0000] {taskinstance.py:430} INFO - ::endgroup::
[2025-10-20T08:06:46.045+0000] {events_pipeline_dag.py:38} INFO - Connecting to ClickHouse...
[2025-10-20T08:06:46.045+0000] {events_pipeline_dag.py:41} INFO - Creating database...
[2025-10-20T08:06:46.047+0000] {events_pipeline_dag.py:44} INFO - Creating raw events table...
[2025-10-20T08:06:46.048+0000] {events_pipeline_dag.py:59} INFO - ✓ ClickHouse schema setup complete
[2025-10-20T08:06:46.048+0000] {python.py:237} INFO - Done. Returned value was: None
[2025-10-20T08:06:46.049+0000] {taskinstance.py:441} INFO - ::group::Post task execution logs
[2025-10-20T08:06:46.054+0000] {taskinstance.py:1206} INFO - Marking task as SUCCESS. dag_id=events_analytics_pipeline, task_id=setup_clickhouse_schema, run_id=scheduled__2025-10-20T07:00:00+00:00, execution_date=20251020T070000, start_date=20251020T080645, end_date=20251020T080646
[2025-10-20T08:06:46.091+0000] {local_task_job_runner.py:240} INFO - Task exited with return code 0
[2025-10-20T08:06:46.102+0000] {taskinstance.py:3503} INFO - 1 downstream tasks scheduled from follow-on schedule check
[2025-10-20T08:06:46.102+0000] {local_task_job_runner.py:222} INFO - ::endgroup::
