[2025-10-15T00:14:04.355+0000] {processor.py:161} INFO - Started process (PID=1305) to work on /opt/airflow/dags/events_pipeline_dag.py
[2025-10-15T00:14:04.356+0000] {processor.py:830} INFO - Processing file /opt/airflow/dags/events_pipeline_dag.py for tasks to queue
[2025-10-15T00:14:04.357+0000] {logging_mixin.py:188} INFO - [2025-10-15T00:14:04.357+0000] {dagbag.py:538} INFO - Filling up the DagBag from /opt/airflow/dags/events_pipeline_dag.py
[2025-10-15T00:14:04.801+0000] {processor.py:840} INFO - DAG(s) 'events_analytics_pipeline' retrieved from /opt/airflow/dags/events_pipeline_dag.py
[2025-10-15T00:14:04.815+0000] {logging_mixin.py:188} INFO - [2025-10-15T00:14:04.815+0000] {dag.py:3036} INFO - Sync 1 DAGs
[2025-10-15T00:14:04.827+0000] {logging_mixin.py:188} INFO - [2025-10-15T00:14:04.827+0000] {dag.py:3823} INFO - Setting next_dagrun for events_analytics_pipeline to 2025-10-14 23:00:00+00:00, run_after=2025-10-15 00:00:00+00:00
[2025-10-15T00:14:04.834+0000] {processor.py:183} INFO - Processing /opt/airflow/dags/events_pipeline_dag.py took 0.483 seconds
[2025-10-15T00:14:35.055+0000] {processor.py:161} INFO - Started process (PID=1317) to work on /opt/airflow/dags/events_pipeline_dag.py
[2025-10-15T00:14:35.056+0000] {processor.py:830} INFO - Processing file /opt/airflow/dags/events_pipeline_dag.py for tasks to queue
[2025-10-15T00:14:35.057+0000] {logging_mixin.py:188} INFO - [2025-10-15T00:14:35.056+0000] {dagbag.py:538} INFO - Filling up the DagBag from /opt/airflow/dags/events_pipeline_dag.py
[2025-10-15T00:14:35.476+0000] {processor.py:840} INFO - DAG(s) 'events_analytics_pipeline' retrieved from /opt/airflow/dags/events_pipeline_dag.py
[2025-10-15T00:14:35.502+0000] {logging_mixin.py:188} INFO - [2025-10-15T00:14:35.502+0000] {dag.py:3036} INFO - Sync 1 DAGs
[2025-10-15T00:14:35.524+0000] {logging_mixin.py:188} INFO - [2025-10-15T00:14:35.524+0000] {dag.py:3823} INFO - Setting next_dagrun for events_analytics_pipeline to 2025-10-14 23:00:00+00:00, run_after=2025-10-15 00:00:00+00:00
[2025-10-15T00:14:35.536+0000] {processor.py:183} INFO - Processing /opt/airflow/dags/events_pipeline_dag.py took 0.488 seconds
[2025-10-15T00:15:05.771+0000] {processor.py:161} INFO - Started process (PID=1329) to work on /opt/airflow/dags/events_pipeline_dag.py
[2025-10-15T00:15:05.773+0000] {processor.py:830} INFO - Processing file /opt/airflow/dags/events_pipeline_dag.py for tasks to queue
[2025-10-15T00:15:05.774+0000] {logging_mixin.py:188} INFO - [2025-10-15T00:15:05.773+0000] {dagbag.py:538} INFO - Filling up the DagBag from /opt/airflow/dags/events_pipeline_dag.py
[2025-10-15T00:15:06.029+0000] {processor.py:840} INFO - DAG(s) 'events_analytics_pipeline' retrieved from /opt/airflow/dags/events_pipeline_dag.py
[2025-10-15T00:15:06.045+0000] {logging_mixin.py:188} INFO - [2025-10-15T00:15:06.044+0000] {dag.py:3036} INFO - Sync 1 DAGs
[2025-10-15T00:15:06.054+0000] {logging_mixin.py:188} INFO - [2025-10-15T00:15:06.054+0000] {dag.py:3823} INFO - Setting next_dagrun for events_analytics_pipeline to 2025-10-14 23:00:00+00:00, run_after=2025-10-15 00:00:00+00:00
[2025-10-15T00:15:06.061+0000] {processor.py:183} INFO - Processing /opt/airflow/dags/events_pipeline_dag.py took 0.294 seconds
[2025-10-15T00:15:36.292+0000] {processor.py:161} INFO - Started process (PID=1341) to work on /opt/airflow/dags/events_pipeline_dag.py
[2025-10-15T00:15:36.295+0000] {processor.py:830} INFO - Processing file /opt/airflow/dags/events_pipeline_dag.py for tasks to queue
[2025-10-15T00:15:36.296+0000] {logging_mixin.py:188} INFO - [2025-10-15T00:15:36.295+0000] {dagbag.py:538} INFO - Filling up the DagBag from /opt/airflow/dags/events_pipeline_dag.py
[2025-10-15T00:15:36.481+0000] {processor.py:840} INFO - DAG(s) 'events_analytics_pipeline' retrieved from /opt/airflow/dags/events_pipeline_dag.py
[2025-10-15T00:15:36.496+0000] {logging_mixin.py:188} INFO - [2025-10-15T00:15:36.496+0000] {dag.py:3036} INFO - Sync 1 DAGs
[2025-10-15T00:15:36.507+0000] {logging_mixin.py:188} INFO - [2025-10-15T00:15:36.506+0000] {dag.py:3823} INFO - Setting next_dagrun for events_analytics_pipeline to 2025-10-14 23:00:00+00:00, run_after=2025-10-15 00:00:00+00:00
[2025-10-15T00:15:36.513+0000] {processor.py:183} INFO - Processing /opt/airflow/dags/events_pipeline_dag.py took 0.234 seconds
[2025-10-15T00:16:06.683+0000] {processor.py:161} INFO - Started process (PID=1353) to work on /opt/airflow/dags/events_pipeline_dag.py
[2025-10-15T00:16:06.685+0000] {processor.py:830} INFO - Processing file /opt/airflow/dags/events_pipeline_dag.py for tasks to queue
[2025-10-15T00:16:06.686+0000] {logging_mixin.py:188} INFO - [2025-10-15T00:16:06.685+0000] {dagbag.py:538} INFO - Filling up the DagBag from /opt/airflow/dags/events_pipeline_dag.py
[2025-10-15T00:16:06.913+0000] {processor.py:840} INFO - DAG(s) 'events_analytics_pipeline' retrieved from /opt/airflow/dags/events_pipeline_dag.py
[2025-10-15T00:16:06.931+0000] {logging_mixin.py:188} INFO - [2025-10-15T00:16:06.931+0000] {dag.py:3036} INFO - Sync 1 DAGs
[2025-10-15T00:16:06.954+0000] {logging_mixin.py:188} INFO - [2025-10-15T00:16:06.954+0000] {dag.py:3823} INFO - Setting next_dagrun for events_analytics_pipeline to 2025-10-14 23:00:00+00:00, run_after=2025-10-15 00:00:00+00:00
[2025-10-15T00:16:06.963+0000] {processor.py:183} INFO - Processing /opt/airflow/dags/events_pipeline_dag.py took 0.284 seconds
[2025-10-15T00:16:18.770+0000] {processor.py:161} INFO - Started process (PID=1365) to work on /opt/airflow/dags/events_pipeline_dag.py
[2025-10-15T00:16:18.770+0000] {processor.py:830} INFO - Processing file /opt/airflow/dags/events_pipeline_dag.py for tasks to queue
[2025-10-15T00:16:18.771+0000] {logging_mixin.py:188} INFO - [2025-10-15T00:16:18.771+0000] {dagbag.py:538} INFO - Filling up the DagBag from /opt/airflow/dags/events_pipeline_dag.py
[2025-10-15T00:16:18.932+0000] {processor.py:840} INFO - DAG(s) 'events_analytics_pipeline' retrieved from /opt/airflow/dags/events_pipeline_dag.py
[2025-10-15T00:16:18.943+0000] {logging_mixin.py:188} INFO - [2025-10-15T00:16:18.943+0000] {dag.py:3036} INFO - Sync 1 DAGs
[2025-10-15T00:16:18.951+0000] {logging_mixin.py:188} INFO - [2025-10-15T00:16:18.951+0000] {dag.py:3823} INFO - Setting next_dagrun for events_analytics_pipeline to 2025-10-14 23:00:00+00:00, run_after=2025-10-15 00:00:00+00:00
[2025-10-15T00:16:18.960+0000] {processor.py:183} INFO - Processing /opt/airflow/dags/events_pipeline_dag.py took 0.197 seconds
[2025-10-15T00:16:49.139+0000] {processor.py:161} INFO - Started process (PID=1389) to work on /opt/airflow/dags/events_pipeline_dag.py
[2025-10-15T00:16:49.140+0000] {processor.py:830} INFO - Processing file /opt/airflow/dags/events_pipeline_dag.py for tasks to queue
[2025-10-15T00:16:49.141+0000] {logging_mixin.py:188} INFO - [2025-10-15T00:16:49.140+0000] {dagbag.py:538} INFO - Filling up the DagBag from /opt/airflow/dags/events_pipeline_dag.py
[2025-10-15T00:16:49.346+0000] {processor.py:840} INFO - DAG(s) 'events_analytics_pipeline' retrieved from /opt/airflow/dags/events_pipeline_dag.py
[2025-10-15T00:16:49.367+0000] {logging_mixin.py:188} INFO - [2025-10-15T00:16:49.367+0000] {dag.py:3036} INFO - Sync 1 DAGs
[2025-10-15T00:16:49.377+0000] {logging_mixin.py:188} INFO - [2025-10-15T00:16:49.377+0000] {dag.py:3823} INFO - Setting next_dagrun for events_analytics_pipeline to 2025-10-14 23:00:00+00:00, run_after=2025-10-15 00:00:00+00:00
[2025-10-15T00:16:49.385+0000] {processor.py:183} INFO - Processing /opt/airflow/dags/events_pipeline_dag.py took 0.250 seconds
[2025-10-15T00:17:19.584+0000] {processor.py:161} INFO - Started process (PID=1401) to work on /opt/airflow/dags/events_pipeline_dag.py
[2025-10-15T00:17:19.585+0000] {processor.py:830} INFO - Processing file /opt/airflow/dags/events_pipeline_dag.py for tasks to queue
[2025-10-15T00:17:19.586+0000] {logging_mixin.py:188} INFO - [2025-10-15T00:17:19.586+0000] {dagbag.py:538} INFO - Filling up the DagBag from /opt/airflow/dags/events_pipeline_dag.py
[2025-10-15T00:17:19.779+0000] {processor.py:840} INFO - DAG(s) 'events_analytics_pipeline' retrieved from /opt/airflow/dags/events_pipeline_dag.py
[2025-10-15T00:17:19.792+0000] {logging_mixin.py:188} INFO - [2025-10-15T00:17:19.792+0000] {dag.py:3036} INFO - Sync 1 DAGs
[2025-10-15T00:17:19.808+0000] {logging_mixin.py:188} INFO - [2025-10-15T00:17:19.808+0000] {dag.py:3823} INFO - Setting next_dagrun for events_analytics_pipeline to 2025-10-14 23:00:00+00:00, run_after=2025-10-15 00:00:00+00:00
[2025-10-15T00:17:19.817+0000] {processor.py:183} INFO - Processing /opt/airflow/dags/events_pipeline_dag.py took 0.238 seconds
[2025-10-15T00:17:50.021+0000] {processor.py:161} INFO - Started process (PID=1413) to work on /opt/airflow/dags/events_pipeline_dag.py
[2025-10-15T00:17:50.022+0000] {processor.py:830} INFO - Processing file /opt/airflow/dags/events_pipeline_dag.py for tasks to queue
[2025-10-15T00:17:50.023+0000] {logging_mixin.py:188} INFO - [2025-10-15T00:17:50.023+0000] {dagbag.py:538} INFO - Filling up the DagBag from /opt/airflow/dags/events_pipeline_dag.py
[2025-10-15T00:17:50.249+0000] {processor.py:840} INFO - DAG(s) 'events_analytics_pipeline' retrieved from /opt/airflow/dags/events_pipeline_dag.py
[2025-10-15T00:17:50.276+0000] {logging_mixin.py:188} INFO - [2025-10-15T00:17:50.276+0000] {dag.py:3036} INFO - Sync 1 DAGs
[2025-10-15T00:17:50.288+0000] {logging_mixin.py:188} INFO - [2025-10-15T00:17:50.288+0000] {dag.py:3823} INFO - Setting next_dagrun for events_analytics_pipeline to 2025-10-14 23:00:00+00:00, run_after=2025-10-15 00:00:00+00:00
[2025-10-15T00:17:50.296+0000] {processor.py:183} INFO - Processing /opt/airflow/dags/events_pipeline_dag.py took 0.280 seconds
[2025-10-15T00:18:20.471+0000] {processor.py:161} INFO - Started process (PID=1427) to work on /opt/airflow/dags/events_pipeline_dag.py
[2025-10-15T00:18:20.472+0000] {processor.py:830} INFO - Processing file /opt/airflow/dags/events_pipeline_dag.py for tasks to queue
[2025-10-15T00:18:20.473+0000] {logging_mixin.py:188} INFO - [2025-10-15T00:18:20.472+0000] {dagbag.py:538} INFO - Filling up the DagBag from /opt/airflow/dags/events_pipeline_dag.py
[2025-10-15T00:18:20.622+0000] {processor.py:840} INFO - DAG(s) 'events_analytics_pipeline' retrieved from /opt/airflow/dags/events_pipeline_dag.py
[2025-10-15T00:18:20.632+0000] {logging_mixin.py:188} INFO - [2025-10-15T00:18:20.632+0000] {dag.py:3036} INFO - Sync 1 DAGs
[2025-10-15T00:18:20.640+0000] {logging_mixin.py:188} INFO - [2025-10-15T00:18:20.640+0000] {dag.py:3823} INFO - Setting next_dagrun for events_analytics_pipeline to 2025-10-14 23:00:00+00:00, run_after=2025-10-15 00:00:00+00:00
[2025-10-15T00:18:20.646+0000] {processor.py:183} INFO - Processing /opt/airflow/dags/events_pipeline_dag.py took 0.177 seconds
[2025-10-15T00:18:50.854+0000] {processor.py:161} INFO - Started process (PID=1442) to work on /opt/airflow/dags/events_pipeline_dag.py
[2025-10-15T00:18:50.855+0000] {processor.py:830} INFO - Processing file /opt/airflow/dags/events_pipeline_dag.py for tasks to queue
[2025-10-15T00:18:50.856+0000] {logging_mixin.py:188} INFO - [2025-10-15T00:18:50.855+0000] {dagbag.py:538} INFO - Filling up the DagBag from /opt/airflow/dags/events_pipeline_dag.py
[2025-10-15T00:18:51.060+0000] {processor.py:840} INFO - DAG(s) 'events_analytics_pipeline' retrieved from /opt/airflow/dags/events_pipeline_dag.py
[2025-10-15T00:18:51.079+0000] {logging_mixin.py:188} INFO - [2025-10-15T00:18:51.079+0000] {dag.py:3036} INFO - Sync 1 DAGs
[2025-10-15T00:18:51.089+0000] {logging_mixin.py:188} INFO - [2025-10-15T00:18:51.089+0000] {dag.py:3823} INFO - Setting next_dagrun for events_analytics_pipeline to 2025-10-14 23:00:00+00:00, run_after=2025-10-15 00:00:00+00:00
[2025-10-15T00:18:51.097+0000] {processor.py:183} INFO - Processing /opt/airflow/dags/events_pipeline_dag.py took 0.247 seconds
[2025-10-15T00:19:21.299+0000] {processor.py:161} INFO - Started process (PID=1454) to work on /opt/airflow/dags/events_pipeline_dag.py
[2025-10-15T00:19:21.301+0000] {processor.py:830} INFO - Processing file /opt/airflow/dags/events_pipeline_dag.py for tasks to queue
[2025-10-15T00:19:21.302+0000] {logging_mixin.py:188} INFO - [2025-10-15T00:19:21.302+0000] {dagbag.py:538} INFO - Filling up the DagBag from /opt/airflow/dags/events_pipeline_dag.py
[2025-10-15T00:19:21.457+0000] {processor.py:840} INFO - DAG(s) 'events_analytics_pipeline' retrieved from /opt/airflow/dags/events_pipeline_dag.py
[2025-10-15T00:19:21.468+0000] {logging_mixin.py:188} INFO - [2025-10-15T00:19:21.468+0000] {dag.py:3036} INFO - Sync 1 DAGs
[2025-10-15T00:19:21.476+0000] {logging_mixin.py:188} INFO - [2025-10-15T00:19:21.476+0000] {dag.py:3823} INFO - Setting next_dagrun for events_analytics_pipeline to 2025-10-14 23:00:00+00:00, run_after=2025-10-15 00:00:00+00:00
[2025-10-15T00:19:21.484+0000] {processor.py:183} INFO - Processing /opt/airflow/dags/events_pipeline_dag.py took 0.188 seconds
[2025-10-15T00:19:51.514+0000] {processor.py:161} INFO - Started process (PID=1466) to work on /opt/airflow/dags/events_pipeline_dag.py
[2025-10-15T00:19:51.514+0000] {processor.py:830} INFO - Processing file /opt/airflow/dags/events_pipeline_dag.py for tasks to queue
[2025-10-15T00:19:51.515+0000] {logging_mixin.py:188} INFO - [2025-10-15T00:19:51.515+0000] {dagbag.py:538} INFO - Filling up the DagBag from /opt/airflow/dags/events_pipeline_dag.py
[2025-10-15T00:19:51.740+0000] {processor.py:840} INFO - DAG(s) 'events_analytics_pipeline' retrieved from /opt/airflow/dags/events_pipeline_dag.py
[2025-10-15T00:19:51.758+0000] {logging_mixin.py:188} INFO - [2025-10-15T00:19:51.758+0000] {dag.py:3036} INFO - Sync 1 DAGs
[2025-10-15T00:19:51.772+0000] {logging_mixin.py:188} INFO - [2025-10-15T00:19:51.772+0000] {dag.py:3823} INFO - Setting next_dagrun for events_analytics_pipeline to 2025-10-14 23:00:00+00:00, run_after=2025-10-15 00:00:00+00:00
[2025-10-15T00:19:51.784+0000] {processor.py:183} INFO - Processing /opt/airflow/dags/events_pipeline_dag.py took 0.278 seconds
[2025-10-15T00:20:21.885+0000] {processor.py:161} INFO - Started process (PID=1478) to work on /opt/airflow/dags/events_pipeline_dag.py
[2025-10-15T00:20:21.889+0000] {processor.py:830} INFO - Processing file /opt/airflow/dags/events_pipeline_dag.py for tasks to queue
[2025-10-15T00:20:21.894+0000] {logging_mixin.py:188} INFO - [2025-10-15T00:20:21.892+0000] {dagbag.py:538} INFO - Filling up the DagBag from /opt/airflow/dags/events_pipeline_dag.py
[2025-10-15T00:20:22.117+0000] {processor.py:840} INFO - DAG(s) 'events_analytics_pipeline' retrieved from /opt/airflow/dags/events_pipeline_dag.py
[2025-10-15T00:20:22.140+0000] {logging_mixin.py:188} INFO - [2025-10-15T00:20:22.140+0000] {dag.py:3036} INFO - Sync 1 DAGs
[2025-10-15T00:20:22.151+0000] {logging_mixin.py:188} INFO - [2025-10-15T00:20:22.151+0000] {dag.py:3823} INFO - Setting next_dagrun for events_analytics_pipeline to 2025-10-14 23:00:00+00:00, run_after=2025-10-15 00:00:00+00:00
[2025-10-15T00:20:22.160+0000] {processor.py:183} INFO - Processing /opt/airflow/dags/events_pipeline_dag.py took 0.286 seconds
[2025-10-15T00:20:52.368+0000] {processor.py:161} INFO - Started process (PID=1490) to work on /opt/airflow/dags/events_pipeline_dag.py
[2025-10-15T00:20:52.369+0000] {processor.py:830} INFO - Processing file /opt/airflow/dags/events_pipeline_dag.py for tasks to queue
[2025-10-15T00:20:52.370+0000] {logging_mixin.py:188} INFO - [2025-10-15T00:20:52.370+0000] {dagbag.py:538} INFO - Filling up the DagBag from /opt/airflow/dags/events_pipeline_dag.py
[2025-10-15T00:20:52.588+0000] {processor.py:840} INFO - DAG(s) 'events_analytics_pipeline' retrieved from /opt/airflow/dags/events_pipeline_dag.py
[2025-10-15T00:20:52.604+0000] {logging_mixin.py:188} INFO - [2025-10-15T00:20:52.604+0000] {dag.py:3036} INFO - Sync 1 DAGs
[2025-10-15T00:20:52.616+0000] {logging_mixin.py:188} INFO - [2025-10-15T00:20:52.616+0000] {dag.py:3823} INFO - Setting next_dagrun for events_analytics_pipeline to 2025-10-14 23:00:00+00:00, run_after=2025-10-15 00:00:00+00:00
[2025-10-15T00:20:52.623+0000] {processor.py:183} INFO - Processing /opt/airflow/dags/events_pipeline_dag.py took 0.261 seconds
[2025-10-15T00:21:22.812+0000] {processor.py:161} INFO - Started process (PID=1502) to work on /opt/airflow/dags/events_pipeline_dag.py
[2025-10-15T00:21:22.814+0000] {processor.py:830} INFO - Processing file /opt/airflow/dags/events_pipeline_dag.py for tasks to queue
[2025-10-15T00:21:22.815+0000] {logging_mixin.py:188} INFO - [2025-10-15T00:21:22.815+0000] {dagbag.py:538} INFO - Filling up the DagBag from /opt/airflow/dags/events_pipeline_dag.py
[2025-10-15T00:21:23.143+0000] {processor.py:840} INFO - DAG(s) 'events_analytics_pipeline' retrieved from /opt/airflow/dags/events_pipeline_dag.py
[2025-10-15T00:21:23.163+0000] {logging_mixin.py:188} INFO - [2025-10-15T00:21:23.162+0000] {dag.py:3036} INFO - Sync 1 DAGs
[2025-10-15T00:21:23.191+0000] {logging_mixin.py:188} INFO - [2025-10-15T00:21:23.190+0000] {dag.py:3823} INFO - Setting next_dagrun for events_analytics_pipeline to 2025-10-14 23:00:00+00:00, run_after=2025-10-15 00:00:00+00:00
[2025-10-15T00:21:23.203+0000] {processor.py:183} INFO - Processing /opt/airflow/dags/events_pipeline_dag.py took 0.395 seconds
[2025-10-15T00:21:36.720+0000] {processor.py:161} INFO - Started process (PID=170) to work on /opt/airflow/dags/events_pipeline_dag.py
[2025-10-15T00:21:36.721+0000] {processor.py:830} INFO - Processing file /opt/airflow/dags/events_pipeline_dag.py for tasks to queue
[2025-10-15T00:21:36.722+0000] {logging_mixin.py:188} INFO - [2025-10-15T00:21:36.722+0000] {dagbag.py:538} INFO - Filling up the DagBag from /opt/airflow/dags/events_pipeline_dag.py
[2025-10-15T00:21:36.964+0000] {processor.py:840} INFO - DAG(s) 'events_analytics_pipeline' retrieved from /opt/airflow/dags/events_pipeline_dag.py
[2025-10-15T00:21:36.983+0000] {logging_mixin.py:188} INFO - [2025-10-15T00:21:36.983+0000] {dag.py:3036} INFO - Sync 1 DAGs
[2025-10-15T00:21:36.993+0000] {logging_mixin.py:188} INFO - [2025-10-15T00:21:36.993+0000] {dag.py:3823} INFO - Setting next_dagrun for events_analytics_pipeline to 2025-10-14 23:00:00+00:00, run_after=2025-10-15 00:00:00+00:00
[2025-10-15T00:21:37.002+0000] {processor.py:183} INFO - Processing /opt/airflow/dags/events_pipeline_dag.py took 0.284 seconds
[2025-10-15T00:22:07.180+0000] {processor.py:161} INFO - Started process (PID=195) to work on /opt/airflow/dags/events_pipeline_dag.py
[2025-10-15T00:22:07.181+0000] {processor.py:830} INFO - Processing file /opt/airflow/dags/events_pipeline_dag.py for tasks to queue
[2025-10-15T00:22:07.181+0000] {logging_mixin.py:188} INFO - [2025-10-15T00:22:07.181+0000] {dagbag.py:538} INFO - Filling up the DagBag from /opt/airflow/dags/events_pipeline_dag.py
[2025-10-15T00:22:07.352+0000] {processor.py:840} INFO - DAG(s) 'events_analytics_pipeline' retrieved from /opt/airflow/dags/events_pipeline_dag.py
[2025-10-15T00:22:07.369+0000] {logging_mixin.py:188} INFO - [2025-10-15T00:22:07.369+0000] {dag.py:3036} INFO - Sync 1 DAGs
[2025-10-15T00:22:07.377+0000] {logging_mixin.py:188} INFO - [2025-10-15T00:22:07.377+0000] {dag.py:3823} INFO - Setting next_dagrun for events_analytics_pipeline to 2025-10-15 00:00:00+00:00, run_after=2025-10-15 01:00:00+00:00
[2025-10-15T00:22:07.384+0000] {processor.py:183} INFO - Processing /opt/airflow/dags/events_pipeline_dag.py took 0.207 seconds
[2025-10-15T00:22:37.405+0000] {processor.py:161} INFO - Started process (PID=213) to work on /opt/airflow/dags/events_pipeline_dag.py
[2025-10-15T00:22:37.406+0000] {processor.py:830} INFO - Processing file /opt/airflow/dags/events_pipeline_dag.py for tasks to queue
[2025-10-15T00:22:37.406+0000] {logging_mixin.py:188} INFO - [2025-10-15T00:22:37.406+0000] {dagbag.py:538} INFO - Filling up the DagBag from /opt/airflow/dags/events_pipeline_dag.py
[2025-10-15T00:22:37.595+0000] {processor.py:840} INFO - DAG(s) 'events_analytics_pipeline' retrieved from /opt/airflow/dags/events_pipeline_dag.py
[2025-10-15T00:22:37.610+0000] {logging_mixin.py:188} INFO - [2025-10-15T00:22:37.610+0000] {dag.py:3036} INFO - Sync 1 DAGs
[2025-10-15T00:22:37.621+0000] {logging_mixin.py:188} INFO - [2025-10-15T00:22:37.621+0000] {dag.py:3823} INFO - Setting next_dagrun for events_analytics_pipeline to 2025-10-15 00:00:00+00:00, run_after=2025-10-15 01:00:00+00:00
[2025-10-15T00:22:37.628+0000] {processor.py:183} INFO - Processing /opt/airflow/dags/events_pipeline_dag.py took 0.225 seconds
[2025-10-15T00:23:07.747+0000] {processor.py:161} INFO - Started process (PID=225) to work on /opt/airflow/dags/events_pipeline_dag.py
[2025-10-15T00:23:07.748+0000] {processor.py:830} INFO - Processing file /opt/airflow/dags/events_pipeline_dag.py for tasks to queue
[2025-10-15T00:23:07.748+0000] {logging_mixin.py:188} INFO - [2025-10-15T00:23:07.748+0000] {dagbag.py:538} INFO - Filling up the DagBag from /opt/airflow/dags/events_pipeline_dag.py
[2025-10-15T00:23:07.907+0000] {processor.py:840} INFO - DAG(s) 'events_analytics_pipeline' retrieved from /opt/airflow/dags/events_pipeline_dag.py
[2025-10-15T00:23:07.921+0000] {logging_mixin.py:188} INFO - [2025-10-15T00:23:07.921+0000] {dag.py:3036} INFO - Sync 1 DAGs
[2025-10-15T00:23:07.932+0000] {logging_mixin.py:188} INFO - [2025-10-15T00:23:07.932+0000] {dag.py:3823} INFO - Setting next_dagrun for events_analytics_pipeline to 2025-10-15 00:00:00+00:00, run_after=2025-10-15 01:00:00+00:00
[2025-10-15T00:23:07.941+0000] {processor.py:183} INFO - Processing /opt/airflow/dags/events_pipeline_dag.py took 0.196 seconds
[2025-10-15T00:23:38.011+0000] {processor.py:161} INFO - Started process (PID=237) to work on /opt/airflow/dags/events_pipeline_dag.py
[2025-10-15T00:23:38.012+0000] {processor.py:830} INFO - Processing file /opt/airflow/dags/events_pipeline_dag.py for tasks to queue
[2025-10-15T00:23:38.013+0000] {logging_mixin.py:188} INFO - [2025-10-15T00:23:38.012+0000] {dagbag.py:538} INFO - Filling up the DagBag from /opt/airflow/dags/events_pipeline_dag.py
[2025-10-15T00:23:38.240+0000] {processor.py:840} INFO - DAG(s) 'events_analytics_pipeline' retrieved from /opt/airflow/dags/events_pipeline_dag.py
[2025-10-15T00:23:38.257+0000] {logging_mixin.py:188} INFO - [2025-10-15T00:23:38.257+0000] {dag.py:3036} INFO - Sync 1 DAGs
[2025-10-15T00:23:38.269+0000] {logging_mixin.py:188} INFO - [2025-10-15T00:23:38.269+0000] {dag.py:3823} INFO - Setting next_dagrun for events_analytics_pipeline to 2025-10-15 00:00:00+00:00, run_after=2025-10-15 01:00:00+00:00
[2025-10-15T00:23:38.276+0000] {processor.py:183} INFO - Processing /opt/airflow/dags/events_pipeline_dag.py took 0.269 seconds
[2025-10-15T00:23:47.201+0000] {processor.py:161} INFO - Started process (PID=243) to work on /opt/airflow/dags/events_pipeline_dag.py
[2025-10-15T00:23:47.203+0000] {processor.py:830} INFO - Processing file /opt/airflow/dags/events_pipeline_dag.py for tasks to queue
[2025-10-15T00:23:47.204+0000] {logging_mixin.py:188} INFO - [2025-10-15T00:23:47.203+0000] {dagbag.py:538} INFO - Filling up the DagBag from /opt/airflow/dags/events_pipeline_dag.py
[2025-10-15T00:23:47.460+0000] {processor.py:840} INFO - DAG(s) 'events_analytics_pipeline' retrieved from /opt/airflow/dags/events_pipeline_dag.py
[2025-10-15T00:23:47.499+0000] {logging_mixin.py:188} INFO - [2025-10-15T00:23:47.499+0000] {dag.py:3036} INFO - Sync 1 DAGs
[2025-10-15T00:23:47.585+0000] {logging_mixin.py:188} INFO - [2025-10-15T00:23:47.585+0000] {dag.py:3823} INFO - Setting next_dagrun for events_analytics_pipeline to 2025-10-15 00:00:00+00:00, run_after=2025-10-15 01:00:00+00:00
[2025-10-15T00:23:47.602+0000] {processor.py:183} INFO - Processing /opt/airflow/dags/events_pipeline_dag.py took 0.408 seconds
[2025-10-15T00:24:17.850+0000] {processor.py:161} INFO - Started process (PID=255) to work on /opt/airflow/dags/events_pipeline_dag.py
[2025-10-15T00:24:17.853+0000] {processor.py:830} INFO - Processing file /opt/airflow/dags/events_pipeline_dag.py for tasks to queue
[2025-10-15T00:24:17.856+0000] {logging_mixin.py:188} INFO - [2025-10-15T00:24:17.854+0000] {dagbag.py:538} INFO - Filling up the DagBag from /opt/airflow/dags/events_pipeline_dag.py
[2025-10-15T00:24:18.349+0000] {processor.py:840} INFO - DAG(s) 'events_analytics_pipeline' retrieved from /opt/airflow/dags/events_pipeline_dag.py
[2025-10-15T00:24:18.378+0000] {logging_mixin.py:188} INFO - [2025-10-15T00:24:18.378+0000] {dag.py:3036} INFO - Sync 1 DAGs
[2025-10-15T00:24:18.396+0000] {logging_mixin.py:188} INFO - [2025-10-15T00:24:18.396+0000] {dag.py:3823} INFO - Setting next_dagrun for events_analytics_pipeline to 2025-10-15 00:00:00+00:00, run_after=2025-10-15 01:00:00+00:00
[2025-10-15T00:24:18.408+0000] {processor.py:183} INFO - Processing /opt/airflow/dags/events_pipeline_dag.py took 0.568 seconds
[2025-10-15T00:24:48.583+0000] {processor.py:161} INFO - Started process (PID=267) to work on /opt/airflow/dags/events_pipeline_dag.py
[2025-10-15T00:24:48.584+0000] {processor.py:830} INFO - Processing file /opt/airflow/dags/events_pipeline_dag.py for tasks to queue
[2025-10-15T00:24:48.585+0000] {logging_mixin.py:188} INFO - [2025-10-15T00:24:48.584+0000] {dagbag.py:538} INFO - Filling up the DagBag from /opt/airflow/dags/events_pipeline_dag.py
[2025-10-15T00:24:48.809+0000] {processor.py:840} INFO - DAG(s) 'events_analytics_pipeline' retrieved from /opt/airflow/dags/events_pipeline_dag.py
[2025-10-15T00:24:48.828+0000] {logging_mixin.py:188} INFO - [2025-10-15T00:24:48.828+0000] {dag.py:3036} INFO - Sync 1 DAGs
[2025-10-15T00:24:48.842+0000] {logging_mixin.py:188} INFO - [2025-10-15T00:24:48.842+0000] {dag.py:3823} INFO - Setting next_dagrun for events_analytics_pipeline to 2025-10-15 00:00:00+00:00, run_after=2025-10-15 01:00:00+00:00
[2025-10-15T00:24:48.852+0000] {processor.py:183} INFO - Processing /opt/airflow/dags/events_pipeline_dag.py took 0.271 seconds
[2025-10-15T00:25:19.028+0000] {processor.py:161} INFO - Started process (PID=279) to work on /opt/airflow/dags/events_pipeline_dag.py
[2025-10-15T00:25:19.029+0000] {processor.py:830} INFO - Processing file /opt/airflow/dags/events_pipeline_dag.py for tasks to queue
[2025-10-15T00:25:19.030+0000] {logging_mixin.py:188} INFO - [2025-10-15T00:25:19.029+0000] {dagbag.py:538} INFO - Filling up the DagBag from /opt/airflow/dags/events_pipeline_dag.py
[2025-10-15T00:25:19.238+0000] {processor.py:840} INFO - DAG(s) 'events_analytics_pipeline' retrieved from /opt/airflow/dags/events_pipeline_dag.py
[2025-10-15T00:25:19.251+0000] {logging_mixin.py:188} INFO - [2025-10-15T00:25:19.251+0000] {dag.py:3036} INFO - Sync 1 DAGs
[2025-10-15T00:25:19.261+0000] {logging_mixin.py:188} INFO - [2025-10-15T00:25:19.261+0000] {dag.py:3823} INFO - Setting next_dagrun for events_analytics_pipeline to 2025-10-15 00:00:00+00:00, run_after=2025-10-15 01:00:00+00:00
[2025-10-15T00:25:19.269+0000] {processor.py:183} INFO - Processing /opt/airflow/dags/events_pipeline_dag.py took 0.244 seconds
[2025-10-15T00:25:49.445+0000] {processor.py:161} INFO - Started process (PID=291) to work on /opt/airflow/dags/events_pipeline_dag.py
[2025-10-15T00:25:49.446+0000] {processor.py:830} INFO - Processing file /opt/airflow/dags/events_pipeline_dag.py for tasks to queue
[2025-10-15T00:25:49.447+0000] {logging_mixin.py:188} INFO - [2025-10-15T00:25:49.446+0000] {dagbag.py:538} INFO - Filling up the DagBag from /opt/airflow/dags/events_pipeline_dag.py
[2025-10-15T00:25:49.605+0000] {processor.py:840} INFO - DAG(s) 'events_analytics_pipeline' retrieved from /opt/airflow/dags/events_pipeline_dag.py
[2025-10-15T00:25:49.616+0000] {logging_mixin.py:188} INFO - [2025-10-15T00:25:49.615+0000] {dag.py:3036} INFO - Sync 1 DAGs
[2025-10-15T00:25:49.624+0000] {logging_mixin.py:188} INFO - [2025-10-15T00:25:49.624+0000] {dag.py:3823} INFO - Setting next_dagrun for events_analytics_pipeline to 2025-10-15 00:00:00+00:00, run_after=2025-10-15 01:00:00+00:00
[2025-10-15T00:25:49.630+0000] {processor.py:183} INFO - Processing /opt/airflow/dags/events_pipeline_dag.py took 0.187 seconds
[2025-10-15T00:26:19.664+0000] {processor.py:161} INFO - Started process (PID=303) to work on /opt/airflow/dags/events_pipeline_dag.py
[2025-10-15T00:26:19.665+0000] {processor.py:830} INFO - Processing file /opt/airflow/dags/events_pipeline_dag.py for tasks to queue
[2025-10-15T00:26:19.666+0000] {logging_mixin.py:188} INFO - [2025-10-15T00:26:19.665+0000] {dagbag.py:538} INFO - Filling up the DagBag from /opt/airflow/dags/events_pipeline_dag.py
[2025-10-15T00:26:19.850+0000] {processor.py:840} INFO - DAG(s) 'events_analytics_pipeline' retrieved from /opt/airflow/dags/events_pipeline_dag.py
[2025-10-15T00:26:19.862+0000] {logging_mixin.py:188} INFO - [2025-10-15T00:26:19.862+0000] {dag.py:3036} INFO - Sync 1 DAGs
[2025-10-15T00:26:19.872+0000] {logging_mixin.py:188} INFO - [2025-10-15T00:26:19.872+0000] {dag.py:3823} INFO - Setting next_dagrun for events_analytics_pipeline to 2025-10-15 00:00:00+00:00, run_after=2025-10-15 01:00:00+00:00
[2025-10-15T00:26:19.879+0000] {processor.py:183} INFO - Processing /opt/airflow/dags/events_pipeline_dag.py took 0.220 seconds
[2025-10-15T00:26:50.029+0000] {processor.py:161} INFO - Started process (PID=315) to work on /opt/airflow/dags/events_pipeline_dag.py
[2025-10-15T00:26:50.031+0000] {processor.py:830} INFO - Processing file /opt/airflow/dags/events_pipeline_dag.py for tasks to queue
[2025-10-15T00:26:50.031+0000] {logging_mixin.py:188} INFO - [2025-10-15T00:26:50.031+0000] {dagbag.py:538} INFO - Filling up the DagBag from /opt/airflow/dags/events_pipeline_dag.py
[2025-10-15T00:26:50.248+0000] {processor.py:840} INFO - DAG(s) 'events_analytics_pipeline' retrieved from /opt/airflow/dags/events_pipeline_dag.py
[2025-10-15T00:26:50.262+0000] {logging_mixin.py:188} INFO - [2025-10-15T00:26:50.262+0000] {dag.py:3036} INFO - Sync 1 DAGs
[2025-10-15T00:26:50.272+0000] {logging_mixin.py:188} INFO - [2025-10-15T00:26:50.272+0000] {dag.py:3823} INFO - Setting next_dagrun for events_analytics_pipeline to 2025-10-15 00:00:00+00:00, run_after=2025-10-15 01:00:00+00:00
[2025-10-15T00:26:50.283+0000] {processor.py:183} INFO - Processing /opt/airflow/dags/events_pipeline_dag.py took 0.259 seconds
[2025-10-15T00:27:20.476+0000] {processor.py:161} INFO - Started process (PID=333) to work on /opt/airflow/dags/events_pipeline_dag.py
[2025-10-15T00:27:20.476+0000] {processor.py:830} INFO - Processing file /opt/airflow/dags/events_pipeline_dag.py for tasks to queue
[2025-10-15T00:27:20.477+0000] {logging_mixin.py:188} INFO - [2025-10-15T00:27:20.477+0000] {dagbag.py:538} INFO - Filling up the DagBag from /opt/airflow/dags/events_pipeline_dag.py
[2025-10-15T00:27:20.695+0000] {processor.py:840} INFO - DAG(s) 'events_analytics_pipeline' retrieved from /opt/airflow/dags/events_pipeline_dag.py
[2025-10-15T00:27:20.708+0000] {logging_mixin.py:188} INFO - [2025-10-15T00:27:20.708+0000] {dag.py:3036} INFO - Sync 1 DAGs
[2025-10-15T00:27:20.719+0000] {logging_mixin.py:188} INFO - [2025-10-15T00:27:20.719+0000] {dag.py:3823} INFO - Setting next_dagrun for events_analytics_pipeline to 2025-10-15 00:00:00+00:00, run_after=2025-10-15 01:00:00+00:00
[2025-10-15T00:27:20.727+0000] {processor.py:183} INFO - Processing /opt/airflow/dags/events_pipeline_dag.py took 0.254 seconds
[2025-10-15T00:27:50.931+0000] {processor.py:161} INFO - Started process (PID=345) to work on /opt/airflow/dags/events_pipeline_dag.py
[2025-10-15T00:27:50.932+0000] {processor.py:830} INFO - Processing file /opt/airflow/dags/events_pipeline_dag.py for tasks to queue
[2025-10-15T00:27:50.933+0000] {logging_mixin.py:188} INFO - [2025-10-15T00:27:50.932+0000] {dagbag.py:538} INFO - Filling up the DagBag from /opt/airflow/dags/events_pipeline_dag.py
[2025-10-15T00:27:51.109+0000] {processor.py:840} INFO - DAG(s) 'events_analytics_pipeline' retrieved from /opt/airflow/dags/events_pipeline_dag.py
[2025-10-15T00:27:51.123+0000] {logging_mixin.py:188} INFO - [2025-10-15T00:27:51.123+0000] {dag.py:3036} INFO - Sync 1 DAGs
[2025-10-15T00:27:51.135+0000] {logging_mixin.py:188} INFO - [2025-10-15T00:27:51.135+0000] {dag.py:3823} INFO - Setting next_dagrun for events_analytics_pipeline to 2025-10-15 00:00:00+00:00, run_after=2025-10-15 01:00:00+00:00
[2025-10-15T00:27:51.146+0000] {processor.py:183} INFO - Processing /opt/airflow/dags/events_pipeline_dag.py took 0.217 seconds
[2025-10-15T00:28:21.299+0000] {processor.py:161} INFO - Started process (PID=357) to work on /opt/airflow/dags/events_pipeline_dag.py
[2025-10-15T00:28:21.300+0000] {processor.py:830} INFO - Processing file /opt/airflow/dags/events_pipeline_dag.py for tasks to queue
[2025-10-15T00:28:21.300+0000] {logging_mixin.py:188} INFO - [2025-10-15T00:28:21.300+0000] {dagbag.py:538} INFO - Filling up the DagBag from /opt/airflow/dags/events_pipeline_dag.py
[2025-10-15T00:28:21.481+0000] {processor.py:840} INFO - DAG(s) 'events_analytics_pipeline' retrieved from /opt/airflow/dags/events_pipeline_dag.py
[2025-10-15T00:28:21.498+0000] {logging_mixin.py:188} INFO - [2025-10-15T00:28:21.498+0000] {dag.py:3036} INFO - Sync 1 DAGs
[2025-10-15T00:28:21.508+0000] {logging_mixin.py:188} INFO - [2025-10-15T00:28:21.508+0000] {dag.py:3823} INFO - Setting next_dagrun for events_analytics_pipeline to 2025-10-15 00:00:00+00:00, run_after=2025-10-15 01:00:00+00:00
[2025-10-15T00:28:21.515+0000] {processor.py:183} INFO - Processing /opt/airflow/dags/events_pipeline_dag.py took 0.218 seconds
[2025-10-15T00:28:51.725+0000] {processor.py:161} INFO - Started process (PID=369) to work on /opt/airflow/dags/events_pipeline_dag.py
[2025-10-15T00:28:51.725+0000] {processor.py:830} INFO - Processing file /opt/airflow/dags/events_pipeline_dag.py for tasks to queue
[2025-10-15T00:28:51.726+0000] {logging_mixin.py:188} INFO - [2025-10-15T00:28:51.726+0000] {dagbag.py:538} INFO - Filling up the DagBag from /opt/airflow/dags/events_pipeline_dag.py
[2025-10-15T00:28:51.881+0000] {processor.py:840} INFO - DAG(s) 'events_analytics_pipeline' retrieved from /opt/airflow/dags/events_pipeline_dag.py
[2025-10-15T00:28:51.892+0000] {logging_mixin.py:188} INFO - [2025-10-15T00:28:51.892+0000] {dag.py:3036} INFO - Sync 1 DAGs
[2025-10-15T00:28:51.900+0000] {logging_mixin.py:188} INFO - [2025-10-15T00:28:51.900+0000] {dag.py:3823} INFO - Setting next_dagrun for events_analytics_pipeline to 2025-10-15 00:00:00+00:00, run_after=2025-10-15 01:00:00+00:00
[2025-10-15T00:28:51.907+0000] {processor.py:183} INFO - Processing /opt/airflow/dags/events_pipeline_dag.py took 0.185 seconds
[2025-10-15T00:29:21.946+0000] {processor.py:161} INFO - Started process (PID=381) to work on /opt/airflow/dags/events_pipeline_dag.py
[2025-10-15T00:29:21.947+0000] {processor.py:830} INFO - Processing file /opt/airflow/dags/events_pipeline_dag.py for tasks to queue
[2025-10-15T00:29:21.948+0000] {logging_mixin.py:188} INFO - [2025-10-15T00:29:21.947+0000] {dagbag.py:538} INFO - Filling up the DagBag from /opt/airflow/dags/events_pipeline_dag.py
[2025-10-15T00:29:22.117+0000] {processor.py:840} INFO - DAG(s) 'events_analytics_pipeline' retrieved from /opt/airflow/dags/events_pipeline_dag.py
[2025-10-15T00:29:22.133+0000] {logging_mixin.py:188} INFO - [2025-10-15T00:29:22.133+0000] {dag.py:3036} INFO - Sync 1 DAGs
[2025-10-15T00:29:22.142+0000] {logging_mixin.py:188} INFO - [2025-10-15T00:29:22.142+0000] {dag.py:3823} INFO - Setting next_dagrun for events_analytics_pipeline to 2025-10-15 00:00:00+00:00, run_after=2025-10-15 01:00:00+00:00
[2025-10-15T00:29:22.149+0000] {processor.py:183} INFO - Processing /opt/airflow/dags/events_pipeline_dag.py took 0.205 seconds
[2025-10-15T00:29:52.299+0000] {processor.py:161} INFO - Started process (PID=393) to work on /opt/airflow/dags/events_pipeline_dag.py
[2025-10-15T00:29:52.302+0000] {processor.py:830} INFO - Processing file /opt/airflow/dags/events_pipeline_dag.py for tasks to queue
[2025-10-15T00:29:52.306+0000] {logging_mixin.py:188} INFO - [2025-10-15T00:29:52.304+0000] {dagbag.py:538} INFO - Filling up the DagBag from /opt/airflow/dags/events_pipeline_dag.py
[2025-10-15T00:29:52.572+0000] {processor.py:840} INFO - DAG(s) 'events_analytics_pipeline' retrieved from /opt/airflow/dags/events_pipeline_dag.py
[2025-10-15T00:29:52.590+0000] {logging_mixin.py:188} INFO - [2025-10-15T00:29:52.590+0000] {dag.py:3036} INFO - Sync 1 DAGs
[2025-10-15T00:29:52.611+0000] {logging_mixin.py:188} INFO - [2025-10-15T00:29:52.611+0000] {dag.py:3823} INFO - Setting next_dagrun for events_analytics_pipeline to 2025-10-15 00:00:00+00:00, run_after=2025-10-15 01:00:00+00:00
[2025-10-15T00:29:52.620+0000] {processor.py:183} INFO - Processing /opt/airflow/dags/events_pipeline_dag.py took 0.327 seconds
[2025-10-15T00:30:22.768+0000] {processor.py:161} INFO - Started process (PID=405) to work on /opt/airflow/dags/events_pipeline_dag.py
[2025-10-15T00:30:22.768+0000] {processor.py:830} INFO - Processing file /opt/airflow/dags/events_pipeline_dag.py for tasks to queue
[2025-10-15T00:30:22.769+0000] {logging_mixin.py:188} INFO - [2025-10-15T00:30:22.769+0000] {dagbag.py:538} INFO - Filling up the DagBag from /opt/airflow/dags/events_pipeline_dag.py
[2025-10-15T00:30:22.961+0000] {processor.py:840} INFO - DAG(s) 'events_analytics_pipeline' retrieved from /opt/airflow/dags/events_pipeline_dag.py
[2025-10-15T00:30:22.973+0000] {logging_mixin.py:188} INFO - [2025-10-15T00:30:22.973+0000] {dag.py:3036} INFO - Sync 1 DAGs
[2025-10-15T00:30:22.982+0000] {logging_mixin.py:188} INFO - [2025-10-15T00:30:22.982+0000] {dag.py:3823} INFO - Setting next_dagrun for events_analytics_pipeline to 2025-10-15 00:00:00+00:00, run_after=2025-10-15 01:00:00+00:00
[2025-10-15T00:30:22.988+0000] {processor.py:183} INFO - Processing /opt/airflow/dags/events_pipeline_dag.py took 0.223 seconds
[2025-10-15T00:30:53.131+0000] {processor.py:161} INFO - Started process (PID=417) to work on /opt/airflow/dags/events_pipeline_dag.py
[2025-10-15T00:30:53.131+0000] {processor.py:830} INFO - Processing file /opt/airflow/dags/events_pipeline_dag.py for tasks to queue
[2025-10-15T00:30:53.132+0000] {logging_mixin.py:188} INFO - [2025-10-15T00:30:53.132+0000] {dagbag.py:538} INFO - Filling up the DagBag from /opt/airflow/dags/events_pipeline_dag.py
[2025-10-15T00:30:53.271+0000] {processor.py:840} INFO - DAG(s) 'events_analytics_pipeline' retrieved from /opt/airflow/dags/events_pipeline_dag.py
[2025-10-15T00:30:53.281+0000] {logging_mixin.py:188} INFO - [2025-10-15T00:30:53.281+0000] {dag.py:3036} INFO - Sync 1 DAGs
[2025-10-15T00:30:53.289+0000] {logging_mixin.py:188} INFO - [2025-10-15T00:30:53.289+0000] {dag.py:3823} INFO - Setting next_dagrun for events_analytics_pipeline to 2025-10-15 00:00:00+00:00, run_after=2025-10-15 01:00:00+00:00
[2025-10-15T00:30:53.295+0000] {processor.py:183} INFO - Processing /opt/airflow/dags/events_pipeline_dag.py took 0.166 seconds
[2025-10-15T00:31:23.450+0000] {processor.py:161} INFO - Started process (PID=429) to work on /opt/airflow/dags/events_pipeline_dag.py
[2025-10-15T00:31:23.451+0000] {processor.py:830} INFO - Processing file /opt/airflow/dags/events_pipeline_dag.py for tasks to queue
[2025-10-15T00:31:23.452+0000] {logging_mixin.py:188} INFO - [2025-10-15T00:31:23.451+0000] {dagbag.py:538} INFO - Filling up the DagBag from /opt/airflow/dags/events_pipeline_dag.py
[2025-10-15T00:31:23.598+0000] {processor.py:840} INFO - DAG(s) 'events_analytics_pipeline' retrieved from /opt/airflow/dags/events_pipeline_dag.py
[2025-10-15T00:31:23.607+0000] {logging_mixin.py:188} INFO - [2025-10-15T00:31:23.607+0000] {dag.py:3036} INFO - Sync 1 DAGs
[2025-10-15T00:31:23.615+0000] {logging_mixin.py:188} INFO - [2025-10-15T00:31:23.615+0000] {dag.py:3823} INFO - Setting next_dagrun for events_analytics_pipeline to 2025-10-15 00:00:00+00:00, run_after=2025-10-15 01:00:00+00:00
[2025-10-15T00:31:23.621+0000] {processor.py:183} INFO - Processing /opt/airflow/dags/events_pipeline_dag.py took 0.174 seconds
[2025-10-15T00:31:53.793+0000] {processor.py:161} INFO - Started process (PID=441) to work on /opt/airflow/dags/events_pipeline_dag.py
[2025-10-15T00:31:53.793+0000] {processor.py:830} INFO - Processing file /opt/airflow/dags/events_pipeline_dag.py for tasks to queue
[2025-10-15T00:31:53.794+0000] {logging_mixin.py:188} INFO - [2025-10-15T00:31:53.794+0000] {dagbag.py:538} INFO - Filling up the DagBag from /opt/airflow/dags/events_pipeline_dag.py
[2025-10-15T00:31:53.948+0000] {processor.py:840} INFO - DAG(s) 'events_analytics_pipeline' retrieved from /opt/airflow/dags/events_pipeline_dag.py
[2025-10-15T00:31:53.959+0000] {logging_mixin.py:188} INFO - [2025-10-15T00:31:53.959+0000] {dag.py:3036} INFO - Sync 1 DAGs
[2025-10-15T00:31:53.968+0000] {logging_mixin.py:188} INFO - [2025-10-15T00:31:53.968+0000] {dag.py:3823} INFO - Setting next_dagrun for events_analytics_pipeline to 2025-10-15 00:00:00+00:00, run_after=2025-10-15 01:00:00+00:00
[2025-10-15T00:31:53.975+0000] {processor.py:183} INFO - Processing /opt/airflow/dags/events_pipeline_dag.py took 0.184 seconds
[2025-10-15T00:32:24.006+0000] {processor.py:161} INFO - Started process (PID=459) to work on /opt/airflow/dags/events_pipeline_dag.py
[2025-10-15T00:32:24.008+0000] {processor.py:830} INFO - Processing file /opt/airflow/dags/events_pipeline_dag.py for tasks to queue
[2025-10-15T00:32:24.009+0000] {logging_mixin.py:188} INFO - [2025-10-15T00:32:24.009+0000] {dagbag.py:538} INFO - Filling up the DagBag from /opt/airflow/dags/events_pipeline_dag.py
[2025-10-15T00:32:24.191+0000] {processor.py:840} INFO - DAG(s) 'events_analytics_pipeline' retrieved from /opt/airflow/dags/events_pipeline_dag.py
[2025-10-15T00:32:24.206+0000] {logging_mixin.py:188} INFO - [2025-10-15T00:32:24.205+0000] {dag.py:3036} INFO - Sync 1 DAGs
[2025-10-15T00:32:24.217+0000] {logging_mixin.py:188} INFO - [2025-10-15T00:32:24.217+0000] {dag.py:3823} INFO - Setting next_dagrun for events_analytics_pipeline to 2025-10-15 00:00:00+00:00, run_after=2025-10-15 01:00:00+00:00
[2025-10-15T00:32:24.225+0000] {processor.py:183} INFO - Processing /opt/airflow/dags/events_pipeline_dag.py took 0.223 seconds
[2025-10-15T00:32:54.359+0000] {processor.py:161} INFO - Started process (PID=471) to work on /opt/airflow/dags/events_pipeline_dag.py
[2025-10-15T00:32:54.360+0000] {processor.py:830} INFO - Processing file /opt/airflow/dags/events_pipeline_dag.py for tasks to queue
[2025-10-15T00:32:54.362+0000] {logging_mixin.py:188} INFO - [2025-10-15T00:32:54.361+0000] {dagbag.py:538} INFO - Filling up the DagBag from /opt/airflow/dags/events_pipeline_dag.py
[2025-10-15T00:32:54.512+0000] {processor.py:840} INFO - DAG(s) 'events_analytics_pipeline' retrieved from /opt/airflow/dags/events_pipeline_dag.py
[2025-10-15T00:32:54.523+0000] {logging_mixin.py:188} INFO - [2025-10-15T00:32:54.523+0000] {dag.py:3036} INFO - Sync 1 DAGs
[2025-10-15T00:32:54.531+0000] {logging_mixin.py:188} INFO - [2025-10-15T00:32:54.531+0000] {dag.py:3823} INFO - Setting next_dagrun for events_analytics_pipeline to 2025-10-15 00:00:00+00:00, run_after=2025-10-15 01:00:00+00:00
[2025-10-15T00:32:54.538+0000] {processor.py:183} INFO - Processing /opt/airflow/dags/events_pipeline_dag.py took 0.183 seconds
[2025-10-15T00:33:24.697+0000] {processor.py:161} INFO - Started process (PID=483) to work on /opt/airflow/dags/events_pipeline_dag.py
[2025-10-15T00:33:24.698+0000] {processor.py:830} INFO - Processing file /opt/airflow/dags/events_pipeline_dag.py for tasks to queue
[2025-10-15T00:33:24.698+0000] {logging_mixin.py:188} INFO - [2025-10-15T00:33:24.698+0000] {dagbag.py:538} INFO - Filling up the DagBag from /opt/airflow/dags/events_pipeline_dag.py
[2025-10-15T00:33:24.841+0000] {processor.py:840} INFO - DAG(s) 'events_analytics_pipeline' retrieved from /opt/airflow/dags/events_pipeline_dag.py
[2025-10-15T00:33:24.854+0000] {logging_mixin.py:188} INFO - [2025-10-15T00:33:24.854+0000] {dag.py:3036} INFO - Sync 1 DAGs
[2025-10-15T00:33:24.863+0000] {logging_mixin.py:188} INFO - [2025-10-15T00:33:24.863+0000] {dag.py:3823} INFO - Setting next_dagrun for events_analytics_pipeline to 2025-10-15 00:00:00+00:00, run_after=2025-10-15 01:00:00+00:00
[2025-10-15T00:33:24.871+0000] {processor.py:183} INFO - Processing /opt/airflow/dags/events_pipeline_dag.py took 0.176 seconds
[2025-10-15T00:33:54.913+0000] {processor.py:161} INFO - Started process (PID=495) to work on /opt/airflow/dags/events_pipeline_dag.py
[2025-10-15T00:33:54.914+0000] {processor.py:830} INFO - Processing file /opt/airflow/dags/events_pipeline_dag.py for tasks to queue
[2025-10-15T00:33:54.915+0000] {logging_mixin.py:188} INFO - [2025-10-15T00:33:54.914+0000] {dagbag.py:538} INFO - Filling up the DagBag from /opt/airflow/dags/events_pipeline_dag.py
[2025-10-15T00:33:55.079+0000] {processor.py:840} INFO - DAG(s) 'events_analytics_pipeline' retrieved from /opt/airflow/dags/events_pipeline_dag.py
[2025-10-15T00:33:55.090+0000] {logging_mixin.py:188} INFO - [2025-10-15T00:33:55.090+0000] {dag.py:3036} INFO - Sync 1 DAGs
[2025-10-15T00:33:55.100+0000] {logging_mixin.py:188} INFO - [2025-10-15T00:33:55.100+0000] {dag.py:3823} INFO - Setting next_dagrun for events_analytics_pipeline to 2025-10-15 00:00:00+00:00, run_after=2025-10-15 01:00:00+00:00
[2025-10-15T00:33:55.107+0000] {processor.py:183} INFO - Processing /opt/airflow/dags/events_pipeline_dag.py took 0.198 seconds
[2025-10-15T00:34:25.247+0000] {processor.py:161} INFO - Started process (PID=507) to work on /opt/airflow/dags/events_pipeline_dag.py
[2025-10-15T00:34:25.248+0000] {processor.py:830} INFO - Processing file /opt/airflow/dags/events_pipeline_dag.py for tasks to queue
[2025-10-15T00:34:25.249+0000] {logging_mixin.py:188} INFO - [2025-10-15T00:34:25.249+0000] {dagbag.py:538} INFO - Filling up the DagBag from /opt/airflow/dags/events_pipeline_dag.py
[2025-10-15T00:34:25.472+0000] {processor.py:840} INFO - DAG(s) 'events_analytics_pipeline' retrieved from /opt/airflow/dags/events_pipeline_dag.py
[2025-10-15T00:34:25.488+0000] {logging_mixin.py:188} INFO - [2025-10-15T00:34:25.488+0000] {dag.py:3036} INFO - Sync 1 DAGs
[2025-10-15T00:34:25.500+0000] {logging_mixin.py:188} INFO - [2025-10-15T00:34:25.500+0000] {dag.py:3823} INFO - Setting next_dagrun for events_analytics_pipeline to 2025-10-15 00:00:00+00:00, run_after=2025-10-15 01:00:00+00:00
[2025-10-15T00:34:25.507+0000] {processor.py:183} INFO - Processing /opt/airflow/dags/events_pipeline_dag.py took 0.263 seconds
[2025-10-15T00:34:55.673+0000] {processor.py:161} INFO - Started process (PID=519) to work on /opt/airflow/dags/events_pipeline_dag.py
[2025-10-15T00:34:55.674+0000] {processor.py:830} INFO - Processing file /opt/airflow/dags/events_pipeline_dag.py for tasks to queue
[2025-10-15T00:34:55.675+0000] {logging_mixin.py:188} INFO - [2025-10-15T00:34:55.674+0000] {dagbag.py:538} INFO - Filling up the DagBag from /opt/airflow/dags/events_pipeline_dag.py
[2025-10-15T00:34:55.881+0000] {processor.py:840} INFO - DAG(s) 'events_analytics_pipeline' retrieved from /opt/airflow/dags/events_pipeline_dag.py
[2025-10-15T00:34:55.896+0000] {logging_mixin.py:188} INFO - [2025-10-15T00:34:55.896+0000] {dag.py:3036} INFO - Sync 1 DAGs
[2025-10-15T00:34:55.907+0000] {logging_mixin.py:188} INFO - [2025-10-15T00:34:55.907+0000] {dag.py:3823} INFO - Setting next_dagrun for events_analytics_pipeline to 2025-10-15 00:00:00+00:00, run_after=2025-10-15 01:00:00+00:00
[2025-10-15T00:34:55.915+0000] {processor.py:183} INFO - Processing /opt/airflow/dags/events_pipeline_dag.py took 0.245 seconds
