[2025-10-13T14:49:00.992+0000] {taskinstance.py:1956} INFO - Dependencies all met for dep_context=non-requeueable deps ti=<TaskInstance: events_analytics_pipeline.extract_and_load_to_clickhouse manual__2025-10-13T14:48:58.664092+00:00 [queued]>
[2025-10-13T14:49:00.994+0000] {taskinstance.py:1956} INFO - Dependencies all met for dep_context=requeueable deps ti=<TaskInstance: events_analytics_pipeline.extract_and_load_to_clickhouse manual__2025-10-13T14:48:58.664092+00:00 [queued]>
[2025-10-13T14:49:00.994+0000] {taskinstance.py:2170} INFO - Starting attempt 1 of 3
[2025-10-13T14:49:00.998+0000] {taskinstance.py:2191} INFO - Executing <Task(PythonOperator): extract_and_load_to_clickhouse> on 2025-10-13 14:48:58.664092+00:00
[2025-10-13T14:49:01.001+0000] {standard_task_runner.py:60} INFO - Started process 200 to run task
[2025-10-13T14:49:01.003+0000] {standard_task_runner.py:87} INFO - Running: ['***', 'tasks', 'run', 'events_analytics_pipeline', 'extract_and_load_to_clickhouse', 'manual__2025-10-13T14:48:58.664092+00:00', '--job-id', '47', '--raw', '--subdir', 'DAGS_FOLDER/events_pipeline_dag.py', '--cfg-path', '/tmp/tmptl7eeiyx']
[2025-10-13T14:49:01.004+0000] {standard_task_runner.py:88} INFO - Job 47: Subtask extract_and_load_to_clickhouse
[2025-10-13T14:49:01.020+0000] {task_command.py:423} INFO - Running <TaskInstance: events_analytics_pipeline.extract_and_load_to_clickhouse manual__2025-10-13T14:48:58.664092+00:00 [running]> on host 7fd364930f15
[2025-10-13T14:49:01.042+0000] {taskinstance.py:2480} INFO - Exporting env vars: AIRFLOW_CTX_DAG_OWNER='data-team' AIRFLOW_CTX_DAG_ID='events_analytics_pipeline' AIRFLOW_CTX_TASK_ID='extract_and_load_to_clickhouse' AIRFLOW_CTX_EXECUTION_DATE='2025-10-13T14:48:58.664092+00:00' AIRFLOW_CTX_TRY_NUMBER='1' AIRFLOW_CTX_DAG_RUN_ID='manual__2025-10-13T14:48:58.664092+00:00'
[2025-10-13T14:49:01.043+0000] {events_pipeline_dag.py:80} INFO - Connecting to PostgreSQL...
[2025-10-13T14:49:01.043+0000] {events_pipeline_dag.py:84} INFO - Extracting data from PostgreSQL...
[2025-10-13T14:49:01.435+0000] {events_pipeline_dag.py:92} INFO - Extracted 21300 rows from PostgreSQL
[2025-10-13T14:49:01.458+0000] {events_pipeline_dag.py:101} INFO - Connecting to ClickHouse...
[2025-10-13T14:49:01.458+0000] {events_pipeline_dag.py:105} INFO - Clearing existing data...
[2025-10-13T14:49:01.464+0000] {events_pipeline_dag.py:109} INFO - Loading data into ClickHouse...
[2025-10-13T14:49:01.554+0000] {events_pipeline_dag.py:119} INFO - ✓ Successfully loaded 21300 rows into ClickHouse
[2025-10-13T14:49:01.568+0000] {python.py:201} INFO - Done. Returned value was: 21300
[2025-10-13T14:49:01.576+0000] {taskinstance.py:1138} INFO - Marking task as SUCCESS. dag_id=events_analytics_pipeline, task_id=extract_and_load_to_clickhouse, execution_date=20251013T144858, start_date=20251013T144900, end_date=20251013T144901
[2025-10-13T14:49:01.595+0000] {local_task_job_runner.py:234} INFO - Task exited with return code 0
[2025-10-13T14:49:01.606+0000] {taskinstance.py:3280} INFO - 1 downstream tasks scheduled from follow-on schedule check
