[2025-10-20T10:07:00.517+0000] {local_task_job_runner.py:120} INFO - ::group::Pre task execution logs
[2025-10-20T10:07:00.535+0000] {taskinstance.py:2076} INFO - Dependencies all met for dep_context=non-requeueable deps ti=<TaskInstance: events_analytics_pipeline.extract_and_load_to_clickhouse scheduled__2025-10-20T09:00:00+00:00 [queued]>
[2025-10-20T10:07:00.540+0000] {taskinstance.py:2076} INFO - Dependencies all met for dep_context=requeueable deps ti=<TaskInstance: events_analytics_pipeline.extract_and_load_to_clickhouse scheduled__2025-10-20T09:00:00+00:00 [queued]>
[2025-10-20T10:07:00.540+0000] {taskinstance.py:2306} INFO - Starting attempt 1 of 3
[2025-10-20T10:07:00.544+0000] {taskinstance.py:2330} INFO - Executing <Task(PythonOperator): extract_and_load_to_clickhouse> on 2025-10-20 09:00:00+00:00
[2025-10-20T10:07:00.547+0000] {standard_task_runner.py:63} INFO - Started process 2664 to run task
[2025-10-20T10:07:00.549+0000] {standard_task_runner.py:90} INFO - Running: ['***', 'tasks', 'run', 'events_analytics_pipeline', 'extract_and_load_to_clickhouse', 'scheduled__2025-10-20T09:00:00+00:00', '--job-id', '80', '--raw', '--subdir', 'DAGS_FOLDER/events_pipeline_dag.py', '--cfg-path', '/tmp/tmp3qw3we39']
[2025-10-20T10:07:00.551+0000] {standard_task_runner.py:91} INFO - Job 80: Subtask extract_and_load_to_clickhouse
[2025-10-20T10:07:00.581+0000] {task_command.py:426} INFO - Running <TaskInstance: events_analytics_pipeline.extract_and_load_to_clickhouse scheduled__2025-10-20T09:00:00+00:00 [running]> on host 0d320e139cdc
[2025-10-20T10:07:00.622+0000] {taskinstance.py:2648} INFO - Exporting env vars: AIRFLOW_CTX_DAG_OWNER='data-team' AIRFLOW_CTX_DAG_ID='events_analytics_pipeline' AIRFLOW_CTX_TASK_ID='extract_and_load_to_clickhouse' AIRFLOW_CTX_EXECUTION_DATE='2025-10-20T09:00:00+00:00' AIRFLOW_CTX_TRY_NUMBER='1' AIRFLOW_CTX_DAG_RUN_ID='scheduled__2025-10-20T09:00:00+00:00'
[2025-10-20T10:07:00.622+0000] {taskinstance.py:430} INFO - ::endgroup::
[2025-10-20T10:07:00.628+0000] {events_pipeline_dag.py:68} INFO - Connecting to PostgreSQL...
[2025-10-20T10:07:00.628+0000] {events_pipeline_dag.py:71} INFO - Extracting data from PostgreSQL...
[2025-10-20T10:07:00.743+0000] {events_pipeline_dag.py:82} INFO - Extracted 5347 rows from PostgreSQL
[2025-10-20T10:07:00.743+0000] {events_pipeline_dag.py:84} INFO - Connecting to ClickHouse...
[2025-10-20T10:07:00.743+0000] {events_pipeline_dag.py:87} INFO - Clearing existing data...
[2025-10-20T10:07:00.747+0000] {events_pipeline_dag.py:90} INFO - Loading data into ClickHouse...
[2025-10-20T10:07:00.754+0000] {events_pipeline_dag.py:97} INFO - Inserted batch 1/6
[2025-10-20T10:07:00.758+0000] {events_pipeline_dag.py:97} INFO - Inserted batch 2/6
[2025-10-20T10:07:00.763+0000] {events_pipeline_dag.py:97} INFO - Inserted batch 3/6
[2025-10-20T10:07:00.767+0000] {events_pipeline_dag.py:97} INFO - Inserted batch 4/6
[2025-10-20T10:07:00.772+0000] {events_pipeline_dag.py:97} INFO - Inserted batch 5/6
[2025-10-20T10:07:00.774+0000] {events_pipeline_dag.py:97} INFO - Inserted batch 6/6
[2025-10-20T10:07:00.776+0000] {events_pipeline_dag.py:100} INFO - ✓ Successfully loaded 5347 rows into ClickHouse
[2025-10-20T10:07:00.782+0000] {python.py:237} INFO - Done. Returned value was: 5347
[2025-10-20T10:07:00.782+0000] {taskinstance.py:441} INFO - ::group::Post task execution logs
[2025-10-20T10:07:00.788+0000] {taskinstance.py:1206} INFO - Marking task as SUCCESS. dag_id=events_analytics_pipeline, task_id=extract_and_load_to_clickhouse, run_id=scheduled__2025-10-20T09:00:00+00:00, execution_date=20251020T090000, start_date=20251020T100700, end_date=20251020T100700
[2025-10-20T10:07:00.819+0000] {local_task_job_runner.py:240} INFO - Task exited with return code 0
[2025-10-20T10:07:00.828+0000] {taskinstance.py:3503} INFO - 1 downstream tasks scheduled from follow-on schedule check
[2025-10-20T10:07:00.829+0000] {local_task_job_runner.py:222} INFO - ::endgroup::
