[2025-10-20T10:07:01.577+0000] {local_task_job_runner.py:120} INFO - ::group::Pre task execution logs
[2025-10-20T10:07:01.586+0000] {taskinstance.py:2076} INFO - Dependencies all met for dep_context=non-requeueable deps ti=<TaskInstance: events_analytics_pipeline.verify_clickhouse_data scheduled__2025-10-20T09:00:00+00:00 [queued]>
[2025-10-20T10:07:01.589+0000] {taskinstance.py:2076} INFO - Dependencies all met for dep_context=requeueable deps ti=<TaskInstance: events_analytics_pipeline.verify_clickhouse_data scheduled__2025-10-20T09:00:00+00:00 [queued]>
[2025-10-20T10:07:01.589+0000] {taskinstance.py:2306} INFO - Starting attempt 1 of 3
[2025-10-20T10:07:01.592+0000] {taskinstance.py:2330} INFO - Executing <Task(PythonOperator): verify_clickhouse_data> on 2025-10-20 09:00:00+00:00
[2025-10-20T10:07:01.595+0000] {standard_task_runner.py:63} INFO - Started process 2667 to run task
[2025-10-20T10:07:01.597+0000] {standard_task_runner.py:90} INFO - Running: ['***', 'tasks', 'run', 'events_analytics_pipeline', 'verify_clickhouse_data', 'scheduled__2025-10-20T09:00:00+00:00', '--job-id', '81', '--raw', '--subdir', 'DAGS_FOLDER/events_pipeline_dag.py', '--cfg-path', '/tmp/tmphz_jtio_']
[2025-10-20T10:07:01.598+0000] {standard_task_runner.py:91} INFO - Job 81: Subtask verify_clickhouse_data
[2025-10-20T10:07:01.614+0000] {task_command.py:426} INFO - Running <TaskInstance: events_analytics_pipeline.verify_clickhouse_data scheduled__2025-10-20T09:00:00+00:00 [running]> on host 0d320e139cdc
[2025-10-20T10:07:01.640+0000] {taskinstance.py:2648} INFO - Exporting env vars: AIRFLOW_CTX_DAG_OWNER='data-team' AIRFLOW_CTX_DAG_ID='events_analytics_pipeline' AIRFLOW_CTX_TASK_ID='verify_clickhouse_data' AIRFLOW_CTX_EXECUTION_DATE='2025-10-20T09:00:00+00:00' AIRFLOW_CTX_TRY_NUMBER='1' AIRFLOW_CTX_DAG_RUN_ID='scheduled__2025-10-20T09:00:00+00:00'
[2025-10-20T10:07:01.641+0000] {taskinstance.py:430} INFO - ::endgroup::
[2025-10-20T10:07:01.649+0000] {events_pipeline_dag.py:114} INFO - Total records in ClickHouse: 5347
[2025-10-20T10:07:01.652+0000] {events_pipeline_dag.py:123} INFO - Date range: 2025-10-20 05:04:09 to 2025-10-20 10:07:00
[2025-10-20T10:07:01.652+0000] {events_pipeline_dag.py:124} INFO - Unique users: 5347
[2025-10-20T10:07:01.652+0000] {python.py:237} INFO - Done. Returned value was: 5347
[2025-10-20T10:07:01.652+0000] {taskinstance.py:441} INFO - ::group::Post task execution logs
[2025-10-20T10:07:01.659+0000] {taskinstance.py:1206} INFO - Marking task as SUCCESS. dag_id=events_analytics_pipeline, task_id=verify_clickhouse_data, run_id=scheduled__2025-10-20T09:00:00+00:00, execution_date=20251020T090000, start_date=20251020T100701, end_date=20251020T100701
[2025-10-20T10:07:01.694+0000] {local_task_job_runner.py:240} INFO - Task exited with return code 0
[2025-10-20T10:07:01.703+0000] {taskinstance.py:3503} INFO - 1 downstream tasks scheduled from follow-on schedule check
[2025-10-20T10:07:01.704+0000] {local_task_job_runner.py:222} INFO - ::endgroup::
