[2025-10-17T01:40:43.200+0000] {taskinstance.py:1956} INFO - Dependencies all met for dep_context=non-requeueable deps ti=<TaskInstance: events_analytics_pipeline.extract_and_load_to_clickhouse manual__2025-10-17T01:40:41.229907+00:00 [queued]>
[2025-10-17T01:40:43.202+0000] {taskinstance.py:1956} INFO - Dependencies all met for dep_context=requeueable deps ti=<TaskInstance: events_analytics_pipeline.extract_and_load_to_clickhouse manual__2025-10-17T01:40:41.229907+00:00 [queued]>
[2025-10-17T01:40:43.202+0000] {taskinstance.py:2170} INFO - Starting attempt 1 of 3
[2025-10-17T01:40:43.206+0000] {taskinstance.py:2191} INFO - Executing <Task(PythonOperator): extract_and_load_to_clickhouse> on 2025-10-17 01:40:41.229907+00:00
[2025-10-17T01:40:43.208+0000] {standard_task_runner.py:60} INFO - Started process 200 to run task
[2025-10-17T01:40:43.210+0000] {standard_task_runner.py:87} INFO - Running: ['airflow', 'tasks', 'run', 'events_analytics_pipeline', 'extract_and_load_to_clickhouse', 'manual__2025-10-17T01:40:41.229907+00:00', '--job-id', '28', '--raw', '--subdir', 'DAGS_FOLDER/events_pipeline_dag.py', '--cfg-path', '/tmp/tmp0cids35m']
[2025-10-17T01:40:43.211+0000] {standard_task_runner.py:88} INFO - Job 28: Subtask extract_and_load_to_clickhouse
[2025-10-17T01:40:43.229+0000] {task_command.py:423} INFO - Running <TaskInstance: events_analytics_pipeline.extract_and_load_to_clickhouse manual__2025-10-17T01:40:41.229907+00:00 [running]> on host d7067dead38a
[2025-10-17T01:40:43.251+0000] {taskinstance.py:2480} INFO - Exporting env vars: AIRFLOW_CTX_DAG_OWNER='data-team' AIRFLOW_CTX_DAG_ID='events_analytics_pipeline' AIRFLOW_CTX_TASK_ID='extract_and_load_to_clickhouse' AIRFLOW_CTX_EXECUTION_DATE='2025-10-17T01:40:41.229907+00:00' AIRFLOW_CTX_TRY_NUMBER='1' AIRFLOW_CTX_DAG_RUN_ID='manual__2025-10-17T01:40:41.229907+00:00'
[2025-10-17T01:40:43.252+0000] {events_pipeline_dag.py:68} INFO - Connecting to PostgreSQL...
[2025-10-17T01:40:43.253+0000] {events_pipeline_dag.py:71} INFO - Extracting data from PostgreSQL...
[2025-10-17T01:40:43.494+0000] {events_pipeline_dag.py:82} INFO - Extracted 21300 rows from PostgreSQL
[2025-10-17T01:40:43.495+0000] {events_pipeline_dag.py:84} INFO - Connecting to ClickHouse...
[2025-10-17T01:40:43.495+0000] {events_pipeline_dag.py:87} INFO - Clearing existing data...
[2025-10-17T01:40:43.497+0000] {events_pipeline_dag.py:90} INFO - Loading data into ClickHouse...
[2025-10-17T01:40:43.503+0000] {events_pipeline_dag.py:97} INFO - Inserted batch 1/22
[2025-10-17T01:40:43.508+0000] {events_pipeline_dag.py:97} INFO - Inserted batch 2/22
[2025-10-17T01:40:43.513+0000] {events_pipeline_dag.py:97} INFO - Inserted batch 3/22
[2025-10-17T01:40:43.517+0000] {events_pipeline_dag.py:97} INFO - Inserted batch 4/22
[2025-10-17T01:40:43.522+0000] {events_pipeline_dag.py:97} INFO - Inserted batch 5/22
[2025-10-17T01:40:43.526+0000] {events_pipeline_dag.py:97} INFO - Inserted batch 6/22
[2025-10-17T01:40:43.532+0000] {events_pipeline_dag.py:97} INFO - Inserted batch 7/22
[2025-10-17T01:40:43.536+0000] {events_pipeline_dag.py:97} INFO - Inserted batch 8/22
[2025-10-17T01:40:43.541+0000] {events_pipeline_dag.py:97} INFO - Inserted batch 9/22
[2025-10-17T01:40:43.545+0000] {events_pipeline_dag.py:97} INFO - Inserted batch 10/22
[2025-10-17T01:40:43.550+0000] {events_pipeline_dag.py:97} INFO - Inserted batch 11/22
[2025-10-17T01:40:43.555+0000] {events_pipeline_dag.py:97} INFO - Inserted batch 12/22
[2025-10-17T01:40:43.560+0000] {events_pipeline_dag.py:97} INFO - Inserted batch 13/22
[2025-10-17T01:40:43.565+0000] {events_pipeline_dag.py:97} INFO - Inserted batch 14/22
[2025-10-17T01:40:43.570+0000] {events_pipeline_dag.py:97} INFO - Inserted batch 15/22
[2025-10-17T01:40:43.576+0000] {events_pipeline_dag.py:97} INFO - Inserted batch 16/22
[2025-10-17T01:40:43.582+0000] {events_pipeline_dag.py:97} INFO - Inserted batch 17/22
[2025-10-17T01:40:43.587+0000] {events_pipeline_dag.py:97} INFO - Inserted batch 18/22
[2025-10-17T01:40:43.592+0000] {events_pipeline_dag.py:97} INFO - Inserted batch 19/22
[2025-10-17T01:40:43.597+0000] {events_pipeline_dag.py:97} INFO - Inserted batch 20/22
[2025-10-17T01:40:43.602+0000] {events_pipeline_dag.py:97} INFO - Inserted batch 21/22
[2025-10-17T01:40:43.605+0000] {events_pipeline_dag.py:97} INFO - Inserted batch 22/22
[2025-10-17T01:40:43.606+0000] {events_pipeline_dag.py:100} INFO - ✓ Successfully loaded 21300 rows into ClickHouse
[2025-10-17T01:40:43.614+0000] {python.py:201} INFO - Done. Returned value was: 21300
[2025-10-17T01:40:43.622+0000] {taskinstance.py:1138} INFO - Marking task as SUCCESS. dag_id=events_analytics_pipeline, task_id=extract_and_load_to_clickhouse, execution_date=20251017T014041, start_date=20251017T014043, end_date=20251017T014043
[2025-10-17T01:40:43.641+0000] {local_task_job_runner.py:234} INFO - Task exited with return code 0
[2025-10-17T01:40:43.651+0000] {taskinstance.py:3280} INFO - 1 downstream tasks scheduled from follow-on schedule check
