[2025-10-20T05:45:04.349+0000] {local_task_job_runner.py:120} INFO - ::group::Pre task execution logs
[2025-10-20T05:45:04.358+0000] {taskinstance.py:2076} INFO - Dependencies all met for dep_context=non-requeueable deps ti=<TaskInstance: events_analytics_pipeline.setup_clickhouse_schema manual__2025-10-20T05:45:03.898078+00:00 [queued]>
[2025-10-20T05:45:04.361+0000] {taskinstance.py:2076} INFO - Dependencies all met for dep_context=requeueable deps ti=<TaskInstance: events_analytics_pipeline.setup_clickhouse_schema manual__2025-10-20T05:45:03.898078+00:00 [queued]>
[2025-10-20T05:45:04.362+0000] {taskinstance.py:2306} INFO - Starting attempt 1 of 3
[2025-10-20T05:45:04.367+0000] {taskinstance.py:2330} INFO - Executing <Task(PythonOperator): setup_clickhouse_schema> on 2025-10-20 05:45:03.898078+00:00
[2025-10-20T05:45:04.373+0000] {standard_task_runner.py:63} INFO - Started process 545 to run task
[2025-10-20T05:45:04.375+0000] {standard_task_runner.py:90} INFO - Running: ['***', 'tasks', 'run', 'events_analytics_pipeline', 'setup_clickhouse_schema', 'manual__2025-10-20T05:45:03.898078+00:00', '--job-id', '23', '--raw', '--subdir', 'DAGS_FOLDER/events_pipeline_dag.py', '--cfg-path', '/tmp/tmpwqrg2ct5']
[2025-10-20T05:45:04.376+0000] {standard_task_runner.py:91} INFO - Job 23: Subtask setup_clickhouse_schema
[2025-10-20T05:45:04.399+0000] {task_command.py:426} INFO - Running <TaskInstance: events_analytics_pipeline.setup_clickhouse_schema manual__2025-10-20T05:45:03.898078+00:00 [running]> on host 0d320e139cdc
[2025-10-20T05:45:04.430+0000] {taskinstance.py:2648} INFO - Exporting env vars: AIRFLOW_CTX_DAG_OWNER='data-team' AIRFLOW_CTX_DAG_ID='events_analytics_pipeline' AIRFLOW_CTX_TASK_ID='setup_clickhouse_schema' AIRFLOW_CTX_EXECUTION_DATE='2025-10-20T05:45:03.898078+00:00' AIRFLOW_CTX_TRY_NUMBER='1' AIRFLOW_CTX_DAG_RUN_ID='manual__2025-10-20T05:45:03.898078+00:00'
[2025-10-20T05:45:04.431+0000] {taskinstance.py:430} INFO - ::endgroup::
[2025-10-20T05:45:04.437+0000] {events_pipeline_dag.py:38} INFO - Connecting to ClickHouse...
[2025-10-20T05:45:04.437+0000] {events_pipeline_dag.py:41} INFO - Creating database...
[2025-10-20T05:45:04.439+0000] {events_pipeline_dag.py:44} INFO - Creating raw events table...
[2025-10-20T05:45:04.439+0000] {events_pipeline_dag.py:59} INFO - ✓ ClickHouse schema setup complete
[2025-10-20T05:45:04.440+0000] {python.py:237} INFO - Done. Returned value was: None
[2025-10-20T05:45:04.440+0000] {taskinstance.py:441} INFO - ::group::Post task execution logs
[2025-10-20T05:45:04.445+0000] {taskinstance.py:1206} INFO - Marking task as SUCCESS. dag_id=events_analytics_pipeline, task_id=setup_clickhouse_schema, run_id=manual__2025-10-20T05:45:03.898078+00:00, execution_date=20251020T054503, start_date=20251020T054504, end_date=20251020T054504
[2025-10-20T05:45:04.472+0000] {local_task_job_runner.py:240} INFO - Task exited with return code 0
[2025-10-20T05:45:04.486+0000] {taskinstance.py:3503} INFO - 1 downstream tasks scheduled from follow-on schedule check
[2025-10-20T05:45:04.487+0000] {local_task_job_runner.py:222} INFO - ::endgroup::
