[2025-10-17T04:05:48.976+0000] {taskinstance.py:1956} INFO - Dependencies all met for dep_context=non-requeueable deps ti=<TaskInstance: events_analytics_pipeline.extract_and_load_to_clickhouse scheduled__2025-10-17T03:00:00+00:00 [queued]>
[2025-10-17T04:05:48.978+0000] {taskinstance.py:1956} INFO - Dependencies all met for dep_context=requeueable deps ti=<TaskInstance: events_analytics_pipeline.extract_and_load_to_clickhouse scheduled__2025-10-17T03:00:00+00:00 [queued]>
[2025-10-17T04:05:48.979+0000] {taskinstance.py:2170} INFO - Starting attempt 1 of 3
[2025-10-17T04:05:48.983+0000] {taskinstance.py:2191} INFO - Executing <Task(PythonOperator): extract_and_load_to_clickhouse> on 2025-10-17 03:00:00+00:00
[2025-10-17T04:05:48.985+0000] {standard_task_runner.py:60} INFO - Started process 1326 to run task
[2025-10-17T04:05:48.987+0000] {standard_task_runner.py:87} INFO - Running: ['airflow', 'tasks', 'run', 'events_analytics_pipeline', 'extract_and_load_to_clickhouse', 'scheduled__2025-10-17T03:00:00+00:00', '--job-id', '52', '--raw', '--subdir', 'DAGS_FOLDER/events_pipeline_dag.py', '--cfg-path', '/tmp/tmphl0shj6w']
[2025-10-17T04:05:48.988+0000] {standard_task_runner.py:88} INFO - Job 52: Subtask extract_and_load_to_clickhouse
[2025-10-17T04:05:49.013+0000] {task_command.py:423} INFO - Running <TaskInstance: events_analytics_pipeline.extract_and_load_to_clickhouse scheduled__2025-10-17T03:00:00+00:00 [running]> on host d7067dead38a
[2025-10-17T04:05:49.058+0000] {taskinstance.py:2480} INFO - Exporting env vars: AIRFLOW_CTX_DAG_OWNER='data-team' AIRFLOW_CTX_DAG_ID='events_analytics_pipeline' AIRFLOW_CTX_TASK_ID='extract_and_load_to_clickhouse' AIRFLOW_CTX_EXECUTION_DATE='2025-10-17T03:00:00+00:00' AIRFLOW_CTX_TRY_NUMBER='1' AIRFLOW_CTX_DAG_RUN_ID='scheduled__2025-10-17T03:00:00+00:00'
[2025-10-17T04:05:49.059+0000] {events_pipeline_dag.py:68} INFO - Connecting to PostgreSQL...
[2025-10-17T04:05:49.061+0000] {events_pipeline_dag.py:71} INFO - Extracting data from PostgreSQL...
[2025-10-17T04:05:49.384+0000] {events_pipeline_dag.py:82} INFO - Extracted 21300 rows from PostgreSQL
[2025-10-17T04:05:49.385+0000] {events_pipeline_dag.py:84} INFO - Connecting to ClickHouse...
[2025-10-17T04:05:49.385+0000] {events_pipeline_dag.py:87} INFO - Clearing existing data...
[2025-10-17T04:05:49.388+0000] {events_pipeline_dag.py:90} INFO - Loading data into ClickHouse...
[2025-10-17T04:05:49.398+0000] {events_pipeline_dag.py:97} INFO - Inserted batch 1/22
[2025-10-17T04:05:49.404+0000] {events_pipeline_dag.py:97} INFO - Inserted batch 2/22
[2025-10-17T04:05:49.409+0000] {events_pipeline_dag.py:97} INFO - Inserted batch 3/22
[2025-10-17T04:05:49.415+0000] {events_pipeline_dag.py:97} INFO - Inserted batch 4/22
[2025-10-17T04:05:49.420+0000] {events_pipeline_dag.py:97} INFO - Inserted batch 5/22
[2025-10-17T04:05:49.426+0000] {events_pipeline_dag.py:97} INFO - Inserted batch 6/22
[2025-10-17T04:05:49.432+0000] {events_pipeline_dag.py:97} INFO - Inserted batch 7/22
[2025-10-17T04:05:49.438+0000] {events_pipeline_dag.py:97} INFO - Inserted batch 8/22
[2025-10-17T04:05:49.443+0000] {events_pipeline_dag.py:97} INFO - Inserted batch 9/22
[2025-10-17T04:05:49.449+0000] {events_pipeline_dag.py:97} INFO - Inserted batch 10/22
[2025-10-17T04:05:49.455+0000] {events_pipeline_dag.py:97} INFO - Inserted batch 11/22
[2025-10-17T04:05:49.461+0000] {events_pipeline_dag.py:97} INFO - Inserted batch 12/22
[2025-10-17T04:05:49.467+0000] {events_pipeline_dag.py:97} INFO - Inserted batch 13/22
[2025-10-17T04:05:49.472+0000] {events_pipeline_dag.py:97} INFO - Inserted batch 14/22
[2025-10-17T04:05:49.479+0000] {events_pipeline_dag.py:97} INFO - Inserted batch 15/22
[2025-10-17T04:05:49.485+0000] {events_pipeline_dag.py:97} INFO - Inserted batch 16/22
[2025-10-17T04:05:49.491+0000] {events_pipeline_dag.py:97} INFO - Inserted batch 17/22
[2025-10-17T04:05:49.497+0000] {events_pipeline_dag.py:97} INFO - Inserted batch 18/22
[2025-10-17T04:05:49.502+0000] {events_pipeline_dag.py:97} INFO - Inserted batch 19/22
[2025-10-17T04:05:49.507+0000] {events_pipeline_dag.py:97} INFO - Inserted batch 20/22
[2025-10-17T04:05:49.512+0000] {events_pipeline_dag.py:97} INFO - Inserted batch 21/22
[2025-10-17T04:05:49.514+0000] {events_pipeline_dag.py:97} INFO - Inserted batch 22/22
[2025-10-17T04:05:49.516+0000] {events_pipeline_dag.py:100} INFO - ✓ Successfully loaded 21300 rows into ClickHouse
[2025-10-17T04:05:49.524+0000] {python.py:201} INFO - Done. Returned value was: 21300
[2025-10-17T04:05:49.532+0000] {taskinstance.py:1138} INFO - Marking task as SUCCESS. dag_id=events_analytics_pipeline, task_id=extract_and_load_to_clickhouse, execution_date=20251017T030000, start_date=20251017T040548, end_date=20251017T040549
[2025-10-17T04:05:49.579+0000] {local_task_job_runner.py:234} INFO - Task exited with return code 0
[2025-10-17T04:05:49.591+0000] {taskinstance.py:3280} INFO - 1 downstream tasks scheduled from follow-on schedule check
