[2025-10-20T11:23:15.350+0000] {local_task_job_runner.py:120} INFO - ::group::Pre task execution logs
[2025-10-20T11:23:15.359+0000] {taskinstance.py:2076} INFO - Dependencies all met for dep_context=non-requeueable deps ti=<TaskInstance: events_analytics_pipeline.extract_and_load_to_clickhouse scheduled__2025-10-20T10:00:00+00:00 [queued]>
[2025-10-20T11:23:15.362+0000] {taskinstance.py:2076} INFO - Dependencies all met for dep_context=requeueable deps ti=<TaskInstance: events_analytics_pipeline.extract_and_load_to_clickhouse scheduled__2025-10-20T10:00:00+00:00 [queued]>
[2025-10-20T11:23:15.362+0000] {taskinstance.py:2306} INFO - Starting attempt 1 of 3
[2025-10-20T11:23:15.366+0000] {taskinstance.py:2330} INFO - Executing <Task(PythonOperator): extract_and_load_to_clickhouse> on 2025-10-20 10:00:00+00:00
[2025-10-20T11:23:15.368+0000] {standard_task_runner.py:63} INFO - Started process 2761 to run task
[2025-10-20T11:23:15.370+0000] {standard_task_runner.py:90} INFO - Running: ['***', 'tasks', 'run', 'events_analytics_pipeline', 'extract_and_load_to_clickhouse', 'scheduled__2025-10-20T10:00:00+00:00', '--job-id', '86', '--raw', '--subdir', 'DAGS_FOLDER/events_pipeline_dag.py', '--cfg-path', '/tmp/tmpqxujf3w6']
[2025-10-20T11:23:15.371+0000] {standard_task_runner.py:91} INFO - Job 86: Subtask extract_and_load_to_clickhouse
[2025-10-20T11:23:15.387+0000] {task_command.py:426} INFO - Running <TaskInstance: events_analytics_pipeline.extract_and_load_to_clickhouse scheduled__2025-10-20T10:00:00+00:00 [running]> on host 0d320e139cdc
[2025-10-20T11:23:15.413+0000] {taskinstance.py:2648} INFO - Exporting env vars: AIRFLOW_CTX_DAG_OWNER='data-team' AIRFLOW_CTX_DAG_ID='events_analytics_pipeline' AIRFLOW_CTX_TASK_ID='extract_and_load_to_clickhouse' AIRFLOW_CTX_EXECUTION_DATE='2025-10-20T10:00:00+00:00' AIRFLOW_CTX_TRY_NUMBER='1' AIRFLOW_CTX_DAG_RUN_ID='scheduled__2025-10-20T10:00:00+00:00'
[2025-10-20T11:23:15.413+0000] {taskinstance.py:430} INFO - ::endgroup::
[2025-10-20T11:23:15.417+0000] {events_pipeline_dag.py:68} INFO - Connecting to PostgreSQL...
[2025-10-20T11:23:15.418+0000] {events_pipeline_dag.py:71} INFO - Extracting data from PostgreSQL...
[2025-10-20T11:23:15.513+0000] {events_pipeline_dag.py:82} INFO - Extracted 5442 rows from PostgreSQL
[2025-10-20T11:23:15.514+0000] {events_pipeline_dag.py:84} INFO - Connecting to ClickHouse...
[2025-10-20T11:23:15.514+0000] {events_pipeline_dag.py:87} INFO - Clearing existing data...
[2025-10-20T11:23:15.517+0000] {events_pipeline_dag.py:90} INFO - Loading data into ClickHouse...
[2025-10-20T11:23:15.523+0000] {events_pipeline_dag.py:97} INFO - Inserted batch 1/6
[2025-10-20T11:23:15.530+0000] {events_pipeline_dag.py:97} INFO - Inserted batch 2/6
[2025-10-20T11:23:15.534+0000] {events_pipeline_dag.py:97} INFO - Inserted batch 3/6
[2025-10-20T11:23:15.539+0000] {events_pipeline_dag.py:97} INFO - Inserted batch 4/6
[2025-10-20T11:23:15.543+0000] {events_pipeline_dag.py:97} INFO - Inserted batch 5/6
[2025-10-20T11:23:15.546+0000] {events_pipeline_dag.py:97} INFO - Inserted batch 6/6
[2025-10-20T11:23:15.548+0000] {events_pipeline_dag.py:100} INFO - ✓ Successfully loaded 5442 rows into ClickHouse
[2025-10-20T11:23:15.554+0000] {python.py:237} INFO - Done. Returned value was: 5442
[2025-10-20T11:23:15.554+0000] {taskinstance.py:441} INFO - ::group::Post task execution logs
[2025-10-20T11:23:15.560+0000] {taskinstance.py:1206} INFO - Marking task as SUCCESS. dag_id=events_analytics_pipeline, task_id=extract_and_load_to_clickhouse, run_id=scheduled__2025-10-20T10:00:00+00:00, execution_date=20251020T100000, start_date=20251020T112315, end_date=20251020T112315
[2025-10-20T11:23:15.597+0000] {local_task_job_runner.py:240} INFO - Task exited with return code 0
[2025-10-20T11:23:15.606+0000] {taskinstance.py:3503} INFO - 1 downstream tasks scheduled from follow-on schedule check
[2025-10-20T11:23:15.606+0000] {local_task_job_runner.py:222} INFO - ::endgroup::
