[2025-10-14T18:28:28.183+0000] {taskinstance.py:1956} INFO - Dependencies all met for dep_context=non-requeueable deps ti=<TaskInstance: events_analytics_pipeline.extract_and_load_to_clickhouse scheduled__2025-10-14T17:00:00+00:00 [queued]>
[2025-10-14T18:28:28.186+0000] {taskinstance.py:1956} INFO - Dependencies all met for dep_context=requeueable deps ti=<TaskInstance: events_analytics_pipeline.extract_and_load_to_clickhouse scheduled__2025-10-14T17:00:00+00:00 [queued]>
[2025-10-14T18:28:28.186+0000] {taskinstance.py:2170} INFO - Starting attempt 1 of 3
[2025-10-14T18:28:28.191+0000] {taskinstance.py:2191} INFO - Executing <Task(PythonOperator): extract_and_load_to_clickhouse> on 2025-10-14 17:00:00+00:00
[2025-10-14T18:28:28.196+0000] {standard_task_runner.py:60} INFO - Started process 3018 to run task
[2025-10-14T18:28:28.199+0000] {standard_task_runner.py:87} INFO - Running: ['***', 'tasks', 'run', 'events_analytics_pipeline', 'extract_and_load_to_clickhouse', 'scheduled__2025-10-14T17:00:00+00:00', '--job-id', '163', '--raw', '--subdir', 'DAGS_FOLDER/events_pipeline_dag.py', '--cfg-path', '/tmp/tmpbqe0kfzz']
[2025-10-14T18:28:28.203+0000] {standard_task_runner.py:88} INFO - Job 163: Subtask extract_and_load_to_clickhouse
[2025-10-14T18:28:28.228+0000] {task_command.py:423} INFO - Running <TaskInstance: events_analytics_pipeline.extract_and_load_to_clickhouse scheduled__2025-10-14T17:00:00+00:00 [running]> on host 7fd364930f15
[2025-10-14T18:28:28.261+0000] {taskinstance.py:2480} INFO - Exporting env vars: AIRFLOW_CTX_DAG_OWNER='data-team' AIRFLOW_CTX_DAG_ID='events_analytics_pipeline' AIRFLOW_CTX_TASK_ID='extract_and_load_to_clickhouse' AIRFLOW_CTX_EXECUTION_DATE='2025-10-14T17:00:00+00:00' AIRFLOW_CTX_TRY_NUMBER='1' AIRFLOW_CTX_DAG_RUN_ID='scheduled__2025-10-14T17:00:00+00:00'
[2025-10-14T18:28:28.261+0000] {events_pipeline_dag.py:67} INFO - Connecting to PostgreSQL...
[2025-10-14T18:28:28.262+0000] {events_pipeline_dag.py:70} INFO - Extracting data from PostgreSQL...
[2025-10-14T18:28:28.516+0000] {events_pipeline_dag.py:82} INFO - Extracted 21300 rows from PostgreSQL
[2025-10-14T18:28:28.517+0000] {events_pipeline_dag.py:84} INFO - Connecting to ClickHouse...
[2025-10-14T18:28:28.517+0000] {events_pipeline_dag.py:87} INFO - Clearing existing data...
[2025-10-14T18:28:28.520+0000] {events_pipeline_dag.py:90} INFO - Loading data into ClickHouse...
[2025-10-14T18:28:28.529+0000] {events_pipeline_dag.py:97} INFO - Inserted batch 1/22
[2025-10-14T18:28:28.535+0000] {events_pipeline_dag.py:97} INFO - Inserted batch 2/22
[2025-10-14T18:28:28.540+0000] {events_pipeline_dag.py:97} INFO - Inserted batch 3/22
[2025-10-14T18:28:28.545+0000] {events_pipeline_dag.py:97} INFO - Inserted batch 4/22
[2025-10-14T18:28:28.550+0000] {events_pipeline_dag.py:97} INFO - Inserted batch 5/22
[2025-10-14T18:28:28.557+0000] {events_pipeline_dag.py:97} INFO - Inserted batch 6/22
[2025-10-14T18:28:28.564+0000] {events_pipeline_dag.py:97} INFO - Inserted batch 7/22
[2025-10-14T18:28:28.569+0000] {events_pipeline_dag.py:97} INFO - Inserted batch 8/22
[2025-10-14T18:28:28.574+0000] {events_pipeline_dag.py:97} INFO - Inserted batch 9/22
[2025-10-14T18:28:28.578+0000] {events_pipeline_dag.py:97} INFO - Inserted batch 10/22
[2025-10-14T18:28:28.591+0000] {events_pipeline_dag.py:97} INFO - Inserted batch 11/22
[2025-10-14T18:28:28.600+0000] {events_pipeline_dag.py:97} INFO - Inserted batch 12/22
[2025-10-14T18:28:28.606+0000] {events_pipeline_dag.py:97} INFO - Inserted batch 13/22
[2025-10-14T18:28:28.610+0000] {events_pipeline_dag.py:97} INFO - Inserted batch 14/22
[2025-10-14T18:28:28.615+0000] {events_pipeline_dag.py:97} INFO - Inserted batch 15/22
[2025-10-14T18:28:28.621+0000] {events_pipeline_dag.py:97} INFO - Inserted batch 16/22
[2025-10-14T18:28:28.627+0000] {events_pipeline_dag.py:97} INFO - Inserted batch 17/22
[2025-10-14T18:28:28.634+0000] {events_pipeline_dag.py:97} INFO - Inserted batch 18/22
[2025-10-14T18:28:28.639+0000] {events_pipeline_dag.py:97} INFO - Inserted batch 19/22
[2025-10-14T18:28:28.644+0000] {events_pipeline_dag.py:97} INFO - Inserted batch 20/22
[2025-10-14T18:28:28.650+0000] {events_pipeline_dag.py:97} INFO - Inserted batch 21/22
[2025-10-14T18:28:28.653+0000] {events_pipeline_dag.py:97} INFO - Inserted batch 22/22
[2025-10-14T18:28:28.660+0000] {events_pipeline_dag.py:100} INFO - ✓ Successfully loaded 21300 rows into ClickHouse
[2025-10-14T18:28:28.671+0000] {python.py:201} INFO - Done. Returned value was: 21300
[2025-10-14T18:28:28.679+0000] {taskinstance.py:1138} INFO - Marking task as SUCCESS. dag_id=events_analytics_pipeline, task_id=extract_and_load_to_clickhouse, execution_date=20251014T170000, start_date=20251014T182828, end_date=20251014T182828
[2025-10-14T18:28:28.722+0000] {local_task_job_runner.py:234} INFO - Task exited with return code 0
[2025-10-14T18:28:28.732+0000] {taskinstance.py:3280} INFO - 1 downstream tasks scheduled from follow-on schedule check
