[2025-10-20T05:57:24.266+0000] {local_task_job_runner.py:120} INFO - ::group::Pre task execution logs
[2025-10-20T05:57:24.277+0000] {taskinstance.py:2076} INFO - Dependencies all met for dep_context=non-requeueable deps ti=<TaskInstance: events_analytics_pipeline.extract_and_load_to_clickhouse __airflow_temporary_run_2025-10-20T05:57:22.700474+00:00__ [queued]>
[2025-10-20T05:57:24.279+0000] {taskinstance.py:2076} INFO - Dependencies all met for dep_context=requeueable deps ti=<TaskInstance: events_analytics_pipeline.extract_and_load_to_clickhouse __airflow_temporary_run_2025-10-20T05:57:22.700474+00:00__ [queued]>
[2025-10-20T05:57:24.280+0000] {taskinstance.py:2306} INFO - Starting attempt 1 of 3
[2025-10-20T05:57:24.285+0000] {taskinstance.py:2330} INFO - Executing <Task(PythonOperator): extract_and_load_to_clickhouse> on 2025-10-20 00:00:00+00:00
[2025-10-20T05:57:24.288+0000] {standard_task_runner.py:63} INFO - Started process 1018 to run task
[2025-10-20T05:57:24.290+0000] {standard_task_runner.py:90} INFO - Running: ['***', 'tasks', 'run', 'events_analytics_pipeline', 'extract_and_load_to_clickhouse', '__***_temporary_run_2025-10-20T05:57:22.700474+00:00__', '--job-id', '48', '--raw', '--subdir', 'DAGS_FOLDER/events_pipeline_dag.py', '--cfg-path', '/tmp/tmp0vgm3a7h']
[2025-10-20T05:57:24.292+0000] {standard_task_runner.py:91} INFO - Job 48: Subtask extract_and_load_to_clickhouse
[2025-10-20T05:57:24.324+0000] {task_command.py:426} INFO - Running <TaskInstance: events_analytics_pipeline.extract_and_load_to_clickhouse __airflow_temporary_run_2025-10-20T05:57:22.700474+00:00__ [running]> on host 0d320e139cdc
[2025-10-20T05:57:24.355+0000] {taskinstance.py:2648} INFO - Exporting env vars: AIRFLOW_CTX_DAG_OWNER='data-team' AIRFLOW_CTX_DAG_ID='events_analytics_pipeline' AIRFLOW_CTX_TASK_ID='extract_and_load_to_clickhouse' AIRFLOW_CTX_EXECUTION_DATE='2025-10-20T00:00:00+00:00' AIRFLOW_CTX_TRY_NUMBER='1' AIRFLOW_CTX_DAG_RUN_ID='__***_temporary_run_2025-10-20T05:57:22.700474+00:00__'
[2025-10-20T05:57:24.356+0000] {taskinstance.py:430} INFO - ::endgroup::
[2025-10-20T05:57:24.362+0000] {events_pipeline_dag.py:68} INFO - Connecting to PostgreSQL...
[2025-10-20T05:57:24.362+0000] {events_pipeline_dag.py:71} INFO - Extracting data from PostgreSQL...
[2025-10-20T05:57:24.515+0000] {events_pipeline_dag.py:82} INFO - Extracted 2545 rows from PostgreSQL
[2025-10-20T05:57:24.516+0000] {events_pipeline_dag.py:84} INFO - Connecting to ClickHouse...
[2025-10-20T05:57:24.516+0000] {events_pipeline_dag.py:87} INFO - Clearing existing data...
[2025-10-20T05:57:24.520+0000] {events_pipeline_dag.py:90} INFO - Loading data into ClickHouse...
[2025-10-20T05:57:24.530+0000] {events_pipeline_dag.py:97} INFO - Inserted batch 1/3
[2025-10-20T05:57:24.537+0000] {events_pipeline_dag.py:97} INFO - Inserted batch 2/3
[2025-10-20T05:57:24.541+0000] {events_pipeline_dag.py:97} INFO - Inserted batch 3/3
[2025-10-20T05:57:24.542+0000] {events_pipeline_dag.py:100} INFO - ✓ Successfully loaded 2545 rows into ClickHouse
[2025-10-20T05:57:24.548+0000] {python.py:237} INFO - Done. Returned value was: 2545
[2025-10-20T05:57:24.548+0000] {taskinstance.py:441} INFO - ::group::Post task execution logs
[2025-10-20T05:57:24.555+0000] {taskinstance.py:1206} INFO - Marking task as SUCCESS. dag_id=events_analytics_pipeline, task_id=extract_and_load_to_clickhouse, run_id=__***_temporary_run_2025-10-20T05:57:22.700474+00:00__, execution_date=20251020T000000, start_date=20251020T055724, end_date=20251020T055724
[2025-10-20T05:57:24.593+0000] {local_task_job_runner.py:240} INFO - Task exited with return code 0
[2025-10-20T05:57:24.605+0000] {taskinstance.py:3503} INFO - 1 downstream tasks scheduled from follow-on schedule check
[2025-10-20T05:57:24.606+0000] {local_task_job_runner.py:222} INFO - ::endgroup::
