[2025-10-14T15:26:07.179+0000] {taskinstance.py:1956} INFO - Dependencies all met for dep_context=non-requeueable deps ti=<TaskInstance: events_analytics_pipeline.extract_and_load_to_clickhouse scheduled__2025-10-14T14:00:00+00:00 [queued]>
[2025-10-14T15:26:07.181+0000] {taskinstance.py:1956} INFO - Dependencies all met for dep_context=requeueable deps ti=<TaskInstance: events_analytics_pipeline.extract_and_load_to_clickhouse scheduled__2025-10-14T14:00:00+00:00 [queued]>
[2025-10-14T15:26:07.181+0000] {taskinstance.py:2170} INFO - Starting attempt 1 of 3
[2025-10-14T15:26:07.185+0000] {taskinstance.py:2191} INFO - Executing <Task(PythonOperator): extract_and_load_to_clickhouse> on 2025-10-14 14:00:00+00:00
[2025-10-14T15:26:07.188+0000] {standard_task_runner.py:60} INFO - Started process 2679 to run task
[2025-10-14T15:26:07.190+0000] {standard_task_runner.py:87} INFO - Running: ['***', 'tasks', 'run', 'events_analytics_pipeline', 'extract_and_load_to_clickhouse', 'scheduled__2025-10-14T14:00:00+00:00', '--job-id', '145', '--raw', '--subdir', 'DAGS_FOLDER/events_pipeline_dag.py', '--cfg-path', '/tmp/tmpzxv59era']
[2025-10-14T15:26:07.192+0000] {standard_task_runner.py:88} INFO - Job 145: Subtask extract_and_load_to_clickhouse
[2025-10-14T15:26:07.215+0000] {task_command.py:423} INFO - Running <TaskInstance: events_analytics_pipeline.extract_and_load_to_clickhouse scheduled__2025-10-14T14:00:00+00:00 [running]> on host 7fd364930f15
[2025-10-14T15:26:07.245+0000] {taskinstance.py:2480} INFO - Exporting env vars: AIRFLOW_CTX_DAG_OWNER='data-team' AIRFLOW_CTX_DAG_ID='events_analytics_pipeline' AIRFLOW_CTX_TASK_ID='extract_and_load_to_clickhouse' AIRFLOW_CTX_EXECUTION_DATE='2025-10-14T14:00:00+00:00' AIRFLOW_CTX_TRY_NUMBER='1' AIRFLOW_CTX_DAG_RUN_ID='scheduled__2025-10-14T14:00:00+00:00'
[2025-10-14T15:26:07.246+0000] {events_pipeline_dag.py:67} INFO - Connecting to PostgreSQL...
[2025-10-14T15:26:07.246+0000] {events_pipeline_dag.py:70} INFO - Extracting data from PostgreSQL...
[2025-10-14T15:26:07.506+0000] {events_pipeline_dag.py:82} INFO - Extracted 21300 rows from PostgreSQL
[2025-10-14T15:26:07.507+0000] {events_pipeline_dag.py:84} INFO - Connecting to ClickHouse...
[2025-10-14T15:26:07.507+0000] {events_pipeline_dag.py:87} INFO - Clearing existing data...
[2025-10-14T15:26:07.510+0000] {events_pipeline_dag.py:90} INFO - Loading data into ClickHouse...
[2025-10-14T15:26:07.517+0000] {events_pipeline_dag.py:97} INFO - Inserted batch 1/22
[2025-10-14T15:26:07.522+0000] {events_pipeline_dag.py:97} INFO - Inserted batch 2/22
[2025-10-14T15:26:07.528+0000] {events_pipeline_dag.py:97} INFO - Inserted batch 3/22
[2025-10-14T15:26:07.534+0000] {events_pipeline_dag.py:97} INFO - Inserted batch 4/22
[2025-10-14T15:26:07.539+0000] {events_pipeline_dag.py:97} INFO - Inserted batch 5/22
[2025-10-14T15:26:07.544+0000] {events_pipeline_dag.py:97} INFO - Inserted batch 6/22
[2025-10-14T15:26:07.551+0000] {events_pipeline_dag.py:97} INFO - Inserted batch 7/22
[2025-10-14T15:26:07.556+0000] {events_pipeline_dag.py:97} INFO - Inserted batch 8/22
[2025-10-14T15:26:07.561+0000] {events_pipeline_dag.py:97} INFO - Inserted batch 9/22
[2025-10-14T15:26:07.565+0000] {events_pipeline_dag.py:97} INFO - Inserted batch 10/22
[2025-10-14T15:26:07.570+0000] {events_pipeline_dag.py:97} INFO - Inserted batch 11/22
[2025-10-14T15:26:07.576+0000] {events_pipeline_dag.py:97} INFO - Inserted batch 12/22
[2025-10-14T15:26:07.581+0000] {events_pipeline_dag.py:97} INFO - Inserted batch 13/22
[2025-10-14T15:26:07.585+0000] {events_pipeline_dag.py:97} INFO - Inserted batch 14/22
[2025-10-14T15:26:07.590+0000] {events_pipeline_dag.py:97} INFO - Inserted batch 15/22
[2025-10-14T15:26:07.596+0000] {events_pipeline_dag.py:97} INFO - Inserted batch 16/22
[2025-10-14T15:26:07.603+0000] {events_pipeline_dag.py:97} INFO - Inserted batch 17/22
[2025-10-14T15:26:07.610+0000] {events_pipeline_dag.py:97} INFO - Inserted batch 18/22
[2025-10-14T15:26:07.616+0000] {events_pipeline_dag.py:97} INFO - Inserted batch 19/22
[2025-10-14T15:26:07.621+0000] {events_pipeline_dag.py:97} INFO - Inserted batch 20/22
[2025-10-14T15:26:07.625+0000] {events_pipeline_dag.py:97} INFO - Inserted batch 21/22
[2025-10-14T15:26:07.628+0000] {events_pipeline_dag.py:97} INFO - Inserted batch 22/22
[2025-10-14T15:26:07.630+0000] {events_pipeline_dag.py:100} INFO - ✓ Successfully loaded 21300 rows into ClickHouse
[2025-10-14T15:26:07.640+0000] {python.py:201} INFO - Done. Returned value was: 21300
[2025-10-14T15:26:07.648+0000] {taskinstance.py:1138} INFO - Marking task as SUCCESS. dag_id=events_analytics_pipeline, task_id=extract_and_load_to_clickhouse, execution_date=20251014T140000, start_date=20251014T152607, end_date=20251014T152607
[2025-10-14T15:26:07.662+0000] {local_task_job_runner.py:234} INFO - Task exited with return code 0
[2025-10-14T15:26:07.674+0000] {taskinstance.py:3280} INFO - 1 downstream tasks scheduled from follow-on schedule check
