[2025-10-20T07:04:47.160+0000] {local_task_job_runner.py:120} INFO - ::group::Pre task execution logs
[2025-10-20T07:04:47.170+0000] {taskinstance.py:2076} INFO - Dependencies all met for dep_context=non-requeueable deps ti=<TaskInstance: events_analytics_pipeline.dbt_run scheduled__2025-10-20T06:00:00+00:00 [queued]>
[2025-10-20T07:04:47.173+0000] {taskinstance.py:2076} INFO - Dependencies all met for dep_context=requeueable deps ti=<TaskInstance: events_analytics_pipeline.dbt_run scheduled__2025-10-20T06:00:00+00:00 [queued]>
[2025-10-20T07:04:47.173+0000] {taskinstance.py:2306} INFO - Starting attempt 1 of 3
[2025-10-20T07:04:47.176+0000] {taskinstance.py:2330} INFO - Executing <Task(PythonOperator): dbt_run> on 2025-10-20 06:00:00+00:00
[2025-10-20T07:04:47.179+0000] {standard_task_runner.py:63} INFO - Started process 2387 to run task
[2025-10-20T07:04:47.180+0000] {standard_task_runner.py:90} INFO - Running: ['***', 'tasks', 'run', 'events_analytics_pipeline', 'dbt_run', 'scheduled__2025-10-20T06:00:00+00:00', '--job-id', '64', '--raw', '--subdir', 'DAGS_FOLDER/events_pipeline_dag.py', '--cfg-path', '/tmp/tmpp7wiyjc2']
[2025-10-20T07:04:47.181+0000] {standard_task_runner.py:91} INFO - Job 64: Subtask dbt_run
[2025-10-20T07:04:47.197+0000] {task_command.py:426} INFO - Running <TaskInstance: events_analytics_pipeline.dbt_run scheduled__2025-10-20T06:00:00+00:00 [running]> on host 0d320e139cdc
[2025-10-20T07:04:47.223+0000] {taskinstance.py:2648} INFO - Exporting env vars: AIRFLOW_CTX_DAG_OWNER='data-team' AIRFLOW_CTX_DAG_ID='events_analytics_pipeline' AIRFLOW_CTX_TASK_ID='dbt_run' AIRFLOW_CTX_EXECUTION_DATE='2025-10-20T06:00:00+00:00' AIRFLOW_CTX_TRY_NUMBER='1' AIRFLOW_CTX_DAG_RUN_ID='scheduled__2025-10-20T06:00:00+00:00'
[2025-10-20T07:04:47.224+0000] {taskinstance.py:430} INFO - ::endgroup::
[2025-10-20T07:04:47.228+0000] {events_pipeline_dag.py:151} INFO - Running command: dbt run --profiles-dir /opt/***/.dbt --project-dir /opt/***/event_gen
[2025-10-20T07:04:50.440+0000] {events_pipeline_dag.py:162} INFO - STDOUT:
[0m07:04:48  Running with dbt=1.7.4
[0m07:04:48  Registered adapter: clickhouse=1.7.2
[0m07:04:48  Found 4 models, 30 tests, 1 source, 0 exposures, 0 metrics, 535 macros, 0 groups, 0 semantic models
[0m07:04:48  
[0m07:04:48  Concurrency: 4 threads (target='clickhouse')
[0m07:04:48  
[0m07:04:48  1 of 4 START sql view model `events_db`.`stg_events` ........................... [RUN]
[0m07:04:48  1 of 4 OK created sql view model `events_db`.`stg_events` ...................... [[32mOK[0m in 0.04s]
[0m07:04:48  2 of 4 START sql table model `events_db`.`dim_pages` ........................... [RUN]
[0m07:04:48  3 of 4 START sql table model `events_db`.`dim_users` ........................... [RUN]
[0m07:04:48  4 of 4 START sql table model `events_db`.`fct_events` .......................... [RUN]
[0m07:04:48  4 of 4 OK created sql table model `events_db`.`fct_events` ..................... [[32mOK[0m in 0.10s]
[0m07:04:48  2 of 4 OK created sql table model `events_db`.`dim_pages` ...................... [[32mOK[0m in 0.10s]
[0m07:04:48  3 of 4 OK created sql table model `events_db`.`dim_users` ...................... [[32mOK[0m in 0.10s]
[0m07:04:48  
[0m07:04:48  Finished running 1 view model, 3 table models in 0 hours 0 minutes and 0.24 seconds (0.24s).
[0m07:04:48  
[0m07:04:48  [32mCompleted successfully[0m
[0m07:04:48  
[0m07:04:48  Done. PASS=4 WARN=0 ERROR=0 SKIP=0 TOTAL=4

[2025-10-20T07:04:50.441+0000] {python.py:237} INFO - Done. Returned value was: [0m07:04:48  Running with dbt=1.7.4
[0m07:04:48  Registered adapter: clickhouse=1.7.2
[0m07:04:48  Found 4 models, 30 tests, 1 source, 0 exposures, 0 metrics, 535 macros, 0 groups, 0 semantic models
[0m07:04:48  
[0m07:04:48  Concurrency: 4 threads (target='clickhouse')
[0m07:04:48  
[0m07:04:48  1 of 4 START sql view model `events_db`.`stg_events` ........................... [RUN]
[0m07:04:48  1 of 4 OK created sql view model `events_db`.`stg_events` ...................... [[32mOK[0m in 0.04s]
[0m07:04:48  2 of 4 START sql table model `events_db`.`dim_pages` ........................... [RUN]
[0m07:04:48  3 of 4 START sql table model `events_db`.`dim_users` ........................... [RUN]
[0m07:04:48  4 of 4 START sql table model `events_db`.`fct_events` .......................... [RUN]
[0m07:04:48  4 of 4 OK created sql table model `events_db`.`fct_events` ..................... [[32mOK[0m in 0.10s]
[0m07:04:48  2 of 4 OK created sql table model `events_db`.`dim_pages` ...................... [[32mOK[0m in 0.10s]
[0m07:04:48  3 of 4 OK created sql table model `events_db`.`dim_users` ...................... [[32mOK[0m in 0.10s]
[0m07:04:48  
[0m07:04:48  Finished running 1 view model, 3 table models in 0 hours 0 minutes and 0.24 seconds (0.24s).
[0m07:04:48  
[0m07:04:48  [32mCompleted successfully[0m
[0m07:04:48  
[0m07:04:48  Done. PASS=4 WARN=0 ERROR=0 SKIP=0 TOTAL=4

[2025-10-20T07:04:50.441+0000] {taskinstance.py:441} INFO - ::group::Post task execution logs
[2025-10-20T07:04:50.452+0000] {taskinstance.py:1206} INFO - Marking task as SUCCESS. dag_id=events_analytics_pipeline, task_id=dbt_run, run_id=scheduled__2025-10-20T06:00:00+00:00, execution_date=20251020T060000, start_date=20251020T070447, end_date=20251020T070450
[2025-10-20T07:04:50.489+0000] {local_task_job_runner.py:240} INFO - Task exited with return code 0
[2025-10-20T07:04:50.501+0000] {taskinstance.py:3503} INFO - 1 downstream tasks scheduled from follow-on schedule check
[2025-10-20T07:04:50.501+0000] {local_task_job_runner.py:222} INFO - ::endgroup::
