[2025-10-20T05:45:05.469+0000] {local_task_job_runner.py:120} INFO - ::group::Pre task execution logs
[2025-10-20T05:45:05.482+0000] {taskinstance.py:2076} INFO - Dependencies all met for dep_context=non-requeueable deps ti=<TaskInstance: events_analytics_pipeline.extract_and_load_to_clickhouse manual__2025-10-20T05:45:03.898078+00:00 [queued]>
[2025-10-20T05:45:05.486+0000] {taskinstance.py:2076} INFO - Dependencies all met for dep_context=requeueable deps ti=<TaskInstance: events_analytics_pipeline.extract_and_load_to_clickhouse manual__2025-10-20T05:45:03.898078+00:00 [queued]>
[2025-10-20T05:45:05.487+0000] {taskinstance.py:2306} INFO - Starting attempt 1 of 3
[2025-10-20T05:45:05.492+0000] {taskinstance.py:2330} INFO - Executing <Task(PythonOperator): extract_and_load_to_clickhouse> on 2025-10-20 05:45:03.898078+00:00
[2025-10-20T05:45:05.494+0000] {standard_task_runner.py:63} INFO - Started process 551 to run task
[2025-10-20T05:45:05.496+0000] {standard_task_runner.py:90} INFO - Running: ['***', 'tasks', 'run', 'events_analytics_pipeline', 'extract_and_load_to_clickhouse', 'manual__2025-10-20T05:45:03.898078+00:00', '--job-id', '24', '--raw', '--subdir', 'DAGS_FOLDER/events_pipeline_dag.py', '--cfg-path', '/tmp/tmpkornjo4_']
[2025-10-20T05:45:05.498+0000] {standard_task_runner.py:91} INFO - Job 24: Subtask extract_and_load_to_clickhouse
[2025-10-20T05:45:05.524+0000] {task_command.py:426} INFO - Running <TaskInstance: events_analytics_pipeline.extract_and_load_to_clickhouse manual__2025-10-20T05:45:03.898078+00:00 [running]> on host 0d320e139cdc
[2025-10-20T05:45:05.559+0000] {taskinstance.py:2648} INFO - Exporting env vars: AIRFLOW_CTX_DAG_OWNER='data-team' AIRFLOW_CTX_DAG_ID='events_analytics_pipeline' AIRFLOW_CTX_TASK_ID='extract_and_load_to_clickhouse' AIRFLOW_CTX_EXECUTION_DATE='2025-10-20T05:45:03.898078+00:00' AIRFLOW_CTX_TRY_NUMBER='1' AIRFLOW_CTX_DAG_RUN_ID='manual__2025-10-20T05:45:03.898078+00:00'
[2025-10-20T05:45:05.560+0000] {taskinstance.py:430} INFO - ::endgroup::
[2025-10-20T05:45:05.566+0000] {events_pipeline_dag.py:68} INFO - Connecting to PostgreSQL...
[2025-10-20T05:45:05.566+0000] {events_pipeline_dag.py:71} INFO - Extracting data from PostgreSQL...
[2025-10-20T05:45:05.715+0000] {events_pipeline_dag.py:82} INFO - Extracted 1962 rows from PostgreSQL
[2025-10-20T05:45:05.715+0000] {events_pipeline_dag.py:84} INFO - Connecting to ClickHouse...
[2025-10-20T05:45:05.715+0000] {events_pipeline_dag.py:87} INFO - Clearing existing data...
[2025-10-20T05:45:05.718+0000] {events_pipeline_dag.py:90} INFO - Loading data into ClickHouse...
[2025-10-20T05:45:05.725+0000] {events_pipeline_dag.py:97} INFO - Inserted batch 1/2
[2025-10-20T05:45:05.729+0000] {events_pipeline_dag.py:97} INFO - Inserted batch 2/2
[2025-10-20T05:45:05.731+0000] {events_pipeline_dag.py:100} INFO - ✓ Successfully loaded 1962 rows into ClickHouse
[2025-10-20T05:45:05.735+0000] {python.py:237} INFO - Done. Returned value was: 1962
[2025-10-20T05:45:05.736+0000] {taskinstance.py:441} INFO - ::group::Post task execution logs
[2025-10-20T05:45:05.742+0000] {taskinstance.py:1206} INFO - Marking task as SUCCESS. dag_id=events_analytics_pipeline, task_id=extract_and_load_to_clickhouse, run_id=manual__2025-10-20T05:45:03.898078+00:00, execution_date=20251020T054503, start_date=20251020T054505, end_date=20251020T054505
[2025-10-20T05:45:05.761+0000] {local_task_job_runner.py:240} INFO - Task exited with return code 0
[2025-10-20T05:45:05.770+0000] {taskinstance.py:3503} INFO - 1 downstream tasks scheduled from follow-on schedule check
[2025-10-20T05:45:05.770+0000] {local_task_job_runner.py:222} INFO - ::endgroup::
