[2025-10-20T07:04:44.763+0000] {local_task_job_runner.py:120} INFO - ::group::Pre task execution logs
[2025-10-20T07:04:44.772+0000] {taskinstance.py:2076} INFO - Dependencies all met for dep_context=non-requeueable deps ti=<TaskInstance: events_analytics_pipeline.extract_and_load_to_clickhouse scheduled__2025-10-20T06:00:00+00:00 [queued]>
[2025-10-20T07:04:44.775+0000] {taskinstance.py:2076} INFO - Dependencies all met for dep_context=requeueable deps ti=<TaskInstance: events_analytics_pipeline.extract_and_load_to_clickhouse scheduled__2025-10-20T06:00:00+00:00 [queued]>
[2025-10-20T07:04:44.775+0000] {taskinstance.py:2306} INFO - Starting attempt 1 of 3
[2025-10-20T07:04:44.779+0000] {taskinstance.py:2330} INFO - Executing <Task(PythonOperator): extract_and_load_to_clickhouse> on 2025-10-20 06:00:00+00:00
[2025-10-20T07:04:44.781+0000] {standard_task_runner.py:63} INFO - Started process 2381 to run task
[2025-10-20T07:04:44.783+0000] {standard_task_runner.py:90} INFO - Running: ['***', 'tasks', 'run', 'events_analytics_pipeline', 'extract_and_load_to_clickhouse', 'scheduled__2025-10-20T06:00:00+00:00', '--job-id', '62', '--raw', '--subdir', 'DAGS_FOLDER/events_pipeline_dag.py', '--cfg-path', '/tmp/tmplzj6yoek']
[2025-10-20T07:04:44.785+0000] {standard_task_runner.py:91} INFO - Job 62: Subtask extract_and_load_to_clickhouse
[2025-10-20T07:04:44.803+0000] {task_command.py:426} INFO - Running <TaskInstance: events_analytics_pipeline.extract_and_load_to_clickhouse scheduled__2025-10-20T06:00:00+00:00 [running]> on host 0d320e139cdc
[2025-10-20T07:04:44.831+0000] {taskinstance.py:2648} INFO - Exporting env vars: AIRFLOW_CTX_DAG_OWNER='data-team' AIRFLOW_CTX_DAG_ID='events_analytics_pipeline' AIRFLOW_CTX_TASK_ID='extract_and_load_to_clickhouse' AIRFLOW_CTX_EXECUTION_DATE='2025-10-20T06:00:00+00:00' AIRFLOW_CTX_TRY_NUMBER='1' AIRFLOW_CTX_DAG_RUN_ID='scheduled__2025-10-20T06:00:00+00:00'
[2025-10-20T07:04:44.831+0000] {taskinstance.py:430} INFO - ::endgroup::
[2025-10-20T07:04:44.836+0000] {events_pipeline_dag.py:68} INFO - Connecting to PostgreSQL...
[2025-10-20T07:04:44.836+0000] {events_pipeline_dag.py:71} INFO - Extracting data from PostgreSQL...
[2025-10-20T07:04:44.946+0000] {events_pipeline_dag.py:82} INFO - Extracted 5080 rows from PostgreSQL
[2025-10-20T07:04:44.947+0000] {events_pipeline_dag.py:84} INFO - Connecting to ClickHouse...
[2025-10-20T07:04:44.947+0000] {events_pipeline_dag.py:87} INFO - Clearing existing data...
[2025-10-20T07:04:44.952+0000] {events_pipeline_dag.py:90} INFO - Loading data into ClickHouse...
[2025-10-20T07:04:44.963+0000] {events_pipeline_dag.py:97} INFO - Inserted batch 1/6
[2025-10-20T07:04:44.969+0000] {events_pipeline_dag.py:97} INFO - Inserted batch 2/6
[2025-10-20T07:04:44.974+0000] {events_pipeline_dag.py:97} INFO - Inserted batch 3/6
[2025-10-20T07:04:44.979+0000] {events_pipeline_dag.py:97} INFO - Inserted batch 4/6
[2025-10-20T07:04:44.984+0000] {events_pipeline_dag.py:97} INFO - Inserted batch 5/6
[2025-10-20T07:04:44.987+0000] {events_pipeline_dag.py:97} INFO - Inserted batch 6/6
[2025-10-20T07:04:44.991+0000] {events_pipeline_dag.py:100} INFO - ✓ Successfully loaded 5080 rows into ClickHouse
[2025-10-20T07:04:44.998+0000] {python.py:237} INFO - Done. Returned value was: 5080
[2025-10-20T07:04:44.998+0000] {taskinstance.py:441} INFO - ::group::Post task execution logs
[2025-10-20T07:04:45.006+0000] {taskinstance.py:1206} INFO - Marking task as SUCCESS. dag_id=events_analytics_pipeline, task_id=extract_and_load_to_clickhouse, run_id=scheduled__2025-10-20T06:00:00+00:00, execution_date=20251020T060000, start_date=20251020T070444, end_date=20251020T070445
[2025-10-20T07:04:45.044+0000] {local_task_job_runner.py:240} INFO - Task exited with return code 0
[2025-10-20T07:04:45.054+0000] {taskinstance.py:3503} INFO - 1 downstream tasks scheduled from follow-on schedule check
[2025-10-20T07:04:45.054+0000] {local_task_job_runner.py:222} INFO - ::endgroup::
